

Microchip Technology PIC PRO Macro Assembler V1.45 build -152302408 
                                                                                               Tue Mar 22 16:06:42 2022

Microchip Technology Omniscient Code Generator v1.45 (PRO mode) build 201711160504
     1                           	processor	SC8F2892B
     2                           	opt	pw 120
     3                           	opt	pm
     4                           	psect	text0,local,class=CODE,merge=1,delta=2
     5                           	psect	cinit,global,class=CODE,merge=1,delta=2
     6                           	psect	bssCOMMON,global,class=COMMON,space=1,delta=1
     7                           	psect	cstackCOMMON,global,class=COMMON,space=1,delta=1
     8                           	psect	maintext,global,class=CODE,split=1,delta=2
     9                           	psect	text1,local,class=CODE,merge=1,delta=2
    10                           	psect	text2,local,class=CODE,merge=1,delta=2
    11                           	psect	intentry,global,class=CODE,delta=2
    12                           	psect	pa_nodes0,global,class=CODE,delta=2
    13                           	dabs	1,0x7E,2
    14  0000                     
    15                           ; Version 1.45
    16                           ; Generated 16/11/2017 GMT
    17                           ; 
    18                           ; Copyright 漏 2017, Microchip Technology Inc. and its subsidiaries ("Microchip")
    19                           ; All rights reserved.
    20                           ; 
    21                           ; This software is developed by Microchip Technology Inc. and its subsidiaries ("Microch
      +                          ip").
    22                           ; 
    23                           ; Redistribution and use in source and binary forms, with or without modification, are
    24                           ; permitted provided that the following conditions are met:
    25                           ; 
    26                           ;     1. Redistributions of source code must retain the above copyright notice, this lis
      +                          t of
    27                           ;        conditions and the following disclaimer.
    28                           ; 
    29                           ;     2. Redistributions in binary form must reproduce the above copyright notice, this 
      +                          list
    30                           ;        of conditions and the following disclaimer in the documentation and/or other
    31                           ;        materials provided with the distribution.
    32                           ; 
    33                           ;     3. Microchip's name may not be used to endorse or promote products derived from th
      +                          is
    34                           ;        software without specific prior written permission.
    35                           ; 
    36                           ; THIS SOFTWARE IS PROVIDED BY MICROCHIP "AS IS" AND ANY EXPRESS OR IMPLIED WARRANTIES,
    37                           ; INCLUDING, BUT NOT LIMITED TO, THE IMPLIED WARRANTIES OF MERCHANTABILITY AND FITNESS F
      +                          OR
    38                           ; PURPOSE ARE DISCLAIMED.  IN NO EVENT SHALL MICROCHIP BE LIABLE FOR ANY DIRECT, INDIREC
      +                          T,
    39                           ; INCIDENTAL, SPECIAL, EXEMPLARY, OR CONSEQUENTIAL DAMAGES (INCLUDING BUT NOT LIMITED TO
    40                           ; PROCUREMENT OF SUBSTITUTE GOODS OR SERVICES; LOSS OF USE, DATA OR PROFITS; OR BUSINESS
    41                           ; INTERRUPTION) HOWSOEVER CAUSED AND ON ANY THEORY OF LIABILITY, WHETHER IN CONTRACT, ST
      +                          RICT
    42                           ; LIABILITY, OR TORT (INCLUDING NEGLIGENCE OR OTHERWISE) ARISING IN ANY WAY OUT OF THE U
      +                          SE OF
    43                           ; THIS SOFTWARE, EVEN IF ADVISED OF THE POSSIBILITY OF SUCH DAMAGE.
    44                           ; 
    45                           ; 
    46                           ; Code-generator required, PIC16F887 Definitions
    47                           ; 
    48                           ; SFR Addresses
    49  0000                     
    50                           	psect	text0
    51  0000                     __ptext0:	
    52  000B                     _INTCON	set	11
    53  0008                     _WPUB	set	8
    54  0007                     _WPUA	set	7
    55  0006                     _PORTB	set	6
    56  0005                     _PORTA	set	5
    57  005E                     _PEIE	set	94
    58  005F                     _GIE	set	95
    59  0088                     _OSCCON	set	136
    60  0086                     _TRISB	set	134
    61  0085                     _TRISA	set	133
    62  0081                     _OPTION_REG	set	129
    63  010E                     _IICBUF	set	270
    64  010C                     _IICCON	set	268
    65  0109                     _IICADD	set	265
    66  087A                     _RW	set	2170
    67  087D                     _DA	set	2173
    68  0864                     _IICCKP	set	2148
    69  0844                     _IICIE	set	2116
    70  083C                     _IICIF	set	2108
    71                           
    72                           	psect	cinit
    73  000D                     start_initialization:	
    74                           ; #config settings
    75                           
    76  000D                     __initialization:	
    77                           
    78                           ; Clear objects allocated to COMMON
    79  000D  01F0               	clrf	__pbssCOMMON& (0+127)
    80  000E  01F1               	clrf	(__pbssCOMMON+1)& (0+127)
    81  000F  01F2               	clrf	(__pbssCOMMON+2)& (0+127)
    82  0010  01F3               	clrf	(__pbssCOMMON+3)& (0+127)
    83  0011  01F4               	clrf	(__pbssCOMMON+4)& (0+127)
    84  0012  01F5               	clrf	(__pbssCOMMON+5)& (0+127)
    85  0013  01F6               	clrf	(__pbssCOMMON+6)& (0+127)
    86  0014                     end_of_initialization:	
    87                           ;End of C runtime variable initialization code
    88                           
    89  0014                     __end_of__initialization:	
    90  0014  0183               	clrf	3
    91  0015  118A  2842         	ljmp	_main	;jump to C main() function
    92                           
    93                           	psect	bssCOMMON
    94  0070                     __pbssCOMMON:	
    95  0070                     _result2:	
    96  0070                     	ds	2
    97  0072                     _result1:	
    98  0072                     	ds	2
    99  0074                     _result:	
   100  0074                     	ds	2
   101  0076                     _IICReadData:	
   102  0076                     	ds	1
   103                           
   104                           	psect	cstackCOMMON
   105  0077                     __pcstackCOMMON:	
   106  0077                     ?_Init_System:	
   107  0077                     ?_main:	
   108                           ; 1 bytes @ 0x0
   109                           
   110  0077                     ?_IIC_Isr:	
   111                           ; 1 bytes @ 0x0
   112                           
   113  0077                     ??_IIC_Isr:	
   114                           ; 1 bytes @ 0x0
   115                           
   116                           
   117                           ; 1 bytes @ 0x0
   118  0077                     	ds	2
   119  0079                     ??_Init_System:	
   120  0079                     ??_main:	
   121                           ; 1 bytes @ 0x2
   122                           
   123                           
   124                           	psect	maintext
   125  0042                     __pmaintext:	
   126                           ; 1 bytes @ 0x2
   127 ;;
   128 ;;Main: autosize = 0, tempsize = 0, incstack = 0, save=0
   129 ;;
   130 ;; *************** function _main *****************
   131 ;; Defined at:
   132 ;;		line 37 in file "J:\yun_down\SC8F289XB开发包\SC8F289XB_DEMO_C\SC8F289XB_IIC_Slave_Demo\main.c"
   133 ;; Parameters:    Size  Location     Type
   134 ;;		None
   135 ;; Auto vars:     Size  Location     Type
   136 ;;		None
   137 ;; Return value:  Size  Location     Type
   138 ;;                  1    wreg      void 
   139 ;; Registers used:
   140 ;;		wreg, status,2, status,0, pclath, cstack
   141 ;; Tracked objects:
   142 ;;		On entry : B00/0
   143 ;;		On exit  : 100/0
   144 ;;		Unchanged: 0/0
   145 ;; Data sizes:     COMMON   BANK0   BANK1   BANK2
   146 ;;      Params:         0       0       0       0
   147 ;;      Locals:         0       0       0       0
   148 ;;      Temps:          0       0       0       0
   149 ;;      Totals:         0       0       0       0
   150 ;;Total ram usage:        0 bytes
   151 ;; Hardware stack levels required when called:    2
   152 ;; This function calls:
   153 ;;		_Init_System
   154 ;; This function is called by:
   155 ;;		Startup code after reset
   156 ;; This function uses a non-reentrant model
   157 ;;
   158                           
   159                           
   160                           ;psect for function _main
   161  0042                     _main:	
   162                           
   163                           ;main.c: 39: Init_System();
   164                           
   165                           ;incstack = 0
   166                           ; Regs used in _main: [wreg+status,2+status,0+pclath+cstack]
   167  0042  118A  202F  118A   	fcall	_Init_System
   168                           
   169                           ;main.c: 40: TRISA |= 0b00000011;
   170  0045  3003               	movlw	3
   171  0046  1683               	bsf	3,5	;RP0=1, select bank1
   172  0047  0485               	iorwf	5,f	;volatile
   173                           
   174                           ;main.c: 73: IICCON = 0B00100001;
   175  0048  3021               	movlw	33
   176  0049  1283               	bcf	3,5	;RP0=0, select bank2
   177  004A  1703               	bsf	3,6	;RP1=1, select bank2
   178  004B  008C               	movwf	12	;volatile
   179                           
   180                           ;main.c: 75: IICADD = 0xa0;
   181  004C  30A0               	movlw	160
   182  004D  0089               	movwf	9	;volatile
   183                           
   184                           ;main.c: 76: IICIE =1;
   185  004E  1608               	bsf	8,4	;volatile
   186                           
   187                           ;main.c: 77: PEIE =1;
   188  004F  170B               	bsf	11,6	;volatile
   189                           
   190                           ;main.c: 78: GIE =1;
   191  0050  178B               	bsf	11,7	;volatile
   192  0051                     l764:	
   193                           ;main.c: 81: while(1)
   194                           
   195                           
   196                           ;main.c: 82: {
   197  0051  2851               	goto	l764
   198  0052                     __end_of_main:	
   199                           
   200                           	psect	text1
   201  002F                     __ptext1:	
   202 ;; *************** function _Init_System *****************
   203 ;; Defined at:
   204 ;;		line 96 in file "J:\yun_down\SC8F289XB开发包\SC8F289XB_DEMO_C\SC8F289XB_IIC_Slave_Demo\main.c"
   205 ;; Parameters:    Size  Location     Type
   206 ;;		None
   207 ;; Auto vars:     Size  Location     Type
   208 ;;		None
   209 ;; Return value:  Size  Location     Type
   210 ;;                  1    wreg      void 
   211 ;; Registers used:
   212 ;;		wreg, status,2
   213 ;; Tracked objects:
   214 ;;		On entry : B00/0
   215 ;;		On exit  : 300/0
   216 ;;		Unchanged: 0/0
   217 ;; Data sizes:     COMMON   BANK0   BANK1   BANK2
   218 ;;      Params:         0       0       0       0
   219 ;;      Locals:         0       0       0       0
   220 ;;      Temps:          0       0       0       0
   221 ;;      Totals:         0       0       0       0
   222 ;;Total ram usage:        0 bytes
   223 ;; Hardware stack levels used:    1
   224 ;; Hardware stack levels required when called:    1
   225 ;; This function calls:
   226 ;;		Nothing
   227 ;; This function is called by:
   228 ;;		_main
   229 ;; This function uses a non-reentrant model
   230 ;;
   231                           
   232                           
   233                           ;psect for function _Init_System
   234  002F                     _Init_System:	
   235                           
   236                           ;incstack = 0
   237                           ; Regs used in _Init_System: [wreg+status,2]
   238  002F  0000               	nop	;# 
   239  0030  0064               	clrwdt	;# 
   240                           
   241                           ;main.c: 100: INTCON = 0;
   242  0031  018B               	clrf	11	;volatile
   243                           
   244                           ;main.c: 101: OSCCON = 0X70;
   245  0032  3070               	movlw	112
   246  0033  1683               	bsf	3,5	;RP0=1, select bank1
   247  0034  1303               	bcf	3,6	;RP1=0, select bank1
   248  0035  0088               	movwf	8	;volatile
   249                           
   250                           ;main.c: 102: OPTION_REG = 0;
   251  0036  0181               	clrf	1	;volatile
   252                           
   253                           ;main.c: 104: WPUA = 0B00000000;
   254  0037  1283               	bcf	3,5	;RP0=0, select bank0
   255  0038  0187               	clrf	7	;volatile
   256                           
   257                           ;main.c: 105: WPUB = 0B00001000;
   258  0039  3008               	movlw	8
   259  003A  0088               	movwf	8	;volatile
   260                           
   261                           ;main.c: 108: TRISA = 0B00000000;
   262  003B  1683               	bsf	3,5	;RP0=1, select bank1
   263  003C  0185               	clrf	5	;volatile
   264                           
   265                           ;main.c: 109: TRISB = 0B00001000;
   266  003D  0086               	movwf	6	;volatile
   267                           
   268                           ;main.c: 111: PORTA = 0B00000000;
   269  003E  1283               	bcf	3,5	;RP0=0, select bank0
   270  003F  0185               	clrf	5	;volatile
   271                           
   272                           ;main.c: 112: PORTB = 0B00000000;
   273  0040  0186               	clrf	6	;volatile
   274  0041  0008               	return
   275  0042                     __end_of_Init_System:	
   276                           
   277                           	psect	text2
   278  0017                     __ptext2:	
   279 ;; *************** function _IIC_Isr *****************
   280 ;; Defined at:
   281 ;;		line 123 in file "J:\yun_down\SC8F289XB开发包\SC8F289XB_DEMO_C\SC8F289XB_IIC_Slave_Demo\main.c"
   282 ;; Parameters:    Size  Location     Type
   283 ;;		None
   284 ;; Auto vars:     Size  Location     Type
   285 ;;		None
   286 ;; Return value:  Size  Location     Type
   287 ;;                  1    wreg      void 
   288 ;; Registers used:
   289 ;;		wreg
   290 ;; Tracked objects:
   291 ;;		On entry : 0/0
   292 ;;		On exit  : 300/200
   293 ;;		Unchanged: 0/0
   294 ;; Data sizes:     COMMON   BANK0   BANK1   BANK2
   295 ;;      Params:         0       0       0       0
   296 ;;      Locals:         0       0       0       0
   297 ;;      Temps:          2       0       0       0
   298 ;;      Totals:         2       0       0       0
   299 ;;Total ram usage:        2 bytes
   300 ;; Hardware stack levels used:    1
   301 ;; This function calls:
   302 ;;		Nothing
   303 ;; This function is called by:
   304 ;;		Interrupt level 1
   305 ;; This function uses a non-reentrant model
   306 ;;
   307                           
   308                           
   309                           ;psect for function _IIC_Isr
   310  0017                     _IIC_Isr:	
   311                           
   312                           ;main.c: 126: if(IICIF==1)
   313  0017  1283               	bcf	3,5	;RP0=0, select bank2
   314  0018  1703               	bsf	3,6	;RP1=1, select bank2
   315  0019  1E07               	btfss	7,4	;volatile
   316  001A  2828               	goto	i1l780
   317                           
   318                           ;main.c: 127: {
   319                           ;main.c: 128: IICIF =0;
   320  001B  1207               	bcf	7,4	;volatile
   321                           
   322                           ;main.c: 131: if(RW==1)
   323  001C  1D0F               	btfss	15,2	;volatile
   324  001D  2821               	goto	i1l776
   325                           
   326                           ;main.c: 132: {
   327                           ;main.c: 133: IICBUF = 0x55;
   328  001E  3055               	movlw	85
   329  001F  008E               	movwf	14	;volatile
   330                           
   331                           ;main.c: 134: }
   332  0020  2827               	goto	i1l1198
   333  0021                     i1l776:	
   334                           
   335                           ;main.c: 135: else
   336                           ;main.c: 136: {
   337                           ;main.c: 137: if(DA==0)
   338  0021  1A8F               	btfsc	15,5	;volatile
   339  0022  2825               	goto	i1l1196
   340                           
   341                           ;main.c: 138: {
   342                           ;main.c: 139: IICBUF;
   343  0023  080E               	movf	14,w	;volatile
   344                           
   345                           ;main.c: 141: }
   346  0024  2827               	goto	i1l1198
   347  0025                     i1l1196:	
   348                           
   349                           ;main.c: 142: else
   350                           ;main.c: 143: {
   351                           ;main.c: 145: IICReadData = IICBUF;
   352  0025  080E               	movf	14,w	;volatile
   353  0026  00F6               	movwf	_IICReadData	;volatile
   354  0027                     i1l1198:	
   355                           
   356                           ;main.c: 146: }
   357                           ;main.c: 147: }
   358                           ;main.c: 151: IICCKP =1;
   359  0027  160C               	bsf	12,4	;volatile
   360  0028                     i1l780:	
   361  0028  0878               	movf	??_IIC_Isr+1,w
   362  0029  008A               	movwf	10
   363  002A  0E77               	swapf	??_IIC_Isr^(0+-128),w
   364  002B  0083               	movwf	3
   365  002C  0EFE               	swapf	126,f
   366  002D  0E7E               	swapf	126,w
   367  002E  0009               	retfie
   368  002F                     __end_of_IIC_Isr:	
   369  007E                     btemp	set	126	;btemp
   370  007E                     wtemp0	set	126
   371                           
   372                           	psect	intentry
   373  0004                     __pintentry:	
   374                           ;incstack = 0
   375                           ; Regs used in _IIC_Isr: [wreg]
   376                           
   377  0004                     interrupt_function:	
   378  007E                     saved_w	set	btemp
   379  0004  00FE               	movwf	btemp
   380  0005  0E03               	swapf	3,w
   381  0006  00F7               	movwf	??_IIC_Isr
   382  0007  080A               	movf	10,w
   383  0008  00F8               	movwf	??_IIC_Isr+1
   384  0009  118A  2817         	ljmp	_IIC_Isr


Data Sizes:
    Strings     0
    Constant    0
    Data        0
    BSS         7
    Persistent  0
    Stack       0

Auto Spaces:
    Space          Size  Autos    Used
    COMMON           14      2       9
    BANK0            80      0       0
    BANK1            80      0       0
    BANK2            80      0       0

Pointer List with Targets:

    None.

Critical Paths under _main in COMMON

    None.

Critical Paths under _IIC_Isr in COMMON

    None.

Critical Paths under _main in BANK0

    None.

Critical Paths under _IIC_Isr in BANK0

    None.

Critical Paths under _main in BANK1

    None.

Critical Paths under _IIC_Isr in BANK1

    None.

Critical Paths under _main in BANK2

    None.

Critical Paths under _IIC_Isr in BANK2

    None.

Call Graph Tables:

 ---------------------------------------------------------------------------------
 (Depth) Function   	        Calls       Base Space   Used Autos Params    Refs
 ---------------------------------------------------------------------------------
 (0) _main                                                 0     0      0       0
                        _Init_System
 ---------------------------------------------------------------------------------
 (1) _Init_System                                          0     0      0       0
 ---------------------------------------------------------------------------------
 Estimated maximum stack depth 1
 ---------------------------------------------------------------------------------
 (Depth) Function   	        Calls       Base Space   Used Autos Params    Refs
 ---------------------------------------------------------------------------------
 (2) _IIC_Isr                                              2     2      0       0
                                              0 COMMON     2     2      0
 ---------------------------------------------------------------------------------
 Estimated maximum stack depth 2
 ---------------------------------------------------------------------------------

 Call Graph Graphs:

 _main (ROOT)
   _Init_System

 _IIC_Isr (ROOT)

 Address spaces:
Name               Size   Autos  Total    Cost      Usage
BITCOMMON            E      0       0       0        0.0%
NULL                 0      0       0       0        0.0%
CODE                 0      0       0       0        0.0%
COMMON               E      2       9       1       64.3%
BITSFR0              0      0       0       1        0.0%
SFR0                 0      0       0       1        0.0%
BITSFR1              0      0       0       2        0.0%
SFR1                 0      0       0       2        0.0%
STACK                0      0       0       2        0.0%
BITBANK0            50      0       0       3        0.0%
BANK0               50      0       0       4        0.0%
BITSFR3              0      0       0       4        0.0%
SFR3                 0      0       0       4        0.0%
BITBANK1            50      0       0       5        0.0%
BITSFR2              0      0       0       5        0.0%
SFR2                 0      0       0       5        0.0%
BANK1               50      0       0       6        0.0%
BANK2               50      0       0       7        0.0%
ABS                  0      0       9       8        0.0%
DATA                 0      0       9       9        0.0%
BITBANK2            50      0       0      10        0.0%


Microchip Technology PIC Macro Assembler V1.45 build -152302408 
Symbol Table                                                                                   Tue Mar 22 16:06:42 2022

                     _DA 087D                       _RW 087A                      l764 0051  
                    _GIE 005F          __end_of_IIC_Isr 002F                     _PEIE 005E  
                   _WPUA 0007                     _WPUB 0008                     _main 0042  
                   btemp 007E                     start 000B            ??_Init_System 0079  
                  ?_main 0077                    _IICIE 0844                    _IICIF 083C  
                  i1l780 0028                    i1l776 0021                    _PORTA 0005  
                  _PORTB 0006                    _TRISA 0085                    _TRISB 0086  
                  pclath 000A                    status 0003                    wtemp0 007E  
        __initialization 000D             __end_of_main 0052                   ??_main 0079  
              ??_IIC_Isr 0077      __end_of_Init_System 0042                   _IICADD 0109  
                 _IICCKP 0864                   _IICCON 010C                   _IICBUF 010E  
                 i1l1196 0025                   i1l1198 0027                   _INTCON 000B  
                 _OSCCON 0088                   _result 0074                   saved_w 007E  
__end_of__initialization 0014           __pcstackCOMMON 0077              _Init_System 002F  
             __pmaintext 0042               __pintentry 0004                  _IIC_Isr 0017  
                __ptext0 0000                  __ptext1 002F                  __ptext2 0017  
                _result1 0072                  _result2 0070     end_of_initialization 0014  
           ?_Init_System 0077      start_initialization 000D                 ?_IIC_Isr 0077  
            __pbssCOMMON 0070                ___latbits 0001        interrupt_function 0004  
            _IICReadData 0076     __size_of_Init_System 0013         __size_of_IIC_Isr 0018  
          __size_of_main 0010                 intlevel1 0000               _OPTION_REG 0081  
