

Microchip Technology PIC PRO Macro Assembler V1.45 build -152302408 
                                                                                               Wed Mar 16 14:55:58 2022

Microchip Technology Omniscient Code Generator v1.45 (PRO mode) build 201711160504
     1                           	processor	SC8F2892B
     2                           	opt	pw 120
     3                           	opt	pm
     4                           	psect	maintext,global,class=CODE,split=1,delta=2
     5                           	psect	cinit,global,class=CODE,merge=1,delta=2
     6                           	psect	cstackCOMMON,global,class=COMMON,space=1,delta=1
     7                           	psect	pa_nodes0,global,class=CODE,delta=2
     8                           	dabs	1,0x7E,2
     9  0000                     
    10                           ; Version 1.45
    11                           ; Generated 16/11/2017 GMT
    12                           ; 
    13                           ; Copyright 漏 2017, Microchip Technology Inc. and its subsidiaries ("Microchip")
    14                           ; All rights reserved.
    15                           ; 
    16                           ; This software is developed by Microchip Technology Inc. and its subsidiaries ("Microch
      +                          ip").
    17                           ; 
    18                           ; Redistribution and use in source and binary forms, with or without modification, are
    19                           ; permitted provided that the following conditions are met:
    20                           ; 
    21                           ;     1. Redistributions of source code must retain the above copyright notice, this lis
      +                          t of
    22                           ;        conditions and the following disclaimer.
    23                           ; 
    24                           ;     2. Redistributions in binary form must reproduce the above copyright notice, this 
      +                          list
    25                           ;        of conditions and the following disclaimer in the documentation and/or other
    26                           ;        materials provided with the distribution.
    27                           ; 
    28                           ;     3. Microchip's name may not be used to endorse or promote products derived from th
      +                          is
    29                           ;        software without specific prior written permission.
    30                           ; 
    31                           ; THIS SOFTWARE IS PROVIDED BY MICROCHIP "AS IS" AND ANY EXPRESS OR IMPLIED WARRANTIES,
    32                           ; INCLUDING, BUT NOT LIMITED TO, THE IMPLIED WARRANTIES OF MERCHANTABILITY AND FITNESS F
      +                          OR
    33                           ; PURPOSE ARE DISCLAIMED.  IN NO EVENT SHALL MICROCHIP BE LIABLE FOR ANY DIRECT, INDIREC
      +                          T,
    34                           ; INCIDENTAL, SPECIAL, EXEMPLARY, OR CONSEQUENTIAL DAMAGES (INCLUDING BUT NOT LIMITED TO
    35                           ; PROCUREMENT OF SUBSTITUTE GOODS OR SERVICES; LOSS OF USE, DATA OR PROFITS; OR BUSINESS
    36                           ; INTERRUPTION) HOWSOEVER CAUSED AND ON ANY THEORY OF LIABILITY, WHETHER IN CONTRACT, ST
      +                          RICT
    37                           ; LIABILITY, OR TORT (INCLUDING NEGLIGENCE OR OTHERWISE) ARISING IN ANY WAY OUT OF THE U
      +                          SE OF
    38                           ; THIS SOFTWARE, EVEN IF ADVISED OF THE POSSIBILITY OF SUCH DAMAGE.
    39                           ; 
    40                           ; 
    41                           ; Code-generator required, PIC16F887 Definitions
    42                           ; 
    43                           ; SFR Addresses
    44  0000                     
    45                           	psect	maintext
    46  07E4                     __pmaintext:	
    47  0006                     _PORTB	set	6
    48  0001                     _TMR0	set	1
    49  005A                     _T0IF	set	90
    50  005D                     _T0IE	set	93
    51  005F                     _GIE	set	95
    52  0088                     _OSCCON	set	136
    53  0086                     _TRISB	set	134
    54  0081                     _OPTION_REG	set	129
    55                           
    56                           ; 1 bytes @ 0x0
    57 ;;
    58 ;;Main: autosize = 0, tempsize = 0, incstack = 0, save=0
    59 ;;
    60 ;; *************** function _main *****************
    61 ;; Defined at:
    62 ;;		line 3 in file "F:\中微资料\SC8F289XB开发包\SC8F289XB_DEMO_C\SC8F289XB_Timer_Demo\SC8F289XB_Timer0_Demo.c"
    63 ;; Parameters:    Size  Location     Type
    64 ;;		None
    65 ;; Auto vars:     Size  Location     Type
    66 ;;		None
    67 ;; Return value:  Size  Location     Type
    68 ;;                  1    wreg      void 
    69 ;; Registers used:
    70 ;;		wreg, status,2, status,0
    71 ;; Tracked objects:
    72 ;;		On entry : B00/0
    73 ;;		On exit  : 0/0
    74 ;;		Unchanged: 0/0
    75 ;; Data sizes:     COMMON   BANK0   BANK1   BANK2
    76 ;;      Params:         0       0       0       0
    77 ;;      Locals:         0       0       0       0
    78 ;;      Temps:          0       0       0       0
    79 ;;      Totals:         0       0       0       0
    80 ;;Total ram usage:        0 bytes
    81 ;; This function calls:
    82 ;;		Nothing
    83 ;; This function is called by:
    84 ;;		Startup code after reset
    85 ;; This function uses a non-reentrant model
    86 ;;
    87  07E4                     _main:	
    88                           
    89                           ;incstack = 0
    90                           ; Regs used in _main: [wreg+status,2+status,0]
    91  07E4  0000               	nop	;# 
    92  07E5  0064               	clrwdt	;# 
    93                           
    94                           ;SC8F289XB_Timer0_Demo.c: 7: OSCCON = 0X72;
    95  07E6  3072               	movlw	114
    96  07E7  1683               	bsf	3,5	;RP0=1, select bank1
    97  07E8  1303               	bcf	3,6	;RP1=0, select bank1
    98  07E9  0088               	movwf	8	;volatile
    99                           
   100                           ;SC8F289XB_Timer0_Demo.c: 9: TRISB = 0;
   101  07EA  0186               	clrf	6	;volatile
   102                           
   103                           ;SC8F289XB_Timer0_Demo.c: 11: OPTION_REG = 0B00000000;
   104  07EB  0181               	clrf	1	;volatile
   105                           
   106                           ;SC8F289XB_Timer0_Demo.c: 13: TMR0 = 0;
   107  07EC  1283               	bcf	3,5	;RP0=0, select bank0
   108  07ED  0181               	clrf	1	;volatile
   109                           
   110                           ;SC8F289XB_Timer0_Demo.c: 14: T0IF = 0;
   111  07EE  110B               	bcf	11,2	;volatile
   112                           
   113                           ;SC8F289XB_Timer0_Demo.c: 15: T0IE = 0;
   114  07EF  128B               	bcf	11,5	;volatile
   115                           
   116                           ;SC8F289XB_Timer0_Demo.c: 17: GIE = 0;
   117  07F0  138B               	bcf	11,7	;volatile
   118  07F1                     l1143:	
   119                           
   120                           ;SC8F289XB_Timer0_Demo.c: 20: {
   121                           ;SC8F289XB_Timer0_Demo.c: 21: if(TMR0 >=125)
   122  07F1  307D               	movlw	125
   123  07F2  1283               	bcf	3,5	;RP0=0, select bank0
   124  07F3  1303               	bcf	3,6	;RP1=0, select bank0
   125  07F4  0201               	subwf	1,w	;volatile
   126  07F5  1C03               	skipc
   127  07F6  2FFB               	goto	l748
   128                           
   129                           ;SC8F289XB_Timer0_Demo.c: 22: {
   130                           ;SC8F289XB_Timer0_Demo.c: 23: TMR0 -= 125;
   131  07F7  307D               	movlw	125
   132  07F8  0281               	subwf	1,f	;volatile
   133                           
   134                           ;SC8F289XB_Timer0_Demo.c: 24: PORTB ^= 0XFF;
   135  07F9  30FF               	movlw	255
   136  07FA  0686               	xorwf	6,f	;volatile
   137  07FB                     l748:	
   138  07FB  0064               	clrwdt	;# 
   139  07FC  2FF1               	goto	l1143
   140  07FD                     __end_of_main:	
   141  007E                     btemp	set	126	;btemp
   142  007E                     wtemp0	set	126
   143                           
   144                           	psect	cinit
   145  07FD                     start_initialization:	
   146                           ; #config settings
   147                           
   148  07FD                     __initialization:	
   149  07FD                     end_of_initialization:	
   150                           ;End of C runtime variable initialization code
   151                           
   152  07FD                     __end_of__initialization:	
   153  07FD  0183               	clrf	3
   154  07FE  118A  2FE4         	ljmp	_main	;jump to C main() function
   155                           
   156                           	psect	cstackCOMMON
   157  0000                     __pcstackCOMMON:	
   158  0000                     ?_main:	
   159  0000                     ??_main:	
   160                           ; 1 bytes @ 0x0
   161                           


Data Sizes:
    Strings     0
    Constant    0
    Data        0
    BSS         0
    Persistent  0
    Stack       0

Auto Spaces:
    Space          Size  Autos    Used
    COMMON           14      0       0
    BANK0            80      0       0
    BANK1            80      0       0
    BANK2            80      0       0

Pointer List with Targets:

    None.

Critical Paths under _main in COMMON

    None.

Critical Paths under _main in BANK0

    None.

Critical Paths under _main in BANK1

    None.

Critical Paths under _main in BANK2

    None.

Call Graph Tables:

 ---------------------------------------------------------------------------------
 (Depth) Function   	        Calls       Base Space   Used Autos Params    Refs
 ---------------------------------------------------------------------------------
 (0) _main                                                 0     0      0       0
 ---------------------------------------------------------------------------------
 Estimated maximum stack depth 0
 ---------------------------------------------------------------------------------

 Call Graph Graphs:

 _main (ROOT)

 Address spaces:
Name               Size   Autos  Total    Cost      Usage
BITCOMMON            E      0       0       0        0.0%
NULL                 0      0       0       0        0.0%
CODE                 0      0       0       0        0.0%
COMMON               E      0       0       1        0.0%
BITSFR0              0      0       0       1        0.0%
SFR0                 0      0       0       1        0.0%
BITSFR1              0      0       0       2        0.0%
SFR1                 0      0       0       2        0.0%
STACK                0      0       0       2        0.0%
BITBANK0            50      0       0       3        0.0%
BANK0               50      0       0       4        0.0%
BITSFR3              0      0       0       4        0.0%
SFR3                 0      0       0       4        0.0%
BITBANK1            50      0       0       5        0.0%
BITSFR2              0      0       0       5        0.0%
SFR2                 0      0       0       5        0.0%
BANK1               50      0       0       6        0.0%
BANK2               50      0       0       7        0.0%
ABS                  0      0       0       8        0.0%
DATA                 0      0       0       9        0.0%
BITBANK2            50      0       0      10        0.0%


Microchip Technology PIC Macro Assembler V1.45 build -152302408 
Symbol Table                                                                                   Wed Mar 16 14:55:58 2022

                    l748 07FB                      _GIE 005F                     l1143 07F1  
                   _T0IE 005D                     _T0IF 005A                     _TMR0 0001  
                   _main 07E4                     btemp 007E                     start 0000  
                  ?_main 0000                    _PORTB 0006                    _TRISB 0086  
                  status 0003                    wtemp0 007E          __initialization 07FD  
           __end_of_main 07FD                   ??_main 0000                   _OSCCON 0088  
__end_of__initialization 07FD           __pcstackCOMMON 0000               __pmaintext 07E4  
   end_of_initialization 07FD      start_initialization 07FD                ___latbits 0001  
          __size_of_main 0019               _OPTION_REG 0081  
