

Microchip Technology PIC PRO Macro Assembler V1.45 build -152302408 
                                                                                               Fri Jun 25 16:29:06 2021

Microchip Technology Omniscient Code Generator v1.45 (PRO mode) build 201711160504
     1                           	processor	SC8P1712E
     2                           	opt	pw 120
     3                           	opt	pm
     4                           	psect	text0,local,class=CODE,merge=1,delta=2
     5                           	psect	cinit,global,class=CODE,merge=1,delta=2
     6                           	psect	cstackCOMMON,global,class=COMMON,space=1,delta=1
     7                           	psect	maintext,global,class=CODE,split=1,delta=2
     8                           	psect	text1,local,class=CODE,merge=1,delta=2
     9                           	psect	intentry,global,class=CODE,delta=2
    10                           	psect	pa_nodes0,global,class=CODE,delta=2
    11                           	dabs	1,0x7E,2
    12  0000                     
    13                           ; Version 1.45
    14                           ; Generated 16/11/2017 GMT
    15                           ; 
    16                           ; Copyright 漏 2017, Microchip Technology Inc. and its subsidiaries ("Microchip")
    17                           ; All rights reserved.
    18                           ; 
    19                           ; This software is developed by Microchip Technology Inc. and its subsidiaries ("Microch
      +                          ip").
    20                           ; 
    21                           ; Redistribution and use in source and binary forms, with or without modification, are
    22                           ; permitted provided that the following conditions are met:
    23                           ; 
    24                           ;     1. Redistributions of source code must retain the above copyright notice, this lis
      +                          t of
    25                           ;        conditions and the following disclaimer.
    26                           ; 
    27                           ;     2. Redistributions in binary form must reproduce the above copyright notice, this 
      +                          list
    28                           ;        of conditions and the following disclaimer in the documentation and/or other
    29                           ;        materials provided with the distribution.
    30                           ; 
    31                           ;     3. Microchip's name may not be used to endorse or promote products derived from th
      +                          is
    32                           ;        software without specific prior written permission.
    33                           ; 
    34                           ; THIS SOFTWARE IS PROVIDED BY MICROCHIP "AS IS" AND ANY EXPRESS OR IMPLIED WARRANTIES,
    35                           ; INCLUDING, BUT NOT LIMITED TO, THE IMPLIED WARRANTIES OF MERCHANTABILITY AND FITNESS F
      +                          OR
    36                           ; PURPOSE ARE DISCLAIMED.  IN NO EVENT SHALL MICROCHIP BE LIABLE FOR ANY DIRECT, INDIREC
      +                          T,
    37                           ; INCIDENTAL, SPECIAL, EXEMPLARY, OR CONSEQUENTIAL DAMAGES (INCLUDING BUT NOT LIMITED TO
    38                           ; PROCUREMENT OF SUBSTITUTE GOODS OR SERVICES; LOSS OF USE, DATA OR PROFITS; OR BUSINESS
    39                           ; INTERRUPTION) HOWSOEVER CAUSED AND ON ANY THEORY OF LIABILITY, WHETHER IN CONTRACT, ST
      +                          RICT
    40                           ; LIABILITY, OR TORT (INCLUDING NEGLIGENCE OR OTHERWISE) ARISING IN ANY WAY OUT OF THE U
      +                          SE OF
    41                           ; THIS SOFTWARE, EVEN IF ADVISED OF THE POSSIBILITY OF SUCH DAMAGE.
    42                           ; 
    43                           ; 
    44                           ; Code-generator required, PIC16F887 Definitions
    45                           ; 
    46                           ; SFR Addresses
    47  0000                     
    48                           	psect	text0
    49  0000                     __ptext0:	
    50  0012                     _T2CON	set	18
    51  000B                     _INTCON	set	11
    52  0006                     _PORTB	set	6
    53  0061                     _TMR2IF	set	97
    54  0092                     _PR2	set	146
    55  008F                     _OSCCON	set	143
    56  0086                     _TRISB	set	134
    57  0085                     _TRISA	set	133
    58  0461                     _TMR2IE	set	1121
    59                           
    60                           	psect	cinit
    61  000B                     start_initialization:	
    62                           ; #config settings
    63                           
    64  000B                     __initialization:	
    65  000B                     end_of_initialization:	
    66                           ;End of C runtime variable initialization code
    67                           
    68  000B                     __end_of__initialization:	
    69  000B  0183               	clrf	3
    70  000C  280D               	ljmp	_main	;jump to C main() function
    71                           
    72                           	psect	cstackCOMMON
    73  0070                     __pcstackCOMMON:	
    74  0070                     ?_main:	
    75  0070                     ?_Timer1_Isr:	
    76                           ; 1 bytes @ 0x0
    77                           
    78  0070                     ??_Timer1_Isr:	
    79                           ; 1 bytes @ 0x0
    80                           
    81                           
    82                           ; 1 bytes @ 0x0
    83  0070                     	ds	2
    84  0072                     ??_main:	
    85                           
    86                           	psect	maintext
    87  000D                     __pmaintext:	
    88                           ; 1 bytes @ 0x2
    89 ;;
    90 ;;Main: autosize = 0, tempsize = 0, incstack = 0, save=0
    91 ;;
    92 ;; *************** function _main *****************
    93 ;; Defined at:
    94 ;;		line 22 in file "C:\mcuproject\scm\SC8P171XE开发包\SC8P171XE_C_demo\SC8P171XE_Timer\SC8P171XE_Timer2.c"
    95 ;; Parameters:    Size  Location     Type
    96 ;;		None
    97 ;; Auto vars:     Size  Location     Type
    98 ;;		None
    99 ;; Return value:  Size  Location     Type
   100 ;;                  1    wreg      void 
   101 ;; Registers used:
   102 ;;		wreg, status,2
   103 ;; Tracked objects:
   104 ;;		On entry : B00/0
   105 ;;		On exit  : 0/0
   106 ;;		Unchanged: 0/0
   107 ;; Data sizes:     COMMON   BANK0   BANK1
   108 ;;      Params:         0       0       0
   109 ;;      Locals:         0       0       0
   110 ;;      Temps:          0       0       0
   111 ;;      Totals:         0       0       0
   112 ;;Total ram usage:        0 bytes
   113 ;; Hardware stack levels required when called:    1
   114 ;; This function calls:
   115 ;;		Nothing
   116 ;; This function is called by:
   117 ;;		Startup code after reset
   118 ;; This function uses a non-reentrant model
   119 ;;
   120                           
   121                           
   122                           ;psect for function _main
   123  000D                     _main:	
   124                           
   125                           ;incstack = 0
   126                           ; Regs used in _main: [wreg+status,2]
   127  000D  0000               	nop	;# 
   128  000E  0064               	clrwdt	;# 
   129                           
   130                           ;SC8P171XE_Timer2.c: 26: OSCCON = 0X70;
   131  000F  3070               	movlw	112
   132  0010  1683               	bsf	3,5	;RP0=1, select bank1
   133  0011  008F               	movwf	15	;volatile
   134                           
   135                           ;SC8P171XE_Timer2.c: 28: TRISA = 0;
   136  0012  0185               	clrf	5	;volatile
   137                           
   138                           ;SC8P171XE_Timer2.c: 29: TRISB = 0;
   139  0013  0186               	clrf	6	;volatile
   140                           
   141                           ;SC8P171XE_Timer2.c: 31: PR2 = 249;
   142  0014  30F9               	movlw	249
   143  0015  0092               	movwf	18	;volatile
   144                           
   145                           ;SC8P171XE_Timer2.c: 32: TMR2IF = 0;
   146  0016  1283               	bcf	3,5	;RP0=0, select bank0
   147  0017  108C               	bcf	12,1	;volatile
   148                           
   149                           ;SC8P171XE_Timer2.c: 33: TMR2IE = 1;
   150  0018  1683               	bsf	3,5	;RP0=1, select bank1
   151  0019  148C               	bsf	12,1	;volatile
   152                           
   153                           ;SC8P171XE_Timer2.c: 35: T2CON = 0B00000100;
   154  001A  3004               	movlw	4
   155  001B  1283               	bcf	3,5	;RP0=0, select bank0
   156  001C  0092               	movwf	18	;volatile
   157                           
   158                           ;SC8P171XE_Timer2.c: 37: INTCON = 0XC0;
   159  001D  30C0               	movlw	192
   160  001E  008B               	movwf	11	;volatile
   161  001F                     l465:	
   162                           ;SC8P171XE_Timer2.c: 38: while(1)
   163                           
   164  001F  0064               	clrwdt	;# 
   165  0020  281F               	goto	l465
   166  0021                     __end_of_main:	
   167                           
   168                           	psect	text1
   169  0021                     __ptext1:	
   170 ;; *************** function _Timer1_Isr *****************
   171 ;; Defined at:
   172 ;;		line 50 in file "C:\mcuproject\scm\SC8P171XE开发包\SC8P171XE_C_demo\SC8P171XE_Timer\SC8P171XE_Timer2.c"
   173 ;; Parameters:    Size  Location     Type
   174 ;;		None
   175 ;; Auto vars:     Size  Location     Type
   176 ;;		None
   177 ;; Return value:  Size  Location     Type
   178 ;;                  1    wreg      void 
   179 ;; Registers used:
   180 ;;		wreg, status,2, status,0
   181 ;; Tracked objects:
   182 ;;		On entry : 0/0
   183 ;;		On exit  : 100/0
   184 ;;		Unchanged: 0/0
   185 ;; Data sizes:     COMMON   BANK0   BANK1
   186 ;;      Params:         0       0       0
   187 ;;      Locals:         0       0       0
   188 ;;      Temps:          2       0       0
   189 ;;      Totals:         2       0       0
   190 ;;Total ram usage:        2 bytes
   191 ;; Hardware stack levels used:    1
   192 ;; This function calls:
   193 ;;		Nothing
   194 ;; This function is called by:
   195 ;;		Interrupt level 1
   196 ;; This function uses a non-reentrant model
   197 ;;
   198                           
   199                           
   200                           ;psect for function _Timer1_Isr
   201  0021                     _Timer1_Isr:	
   202                           
   203                           ;SC8P171XE_Timer2.c: 52: if(TMR2IF)
   204  0021  1283               	bcf	3,5	;RP0=0, select bank0
   205  0022  1C8C               	btfss	12,1	;volatile
   206  0023  2827               	goto	i1l474
   207                           
   208                           ;SC8P171XE_Timer2.c: 53: {
   209                           ;SC8P171XE_Timer2.c: 54: TMR2IF = 0;
   210  0024  108C               	bcf	12,1	;volatile
   211                           
   212                           ;SC8P171XE_Timer2.c: 56: PORTB ^= 0XFF;
   213  0025  30FF               	movlw	255
   214  0026  0686               	xorwf	6,f	;volatile
   215  0027                     i1l474:	
   216  0027  0871               	movf	??_Timer1_Isr+1,w
   217  0028  008A               	movwf	10
   218  0029  0E70               	swapf	??_Timer1_Isr^(0+-128),w
   219  002A  0083               	movwf	3
   220  002B  0EFE               	swapf	126,f
   221  002C  0E7E               	swapf	126,w
   222  002D  0009               	retfie
   223  002E                     __end_of_Timer1_Isr:	
   224  007E                     btemp	set	126	;btemp
   225  007E                     wtemp0	set	126
   226                           
   227                           	psect	intentry
   228  0004                     __pintentry:	
   229                           ;incstack = 0
   230                           ; Regs used in _Timer1_Isr: [wreg+status,2+status,0]
   231                           
   232  0004                     interrupt_function:	
   233  007E                     saved_w	set	btemp
   234  0004  00FE               	movwf	btemp
   235  0005  0E03               	swapf	3,w
   236  0006  00F0               	movwf	??_Timer1_Isr
   237  0007  080A               	movf	10,w
   238  0008  00F1               	movwf	??_Timer1_Isr+1
   239  0009  2821               	ljmp	_Timer1_Isr


Data Sizes:
    Strings     0
    Constant    0
    Data        0
    BSS         0
    Persistent  0
    Stack       0

Auto Spaces:
    Space          Size  Autos    Used
    COMMON           14      2       2
    BANK0            80      0       0
    BANK1            80      0       0

Pointer List with Targets:

    None.

Critical Paths under _main in COMMON

    None.

Critical Paths under _Timer1_Isr in COMMON

    None.

Critical Paths under _main in BANK0

    None.

Critical Paths under _Timer1_Isr in BANK0

    None.

Critical Paths under _main in BANK1

    None.

Critical Paths under _Timer1_Isr in BANK1

    None.

Call Graph Tables:

 ---------------------------------------------------------------------------------
 (Depth) Function   	        Calls       Base Space   Used Autos Params    Refs
 ---------------------------------------------------------------------------------
 (0) _main                                                 0     0      0       0
 ---------------------------------------------------------------------------------
 Estimated maximum stack depth 0
 ---------------------------------------------------------------------------------
 (Depth) Function   	        Calls       Base Space   Used Autos Params    Refs
 ---------------------------------------------------------------------------------
 (1) _Timer1_Isr                                           2     2      0       0
                                              0 COMMON     2     2      0
 ---------------------------------------------------------------------------------
 Estimated maximum stack depth 1
 ---------------------------------------------------------------------------------

 Call Graph Graphs:

 _main (ROOT)

 _Timer1_Isr (ROOT)

 Address spaces:
Name               Size   Autos  Total    Cost      Usage
BITCOMMON            E      0       0       0        0.0%
NULL                 0      0       0       0        0.0%
CODE                 0      0       0       0        0.0%
COMMON               E      2       2       1       14.3%
BITSFR0              0      0       0       1        0.0%
SFR0                 0      0       0       1        0.0%
BITSFR1              0      0       0       2        0.0%
SFR1                 0      0       0       2        0.0%
STACK                0      0       0       2        0.0%
BITBANK0            50      0       0       3        0.0%
BANK0               50      0       0       4        0.0%
BITBANK1            50      0       0       5        0.0%
BANK1               50      0       0       6        0.0%
ABS                  0      0       0       7        0.0%
DATA                 0      0       0       8        0.0%


Microchip Technology PIC Macro Assembler V1.45 build -152302408 
Symbol Table                                                                                   Fri Jun 25 16:29:06 2021

                    l465 001F                      _PR2 0092                     _main 000D  
                   btemp 007E                     start 000A                    ?_main 0070  
                  _T2CON 0012                    i1l474 0027                    _PORTB 0006  
                  _TRISA 0085                    _TRISB 0086                    pclath 000A  
                  status 0003                    wtemp0 007E          __initialization 000B  
           __end_of_main 0021                   ??_main 0072                   _INTCON 000B  
                 _OSCCON 008F                   _TMR2IE 0461                   _TMR2IF 0061  
             _Timer1_Isr 0021                   saved_w 007E  __end_of__initialization 000B  
         __pcstackCOMMON 0070              ?_Timer1_Isr 0070               __pmaintext 000D  
             __pintentry 0004                  __ptext0 0000                  __ptext1 0021  
    __size_of_Timer1_Isr 000D     end_of_initialization 000B      start_initialization 000B  
           ??_Timer1_Isr 0070                ___latbits 0000       __end_of_Timer1_Isr 002E  
      interrupt_function 0004            __size_of_main 0014                 intlevel1 0000  
