

Microchip Technology PIC PRO Macro Assembler V1.45 build -152302408 
                                                                                               Thu Dec 03 11:01:54 2020

Microchip Technology Omniscient Code Generator v1.45 (PRO mode) build 201711160504
     1                           	processor	79F5139
     2                           	opt	pw 120
     3                           	opt	pm
     4                           	psect	text0,local,class=CODE,merge=1,delta=2
     5                           	psect	cinit,global,class=CODE,merge=1,delta=2
     6                           	psect	cstackCOMMON,global,class=COMMON,space=1,delta=1
     7                           	psect	maintext,global,class=CODE,split=1,delta=2
     8                           	psect	text1,local,class=CODE,merge=1,delta=2
     9                           	psect	intentry,global,class=CODE,delta=2
    10                           	psect	pa_nodes0,global,class=CODE,delta=2
    11                           	dabs	1,0x7E,2
    12  0000                     
    13                           ; Version 1.45
    14                           ; Generated 16/11/2017 GMT
    15                           ; 
    16                           ; Copyright Â© 2017, Microchip Technology Inc. and its subsidiaries ("Microchip")
    17                           ; All rights reserved.
    18                           ; 
    19                           ; This software is developed by Microchip Technology Inc. and its subsidiaries ("Microch
      +                          ip").
    20                           ; 
    21                           ; Redistribution and use in source and binary forms, with or without modification, are
    22                           ; permitted provided that the following conditions are met:
    23                           ; 
    24                           ;     1. Redistributions of source code must retain the above copyright notice, this lis
      +                          t of
    25                           ;        conditions and the following disclaimer.
    26                           ; 
    27                           ;     2. Redistributions in binary form must reproduce the above copyright notice, this 
      +                          list
    28                           ;        of conditions and the following disclaimer in the documentation and/or other
    29                           ;        materials provided with the distribution.
    30                           ; 
    31                           ;     3. Microchip's name may not be used to endorse or promote products derived from th
      +                          is
    32                           ;        software without specific prior written permission.
    33                           ; 
    34                           ; THIS SOFTWARE IS PROVIDED BY MICROCHIP "AS IS" AND ANY EXPRESS OR IMPLIED WARRANTIES,
    35                           ; INCLUDING, BUT NOT LIMITED TO, THE IMPLIED WARRANTIES OF MERCHANTABILITY AND FITNESS F
      +                          OR
    36                           ; PURPOSE ARE DISCLAIMED.  IN NO EVENT SHALL MICROCHIP BE LIABLE FOR ANY DIRECT, INDIREC
      +                          T,
    37                           ; INCIDENTAL, SPECIAL, EXEMPLARY, OR CONSEQUENTIAL DAMAGES (INCLUDING BUT NOT LIMITED TO
    38                           ; PROCUREMENT OF SUBSTITUTE GOODS OR SERVICES; LOSS OF USE, DATA OR PROFITS; OR BUSINESS
    39                           ; INTERRUPTION) HOWSOEVER CAUSED AND ON ANY THEORY OF LIABILITY, WHETHER IN CONTRACT, ST
      +                          RICT
    40                           ; LIABILITY, OR TORT (INCLUDING NEGLIGENCE OR OTHERWISE) ARISING IN ANY WAY OUT OF THE U
      +                          SE OF
    41                           ; THIS SOFTWARE, EVEN IF ADVISED OF THE POSSIBILITY OF SUCH DAMAGE.
    42                           ; 
    43                           ; 
    44                           ; Code-generator required, PIC16F887 Definitions
    45                           ; 
    46                           ; SFR Addresses
    47  0000                     
    48                           	psect	text0
    49  0000                     __ptext0:	
    50  000B                     _INTCON	set	11
    51  0006                     _PORTB	set	6
    52  0001                     _TMR0	set	1
    53  005A                     _T0IF	set	90
    54  008F                     _OSCCON	set	143
    55  0086                     _TRISB	set	134
    56  0081                     _OPTION_REG	set	129
    57                           
    58                           	psect	cinit
    59  000D                     start_initialization:	
    60                           ; #config settings
    61                           
    62  000D                     __initialization:	
    63  000D                     end_of_initialization:	
    64                           ;End of C runtime variable initialization code
    65                           
    66  000D                     __end_of__initialization:	
    67  000D  0183               	clrf	3
    68  000E  118A  2810         	ljmp	_main	;jump to C main() function
    69                           
    70                           	psect	cstackCOMMON
    71  0070                     __pcstackCOMMON:	
    72  0070                     ?_main:	
    73  0070                     ?_Timer0_Isr:	
    74                           ; 1 bytes @ 0x0
    75                           
    76  0070                     ??_Timer0_Isr:	
    77                           ; 1 bytes @ 0x0
    78                           
    79                           
    80                           ; 1 bytes @ 0x0
    81  0070                     	ds	2
    82  0072                     ??_main:	
    83                           
    84                           	psect	maintext
    85  0010                     __pmaintext:	
    86                           ; 1 bytes @ 0x2
    87 ;;
    88 ;;Main: autosize = 0, tempsize = 0, incstack = 0, save=0
    89 ;;
    90 ;; *************** function _main *****************
    91 ;; Defined at:
    92 ;;		line 21 in file "C:\Users\edwar\Desktop\CMS79F5118_5139³ÌÐò\Timer_Demo\Timer0_Demo.c"
    93 ;; Parameters:    Size  Location     Type
    94 ;;		None
    95 ;; Auto vars:     Size  Location     Type
    96 ;;		None
    97 ;; Return value:  Size  Location     Type
    98 ;;                  1    wreg      void 
    99 ;; Registers used:
   100 ;;		wreg, status,2
   101 ;; Tracked objects:
   102 ;;		On entry : B00/0
   103 ;;		On exit  : 0/0
   104 ;;		Unchanged: 0/0
   105 ;; Data sizes:     COMMON   BANK0   BANK1   BANK3   BANK2
   106 ;;      Params:         0       0       0       0       0
   107 ;;      Locals:         0       0       0       0       0
   108 ;;      Temps:          0       0       0       0       0
   109 ;;      Totals:         0       0       0       0       0
   110 ;;Total ram usage:        0 bytes
   111 ;; Hardware stack levels required when called:    1
   112 ;; This function calls:
   113 ;;		Nothing
   114 ;; This function is called by:
   115 ;;		Startup code after reset
   116 ;; This function uses a non-reentrant model
   117 ;;
   118                           
   119                           
   120                           ;psect for function _main
   121  0010                     _main:	
   122                           
   123                           ;incstack = 0
   124                           ; Regs used in _main: [wreg+status,2]
   125  0010  0000               	nop	;# 
   126  0011  0064               	clrwdt	;# 
   127                           
   128                           ;Timer0_Demo.c: 26: OSCCON = 0x71;
   129  0012  3071               	movlw	113
   130  0013  1683               	bsf	3,5	;RP0=1, select bank1
   131  0014  1303               	bcf	3,6	;RP1=0, select bank1
   132  0015  008F               	movwf	15	;volatile
   133                           
   134                           ;Timer0_Demo.c: 29: OPTION_REG = 0xD0;
   135  0016  30D0               	movlw	208
   136  0017  0081               	movwf	1	;volatile
   137                           
   138                           ;Timer0_Demo.c: 30: TMR0 = 131;
   139  0018  3083               	movlw	131
   140  0019  1283               	bcf	3,5	;RP0=0, select bank0
   141  001A  0081               	movwf	1	;volatile
   142                           
   143                           ;Timer0_Demo.c: 31: INTCON = 0xA0;
   144  001B  30A0               	movlw	160
   145  001C  008B               	movwf	11	;volatile
   146                           
   147                           ;Timer0_Demo.c: 34: TRISB = 0x00;
   148  001D  1683               	bsf	3,5	;RP0=1, select bank1
   149  001E  0186               	clrf	6	;volatile
   150                           
   151                           ;Timer0_Demo.c: 35: PORTB = 0x00;
   152  001F  1283               	bcf	3,5	;RP0=0, select bank0
   153  0020  0186               	clrf	6	;volatile
   154  0021                     l717:	
   155                           ;Timer0_Demo.c: 37: while(1)
   156                           
   157  0021  0064               	clrwdt	;# 
   158  0022  2821               	goto	l717
   159  0023                     __end_of_main:	
   160                           
   161                           	psect	text1
   162  0023                     __ptext1:	
   163 ;; *************** function _Timer0_Isr *****************
   164 ;; Defined at:
   165 ;;		line 51 in file "C:\Users\edwar\Desktop\CMS79F5118_5139³ÌÐò\Timer_Demo\Timer0_Demo.c"
   166 ;; Parameters:    Size  Location     Type
   167 ;;		None
   168 ;; Auto vars:     Size  Location     Type
   169 ;;		None
   170 ;; Return value:  Size  Location     Type
   171 ;;                  1    wreg      void 
   172 ;; Registers used:
   173 ;;		wreg, status,2, status,0
   174 ;; Tracked objects:
   175 ;;		On entry : 0/0
   176 ;;		On exit  : 0/0
   177 ;;		Unchanged: 0/0
   178 ;; Data sizes:     COMMON   BANK0   BANK1   BANK3   BANK2
   179 ;;      Params:         0       0       0       0       0
   180 ;;      Locals:         0       0       0       0       0
   181 ;;      Temps:          2       0       0       0       0
   182 ;;      Totals:         2       0       0       0       0
   183 ;;Total ram usage:        2 bytes
   184 ;; Hardware stack levels used:    1
   185 ;; This function calls:
   186 ;;		Nothing
   187 ;; This function is called by:
   188 ;;		Interrupt level 1
   189 ;; This function uses a non-reentrant model
   190 ;;
   191                           
   192                           
   193                           ;psect for function _Timer0_Isr
   194  0023                     _Timer0_Isr:	
   195                           
   196                           ;Timer0_Demo.c: 53: if(T0IF)
   197  0023  1D0B               	btfss	11,2	;volatile
   198  0024  282C               	goto	i1l726
   199                           
   200                           ;Timer0_Demo.c: 54: {
   201                           ;Timer0_Demo.c: 56: TMR0 += 131;
   202  0025  3083               	movlw	131
   203  0026  1283               	bcf	3,5	;RP0=0, select bank0
   204  0027  1303               	bcf	3,6	;RP1=0, select bank0
   205  0028  0781               	addwf	1,f	;volatile
   206                           
   207                           ;Timer0_Demo.c: 59: T0IF = 0;
   208  0029  110B               	bcf	11,2	;volatile
   209                           
   210                           ;Timer0_Demo.c: 61: PORTB ^= 0xff;
   211  002A  30FF               	movlw	255
   212  002B  0686               	xorwf	6,f	;volatile
   213  002C                     i1l726:	
   214  002C  0871               	movf	??_Timer0_Isr+1,w
   215  002D  008A               	movwf	10
   216  002E  0E70               	swapf	??_Timer0_Isr^(0+-128),w
   217  002F  0083               	movwf	3
   218  0030  0EFE               	swapf	126,f
   219  0031  0E7E               	swapf	126,w
   220  0032  0009               	retfie
   221  0033                     __end_of_Timer0_Isr:	
   222  007E                     btemp	set	126	;btemp
   223  007E                     wtemp0	set	126
   224                           
   225                           	psect	intentry
   226  0004                     __pintentry:	
   227                           ;incstack = 0
   228                           ; Regs used in _Timer0_Isr: [wreg+status,2+status,0]
   229                           
   230  0004                     interrupt_function:	
   231  007E                     saved_w	set	btemp
   232  0004  00FE               	movwf	btemp
   233  0005  0E03               	swapf	3,w
   234  0006  00F0               	movwf	??_Timer0_Isr
   235  0007  080A               	movf	10,w
   236  0008  00F1               	movwf	??_Timer0_Isr+1
   237  0009  118A  2823         	ljmp	_Timer0_Isr


Data Sizes:
    Strings     0
    Constant    0
    Data        0
    BSS         0
    Persistent  0
    Stack       0

Auto Spaces:
    Space          Size  Autos    Used
    COMMON           14      2       2
    BANK0            80      0       0
    BANK1            80      0       0
    BANK3            88      0       0
    BANK2            80      0       0

Pointer List with Targets:

    None.

Critical Paths under _main in COMMON

    None.

Critical Paths under _Timer0_Isr in COMMON

    None.

Critical Paths under _main in BANK0

    None.

Critical Paths under _Timer0_Isr in BANK0

    None.

Critical Paths under _main in BANK1

    None.

Critical Paths under _Timer0_Isr in BANK1

    None.

Critical Paths under _main in BANK3

    None.

Critical Paths under _Timer0_Isr in BANK3

    None.

Critical Paths under _main in BANK2

    None.

Critical Paths under _Timer0_Isr in BANK2

    None.

Call Graph Tables:

 ---------------------------------------------------------------------------------
 (Depth) Function   	        Calls       Base Space   Used Autos Params    Refs
 ---------------------------------------------------------------------------------
 (0) _main                                                 0     0      0       0
 ---------------------------------------------------------------------------------
 Estimated maximum stack depth 0
 ---------------------------------------------------------------------------------
 (Depth) Function   	        Calls       Base Space   Used Autos Params    Refs
 ---------------------------------------------------------------------------------
 (1) _Timer0_Isr                                           2     2      0       0
                                              0 COMMON     2     2      0
 ---------------------------------------------------------------------------------
 Estimated maximum stack depth 1
 ---------------------------------------------------------------------------------

 Call Graph Graphs:

 _main (ROOT)

 _Timer0_Isr (ROOT)

 Address spaces:
Name               Size   Autos  Total    Cost      Usage
BITCOMMON            E      0       0       0        0.0%
NULL                 0      0       0       0        0.0%
CODE                 0      0       0       0        0.0%
COMMON               E      2       2       1       14.3%
BITSFR0              0      0       0       1        0.0%
SFR0                 0      0       0       1        0.0%
BITSFR1              0      0       0       2        0.0%
SFR1                 0      0       0       2        0.0%
STACK                0      0       0       2        0.0%
ABS                  0      0       0       3        0.0%
BITBANK0            50      0       0       4        0.0%
BITSFR3              0      0       0       4        0.0%
SFR3                 0      0       0       4        0.0%
BANK0               50      0       0       5        0.0%
BITSFR2              0      0       0       5        0.0%
SFR2                 0      0       0       5        0.0%
BITBANK1            50      0       0       6        0.0%
BANK1               50      0       0       7        0.0%
BITBANK3            58      0       0       8        0.0%
BANK3               58      0       0       9        0.0%
BITBANK2            50      0       0      10        0.0%
BANK2               50      0       0      11        0.0%
DATA                 0      0       0      12        0.0%


Microchip Technology PIC Macro Assembler V1.45 build -152302408 
Symbol Table                                                                                   Thu Dec 03 11:01:54 2020

                    l717 0021                     _T0IF 005A                     _TMR0 0001  
                   _main 0010                     btemp 007E                     start 000B  
                  ?_main 0070                    i1l726 002C                    _PORTB 0006  
                  _TRISB 0086                    pclath 000A                    status 0003  
                  wtemp0 007E          __initialization 000D             __end_of_main 0023  
                 ??_main 0072                   _INTCON 000B                   _OSCCON 008F  
             _Timer0_Isr 0023                   saved_w 007E  __end_of__initialization 000D  
         __pcstackCOMMON 0070              ?_Timer0_Isr 0070               __pmaintext 0010  
             __pintentry 0004                  __ptext0 0000                  __ptext1 0023  
    __size_of_Timer0_Isr 0010     end_of_initialization 000D      start_initialization 000D  
           ??_Timer0_Isr 0070                ___latbits 0001       __end_of_Timer0_Isr 0033  
      interrupt_function 0004            __size_of_main 0013                 intlevel1 0000  
             _OPTION_REG 0081  
