!_TAG_FILE_FORMAT	2	/extended format; --format=1 will not append ;" to lines/
!_TAG_FILE_SORTED	0	/0=unsorted, 1=sorted, 2=foldcase/
!_TAG_PROGRAM_AUTHOR	Darren Hiebert	/dhiebert@users.sourceforge.net/
!_TAG_PROGRAM_NAME	Exuberant Ctags	//
!_TAG_PROGRAM_URL	http://ctags.sourceforge.net	/official site/
!_TAG_PROGRAM_VERSION	5.8	//
MainTime	C:\mcuproject\scm\台灯\main.c	/^volatile unsigned char MainTime;$/;"	v
pwmTime	C:\mcuproject\scm\台灯\main.c	/^volatile unsigned char pwmTime;$/;"	v
irStep	C:\mcuproject\scm\台灯\main.c	/^volatile unsigned char irStep = 0; \/\/0为未遮挡 1遮挡  2消抖$/;"	v
revCount	C:\mcuproject\scm\台灯\main.c	/^unsigned char	revCount = 0;\/\/收到的波形计数$/;"	v
revZeroCount	C:\mcuproject\scm\台灯\main.c	/^unsigned char	revZeroCount = 0;\/\/未收到的波形计数$/;"	v
checkCount	C:\mcuproject\scm\台灯\main.c	/^unsigned char	checkCount = 0;	\/\/检测次数$/;"	v
pwm0Step	C:\mcuproject\scm\台灯\main.c	/^unsigned char	pwm0Step = 1;	\/\/	pwm0档位$/;"	v
pwm1Step	C:\mcuproject\scm\台灯\main.c	/^unsigned char	pwm1Step = 1;	\/\/	pwm1档位$/;"	v
timeCount	C:\mcuproject\scm\台灯\main.c	/^unsigned int 	timeCount = 0;$/;"	v
keyNub	C:\mcuproject\scm\台灯\main.c	/^unsigned int 	keyNub = 0;$/;"	v
keyCount0	C:\mcuproject\scm\台灯\main.c	/^unsigned int 	keyCount0 = 0;$/;"	v
keyCount1	C:\mcuproject\scm\台灯\main.c	/^unsigned int 	keyCount1 = 0;$/;"	v
sendFlag	C:\mcuproject\scm\台灯\main.c	/^volatile bit	sendFlag;	\/\/发射标记$/;"	v
B_MainLoop	C:\mcuproject\scm\台灯\main.c	/^volatile bit	B_MainLoop;$/;"	v
sendStartFlag	C:\mcuproject\scm\台灯\main.c	/^volatile bit	sendStartFlag;	\/\/发射开始标记$/;"	v
doublePressFlag	C:\mcuproject\scm\台灯\main.c	/^volatile bit	doublePressFlag;	\/\/同时按下标记$/;"	v
ONFlag	C:\mcuproject\scm\台灯\main.c	/^volatile bit	ONFlag;	\/\/开关标记，1为打开$/;"	v
pwmFlag	C:\mcuproject\scm\台灯\main.c	/^volatile bit	pwmFlag;	\/\/PWM开关标记，1为打开$/;"	v
keyLockFlag	C:\mcuproject\scm\台灯\main.c	/^volatile bit	keyLockFlag;	\/\/触摸长按锁定$/;"	v
doubleTouchFlag	C:\mcuproject\scm\台灯\main.c	/^volatile bit	doubleTouchFlag;	\/\/同时触摸标记位$/;"	v
Init_System	C:\mcuproject\scm\台灯\main.c	/^void Init_System()$/;"	f
Refurbish_Sfr	C:\mcuproject\scm\台灯\main.c	/^void Refurbish_Sfr()$/;"	f
procKey1	C:\mcuproject\scm\台灯\main.c	/^void procKey1()$/;"	f
procKey2	C:\mcuproject\scm\台灯\main.c	/^void procKey2()$/;"	f
startPWM	C:\mcuproject\scm\台灯\main.c	/^void startPWM()$/;"	f
KeyServer	C:\mcuproject\scm\台灯\main.c	/^void KeyServer()$/;"	f
checkIRKey	C:\mcuproject\scm\台灯\main.c	/^void checkIRKey()$/;"	f
Isr_Timer	C:\mcuproject\scm\台灯\main.c	/^void interrupt Isr_Timer()$/;"	f
main	C:\mcuproject\scm\台灯\main.c	/^void main()$/;"	f
initPWM	C:\mcuproject\scm\台灯\pwm.c	/^void initPWM()$/;"	f
mode1	C:\mcuproject\scm\台灯\pwm.c	/^void mode1()$/;"	f
mode2	C:\mcuproject\scm\台灯\pwm.c	/^void mode2()$/;"	f
mode3	C:\mcuproject\scm\台灯\pwm.c	/^void mode3()$/;"	f
mode4	C:\mcuproject\scm\台灯\pwm.c	/^void mode4()$/;"	f
mode5	C:\mcuproject\scm\台灯\pwm.c	/^void mode5()$/;"	f
modea	C:\mcuproject\scm\台灯\pwm.c	/^void modea()$/;"	f
modeb	C:\mcuproject\scm\台灯\pwm.c	/^void modeb()$/;"	f
modec	C:\mcuproject\scm\台灯\pwm.c	/^void modec()$/;"	f
moded	C:\mcuproject\scm\台灯\pwm.c	/^void moded()$/;"	f
modee	C:\mcuproject\scm\台灯\pwm.c	/^void modee()$/;"	f
