

Microchip Technology PIC PRO Macro Assembler V1.45 build -152302408 
                                                                                               Thu Dec 03 10:05:53 2020

Microchip Technology Omniscient Code Generator v1.45 (PRO mode) build 201711160504
     1                           	processor	79F5139
     2                           	opt	pw 120
     3                           	opt	pm
     4                           	psect	text0,local,class=CODE,merge=1,delta=2
     5                           	psect	cinit,global,class=CODE,merge=1,delta=2
     6                           	psect	cstackCOMMON,global,class=COMMON,space=1,delta=1
     7                           	psect	maintext,global,class=CODE,split=1,delta=2
     8                           	psect	text1,local,class=CODE,merge=1,delta=2
     9                           	psect	text3,local,class=CODE,merge=1,delta=2
    10                           	psect	intentry,global,class=CODE,delta=2
    11                           	psect	pa_nodes0,global,class=CODE,delta=2
    12                           	dabs	1,0x7E,2
    13  0000                     
    14                           ; Version 1.45
    15                           ; Generated 16/11/2017 GMT
    16                           ; 
    17                           ; Copyright Â© 2017, Microchip Technology Inc. and its subsidiaries ("Microchip")
    18                           ; All rights reserved.
    19                           ; 
    20                           ; This software is developed by Microchip Technology Inc. and its subsidiaries ("Microch
      +                          ip").
    21                           ; 
    22                           ; Redistribution and use in source and binary forms, with or without modification, are
    23                           ; permitted provided that the following conditions are met:
    24                           ; 
    25                           ;     1. Redistributions of source code must retain the above copyright notice, this lis
      +                          t of
    26                           ;        conditions and the following disclaimer.
    27                           ; 
    28                           ;     2. Redistributions in binary form must reproduce the above copyright notice, this 
      +                          list
    29                           ;        of conditions and the following disclaimer in the documentation and/or other
    30                           ;        materials provided with the distribution.
    31                           ; 
    32                           ;     3. Microchip's name may not be used to endorse or promote products derived from th
      +                          is
    33                           ;        software without specific prior written permission.
    34                           ; 
    35                           ; THIS SOFTWARE IS PROVIDED BY MICROCHIP "AS IS" AND ANY EXPRESS OR IMPLIED WARRANTIES,
    36                           ; INCLUDING, BUT NOT LIMITED TO, THE IMPLIED WARRANTIES OF MERCHANTABILITY AND FITNESS F
      +                          OR
    37                           ; PURPOSE ARE DISCLAIMED.  IN NO EVENT SHALL MICROCHIP BE LIABLE FOR ANY DIRECT, INDIREC
      +                          T,
    38                           ; INCIDENTAL, SPECIAL, EXEMPLARY, OR CONSEQUENTIAL DAMAGES (INCLUDING BUT NOT LIMITED TO
    39                           ; PROCUREMENT OF SUBSTITUTE GOODS OR SERVICES; LOSS OF USE, DATA OR PROFITS; OR BUSINESS
    40                           ; INTERRUPTION) HOWSOEVER CAUSED AND ON ANY THEORY OF LIABILITY, WHETHER IN CONTRACT, ST
      +                          RICT
    41                           ; LIABILITY, OR TORT (INCLUDING NEGLIGENCE OR OTHERWISE) ARISING IN ANY WAY OUT OF THE U
      +                          SE OF
    42                           ; THIS SOFTWARE, EVEN IF ADVISED OF THE POSSIBILITY OF SUCH DAMAGE.
    43                           ; 
    44                           ; 
    45                           ; Code-generator required, PIC16F887 Definitions
    46                           ; 
    47                           ; SFR Addresses
    48  0000                     
    49                           	psect	text0
    50  0000                     __ptext0:	
    51  001F                     _ADCON0	set	31
    52  000B                     _INTCON	set	11
    53  0006                     _PORTB	set	6
    54  0005                     _PORTA	set	5
    55  0058                     _RBIF	set	88
    56  005B                     _RBIE	set	91
    57  005F                     _GIE	set	95
    58  009A                     _OPA0CON	set	154
    59  0096                     _IOCB	set	150
    60  0095                     _WPUB	set	149
    61  008F                     _OSCCON	set	143
    62  0087                     _IOCA	set	135
    63  0086                     _TRISB	set	134
    64  0085                     _TRISA	set	133
    65  0081                     _OPTION_REG	set	129
    66  011E                     _PFGRAM1	set	286
    67  011B                     _PFGRAM0	set	283
    68  0118                     _KEYRAM3	set	280
    69  0117                     _KEYRAM2	set	279
    70  0114                     _KEYRAM1	set	276
    71  0113                     _KEYRAM0	set	275
    72  0107                     _PWMCON0	set	263
    73  0105                     _WDTCON	set	261
    74  018E                     _WPUA	set	398
    75  018C                     _EECON1	set	396
    76  0189                     _ANSELH	set	393
    77  0188                     _ANSEL	set	392
    78                           
    79                           	psect	cinit
    80  000D                     start_initialization:	
    81                           ; #config settings
    82                           
    83  000D                     __initialization:	
    84  000D                     end_of_initialization:	
    85                           ;End of C runtime variable initialization code
    86                           
    87  000D                     __end_of__initialization:	
    88  000D  0183               	clrf	3
    89  000E  118A  286F         	ljmp	_main	;jump to C main() function
    90                           
    91                           	psect	cstackCOMMON
    92  0070                     __pcstackCOMMON:	
    93  0070                     ?_Init_System:	
    94  0070                     ?_Sleep_Mode:	
    95                           ; 1 bytes @ 0x0
    96                           
    97  0070                     ?_main:	
    98                           ; 1 bytes @ 0x0
    99                           
   100  0070                     ?_PB_Isr:	
   101                           ; 1 bytes @ 0x0
   102                           
   103  0070                     ??_PB_Isr:	
   104                           ; 1 bytes @ 0x0
   105                           
   106                           
   107                           ; 1 bytes @ 0x0
   108  0070                     	ds	2
   109  0072                     ??_Init_System:	
   110  0072                     ??_Sleep_Mode:	
   111                           ; 1 bytes @ 0x2
   112                           
   113  0072                     ??_main:	
   114                           ; 1 bytes @ 0x2
   115                           
   116                           
   117                           	psect	maintext
   118  006F                     __pmaintext:	
   119                           ; 1 bytes @ 0x2
   120 ;;
   121 ;;Main: autosize = 0, tempsize = 0, incstack = 0, save=0
   122 ;;
   123 ;; *************** function _main *****************
   124 ;; Defined at:
   125 ;;		line 29 in file "C:\Edward_work_FILE\work_file\¿ª·¢ÎÄ¼þ\Îí»¯Æ÷\CMS79F5139_VER\Îí»¯Æ÷¿ª·¢°ü20201203\CMS79F5118_5139³Ì
      +Ðò\Sleep_Demo\Sleep_Demo.c"
   126 ;; Parameters:    Size  Location     Type
   127 ;;		None
   128 ;; Auto vars:     Size  Location     Type
   129 ;;		None
   130 ;; Return value:  Size  Location     Type
   131 ;;                  1    wreg      void 
   132 ;; Registers used:
   133 ;;		wreg, status,2, status,0, pclath, cstack
   134 ;; Tracked objects:
   135 ;;		On entry : B00/0
   136 ;;		On exit  : 300/300
   137 ;;		Unchanged: 0/0
   138 ;; Data sizes:     COMMON   BANK0   BANK1   BANK3   BANK2
   139 ;;      Params:         0       0       0       0       0
   140 ;;      Locals:         0       0       0       0       0
   141 ;;      Temps:          0       0       0       0       0
   142 ;;      Totals:         0       0       0       0       0
   143 ;;Total ram usage:        0 bytes
   144 ;; Hardware stack levels required when called:    3
   145 ;; This function calls:
   146 ;;		_Init_System
   147 ;;		_Sleep_Mode
   148 ;; This function is called by:
   149 ;;		Startup code after reset
   150 ;; This function uses a non-reentrant model
   151 ;;
   152                           
   153                           
   154                           ;psect for function _main
   155  006F                     _main:	
   156                           
   157                           ;Sleep_Demo.c: 31: Init_System();
   158                           
   159                           ;incstack = 0
   160                           ; Regs used in _main: [wreg+status,2+status,0+pclath+cstack]
   161  006F  118A  2048  118A   	fcall	_Init_System
   162  0072                     l733:	
   163                           ;Sleep_Demo.c: 32: while(1)
   164                           
   165  0072  0064               	clrwdt	;# 
   166                           
   167                           ;Sleep_Demo.c: 36: Sleep_Mode();
   168  0073  118A  2010  118A   	fcall	_Sleep_Mode
   169  0076  2872               	goto	l733
   170  0077                     __end_of_main:	
   171                           
   172                           	psect	text1
   173  0010                     __ptext1:	
   174 ;; *************** function _Sleep_Mode *****************
   175 ;; Defined at:
   176 ;;		line 48 in file "C:\Edward_work_FILE\work_file\¿ª·¢ÎÄ¼þ\Îí»¯Æ÷\CMS79F5139_VER\Îí»¯Æ÷¿ª·¢°ü20201203\CMS79F5118_5139³Ì
      +Ðò\Sleep_Demo\Sleep_Demo.c"
   177 ;; Parameters:    Size  Location     Type
   178 ;;		None
   179 ;; Auto vars:     Size  Location     Type
   180 ;;		None
   181 ;; Return value:  Size  Location     Type
   182 ;;                  1    wreg      void 
   183 ;; Registers used:
   184 ;;		wreg, status,2, status,0, pclath, cstack
   185 ;; Tracked objects:
   186 ;;		On entry : 0/300
   187 ;;		On exit  : 300/300
   188 ;;		Unchanged: 0/0
   189 ;; Data sizes:     COMMON   BANK0   BANK1   BANK3   BANK2
   190 ;;      Params:         0       0       0       0       0
   191 ;;      Locals:         0       0       0       0       0
   192 ;;      Temps:          0       0       0       0       0
   193 ;;      Totals:         0       0       0       0       0
   194 ;;Total ram usage:        0 bytes
   195 ;; Hardware stack levels used:    1
   196 ;; Hardware stack levels required when called:    2
   197 ;; This function calls:
   198 ;;		_Init_System
   199 ;; This function is called by:
   200 ;;		_main
   201 ;; This function uses a non-reentrant model
   202 ;;
   203                           
   204                           
   205                           ;psect for function _Sleep_Mode
   206  0010                     _Sleep_Mode:	
   207                           
   208                           ;Sleep_Demo.c: 50: INTCON = 0;
   209                           
   210                           ;incstack = 0
   211                           ; Regs used in _Sleep_Mode: [wreg+status,2+status,0+pclath+cstack]
   212  0010  018B               	clrf	11	;volatile
   213                           
   214                           ;Sleep_Demo.c: 52: OPTION_REG = 0;
   215  0011  1683               	bsf	3,5	;RP0=1, select bank1
   216  0012  1303               	bcf	3,6	;RP1=0, select bank1
   217  0013  0181               	clrf	1	;volatile
   218                           
   219                           ;Sleep_Demo.c: 54: KEYRAM0 = 0;
   220  0014  1283               	bcf	3,5	;RP0=0, select bank2
   221  0015  1703               	bsf	3,6	;RP1=1, select bank2
   222  0016  0193               	clrf	19	;volatile
   223                           
   224                           ;Sleep_Demo.c: 55: KEYRAM1 = 0;
   225  0017  0194               	clrf	20	;volatile
   226                           
   227                           ;Sleep_Demo.c: 56: KEYRAM2 = 0;
   228  0018  0197               	clrf	23	;volatile
   229                           
   230                           ;Sleep_Demo.c: 57: KEYRAM3 = 0;
   231  0019  0198               	clrf	24	;volatile
   232                           
   233                           ;Sleep_Demo.c: 58: PFGRAM0 = 0;
   234  001A  019B               	clrf	27	;volatile
   235                           
   236                           ;Sleep_Demo.c: 59: PFGRAM1 = 0;
   237  001B  019E               	clrf	30	;volatile
   238                           
   239                           ;Sleep_Demo.c: 61: ANSEL = 0;
   240  001C  1683               	bsf	3,5	;RP0=1, select bank3
   241  001D  0188               	clrf	8	;volatile
   242                           
   243                           ;Sleep_Demo.c: 62: ANSELH = 0;
   244  001E  0189               	clrf	9	;volatile
   245                           
   246                           ;Sleep_Demo.c: 64: TRISA = 0B00000000;
   247  001F  1303               	bcf	3,6	;RP1=0, select bank1
   248  0020  0185               	clrf	5	;volatile
   249                           
   250                           ;Sleep_Demo.c: 65: PORTA = 0B00000000;
   251  0021  1283               	bcf	3,5	;RP0=0, select bank0
   252  0022  0185               	clrf	5	;volatile
   253                           
   254                           ;Sleep_Demo.c: 66: WPUA = 0B00000000;
   255  0023  1683               	bsf	3,5	;RP0=1, select bank3
   256  0024  1703               	bsf	3,6	;RP1=1, select bank3
   257  0025  018E               	clrf	14	;volatile
   258                           
   259                           ;Sleep_Demo.c: 68: TRISB = 0B00000100;
   260  0026  3004               	movlw	4
   261  0027  1303               	bcf	3,6	;RP1=0, select bank1
   262  0028  0086               	movwf	6	;volatile
   263                           
   264                           ;Sleep_Demo.c: 69: PORTB = 0B00000000;
   265  0029  1283               	bcf	3,5	;RP0=0, select bank0
   266  002A  0186               	clrf	6	;volatile
   267                           
   268                           ;Sleep_Demo.c: 70: WPUB = 0B00000100;
   269  002B  1683               	bsf	3,5	;RP0=1, select bank1
   270  002C  0095               	movwf	21	;volatile
   271                           
   272                           ;Sleep_Demo.c: 72: IOCA = 0B00000000;
   273  002D  0187               	clrf	7	;volatile
   274                           
   275                           ;Sleep_Demo.c: 73: IOCB = 0B00000100;
   276  002E  0096               	movwf	22	;volatile
   277                           
   278                           ;Sleep_Demo.c: 74: RBIE = 1;
   279  002F  158B               	bsf	11,3	;volatile
   280                           
   281                           ;Sleep_Demo.c: 75: GIE = 1;
   282  0030  178B               	bsf	11,7	;volatile
   283                           
   284                           ;Sleep_Demo.c: 77: ADCON0 = 0;
   285  0031  1283               	bcf	3,5	;RP0=0, select bank0
   286  0032  019F               	clrf	31	;volatile
   287                           
   288                           ;Sleep_Demo.c: 78: PWMCON0 = 0;
   289  0033  1703               	bsf	3,6	;RP1=1, select bank2
   290  0034  0187               	clrf	7	;volatile
   291                           
   292                           ;Sleep_Demo.c: 79: EECON1 = 0;
   293  0035  1683               	bsf	3,5	;RP0=1, select bank3
   294  0036  018C               	clrf	12	;volsfr
   295                           
   296                           ;Sleep_Demo.c: 80: OPA0CON = 0;
   297  0037  1303               	bcf	3,6	;RP1=0, select bank1
   298  0038  019A               	clrf	26	;volatile
   299                           
   300                           ;Sleep_Demo.c: 81: WDTCON = 0;
   301  0039  1283               	bcf	3,5	;RP0=0, select bank2
   302  003A  1703               	bsf	3,6	;RP1=1, select bank2
   303  003B  0185               	clrf	5	;volatile
   304                           
   305                           ;Sleep_Demo.c: 83: PORTB;
   306  003C  1303               	bcf	3,6	;RP1=0, select bank0
   307  003D  0806               	movf	6,w	;volatile
   308  003E  0064               	clrwdt	;# 
   309  003F  0063               	sleep	;# 
   310  0040  0000               	nop	;# 
   311  0041  0000               	nop	;# 
   312  0042  0064               	clrwdt	;# 
   313                           
   314                           ;Sleep_Demo.c: 92: WDTCON = 0x01;
   315  0043  3001               	movlw	1
   316  0044  1283               	bcf	3,5	;RP0=0, select bank2
   317  0045  1703               	bsf	3,6	;RP1=1, select bank2
   318  0046  0085               	movwf	5	;volatile
   319                           
   320                           ;Sleep_Demo.c: 93: Init_System();
   321  0047  2848               	ljmp	l1124
   322  0048                     __end_of_Sleep_Mode:	
   323  0048                     __ptext2:	
   324 ;; *************** function _Init_System *****************
   325 ;; Defined at:
   326 ;;		line 103 in file "C:\Edward_work_FILE\work_file\¿ª·¢ÎÄ¼þ\Îí»¯Æ÷\CMS79F5139_VER\Îí»¯Æ÷¿ª·¢°ü20201203\CMS79F5118_5139³
      +ÌÐò\Sleep_Demo\Sleep_Demo.c"
   327 ;; Parameters:    Size  Location     Type
   328 ;;		None
   329 ;; Auto vars:     Size  Location     Type
   330 ;;		None
   331 ;; Return value:  Size  Location     Type
   332 ;;                  1    wreg      void 
   333 ;; Registers used:
   334 ;;		wreg, status,2
   335 ;; Tracked objects:
   336 ;;		On entry : 100/0
   337 ;;		On exit  : 300/300
   338 ;;		Unchanged: 0/0
   339 ;; Data sizes:     COMMON   BANK0   BANK1   BANK3   BANK2
   340 ;;      Params:         0       0       0       0       0
   341 ;;      Locals:         0       0       0       0       0
   342 ;;      Temps:          0       0       0       0       0
   343 ;;      Totals:         0       0       0       0       0
   344 ;;Total ram usage:        0 bytes
   345 ;; Hardware stack levels used:    1
   346 ;; Hardware stack levels required when called:    1
   347 ;; This function calls:
   348 ;;		Nothing
   349 ;; This function is called by:
   350 ;;		_main
   351 ;;		_Sleep_Mode
   352 ;; This function uses a non-reentrant model
   353 ;;
   354                           
   355                           
   356                           ;psect for function _Init_System
   357  0048                     _Init_System:	
   358  0048                     l1124:	
   359                           ;incstack = 0
   360                           ; Regs used in _Init_System: [wreg+status,2]
   361                           
   362  0048  0000               	nop	;# 
   363  0049  0064               	clrwdt	;# 
   364                           
   365                           ;Sleep_Demo.c: 107: INTCON = 0;
   366  004A  018B               	clrf	11	;volatile
   367                           
   368                           ;Sleep_Demo.c: 108: OSCCON = 0X71;
   369  004B  3071               	movlw	113
   370  004C  1683               	bsf	3,5	;RP0=1, select bank1
   371  004D  1303               	bcf	3,6	;RP1=0, select bank1
   372  004E  008F               	movwf	15	;volatile
   373                           
   374                           ;Sleep_Demo.c: 109: OPTION_REG = 0;
   375  004F  0181               	clrf	1	;volatile
   376                           
   377                           ;Sleep_Demo.c: 111: WPUA = 0B00000011;
   378  0050  3003               	movlw	3
   379  0051  1703               	bsf	3,6	;RP1=1, select bank3
   380  0052  008E               	movwf	14	;volatile
   381                           
   382                           ;Sleep_Demo.c: 112: WPUB = 0B00000100;
   383  0053  3004               	movlw	4
   384  0054  1303               	bcf	3,6	;RP1=0, select bank1
   385  0055  0095               	movwf	21	;volatile
   386                           
   387                           ;Sleep_Demo.c: 114: TRISA = 0B00000011;
   388  0056  3003               	movlw	3
   389  0057  0085               	movwf	5	;volatile
   390                           
   391                           ;Sleep_Demo.c: 115: TRISB = 0B00000100;
   392  0058  3004               	movlw	4
   393  0059  0086               	movwf	6	;volatile
   394                           
   395                           ;Sleep_Demo.c: 117: PORTA = 0B00000000;
   396  005A  1283               	bcf	3,5	;RP0=0, select bank0
   397  005B  0185               	clrf	5	;volatile
   398                           
   399                           ;Sleep_Demo.c: 118: PORTB = 0B00000000;
   400  005C  0186               	clrf	6	;volatile
   401                           
   402                           ;Sleep_Demo.c: 120: ANSEL = 0;
   403  005D  1683               	bsf	3,5	;RP0=1, select bank3
   404  005E  1703               	bsf	3,6	;RP1=1, select bank3
   405  005F  0188               	clrf	8	;volatile
   406                           
   407                           ;Sleep_Demo.c: 121: ANSELH = 0;
   408  0060  0189               	clrf	9	;volatile
   409  0061  0008               	return
   410  0062                     __end_of_Init_System:	
   411                           
   412                           	psect	text3
   413  0062                     __ptext3:	
   414 ;; *************** function _PB_Isr *****************
   415 ;; Defined at:
   416 ;;		line 132 in file "C:\Edward_work_FILE\work_file\¿ª·¢ÎÄ¼þ\Îí»¯Æ÷\CMS79F5139_VER\Îí»¯Æ÷¿ª·¢°ü20201203\CMS79F5118_5139³
      +ÌÐò\Sleep_Demo\Sleep_Demo.c"
   417 ;; Parameters:    Size  Location     Type
   418 ;;		None
   419 ;; Auto vars:     Size  Location     Type
   420 ;;		None
   421 ;; Return value:  Size  Location     Type
   422 ;;                  1    wreg      void 
   423 ;; Registers used:
   424 ;;		wreg
   425 ;; Tracked objects:
   426 ;;		On entry : 0/0
   427 ;;		On exit  : 0/0
   428 ;;		Unchanged: 0/0
   429 ;; Data sizes:     COMMON   BANK0   BANK1   BANK3   BANK2
   430 ;;      Params:         0       0       0       0       0
   431 ;;      Locals:         0       0       0       0       0
   432 ;;      Temps:          2       0       0       0       0
   433 ;;      Totals:         2       0       0       0       0
   434 ;;Total ram usage:        2 bytes
   435 ;; Hardware stack levels used:    1
   436 ;; This function calls:
   437 ;;		Nothing
   438 ;; This function is called by:
   439 ;;		Interrupt level 1
   440 ;; This function uses a non-reentrant model
   441 ;;
   442                           
   443                           
   444                           ;psect for function _PB_Isr
   445  0062                     _PB_Isr:	
   446                           
   447                           ;Sleep_Demo.c: 134: if(RBIF)
   448  0062  1C0B               	btfss	11,0	;volatile
   449  0063  2868               	goto	i1l748
   450                           
   451                           ;Sleep_Demo.c: 135: {
   452                           ;Sleep_Demo.c: 136: PORTB;
   453  0064  1283               	bcf	3,5	;RP0=0, select bank0
   454  0065  1303               	bcf	3,6	;RP1=0, select bank0
   455  0066  0806               	movf	6,w	;volatile
   456                           
   457                           ;Sleep_Demo.c: 137: RBIF = 0;
   458  0067  100B               	bcf	11,0	;volatile
   459  0068                     i1l748:	
   460  0068  0871               	movf	??_PB_Isr+1,w
   461  0069  008A               	movwf	10
   462  006A  0E70               	swapf	??_PB_Isr^(0+-128),w
   463  006B  0083               	movwf	3
   464  006C  0EFE               	swapf	126,f
   465  006D  0E7E               	swapf	126,w
   466  006E  0009               	retfie
   467  006F                     __end_of_PB_Isr:	
   468  007E                     btemp	set	126	;btemp
   469  007E                     wtemp0	set	126
   470                           
   471                           	psect	intentry
   472  0004                     __pintentry:	
   473                           ;incstack = 0
   474                           ; Regs used in _PB_Isr: [wreg]
   475                           
   476  0004                     interrupt_function:	
   477  007E                     saved_w	set	btemp
   478  0004  00FE               	movwf	btemp
   479  0005  0E03               	swapf	3,w
   480  0006  00F0               	movwf	??_PB_Isr
   481  0007  080A               	movf	10,w
   482  0008  00F1               	movwf	??_PB_Isr+1
   483  0009  118A  2862         	ljmp	_PB_Isr


Data Sizes:
    Strings     0
    Constant    0
    Data        0
    BSS         0
    Persistent  0
    Stack       0

Auto Spaces:
    Space          Size  Autos    Used
    COMMON           14      2       2
    BANK0            80      0       0
    BANK1            80      0       0
    BANK3            88      0       0
    BANK2            80      0       0

Pointer List with Targets:

    None.

Critical Paths under _main in COMMON

    None.

Critical Paths under _PB_Isr in COMMON

    None.

Critical Paths under _main in BANK0

    None.

Critical Paths under _PB_Isr in BANK0

    None.

Critical Paths under _main in BANK1

    None.

Critical Paths under _PB_Isr in BANK1

    None.

Critical Paths under _main in BANK3

    None.

Critical Paths under _PB_Isr in BANK3

    None.

Critical Paths under _main in BANK2

    None.

Critical Paths under _PB_Isr in BANK2

    None.

Call Graph Tables:

 ---------------------------------------------------------------------------------
 (Depth) Function   	        Calls       Base Space   Used Autos Params    Refs
 ---------------------------------------------------------------------------------
 (0) _main                                                 0     0      0       0
                        _Init_System
                         _Sleep_Mode
 ---------------------------------------------------------------------------------
 (1) _Sleep_Mode                                           0     0      0       0
                        _Init_System
 ---------------------------------------------------------------------------------
 (2) _Init_System                                          0     0      0       0
 ---------------------------------------------------------------------------------
 Estimated maximum stack depth 2
 ---------------------------------------------------------------------------------
 (Depth) Function   	        Calls       Base Space   Used Autos Params    Refs
 ---------------------------------------------------------------------------------
 (3) _PB_Isr                                               2     2      0       0
                                              0 COMMON     2     2      0
 ---------------------------------------------------------------------------------
 Estimated maximum stack depth 3
 ---------------------------------------------------------------------------------

 Call Graph Graphs:

 _main (ROOT)
   _Init_System
   _Sleep_Mode
     _Init_System

 _PB_Isr (ROOT)

 Address spaces:
Name               Size   Autos  Total    Cost      Usage
BITCOMMON            E      0       0       0        0.0%
NULL                 0      0       0       0        0.0%
CODE                 0      0       0       0        0.0%
COMMON               E      2       2       1       14.3%
BITSFR0              0      0       0       1        0.0%
SFR0                 0      0       0       1        0.0%
BITSFR1              0      0       0       2        0.0%
SFR1                 0      0       0       2        0.0%
STACK                0      0       0       2        0.0%
ABS                  0      0       0       3        0.0%
BITBANK0            50      0       0       4        0.0%
BITSFR3              0      0       0       4        0.0%
SFR3                 0      0       0       4        0.0%
BANK0               50      0       0       5        0.0%
BITSFR2              0      0       0       5        0.0%
SFR2                 0      0       0       5        0.0%
BITBANK1            50      0       0       6        0.0%
BANK1               50      0       0       7        0.0%
BITBANK3            58      0       0       8        0.0%
BANK3               58      0       0       9        0.0%
BITBANK2            50      0       0      10        0.0%
BANK2               50      0       0      11        0.0%
DATA                 0      0       0      12        0.0%


Microchip Technology PIC Macro Assembler V1.45 build -152302408 
Symbol Table                                                                                   Thu Dec 03 10:05:53 2020

                    l733 0072                      _GIE 005F                     l1124 0048  
                   _IOCA 0087                     _IOCB 0096                     _RBIE 005B  
                   _RBIF 0058                     _WPUA 018E                     _WPUB 0095  
                   _main 006F                     btemp 007E                     start 000B  
          ??_Init_System 0072                    ?_main 0070                    _ANSEL 0188  
                  i1l748 0068                    _PORTA 0005                    _PORTB 0006  
                  _TRISA 0085                    _TRISB 0086                    pclath 000A  
                  status 0003                    wtemp0 007E          __initialization 000D  
           __end_of_main 0077                   ??_main 0072      __end_of_Init_System 0062  
                 _ADCON0 001F                   _EECON1 018C                   _ANSELH 0189  
                 _INTCON 000B                   _OSCCON 008F                   _PB_Isr 0062  
                 _WDTCON 0105               _Sleep_Mode 0010                   saved_w 007E  
__end_of__initialization 000D           __pcstackCOMMON 0070              _Init_System 0048  
                ?_PB_Isr 0070              ?_Sleep_Mode 0070               __pmaintext 006F  
             __pintentry 0004                  _OPA0CON 009A                  _KEYRAM0 0113  
                _KEYRAM1 0114                  _KEYRAM2 0117                  _KEYRAM3 0118  
                _PFGRAM0 011B                  _PFGRAM1 011E                  _PWMCON0 0107  
        __size_of_PB_Isr 000D                  __ptext0 0000                  __ptext1 0010  
                __ptext2 0048                  __ptext3 0062      __size_of_Sleep_Mode 0038  
   end_of_initialization 000D           __end_of_PB_Isr 006F             ?_Init_System 0070  
    start_initialization 000D                 ??_PB_Isr 0070             ??_Sleep_Mode 0072  
              ___latbits 0001       __end_of_Sleep_Mode 0048        interrupt_function 0004  
   __size_of_Init_System 001A            __size_of_main 0008                 intlevel1 0000  
             _OPTION_REG 0081  
