---- E:\ZW PROJECT\DEMO程序\模板\79F系列_Demo(C语言)\CMS79F123程序（C版）\IO\IO.c ----------------------------------------------------------------------
1:                /*-------------------------------------------
2:                功能：IO输入输出及IO恒流演示
3:                版本：V1.0
4:                日期：2020.06.20 
5:                
6:                *本程序由 中微半导体 &应用支持部& 编写整理
7:                *公司网址 www.mcu.com.cn
8:                *技术支持QQ 3001082102  罗工
9:                            3001030138	莫工
10:               -------------------------------------------*/
11:               
12:               #include <cms.h>					//芯片头文件，会根据工程选项自动寻找对应型号头文件
13:               
14:               #define		Pout	RA2				//定义RA2口 取名Pout
15:               #define 	Pin0	RA0				//定义RA0口 取名Pin0
16:               #define 	Pin1	RA1				//定义RA1口 取名Pin1
17:               
18:               void main(void)
  07DF    0000    NOP
  07E0    0064    CLRWDT
19:               {
20:               	asm("nop");
21:               	asm("clrwdt");
22:               	
23:               	OPTION_REG =0;					//预分频给TMR0  
  07E1    1683    SETB	0x3,5
  07E2    1303    CLRB	0x3,6
  07E3    0181    CLR	0x1
24:               	OSCCON = 0X71;					//内部振荡器Fosc/1
  07E4    3071    LDIA	0x71
  07E5    008F    LD	0xF,A
25:               	
26:               	WPUA = 0B00000001;				//配置上拉，1为使能上拉
  07E6    3001    LDIA	0x1
  07E7    1703    SETB	0x3,6
  07E8    008E    LD	0xE,A
27:               	WPUB = 0B00000000;
  07E9    1303    CLRB	0x3,6
  07EA    0195    CLR	0x15
28:               	
29:               	TRISA = 0B00000011;				//配置IO状态，0为输出，1为输入
  07EB    3003    LDIA	0x3
  07EC    0085    LD	0x5,A
30:               	TRISB = 0B00000000;
  07ED    0186    CLR	0x6
31:               			
32:               	while(1)
  07EE    0064    CLRWDT
33:               	{
34:               		asm("clrwdt");
35:               		
36:               		if(Pin0)
  07EF    1283    CLRB	0x3,5
  07F0    1303    CLRB	0x3,6
  07F1    1C05    SNZB	0x5,0
  07F2    2FF6    JP	0x7F6
37:               			PORTB ^= 0xff;			//B口整体翻转
  07F3    30FF    LDIA	0xFF
  07F4    0686    XORR	0x6
  07F5    2FF7    JP	0x7F7
38:               		else
39:               			PORTB =0;
  07F6    0186    CLR	0x6
40:               			
41:               		if(Pin1)					
  07F7    1C85    SNZB	0x5,1
  07F8    2FFB    JP	0x7FB
42:               			Pout =1;
  07F9    1505    SETB	0x5,2
  07FA    2FEE    JP	0x7EE
43:               		else
44:               			Pout =0;			
  07FB    1105    CLRB	0x5,2
  07FC    2FEE    JP	0x7EE
45:               	}
46:               }
---- stringtab ------------------------------------------------------------------
---- reset_enter ------------------------------------------------------------------
  0000    118A    CLRB	0xA,3
  0001    2FFD    JP	0x7FD
---- start_initialization ------------------------------------------------------------------
---- interrupt_function_enter ----------------------------------------------------------
---- common_function ------------------------------------------------------------------
  07FD    0183    CLR	0x3
  07FE    118A    CLRB	0xA,3
  07FF    2FDF    JP	0x7DF
