---- C:\mcuproject\scm\zdt\QX115_062B_SOP14\main.c ----------------------------------------------------------------------
1:                /**********************************************************
2:                AD检测范例程序
3:                **********************************************************/
4:                #pragma warning disable 752
5:                #pragma warning disable 373			//屏蔽掉编译的1个警告
6:                #include <sc.h>
7:                
8:                #ifndef _XTAL_FREQ
9:                #define _XTAL_FREQ 16000000			//16MHz,使用内置延时函数必须定义主频，
10:               									//如用FCPU_DIV选择2T，则定时赋值减半
11:               #endif
12:               #define		u8t		unsigned char
13:               #define		u16t	unsigned int
14:               #define     POWER_RATIO  	(4096UL*1.2*1000)
15:               
16:               volatile unsigned int adresult;
17:               volatile unsigned int result;
18:               volatile unsigned char test_adc;
19:               volatile unsigned int power_ad;
20:               u8t	intCount;
21:               u8t	count1s;
22:               u8t	IntFlag;
23:               u8t	chrgFlag;
24:               u8t	chrgFullFlag;
25:               u8t	intCount10;
26:               u16t	outADValue;
27:               u16t	batADValue;
28:               u8t		countHalfFull;
29:               u8t		protectFlag;
30:               u8t		workOverOutTime;
31:               u8t		workStep = 0;
32:               u8t		ledCnt;
33:               u8t		ledStep;
34:               u8t		keyCount;
35:               u8t		longPressFlag;
36:               u8t		maxDuty;
37:               u8t		overCount;
38:               u8t		addPowerCount;
39:               u8t		tempDuty;
40:               u8t		startTime;
41:               u8t		firstTime;
42:               u8t		overChrgTime;
43:               u8t		pwStep;
44:               u8t		prePwStep;
45:               u16t	count50s;
46:               u8t		reChrgCount;
47:               u8t		lockLedStep;
48:               u8t		showBatTime;
49:               u8t		chrgMode = 0;
50:               u8t		chrgMaxAD = 0;
51:               u8t		lockCount = 0;
52:               u16t	fullCount = 0;
53:               u8t addTime;
54:               u8t subTime;
55:               u8t chrgWaitTime;
56:               u8t	chrgMaxDuty = 0;
57:               u8t	ledCntTime;
58:               u16t	count5s = 0;
59:               u16t		overWorkTime;
60:               u8t		preLedStep;
61:               u16t	count8s;
62:               u16t	count900s;
63:               u8t		lowBatFlag = 0;
64:               u8t		sleepTime;
65:               u8t		startChrgTime = 0;
66:               u16t	count1000 = 0;
67:               
68:               unsigned char ADC_Sample(unsigned char adch, unsigned char adldo);
69:               void DelayXms(unsigned char x);
70:               unsigned char ADC_Result(unsigned char adch);
71:               void Init_System();
72:               void AD_Init();
73:               void Sleep_Mode();
74:               void pwmInit();
75:               void pwmStop();
76:               void chrgPwmInit();
77:               void chrgPwmStop();
78:               void chrgCtr();
79:               void checkOutA();
80:               void checkBatAD();
81:               void ledShow();
82:               void keyCtr();
83:               void workCtr();
84:               void ledCtr();
85:               char keyRead(char keyStatus);
86:               
87:               
88:               //#define _DEBUG			//调试程序用
89:               
90:               
91:               /***********************************************************
92:               中断服务函数
93:               函数名称：Isr_Timer()
94:               函数功能：中断处理函数
95:               入口参数：
96:               出口参数：
97:               备    注：125US定时2中断
98:               			所有中断都是在这个函数里面处理
99:               ***********************************************************/
100:              void interrupt Isr_Timer() 
101:              {
102:              	if(TMR2IF) 
  0549    1283    CLRB	0x3,5
  054A    1C8D    SNZB	0xD,1
  054B    2D5D    JP	0x55D
103:              	{			//若只使能了一个中断源,可以略去判断
104:              		TMR2IF = 0;
  054C    108D    CLRB	0xD,1
105:              		if(++intCount >= 160)
  054D    30A0    LDIA	0xA0
  054E    0AD5    INCR	0x55
  054F    0255    SUBA	0x55
  0550    1C03    SNZB	0x3,0
  0551    2D5A    JP	0x55A
  0552    3064    LDIA	0x64
106:              		{
107:              			intCount = 0;
  0553    01D5    CLR	0x55
108:              			IntFlag = 1;
  0554    01D3    CLR	0x53
  0555    0AD3    INCR	0x53
109:              			if(++count1s >= 100)
  0556    0AD4    INCR	0x54
  0557    0254    SUBA	0x54
  0558    1803    SZB	0x3,0
110:              			{
111:              				count1s = 0;
  0559    01D4    CLR	0x54
112:              			}
113:              		}
114:              		ledShow();
  055A    23AF    CALL	0x3AF
115:              		intCount10++;
  055B    1283    CLRB	0x3,5
  055C    0AD0    INCR	0x50
  055D    0872    LD	A,0x72
  055E    008A    LD	0xA,A
  055F    0871    LD	A,0x71
  0560    0084    LD	0x4,A
  0561    0E70    SWAPA	0x70
  0562    0083    LD	0x3,A
  0563    0EFE    SWAPR	0x7E
  0564    0E7E    SWAPA	0x7E
  0565    0009    RETI
116:              	}
117:              
118:              }
119:              
120:              
121:              /***********************************************************
122:              main主函数
123:              ***********************************************************/
124:              void main() 
125:              {
126:              	Init_System();
  0441    250A    CALL	0x50A
127:              	AD_Init();
  0442    25BA    CALL	0x5BA
128:              	firstTime = 100;
  0443    3064    LDIA	0x64
  0444    1283    CLRB	0x3,5
  0445    00EA    LD	0x6A,A
129:              	while (1) 
  0446    0064    CLRWDT
130:              	{
131:              		asm("clrwdt");
132:              		if(intCount10 > 10)
  0447    300B    LDIA	0xB
  0448    1283    CLRB	0x3,5
  0449    0250    SUBA	0x50
  044A    1C03    SNZB	0x3,0
  044B    2C4E    JP	0x44E
133:              		{
134:              			intCount10 = 0;
  044C    01D0    CLR	0x50
135:              			checkOutA();
  044D    22AF    CALL	0x2AF
136:              		}
137:              		if(!IntFlag)
  044E    1283    CLRB	0x3,5
  044F    0853    LD	A,0x53
  0450    1903    SZB	0x3,2
  0451    2C46    JP	0x446
138:                  		continue;			//10ms执行一次
139:                  	IntFlag = 0;
  0452    01D3    CLR	0x53
140:              		chrgCtr();
  0453    2018    CALL	0x18
141:              		checkBatAD();
  0454    2204    CALL	0x204
142:              		if(chrgFlag == 0 && lowBatFlag == 0)
  0455    1283    CLRB	0x3,5
  0456    0852    LD	A,0x52
  0457    1D03    SNZB	0x3,2
  0458    2C5D    JP	0x45D
  0459    0835    LD	A,0x35
  045A    1D03    SNZB	0x3,2
  045B    2C5D    JP	0x45D
143:              		{
144:              			keyCtr();
  045C    24B5    CALL	0x4B5
145:              		}
146:              		workCtr();
  045D    247C    CALL	0x47C
147:              		ledCtr();
  045E    2352    CALL	0x352
148:              		if(chrgFlag == 0 && workStep == 0 && keyCount == 0 && firstTime == 0 && showBatTime == 0 && overWorkTime == 0)
  045F    0852    LD	A,0x52
  0460    1D03    SNZB	0x3,2
  0461    2C7A    JP	0x47A
  0462    087A    LD	A,0x7A
  0463    1D03    SNZB	0x3,2
  0464    2C7A    JP	0x47A
  0465    084A    LD	A,0x4A
  0466    1D03    SNZB	0x3,2
  0467    2C7A    JP	0x47A
  0468    086A    LD	A,0x6A
  0469    1D03    SNZB	0x3,2
  046A    2C7A    JP	0x47A
  046B    083F    LD	A,0x3F
  046C    1D03    SNZB	0x3,2
  046D    2C7A    JP	0x47A
  046E    0824    LD	A,0x24
  046F    0425    ORA	0x25
  0470    1D03    SNZB	0x3,2
  0471    2C7A    JP	0x47A
149:              		{
150:              			if(++sleepTime >= 200)
  0472    30C8    LDIA	0xC8
  0473    0AB4    INCR	0x34
  0474    0234    SUBA	0x34
  0475    1C03    SNZB	0x3,0
  0476    2C46    JP	0x446
151:              			{
152:              				sleepTime = 0;
  0477    01B4    CLR	0x34
153:              				Sleep_Mode();
  0478    2403    CALL	0x403
  0479    2C46    JP	0x446
154:              			}
155:              		}
156:              		else
157:              		{
158:              			sleepTime = 0;
  047A    01B4    CLR	0x34
  047B    2C46    JP	0x446
159:              		}
160:              	}
161:              }
162:              
163:              void ledShow()
164:              {
165:              	if(++ledCntTime > 30)
  03AF    301F    LDIA	0x1F
  03B0    0AB7    INCR	0x37
  03B1    0237    SUBA	0x37
  03B2    1C03    SNZB	0x3,0
  03B3    0008    RET
  03B4    3006    LDIA	0x6
166:              	{
167:              		ledCntTime = 0;
  03B5    01B7    CLR	0x37
168:              		if(++ledCnt > 5)
  03B6    0ACC    INCR	0x4C
  03B7    024C    SUBA	0x4C
  03B8    1803    SZB	0x3,0
169:              		{
170:              			ledCnt = 0;
  03B9    01CC    CLR	0x4C
171:              		}
172:              		PORTA &= 0xDF;
  03BA    1683    SETB	0x3,5
  03BB    1286    CLRB	0x6,5
173:              		PORTB &= 0xC7;
  03BC    30C7    LDIA	0xC7
  03BD    1283    CLRB	0x3,5
  03BE    0586    ANDR	0x6
174:              		TRISA |= 0x20;
  03BF    1683    SETB	0x3,5
  03C0    1685    SETB	0x5,5
175:              		TRISB |= 0x38;
  03C1    3038    LDIA	0x38
  03C2    1283    CLRB	0x3,5
  03C3    0485    ORR	0x5
176:              		switch(ledCnt)
  03C4    2BF7    JP	0x3F7
177:              		{
178:              			case 1:
179:              			if(ledStep > 0)
  03C5    084B    LD	A,0x4B
  03C6    1903    SZB	0x3,2
  03C7    0008    RET
180:              			{
181:              				TRISB &= 0xCF;
  03C8    30CF    LDIA	0xCF
  03C9    0585    ANDR	0x5
182:              				PORTB |= 0x20;
  03CA    1686    SETB	0x6,5
  03CB    0008    RET
183:              			}
184:              			break;
185:              			case 2:
186:              			if(ledStep > 1)
  03CC    3002    LDIA	0x2
  03CD    024B    SUBA	0x4B
  03CE    1C03    SNZB	0x3,0
  03CF    0008    RET
187:              			{
188:              				TRISB &= 0xE7;
  03D0    30E7    LDIA	0xE7
  03D1    0585    ANDR	0x5
189:              				PORTB |= 0x10;
  03D2    1606    SETB	0x6,4
  03D3    0008    RET
190:              			}
191:              			break;
192:              			case 3:
193:              			if(ledStep > 2)
  03D4    3003    LDIA	0x3
  03D5    024B    SUBA	0x4B
  03D6    1C03    SNZB	0x3,0
  03D7    0008    RET
194:              			{
195:              				TRISB &= 0xE7;
  03D8    30E7    LDIA	0xE7
  03D9    0585    ANDR	0x5
196:              				PORTB |= 0x08;
  03DA    1586    SETB	0x6,3
  03DB    0008    RET
197:              			}
198:              			break;
199:              			case 4:
200:              			if(ledStep > 3)
  03DC    3004    LDIA	0x4
  03DD    024B    SUBA	0x4B
  03DE    1C03    SNZB	0x3,0
  03DF    0008    RET
201:              			{
202:              				TRISB &= 0xCF;
  03E0    30CF    LDIA	0xCF
  03E1    2BD1    JP	0x3D1
203:              				PORTB |= 0x10;
204:              			}
205:              			break;
206:              			case 5:
207:              			if(ledStep > 4)
  03E2    3005    LDIA	0x5
  03E3    024B    SUBA	0x4B
  03E4    1C03    SNZB	0x3,0
  03E5    0008    RET
208:              			{
209:              				TRISA &= 0xDF;
  03E6    1683    SETB	0x3,5
  03E7    1285    CLRB	0x5,5
210:              				TRISB &= 0xDF;
  03E8    1283    CLRB	0x3,5
  03E9    1285    CLRB	0x5,5
211:              				PORTB |= 0x20;
  03EA    1686    SETB	0x6,5
  03EB    0008    RET
212:              			}
213:              			break;
214:              			case 0:
215:              			if(ledStep > 5)
  03EC    3006    LDIA	0x6
  03ED    024B    SUBA	0x4B
  03EE    1C03    SNZB	0x3,0
  03EF    0008    RET
216:              			{
217:              				TRISA &= 0xDF;
  03F0    1683    SETB	0x3,5
  03F1    1285    CLRB	0x5,5
218:              				TRISB &= 0xDF;
  03F2    1283    CLRB	0x3,5
  03F3    1285    CLRB	0x5,5
219:              				PORTA |= 0x20;
  03F4    1683    SETB	0x3,5
  03F5    1686    SETB	0x6,5
  03F6    0008    RET
  03F7    084C    LD	A,0x4C
  03F8    0084    LD	0x4,A
  03F9    3006    LDIA	0x6
  03FA    0204    SUBA	0x4
  03FB    1803    SZB	0x3,0
  03FC    0008    RET
  03FD    3005    LDIA	0x5
  03FE    008A    LD	0xA,A
  03FF    30C1    LDIA	0xC1
  0400    0704    ADDA	0x4
  0401    0082    LD	0x2,A
  0402    0008    RET
220:              			}
221:              			break;
222:              			default:
223:              			break;
224:              		}
225:              	}
226:              
227:              	
228:              }
229:              
230:              
231:              void ledCtr()
232:              {
233:              	if(firstTime > 0)
  0352    086A    LD	A,0x6A
  0353    1903    SZB	0x3,2
  0354    2B5F    JP	0x35F
  0355    3006    LDIA	0x6
234:              	{
235:              		firstTime--;
  0356    03EA    DECR	0x6A
236:              		ledStep = 6;
  0357    00CB    LD	0x4B,A
237:              		if(prePwStep < pwStep)
  0358    0842    LD	A,0x42
  0359    0279    SUBA	0x79
  035A    1803    SZB	0x3,0
  035B    0008    RET
238:              		{
239:              			prePwStep = pwStep;
  035C    0842    LD	A,0x42
  035D    00F9    LD	0x79,A
  035E    0008    RET
240:              		}
241:              	}
242:              	else if(overWorkTime > 0)
  035F    0824    LD	A,0x24
  0360    0425    ORA	0x25
  0361    1903    SZB	0x3,2
  0362    2B7D    JP	0x37D
243:              	{
244:              		overWorkTime--;
  0363    3001    LDIA	0x1
  0364    02A4    SUBR	0x24
  0365    3000    LDIA	0x0
  0366    1C03    SNZB	0x3,0
  0367    03A5    DECR	0x25
  0368    02A5    SUBR	0x25
245:              		if(overWorkTime % 40 < 20)
  0369    3028    LDIA	0x28
  036A    00F3    LD	0x73,A
  036B    01F4    CLR	0x74
  036C    0825    LD	A,0x25
  036D    00F6    LD	0x76,A
  036E    0824    LD	A,0x24
  036F    00F5    LD	0x75,A
  0370    24E6    CALL	0x4E6
  0371    3000    LDIA	0x0
  0372    0274    SUBA	0x74
  0373    3014    LDIA	0x14
  0374    1903    SZB	0x3,2
  0375    0273    SUBA	0x73
  0376    1803    SZB	0x3,0
  0377    2B7B    JP	0x37B
246:              		{
247:              			ledStep = preLedStep;
  0378    0836    LD	A,0x36
  0379    00CB    LD	0x4B,A
248:              		}
  037A    0008    RET
249:              		else
250:              		{
251:              			ledStep = 0;
  037B    01CB    CLR	0x4B
  037C    0008    RET
252:              		}
253:              	}
254:              	else if(showBatTime > 0)
  037D    083F    LD	A,0x3F
  037E    1903    SZB	0x3,2
  037F    2B97    JP	0x397
  0380    300E    LDIA	0xE
255:              	{
256:              		showBatTime--;
  0381    03BF    DECR	0x3F
257:              		if(prePwStep >= 14)
  0382    0279    SUBA	0x79
  0383    1C03    SNZB	0x3,0
  0384    2B8B    JP	0x38B
258:              		{
259:              			ledStep = prePwStep/14;
  0385    300E    LDIA	0xE
  0386    00F3    LD	0x73,A
  0387    0879    LD	A,0x79
  0388    2582    CALL	0x582
  0389    00CB    LD	0x4B,A
260:              		}
  038A    0008    RET
261:              		else if(prePwStep > 5)
  038B    3006    LDIA	0x6
  038C    0279    SUBA	0x79
  038D    1C03    SNZB	0x3,0
  038E    2B92    JP	0x392
262:              		{
263:              			ledStep = 1;
  038F    01CB    CLR	0x4B
  0390    0ACB    INCR	0x4B
264:              		}
  0391    0008    RET
265:              		else
266:              		{
267:              			if(count1s < 50)
  0392    3032    LDIA	0x32
  0393    0254    SUBA	0x54
  0394    1C03    SNZB	0x3,0
  0395    2B8F    JP	0x38F
  0396    2B7B    JP	0x37B
268:              			{
269:              				ledStep = 1;
270:              			}
271:              			else
272:              			{
273:              				ledStep = 0;
274:              			}
275:              		}
276:              	}
277:              	else if(workStep > 0)
  0397    087A    LD	A,0x7A
  0398    1903    SZB	0x3,2
  0399    2B9D    JP	0x39D
278:              	{
279:              		ledStep = workStep;
  039A    087A    LD	A,0x7A
  039B    00CB    LD	0x4B,A
280:              	}
  039C    0008    RET
281:              	else if(chrgFlag)
  039D    0852    LD	A,0x52
  039E    1903    SZB	0x3,2
  039F    2B7B    JP	0x37B
282:              	{
283:              		if(count1s % 50 == 0)
  03A0    3032    LDIA	0x32
  03A1    00F3    LD	0x73,A
  03A2    0854    LD	A,0x54
  03A3    2566    CALL	0x566
  03A4    3A00    XORIA	0x0
  03A5    1D03    SNZB	0x3,2
  03A6    0008    RET
284:              		{
285:              			if(++ledStep > 6)
  03A7    3007    LDIA	0x7
  03A8    0ACB    INCR	0x4B
  03A9    024B    SUBA	0x4B
  03AA    1C03    SNZB	0x3,0
  03AB    0008    RET
286:              			{
287:              				ledStep = lockLedStep;
  03AC    0840    LD	A,0x40
  03AD    00CB    LD	0x4B,A
  03AE    0008    RET
288:              			}
289:              		}
290:              	}
291:              	else
292:              	{
293:              		ledStep = 0;
294:              	}
295:              }
296:              
297:              
298:              
299:              void chrgCtr()
300:              {
301:              	if(PORTA & 0x10)
  0018    1683    SETB	0x3,5
  0019    1E06    SNZB	0x6,4
  001A    28F6    JP	0xF6
302:              	{
303:              		if(chrgFlag == 0)
  001B    1283    CLRB	0x3,5
  001C    0852    LD	A,0x52
  001D    1D03    SNZB	0x3,2
  001E    2824    JP	0x24
304:              		{
305:              			chrgFlag = 1;
  001F    01D2    CLR	0x52
  0020    0AD2    INCR	0x52
306:              			ledStep = 0;
  0021    01CB    CLR	0x4B
307:              			chrgMaxDuty = 0;
  0022    01B8    CLR	0x38
308:              			chrgPwmStop();
  0023    25CA    CALL	0x5CA
309:              		}
310:              		workStep = 0;
  0024    01FA    CLR	0x7A
311:              		lowBatFlag = 0;
  0025    01B5    CLR	0x35
312:              		if(prePwStep < pwStep)
  0026    0842    LD	A,0x42
  0027    0279    SUBA	0x79
  0028    1803    SZB	0x3,0
  0029    2833    JP	0x33
313:              		{
314:              			if(++count50s > 2000)
  002A    2115    CALL	0x115
  002B    1903    SZB	0x3,2
  002C    022A    SUBA	0x2A
  002D    1C03    SNZB	0x3,0
  002E    2835    JP	0x35
315:              			{
316:              				count50s = 0;
  002F    01AA    CLR	0x2A
  0030    01AB    CLR	0x2B
317:              				prePwStep++;
  0031    0AF9    INCR	0x79
  0032    2835    JP	0x35
318:              			}
319:              		}
320:              		else
321:              		{
322:              			count50s = 0;
  0033    01AA    CLR	0x2A
  0034    01AB    CLR	0x2B
323:              		}
324:              		if(protectFlag)
  0035    084E    LD	A,0x4E
  0036    1903    SZB	0x3,2
  0037    2858    JP	0x58
325:              		{
326:              			chrgPwmStop();
  0038    25CA    CALL	0x5CA
327:              			ledStep = 6;
  0039    3006    LDIA	0x6
  003A    00CB    LD	0x4B,A
328:              			if(prePwStep < 99 && protectFlag == 1)
  003B    3063    LDIA	0x63
  003C    0279    SUBA	0x79
  003D    1803    SZB	0x3,0
  003E    2856    JP	0x56
  003F    0B4E    SZDECA	0x4E
  0040    2856    JP	0x56
329:              			{
330:              				if(++reChrgCount > 250)
  0041    30FB    LDIA	0xFB
  0042    0AC1    INCR	0x41
  0043    0241    SUBA	0x41
  0044    1C03    SNZB	0x3,0
  0045    0008    RET
  0046    300F    LDIA	0xF
331:              				{
332:              					reChrgCount = 0;
  0047    01C1    CLR	0x41
333:              					chrgFullFlag = 0;
  0048    01D1    CLR	0x51
334:              					protectFlag = 0;
  0049    01CE    CLR	0x4E
335:              					if(prePwStep > 14)
  004A    0279    SUBA	0x79
  004B    1C03    SNZB	0x3,0
  004C    2854    JP	0x54
336:              					{
337:              						lockLedStep = (prePwStep/14) - 1;
  004D    300E    LDIA	0xE
  004E    00F3    LD	0x73,A
  004F    0879    LD	A,0x79
  0050    2582    CALL	0x582
  0051    3EFF    ADDIA	0xFF
  0052    00C0    LD	0x40,A
338:              					}
  0053    0008    RET
339:              					else
340:              					{
341:              						lockLedStep = 0;
  0054    01C0    CLR	0x40
  0055    0008    RET
342:              					}
343:              				}
344:              			}
345:              			else
346:              			{
347:              				reChrgCount = 0;
  0056    01C1    CLR	0x41
  0057    0008    RET
348:              			}
349:              			return;
350:              		}
351:              		if(batADValue < 1118)
  0058    3004    LDIA	0x4
  0059    0278    SUBA	0x78
  005A    305E    LDIA	0x5E
  005B    1903    SZB	0x3,2
  005C    0277    SUBA	0x77
  005D    1803    SZB	0x3,0
  005E    2862    JP	0x62
  005F    3014    LDIA	0x14
352:              		{
353:              			chrgMode = 0;
  0060    01BE    CLR	0x3E
354:              			chrgMaxAD = 20;
  0061    287B    JP	0x7B
355:              		}
356:              		else if(batADValue < 1530)
  0062    3005    LDIA	0x5
  0063    0278    SUBA	0x78
  0064    30FA    LDIA	0xFA
  0065    1903    SZB	0x3,2
  0066    0277    SUBA	0x77
  0067    1803    SZB	0x3,0
  0068    286F    JP	0x6F
  0069    3046    LDIA	0x46
357:              		{
358:              			chrgMode = 1;
  006A    01BE    CLR	0x3E
  006B    0ABE    INCR	0x3E
359:              			chrgMaxAD = 70;
  006C    00BD    LD	0x3D,A
360:              			lockCount = 0;
  006D    01BC    CLR	0x3C
361:              		}
  006E    287C    JP	0x7C
362:              		else if(count1s == 0)
  006F    0854    LD	A,0x54
  0070    1D03    SNZB	0x3,2
  0071    287C    JP	0x7C
363:              		{
364:              			if(++lockCount > 200)
  0072    30C9    LDIA	0xC9
  0073    0ABC    INCR	0x3C
  0074    023C    SUBA	0x3C
  0075    1C03    SNZB	0x3,0
  0076    287A    JP	0x7A
  0077    3002    LDIA	0x2
365:              			{
366:              				lockCount = 0;
  0078    01BC    CLR	0x3C
367:              				chrgMode = 2;
  0079    00BE    LD	0x3E,A
368:              			}
369:              			
370:              			chrgMaxAD = 70;
  007A    3046    LDIA	0x46
  007B    00BD    LD	0x3D,A
371:              		}
372:              		if(chrgMode == 2 && outADValue < 10)
  007C    3002    LDIA	0x2
  007D    063E    XORA	0x3E
  007E    1D03    SNZB	0x3,2
  007F    2896    JP	0x96
  0080    3000    LDIA	0x0
  0081    022D    SUBA	0x2D
  0082    300A    LDIA	0xA
  0083    1903    SZB	0x3,2
  0084    022C    SUBA	0x2C
  0085    1803    SZB	0x3,0
  0086    2896    JP	0x96
373:              		{
374:              			if(++fullCount >= 200)
  0087    0AA8    INCR	0x28
  0088    1903    SZB	0x3,2
  0089    0AA9    INCR	0x29
  008A    3000    LDIA	0x0
  008B    0229    SUBA	0x29
  008C    30C8    LDIA	0xC8
  008D    1903    SZB	0x3,2
  008E    0228    SUBA	0x28
  008F    1C03    SNZB	0x3,0
  0090    2898    JP	0x98
375:              			{
376:              				fullCount = 0;
  0091    01A8    CLR	0x28
  0092    01A9    CLR	0x29
377:              				chrgFullFlag = 1;
  0093    01D1    CLR	0x51
  0094    0AD1    INCR	0x51
  0095    2898    JP	0x98
378:              			}
379:              		}
380:              		else
381:              		{
382:              			fullCount = 0;
  0096    01A8    CLR	0x28
  0097    01A9    CLR	0x29
383:              		}
384:              		if(chrgFullFlag)
  0098    0851    LD	A,0x51
  0099    1903    SZB	0x3,2
  009A    289E    JP	0x9E
385:              		{
386:              			lockLedStep = 6;
  009B    3006    LDIA	0x6
  009C    00C0    LD	0x40,A
387:              			chrgPwmStop();
  009D    2DCA    JP	0x5CA
388:              		}
389:              		else
390:              		{
391:              				if(prePwStep < 15)
  009E    300F    LDIA	0xF
  009F    0279    SUBA	0x79
  00A0    1803    SZB	0x3,0
  00A1    28A4    JP	0xA4
392:              				{
393:              					lockLedStep = 0;
  00A2    01C0    CLR	0x40
394:              				}
  00A3    28AA    JP	0xAA
395:              				else
396:              				{
397:              					lockLedStep = (prePwStep/14) - 1;
  00A4    300E    LDIA	0xE
  00A5    00F3    LD	0x73,A
  00A6    0879    LD	A,0x79
  00A7    2582    CALL	0x582
  00A8    3EFF    ADDIA	0xFF
  00A9    00C0    LD	0x40,A
398:              				}
399:              				if(batADValue > 1545 || outADValue > (chrgMaxAD + 2))
  00AA    3006    LDIA	0x6
  00AB    0278    SUBA	0x78
  00AC    300A    LDIA	0xA
  00AD    1903    SZB	0x3,2
  00AE    0277    SUBA	0x77
  00AF    1803    SZB	0x3,0
  00B0    28C0    JP	0xC0
  00B1    083D    LD	A,0x3D
  00B2    3E02    ADDIA	0x2
  00B3    00D7    LD	0x57,A
  00B4    3000    LDIA	0x0
  00B5    1803    SZB	0x3,0
  00B6    3001    LDIA	0x1
  00B7    00D8    LD	0x58,A
  00B8    082D    LD	A,0x2D
  00B9    0258    SUBA	0x58
  00BA    1D03    SNZB	0x3,2
  00BB    28BE    JP	0xBE
  00BC    082C    LD	A,0x2C
  00BD    0257    SUBA	0x57
  00BE    1803    SZB	0x3,0
  00BF    28CF    JP	0xCF
400:              				{
401:              					if(++subTime > chrgWaitTime)
  00C0    0ABA    INCR	0x3A
  00C1    083A    LD	A,0x3A
  00C2    0239    SUBA	0x39
  00C3    1803    SZB	0x3,0
  00C4    28CD    JP	0xCD
402:              					{
403:              						if(chrgMaxDuty > 1)
  00C5    3002    LDIA	0x2
  00C6    0238    SUBA	0x38
  00C7    1C03    SNZB	0x3,0
  00C8    28CA    JP	0xCA
404:              						{
405:              							chrgMaxDuty--;
  00C9    03B8    DECR	0x38
  00CA    3032    LDIA	0x32
406:              						}
407:              						subTime = 0;
  00CB    01BA    CLR	0x3A
408:              						chrgWaitTime = 50;
  00CC    00B9    LD	0x39,A
409:              					}
410:              					addTime = 0;
  00CD    01BB    CLR	0x3B
411:              				}
  00CE    28EF    JP	0xEF
412:              				else if(batADValue < 1545 && outADValue < (chrgMaxAD - 4))
  00CF    3006    LDIA	0x6
  00D0    0278    SUBA	0x78
  00D1    3009    LDIA	0x9
  00D2    1903    SZB	0x3,2
  00D3    0277    SUBA	0x77
  00D4    1803    SZB	0x3,0
  00D5    28EF    JP	0xEF
  00D6    083D    LD	A,0x3D
  00D7    3EFC    ADDIA	0xFC
  00D8    00D7    LD	0x57,A
  00D9    30FF    LDIA	0xFF
  00DA    1803    SZB	0x3,0
  00DB    3000    LDIA	0x0
  00DC    00D8    LD	0x58,A
  00DD    022D    SUBA	0x2D
  00DE    1D03    SNZB	0x3,2
  00DF    28E2    JP	0xE2
  00E0    0857    LD	A,0x57
  00E1    022C    SUBA	0x2C
  00E2    1803    SZB	0x3,0
  00E3    28EF    JP	0xEF
413:              				{
414:              					if(++addTime > chrgWaitTime)
  00E4    0ABB    INCR	0x3B
  00E5    083B    LD	A,0x3B
  00E6    0239    SUBA	0x39
  00E7    1803    SZB	0x3,0
  00E8    28EE    JP	0xEE
  00E9    304B    LDIA	0x4B
415:              					{
416:              						addTime = 0;
  00EA    01BB    CLR	0x3B
417:              						if(chrgMaxDuty < 75)
  00EB    0238    SUBA	0x38
  00EC    1C03    SNZB	0x3,0
418:              						{
419:              							chrgMaxDuty++;
  00ED    0AB8    INCR	0x38
420:              						}
421:              					}
422:              					subTime = 0;
  00EE    01BA    CLR	0x3A
423:              				}
424:              				
425:              	
426:              				if((PWMCON0 & 0x01) == 0)
  00EF    1815    SZB	0x15,0
  00F0    28F2    JP	0xF2
427:              				{
428:              					chrgPwmInit();
  00F1    259D    CALL	0x59D
429:              				}
430:              				PWMD01H = 0X00;
  00F2    019E    CLR	0x1E
431:              				PWMD0L = chrgMaxDuty;
  00F3    0838    LD	A,0x38
  00F4    0099    LD	0x19,A
  00F5    0008    RET
  00F6    3014    LDIA	0x14
432:              		}
433:              	}
434:              	else
435:              	{
436:              		startChrgTime = 0;
437:              		chrgFlag = 0;
  00F7    1283    CLRB	0x3,5
  00F8    01D2    CLR	0x52
438:              		chrgFullFlag = 0;
  00F9    01D1    CLR	0x51
439:              		protectFlag = 0;
  00FA    01CE    CLR	0x4E
440:              		chrgMode = 0;
  00FB    01BE    CLR	0x3E
441:              		chrgMaxAD = 0;
  00FC    01BD    CLR	0x3D
442:              		chrgMaxDuty = 0;
  00FD    01B8    CLR	0x38
443:              		lockCount = 0;
  00FE    01BC    CLR	0x3C
444:              		lockLedStep = 0;
  00FF    01C0    CLR	0x40
445:              		chrgWaitTime = 20;
  0100    00B9    LD	0x39,A
446:              		chrgPwmStop();
  0101    25CA    CALL	0x5CA
447:              		if(prePwStep > 0 && prePwStep > pwStep)
  0102    0879    LD	A,0x79
  0103    1903    SZB	0x3,2
  0104    2912    JP	0x112
  0105    0879    LD	A,0x79
  0106    0242    SUBA	0x42
  0107    1803    SZB	0x3,0
  0108    2912    JP	0x112
448:              		{
449:              			if(++count50s > 2000)
  0109    2115    CALL	0x115
  010A    1903    SZB	0x3,2
  010B    022A    SUBA	0x2A
  010C    1C03    SNZB	0x3,0
  010D    0008    RET
450:              			{
451:              				count50s = 0;
  010E    01AA    CLR	0x2A
  010F    01AB    CLR	0x2B
452:              				prePwStep--;
  0110    03F9    DECR	0x79
  0111    0008    RET
453:              			}
454:              		}
455:              		else
456:              		{
457:              			count50s = 0;
  0112    01AA    CLR	0x2A
  0113    01AB    CLR	0x2B
  0114    0008    RET
458:              		}
459:              	}
460:              }
461:              
462:              
463:              
464:              char keyRead(char keyStatus)	
  052B    00F3    LD	0x73,A
465:              { 
466:              	if(keyStatus)
  052C    0873    LD	A,0x73
  052D    3064    LDIA	0x64
  052E    1903    SZB	0x3,2
  052F    2D3D    JP	0x53D
467:              	{
468:              		keyCount++;
  0530    0ACA    INCR	0x4A
469:              		if(keyCount >= 100)
  0531    024A    SUBA	0x4A
  0532    1C03    SNZB	0x3,0
  0533    3400    RET	0x0
470:              		{
471:              			keyCount = 100;
  0534    3064    LDIA	0x64
  0535    00CA    LD	0x4A,A
472:              			if(!longPressFlag)
  0536    0849    LD	A,0x49
  0537    1D03    SNZB	0x3,2
  0538    3400    RET	0x0
  0539    3002    LDIA	0x2
473:              			{
474:              				longPressFlag = 1;
  053A    01C9    CLR	0x49
  053B    0AC9    INCR	0x49
475:              				return 2;
  053C    0008    RET
476:              			}
477:              		}
478:              	}
479:              	else
480:              	{
481:              		if(keyCount >= 100)
  053D    024A    SUBA	0x4A
  053E    1C03    SNZB	0x3,0
  053F    2D43    JP	0x543
482:              		{
483:              			keyCount = 0;
  0540    01CA    CLR	0x4A
484:              			longPressFlag = 0;
  0541    01C9    CLR	0x49
485:              			return	0;
  0542    3400    RET	0x0
486:              		}
487:              		else if(keyCount >= 6)
  0543    3006    LDIA	0x6
  0544    024A    SUBA	0x4A
488:              		{
489:              			keyCount = 0;
  0545    01CA    CLR	0x4A
  0546    1803    SZB	0x3,0
490:              			return	1;
  0547    3401    RET	0x1
  0548    3400    RET	0x0
491:              		}
492:              		keyCount = 0;
493:              	}
494:              	return 0;
495:              }
496:              
497:              void keyCtr()
498:              {
499:              	char kclick = keyRead(0x04 & (~PORTB));
  04B5    0906    COMA	0x6
  04B6    3904    ANDIA	0x4
  04B7    252B    CALL	0x52B
  04B8    00F4    LD	0x74,A
500:              	if(kclick == 1)
  04B9    0B74    SZDECA	0x74
  04BA    2CD8    JP	0x4D8
501:              	{
502:              		if(workStep > 0)
  04BB    087A    LD	A,0x7A
  04BC    1903    SZB	0x3,2
  04BD    2CC6    JP	0x4C6
503:              		{
504:              			if(++workStep > 6)
  04BE    3007    LDIA	0x7
  04BF    0AFA    INCR	0x7A
  04C0    027A    SUBA	0x7A
  04C1    1C03    SNZB	0x3,0
  04C2    0008    RET
505:              			{
506:              				workStep = 1;
  04C3    01FA    CLR	0x7A
  04C4    0AFA    INCR	0x7A
  04C5    0008    RET
507:              			}
508:              		}
509:              		else if(overWorkTime > 0)
  04C6    0824    LD	A,0x24
  04C7    0425    ORA	0x25
  04C8    1903    SZB	0x3,2
  04C9    2CCF    JP	0x4CF
510:              		{
511:              			overWorkTime = 0;
  04CA    01A4    CLR	0x24
  04CB    01A5    CLR	0x25
512:              			workStep = preLedStep;
  04CC    0836    LD	A,0x36
  04CD    00FA    LD	0x7A,A
513:              		}
  04CE    0008    RET
514:              		else if(showBatTime > 0)
  04CF    083F    LD	A,0x3F
  04D0    1903    SZB	0x3,2
  04D1    2CD4    JP	0x4D4
515:              		{
516:              			showBatTime = 0;
  04D2    01BF    CLR	0x3F
517:              		}
  04D3    0008    RET
518:              		else
519:              		{
520:              			showBatTime = 200;
  04D4    30C8    LDIA	0xC8
  04D5    00BF    LD	0x3F,A
521:              			count1s = 0;
  04D6    01D4    CLR	0x54
  04D7    0008    RET
522:              		}
523:              	}
524:              	else if(kclick == 2)
  04D8    3002    LDIA	0x2
  04D9    0674    XORA	0x74
  04DA    1D03    SNZB	0x3,2
  04DB    0008    RET
525:              	{
526:              		if(workStep > 0)
  04DC    087A    LD	A,0x7A
  04DD    1903    SZB	0x3,2
  04DE    2CE1    JP	0x4E1
527:              		{
528:              			workStep = 0;
  04DF    01FA    CLR	0x7A
529:              		}
  04E0    0008    RET
  04E1    301E    LDIA	0x1E
530:              		else
531:              		{
532:              			workStep = 1;
  04E2    01FA    CLR	0x7A
  04E3    0AFA    INCR	0x7A
533:              			startTime = 30;
  04E4    00C4    LD	0x44,A
  04E5    2CD2    JP	0x4D2
534:              			showBatTime = 0;
535:              		}
536:              	}
537:              }
538:              
539:              void workCtr()
540:              {
541:              
542:              	if(startTime > 0)
  047C    0844    LD	A,0x44
  047D    1D03    SNZB	0x3,2
543:              	{
544:              		startTime--;
  047E    03C4    DECR	0x44
545:              	}
546:              	if(workStep > 0)
  047F    087A    LD	A,0x7A
  0480    1903    SZB	0x3,2
  0481    2CB1    JP	0x4B1
547:              	{
548:              		if((PWMCON0 & 0x02) == 0)
  0482    1895    SZB	0x15,1
  0483    2C85    JP	0x485
549:              		{
550:              			pwmInit();
  0484    25B2    CALL	0x5B2
551:              		}
552:              		maxDuty = 43 + (workStep*2);
  0485    1003    CLRB	0x3,0
  0486    0D7A    RLCA	0x7A
  0487    3E2B    ADDIA	0x2B
  0488    00C8    LD	0x48,A
553:              		if(overCount >= 5)
  0489    3005    LDIA	0x5
  048A    0247    SUBA	0x47
  048B    1C03    SNZB	0x3,0
  048C    2CA1    JP	0x4A1
554:              		{
555:              			if(++count5s > 500)
  048D    0AA6    INCR	0x26
  048E    1903    SZB	0x3,2
  048F    0AA7    INCR	0x27
  0490    3001    LDIA	0x1
  0491    0227    SUBA	0x27
  0492    30F5    LDIA	0xF5
  0493    1903    SZB	0x3,2
  0494    0226    SUBA	0x26
  0495    1C03    SNZB	0x3,0
  0496    2CA3    JP	0x4A3
  0497    30E8    LDIA	0xE8
556:              			{
557:              				count5s = 0;
  0498    01A6    CLR	0x26
  0499    01A7    CLR	0x27
558:              				overWorkTime = 1000;
  049A    00A4    LD	0x24,A
  049B    3003    LDIA	0x3
  049C    00A5    LD	0x25,A
559:              				preLedStep = workStep;
  049D    087A    LD	A,0x7A
  049E    00B6    LD	0x36,A
560:              				workStep = 0;
  049F    01FA    CLR	0x7A
  04A0    2CA3    JP	0x4A3
561:              				
562:              			}
563:              		}
564:              		else
565:              		{
566:              			count5s = 0;
  04A1    01A6    CLR	0x26
  04A2    01A7    CLR	0x27
567:              		}
568:              		if(count1s == 0 && ++count900s >= 900)
  04A3    0854    LD	A,0x54
  04A4    1D03    SNZB	0x3,2
  04A5    0008    RET
  04A6    0AA0    INCR	0x20
  04A7    1903    SZB	0x3,2
  04A8    0AA1    INCR	0x21
  04A9    3003    LDIA	0x3
  04AA    0221    SUBA	0x21
  04AB    3084    LDIA	0x84
  04AC    1903    SZB	0x3,2
  04AD    0220    SUBA	0x20
  04AE    1803    SZB	0x3,0
569:              		{
570:              			workStep = 0;
  04AF    01FA    CLR	0x7A
  04B0    0008    RET
571:              		}
572:              	}
573:              	else
574:              	{
575:              		pwmStop();
  04B1    25C7    CALL	0x5C7
576:              		count900s = 0;
  04B2    01A0    CLR	0x20
  04B3    01A1    CLR	0x21
  04B4    0008    RET
577:              	}
578:              }
579:              
580:              void checkOutA()
581:              {
582:              
583:              	test_adc = ADC_Sample(0, 5);		//测试AN0口的AD值，参考电压2V
  02AF    3005    LDIA	0x5
  02B0    00F3    LD	0x73,A
  02B1    3000    LDIA	0x0
  02B2    211B    CALL	0x11B
  02B3    00D6    LD	0x56,A
584:              	if (0xA5 == test_adc)				//测试完成，如因其他原因导致AD转换没有完成，则不处理
  02B4    30A5    LDIA	0xA5
  02B5    0656    XORA	0x56
  02B6    1D03    SNZB	0x3,2
  02B7    2B4A    JP	0x34A
585:              	{
586:              		if(chrgFlag && adresult > 210)
  02B8    0852    LD	A,0x52
  02B9    1903    SZB	0x3,2
  02BA    2ACB    JP	0x2CB
  02BB    3000    LDIA	0x0
  02BC    0233    SUBA	0x33
  02BD    30D3    LDIA	0xD3
  02BE    1903    SZB	0x3,2
  02BF    0232    SUBA	0x32
  02C0    1C03    SNZB	0x3,0
  02C1    2ACB    JP	0x2CB
587:              		{
588:              			if(++overChrgTime > 10)
  02C2    300B    LDIA	0xB
  02C3    0AC3    INCR	0x43
  02C4    0243    SUBA	0x43
  02C5    1C03    SNZB	0x3,0
  02C6    2ACC    JP	0x2CC
  02C7    3002    LDIA	0x2
589:              			{
590:              				overChrgTime = 0;
  02C8    01C3    CLR	0x43
591:              				protectFlag = 2;
  02C9    00CE    LD	0x4E,A
  02CA    2ACC    JP	0x2CC
592:              			}
593:              			
594:              		}
595:              		else
596:              		{
597:              			overChrgTime = 0;
  02CB    01C3    CLR	0x43
598:              		}
599:              		outADValue = adresult;
  02CC    0833    LD	A,0x33
  02CD    00AD    LD	0x2D,A
  02CE    0832    LD	A,0x32
  02CF    00AC    LD	0x2C,A
600:              		//电机坏了过载保护
601:                      if(workStep && (outADValue > 220))
  02D0    087A    LD	A,0x7A
  02D1    1903    SZB	0x3,2
  02D2    2AE2    JP	0x2E2
  02D3    3000    LDIA	0x0
  02D4    022D    SUBA	0x2D
  02D5    30DD    LDIA	0xDD
  02D6    1903    SZB	0x3,2
  02D7    022C    SUBA	0x2C
  02D8    1C03    SNZB	0x3,0
  02D9    2AE2    JP	0x2E2
602:                      {
603:                      	if(++workOverOutTime > 50)
  02DA    3033    LDIA	0x33
  02DB    0ACD    INCR	0x4D
  02DC    024D    SUBA	0x4D
  02DD    1C03    SNZB	0x3,0
  02DE    2AE3    JP	0x2E3
604:                      	{
605:                      		workOverOutTime = 0;
  02DF    01CD    CLR	0x4D
606:                      		workStep = 0;
  02E0    01FA    CLR	0x7A
  02E1    2AE3    JP	0x2E3
607:                      	}
608:                      }
609:              		else
610:              		{
611:              			workOverOutTime = 0;
  02E2    01CD    CLR	0x4D
612:              		}
613:              		u8t maxtempV = 40;
614:              		if(workStep < 6 && outADValue > maxtempV)
  02E3    3006    LDIA	0x6
  02E4    027A    SUBA	0x7A
  02E5    3000    LDIA	0x0
  02E6    1803    SZB	0x3,0
  02E7    2AF7    JP	0x2F7
  02E8    022D    SUBA	0x2D
  02E9    3029    LDIA	0x29
  02EA    1903    SZB	0x3,2
  02EB    022C    SUBA	0x2C
  02EC    1C03    SNZB	0x3,0
  02ED    2AF6    JP	0x2F6
615:                      {
616:                      	if(++overCount > 5)
  02EE    3006    LDIA	0x6
  02EF    0AC7    INCR	0x47
  02F0    0247    SUBA	0x47
  02F1    1C03    SNZB	0x3,0
  02F2    2B46    JP	0x346
617:                      	{
618:                      		overCount = 5;
  02F3    3005    LDIA	0x5
  02F4    00C7    LD	0x47,A
  02F5    2B46    JP	0x346
619:                      	}
620:                      }
621:                      else if(outADValue > (maxtempV+3))
  02F6    3000    LDIA	0x0
  02F7    022D    SUBA	0x2D
  02F8    302C    LDIA	0x2C
  02F9    1903    SZB	0x3,2
  02FA    022C    SUBA	0x2C
  02FB    1803    SZB	0x3,0
  02FC    2AEE    JP	0x2EE
622:                      {
623:                      	if(++overCount > 5)
  02FD    300B    LDIA	0xB
  02FE    00E9    LD	0x69,A
624:                      	{
625:                      		overCount = 5;
626:                      	}
627:                      }
628:                      else
629:                      {
630:                      	u8t maxAout = 11;
631:                      	if(workStep == 1)
  02FF    0B7A    SZDECA	0x7A
  0300    2B03    JP	0x303
632:                  		{
633:                  			maxAout = maxAout + 4;
  0301    3004    LDIA	0x4
  0302    2B18    JP	0x318
634:                  		}
635:              			else if(workStep == 2)
  0303    3002    LDIA	0x2
  0304    067A    XORA	0x7A
  0305    1903    SZB	0x3,2
  0306    2B01    JP	0x301
636:                  		{
637:                  			maxAout = maxAout + 4;
638:                  		}
639:              			else if(workStep == 3)
  0307    3003    LDIA	0x3
  0308    067A    XORA	0x7A
  0309    1903    SZB	0x3,2
  030A    2B17    JP	0x317
640:                  		{
641:                  			maxAout = maxAout + 5;
  0317    3005    LDIA	0x5
  0318    07E9    ADDR	0x69
642:                  		}
  030B    3004    LDIA	0x4
  030C    067A    XORA	0x7A
643:                  		else if(workStep == 4)
644:                  		{
645:                  			maxAout = maxAout + 5;
646:                  		}
647:                  		else if(workStep == 5)
  030D    3005    LDIA	0x5
  030E    1903    SZB	0x3,2
  030F    2B18    JP	0x318
  0310    067A    XORA	0x7A
  0311    1903    SZB	0x3,2
  0312    2B17    JP	0x317
648:                  		{
649:                  			maxAout = maxAout + 5;
650:                  		}
651:                  		else if(workStep == 6)
  0313    3006    LDIA	0x6
  0314    067A    XORA	0x7A
  0315    1D03    SNZB	0x3,2
  0316    2B19    JP	0x319
652:                  		{
653:                  			maxAout = maxAout + 5;
654:                  		}
655:                      	if(overCount > 0)
  0319    0847    LD	A,0x47
  031A    1D03    SNZB	0x3,2
656:                      	{
657:                      		overCount--;
  031B    03C7    DECR	0x47
658:                      	}
659:                      	if(outADValue > maxAout)
  031C    0869    LD	A,0x69
  031D    00F4    LD	0x74,A
  031E    01F5    CLR	0x75
  031F    082D    LD	A,0x2D
  0320    0275    SUBA	0x75
  0321    1D03    SNZB	0x3,2
  0322    2B25    JP	0x325
  0323    082C    LD	A,0x2C
  0324    0274    SUBA	0x74
  0325    1803    SZB	0x3,0
  0326    2B40    JP	0x340
660:                      	{
661:                   				if(++addPowerCount > 3)
  0327    3004    LDIA	0x4
  0328    0AC6    INCR	0x46
  0329    0246    SUBA	0x46
  032A    1C03    SNZB	0x3,0
  032B    2B46    JP	0x346
662:                   				{
663:              						addPowerCount = 3;
  032C    3003    LDIA	0x3
  032D    00C6    LD	0x46,A
664:              						if(startTime == 0)
  032E    0844    LD	A,0x44
  032F    1D03    SNZB	0x3,2
  0330    2B3D    JP	0x33D
665:              						{
666:              		        			tempDuty = 72 + (workStep*4);
  0331    087A    LD	A,0x7A
  0332    00F4    LD	0x74,A
  0333    3001    LDIA	0x1
  0334    1003    CLRB	0x3,0
  0335    0DF4    RLCR	0x74
  0336    3EFF    ADDIA	0xFF
  0337    1003    CLRB	0x3,0
  0338    1D03    SNZB	0x3,2
  0339    2B35    JP	0x335
  033A    0D74    RLCA	0x74
  033B    3E48    ADDIA	0x48
  033C    2B3E    JP	0x33E
667:              		        			
668:              		        		}
669:              		        		else
670:              		        		{
671:              		        			tempDuty = maxDuty;
  033D    0848    LD	A,0x48
  033E    00C5    LD	0x45,A
  033F    2B46    JP	0x346
672:              		        		}
673:              	        		}
674:              				/*
675:              	        	if(++count1000 > 150)
676:              				{
677:              					count1000 = 0;
678:              					tempDuty = maxDuty + 10;
679:              				}
680:              				*/
681:                      	}
682:                      	else 
683:                      	{
684:                      		addPowerCount = 0;
  0340    01C6    CLR	0x46
685:                      		if(tempDuty > maxDuty)
  0341    0845    LD	A,0x45
  0342    0248    SUBA	0x48
  0343    1803    SZB	0x3,0
  0344    2B3D    JP	0x33D
686:                      		{
687:                      			tempDuty--;
  0345    03C5    DECR	0x45
688:                      		}
689:                      		else
690:                      		{
691:                      			tempDuty = maxDuty;
692:                      		}
693:              
694:                      	}
695:                 
696:                      }
697:              		PWMD01H = 0X00;
  0346    019E    CLR	0x1E
698:                      PWMD1L = tempDuty;
  0347    0845    LD	A,0x45
  0348    009A    LD	0x1A,A
699:              	}
  0349    0008    RET
700:              	else
701:              	{
702:              		ADCON0 = 0;						//如果转换没有完成，需初始化ADCON0,1
  034A    1683    SETB	0x3,5
  034B    0195    CLR	0x15
703:              		ADCON1 = 0;				
  034C    0196    CLR	0x16
704:              		__delay_us(100);				//延时100us(编译器内置函数)
  034D    3085    LDIA	0x85
  034E    00F4    LD	0x74,A
  034F    0BF4    SZDECR	0x74
  0350    2B4F    JP	0x34F
  0351    0008    RET
705:              	}
706:              }
707:              
708:              void checkBatAD()
709:              {
710:              	test_adc = ADC_Sample(2, 5);		//测试AN2口的AD值，参考电压2V
  0204    3005    LDIA	0x5
  0205    00F3    LD	0x73,A
  0206    3002    LDIA	0x2
  0207    211B    CALL	0x11B
  0208    00D6    LD	0x56,A
711:              	if (0xA5 == test_adc)				//测试完成，如因其他原因导致AD转换没有完成，则不处理
  0209    30A5    LDIA	0xA5
  020A    0656    XORA	0x56
  020B    1D03    SNZB	0x3,2
  020C    2A6C    JP	0x26C
712:              	{
713:              		batADValue = adresult;
  020D    0833    LD	A,0x33
  020E    00F8    LD	0x78,A
  020F    0832    LD	A,0x32
  0210    00F7    LD	0x77,A
714:              		if(batADValue < 1117)
  0211    3004    LDIA	0x4
  0212    0278    SUBA	0x78
  0213    305D    LDIA	0x5D
  0214    1903    SZB	0x3,2
  0215    0277    SUBA	0x77
  0216    1803    SZB	0x3,0
  0217    2A32    JP	0x232
715:                      {
716:                      	pwStep = 0;
  0218    01C2    CLR	0x42
717:              			if(++count8s > 800)
  0219    0AA2    INCR	0x22
  021A    1903    SZB	0x3,2
  021B    0AA3    INCR	0x23
  021C    3003    LDIA	0x3
  021D    0223    SUBA	0x23
  021E    3021    LDIA	0x21
  021F    1903    SZB	0x3,2
  0220    0222    SUBA	0x22
  0221    1C03    SNZB	0x3,0
  0222    2A5F    JP	0x25F
718:              			{
719:              				count8s = 0;
  0223    01A2    CLR	0x22
  0224    01A3    CLR	0x23
720:              				lowBatFlag = 1;
  0225    01B5    CLR	0x35
  0226    0AB5    INCR	0x35
721:              				if(workStep > 0)
  0227    087A    LD	A,0x7A
  0228    1903    SZB	0x3,2
  0229    2A2F    JP	0x22F
722:              				{
723:              					overWorkTime = 120;
  022A    3078    LDIA	0x78
  022B    00A4    LD	0x24,A
  022C    01A5    CLR	0x25
724:              					preLedStep = workStep;
  022D    087A    LD	A,0x7A
  022E    00B6    LD	0x36,A
725:              				}
726:              				prePwStep = 0;
  022F    01F9    CLR	0x79
727:              				workStep = 0;
  0230    01FA    CLR	0x7A
  0231    2A5F    JP	0x25F
  0232    3005    LDIA	0x5
728:              			}
729:                      }
730:                      else
731:                      {
732:              	        count8s = 0;
  0233    01A2    CLR	0x22
  0234    01A3    CLR	0x23
733:              			if(batADValue >= 1340)
  0235    0278    SUBA	0x78
  0236    303C    LDIA	0x3C
  0237    1903    SZB	0x3,2
  0238    0277    SUBA	0x77
734:              	    	{
735:              	    		pwStep = ((batADValue - 1340) /2) + 13;
  0239    0877    LD	A,0x77
  023A    1C03    SNZB	0x3,0
  023B    2A49    JP	0x249
  023C    3EC4    ADDIA	0xC4
  023D    00F4    LD	0x74,A
  023E    0878    LD	A,0x78
  023F    1803    SZB	0x3,0
  0240    3E01    ADDIA	0x1
  0241    3EFA    ADDIA	0xFA
  0242    00F5    LD	0x75,A
  0243    1003    CLRB	0x3,0
  0244    0CF5    RRCR	0x75
  0245    0CF4    RRCR	0x74
  0246    0874    LD	A,0x74
  0247    3E0D    ADDIA	0xD
  0248    2A58    JP	0x258
736:              	    	}
  0249    3EA3    ADDIA	0xA3
  024A    00F4    LD	0x74,A
  024B    0878    LD	A,0x78
  024C    1803    SZB	0x3,0
  024D    3E01    ADDIA	0x1
  024E    3EFB    ADDIA	0xFB
  024F    00F5    LD	0x75,A
  0250    3004    LDIA	0x4
  0251    1003    CLRB	0x3,0
  0252    0CF5    RRCR	0x75
  0253    0CF4    RRCR	0x74
  0254    3EFF    ADDIA	0xFF
  0255    1D03    SNZB	0x3,2
  0256    2A51    JP	0x251
  0257    0874    LD	A,0x74
  0258    00C2    LD	0x42,A
737:              	    	else
738:              	    	{
739:              	    		pwStep = (batADValue - 1117) / 16;
740:              	    	}
741:              	    	if(pwStep > 99)
  0259    3064    LDIA	0x64
  025A    0242    SUBA	0x42
  025B    1C03    SNZB	0x3,0
  025C    2A5F    JP	0x25F
742:              	    	{
743:              	    		pwStep = 99;
  025D    3063    LDIA	0x63
  025E    00C2    LD	0x42,A
744:              	    	}
745:                  	}
746:              		if(chrgFlag && batADValue > 1861)
  025F    0852    LD	A,0x52
  0260    1903    SZB	0x3,2
  0261    2A73    JP	0x273
  0262    3007    LDIA	0x7
  0263    0278    SUBA	0x78
  0264    3046    LDIA	0x46
  0265    1903    SZB	0x3,2
  0266    0277    SUBA	0x77
  0267    1C03    SNZB	0x3,0
  0268    2A73    JP	0x273
747:                      {
748:              	        protectFlag = 1;
  0269    01CE    CLR	0x4E
  026A    0ACE    INCR	0x4E
  026B    2A73    JP	0x273
749:                      }
750:              	}
751:              	else
752:              	{
753:              		ADCON0 = 0;						//如果转换没有完成，需初始化ADCON0,1
  026C    1683    SETB	0x3,5
  026D    0195    CLR	0x15
754:              		ADCON1 = 0;				
  026E    0196    CLR	0x16
755:              		__delay_us(100);				//延时100us(编译器内置函数)
  026F    3085    LDIA	0x85
  0270    00F4    LD	0x74,A
  0271    0BF4    SZDECR	0x74
  0272    2A71    JP	0x271
756:              	}
757:              	test_adc = ADC_Sample(1, 5);		//测试AN2口的AD值，参考电压2V
  0273    3005    LDIA	0x5
  0274    00F3    LD	0x73,A
  0275    3001    LDIA	0x1
  0276    211B    CALL	0x11B
  0277    00D6    LD	0x56,A
758:              	if (0xA5 == test_adc)				//测试完成，如因其他原因导致AD转换没有完成，则不处理
  0278    30A5    LDIA	0xA5
  0279    0656    XORA	0x56
  027A    1D03    SNZB	0x3,2
  027B    2AA7    JP	0x2A7
759:              	{
760:              		if(chrgFlag && adresult > 100)
  027C    0852    LD	A,0x52
  027D    1903    SZB	0x3,2
  027E    0008    RET
  027F    3000    LDIA	0x0
  0280    0233    SUBA	0x33
  0281    3065    LDIA	0x65
  0282    1903    SZB	0x3,2
  0283    0232    SUBA	0x32
  0284    1C03    SNZB	0x3,0
  0285    0008    RET
761:              	    {
762:              	    	//有电池
763:              	    	if(adresult > 810 || (batADValue - adresult) > 810)
  0286    3003    LDIA	0x3
  0287    0233    SUBA	0x33
  0288    302B    LDIA	0x2B
  0289    1903    SZB	0x3,2
  028A    0232    SUBA	0x32
  028B    1803    SZB	0x3,0
  028C    2A9C    JP	0x29C
  028D    0832    LD	A,0x32
  028E    0277    SUBA	0x77
  028F    00F4    LD	0x74,A
  0290    0833    LD	A,0x33
  0291    1C03    SNZB	0x3,0
  0292    0A33    INCA	0x33
  0293    0278    SUBA	0x78
  0294    00F5    LD	0x75,A
  0295    3003    LDIA	0x3
  0296    0275    SUBA	0x75
  0297    302B    LDIA	0x2B
  0298    1903    SZB	0x3,2
  0299    0274    SUBA	0x74
  029A    1C03    SNZB	0x3,0
  029B    2AA5    JP	0x2A5
764:              	    	{
765:              	    		//有一节电池已经满了
766:              	    		if(++countHalfFull > 250)
  029C    30FB    LDIA	0xFB
  029D    0ACF    INCR	0x4F
  029E    024F    SUBA	0x4F
  029F    1C03    SNZB	0x3,0
  02A0    0008    RET
  02A1    3002    LDIA	0x2
767:              	    		{
768:              	    			countHalfFull = 0;
  02A2    01CF    CLR	0x4F
769:              					protectFlag = 2;
  02A3    00CE    LD	0x4E,A
  02A4    0008    RET
770:              	    		}
771:              	    	}
772:              	    	else
773:              	    	{
774:              	    		countHalfFull = 0;
  02A5    01CF    CLR	0x4F
775:              	    	}
776:              	    }
777:              	}
  02A6    0008    RET
778:              	else
779:              	{
780:              		ADCON0 = 0;						//如果转换没有完成，需初始化ADCON0,1
  02A7    1683    SETB	0x3,5
  02A8    0195    CLR	0x15
781:              		ADCON1 = 0;				
  02A9    0196    CLR	0x16
782:              		__delay_us(100);				//延时100us(编译器内置函数)
  02AA    3085    LDIA	0x85
  02AB    00F4    LD	0x74,A
  02AC    0BF4    SZDECR	0x74
  02AD    2AAC    JP	0x2AC
  02AE    0008    RET
783:              	}
784:              }
785:              
786:              
787:              
788:              /**********************************************************
789:              函数名称：Init_System
790:              函数功能：系统初始化
791:              入口参数：无
792:              出口参数：无
793:              备    注：
794:              **********************************************************/
795:              void Init_System() 
  050A    0000    NOP
  050B    0064    CLRWDT
796:              {
797:              	asm("nop");
798:              	asm("clrwdt");
799:              	OPTION_REG = 0;					//预分频给TMR0 ，Timer0使用内部时钟Focs/4，预分频比为1:2
  050C    1283    CLRB	0x3,5
  050D    0181    CLR	0x1
  050E    0064    CLRWDT
800:              	asm("clrwdt");
801:              	OSCCON = 0X72;					//内部振荡器8M
  050F    3072    LDIA	0x72
  0510    1283    CLRB	0x3,5
  0511    0094    LD	0x14,A
802:              
803:              	WPUA = 0B00000000;				//配置上拉，1为使能上拉
  0512    1683    SETB	0x3,5
  0513    0188    CLR	0x8
804:              	WPDA = 0x00;					//RA1开下拉
  0514    0187    CLR	0x7
805:              	WPUB = 0B00000100;
  0515    3004    LDIA	0x4
  0516    1283    CLRB	0x3,5
  0517    0088    LD	0x8,A
806:              
807:              	TRISA = 0x17;				//配置IO状态，0为输出，1为输入
  0518    3017    LDIA	0x17
  0519    1683    SETB	0x3,5
  051A    0085    LD	0x5,A
808:              	TRISB = 0B00000100;
  051B    3004    LDIA	0x4
  051C    1283    CLRB	0x3,5
  051D    0085    LD	0x5,A
809:              
810:              	PORTA = 0X00;
  051E    1683    SETB	0x3,5
  051F    0186    CLR	0x6
811:              	PORTB = 0X00;
  0520    1283    CLRB	0x3,5
  0521    0186    CLR	0x6
812:              
813:              //---------------------------------------
814:              //125us中断初始化
815:              	PR2 = 249;					//设定Timer初始值，定时周期是250*2/8M=62.5uS
  0522    30F9    LDIA	0xF9
  0523    0091    LD	0x11,A
816:              	TMR2IF = 0;
  0524    108D    CLRB	0xD,1
817:              	TMR2IE = 1;					//使能Timer2溢出中断
  0525    148E    SETB	0xE,1
818:              
819:              	T2CON = 0B00000100;			//开启Timer2,设置TMR2的分频比为1:1
  0526    3004    LDIA	0x4
  0527    0093    LD	0x13,A
820:              	INTCON = 0XC0;				//开启总中断
  0528    30C0    LDIA	0xC0
  0529    008B    LD	0xB,A
  052A    0008    RET
821:              }
822:              
823:              /***********************************************************
824:              中断服务函数
825:              函数名称：AD_Init()
826:              函数功能：AD初始化处理函数
827:              入口参数：
828:              出口参数：
829:              备    注：第一次打开AD允许位ADON，需延时20uS以上才能进入AD采样
830:              			如后继程序不关闭ADON，则不需要延时
831:              ***********************************************************/
832:              void AD_Init() 
833:              {
834:              	/*********** ADCON0 ****************************
835:              		Bit7~Bit6  ADCS<1:0>:  AD转换时钟选择位。
836:              			00=  F HSI /16
837:              			01=  F HSI /32
838:              			10=  F HSI /64
839:              			11=  F HSI /128
840:              		Bit5~Bit2  CHS<3:0>:  模拟通道选择位。与ADCON1寄存器CHS4组合CHS<3:0>
841:              			CHS<4:0>: 
842:              			00000=  AN0
843:              			00001=  AN1
844:              			00010=  AN2
845:              			00011=  AN3
846:              			00100=  AN4
847:              			00101=  AN5
848:              			00110=  保留
849:              			00111=  保留
850:              			01000=  AN8
851:              			… 
852:              			01101=  AN13
853:              			01110=  AN14
854:              			01111=  AN15
855:              			11111=  1.2V（固定参考电压）
856:              			其他=  保留
857:              		Bit1  GO/DONE: AD转换状态位。
858:              			1=  AD转换正在进行。将该位置1启动AD转换。当AD转换完成以后，该位由硬件自动清零。
859:              				当GO/DONE位从1变0或ADIF从0变1时，需至少等待两个TAD时间，才能再次启动AD转换。
860:              			0=  AD转换完成/或不在进行中。
861:              		Bit0  ADON:  ADC使能位。
862:              			1=  使能ADC；
863:              			0=  禁止ADC，不消耗工作电流。
864:              	*********************************************/
865:              	ADCON0 = 0X41;		//ADON开启，AD采样时间选为FSYS/16
  05BA    3041    LDIA	0x41
  05BB    1683    SETB	0x3,5
  05BC    0095    LD	0x15,A
866:              	
867:              	/*********** ADCON1 ****************************
868:              		Bit7  ADFM:  AD转换结果格式选择位；
869:              			1=  右对齐；
870:              			0=  左对齐。
871:              		Bit6  CHS4:  通道选择位
872:              		Bit5~Bit3  未用 
873:              		Bit2  LDO_EN:  内部参考电压使能位。
874:              			1=  使能ADC内部LDO参考电压；
875:              				当选择内部LDO作参考电压时，ADC最大有效精度为8位。
876:              			0=  VDD作为ADC参考电压。
877:              		Bit1~Bit0  LDO_SEL<1:0>:  参考电压选择位
878:              			0X=  2.0V
879:              			10=  2.4V
880:              			11=  3.0V
881:              	*********************************************/
882:              	ADCON1 = 0;
  05BD    0196    CLR	0x16
883:              	ANSEL0 = 0X07;	
  05BE    3007    LDIA	0x7
  05BF    0093    LD	0x13,A
  05C0    0008    RET
884:              }
885:              
886:              
887:              void chrgPwmInit()
888:              {
889:              		PWMCON1 = 0B00000000;	//PWM选择A组，死区2禁止，死区1使能，死区时钟源为Fosc/4
890:              		
891:              		PWMTH = 0X00;			//周期选择为0FF，则周期为（255+1）*1/8M，周期的时钟分频在PWMCON0选择
892:              		PWMTL = 100;			//PWM 周期=[PWMT+1]*Tosc*(CLKDIV 分频值)
893:              		
894:              	
895:              		
896:              		PWMD01H = 0;			//配置PWM1,PWM2的占空比，该值不能超过周期，否者为100%输出
  059D    25A4    CALL	0x5A4
897:              		PWMD0L = 1;			//互补模式，PWM1的占空比与PWM0互补，和设置值无关
  059E    3001    LDIA	0x1
  059F    0099    LD	0x19,A
898:              		PWM01DT = 0X00;			//死区设为2uS，计算为（3+1）*1/8M*4
  05A0    019F    CLR	0x1F
899:              		
900:              		PWMCON0 = 0X01;			//打开PWM0 分频比为1
  05A1    0095    LD	0x15,A
901:              		PWMCON2 =0X00;			//PWM4输出反向
  05A2    019D    CLR	0x1D
  05A3    0008    RET
902:              }
903:              
904:              void chrgPwmStop()
905:              {
906:              	PWMCON0 &= 0xFE;	//关闭PWM0
  05CA    1015    CLRB	0x15,0
907:              	RB0 = 0;
  05CB    1006    CLRB	0x6,0
  05CC    0008    RET
908:              }
909:              
910:              void pwmInit()
911:              {
912:              		PWMCON1 = 0B00000000;	//PWM选择A组，死区2禁止，死区1使能，死区时钟源为Fosc/4
913:              		PWMTH = 0X00;			//周期选择为0FF，则周期为（255+1）*1/8M，周期的时钟分频在PWMCON0选择
914:              		PWMTL = 100;			//PWM 周期=[PWMT+1]*Tosc*(CLKDIV 分频值)
915:              		
916:              		
917:              		PWMD01H = 0;			//配置PWM1,PWM2的占空比，该值不能超过周期，否者为100%输出
  05B2    25A4    CALL	0x5A4
918:              		PWMD1L = 50;			//互补模式，PWM1的占空比与PWM0互补，和设置值无关
  05B3    3032    LDIA	0x32
  05B4    009A    LD	0x1A,A
919:              		PWM01DT = 0X00;			//死区设为2uS，计算为（3+1）*1/8M*4
  05B5    019F    CLR	0x1F
920:              
921:              		PWMCON0 = 0X62;			//打开PWM1 分频比为8
  05B6    3062    LDIA	0x62
  05B7    0095    LD	0x15,A
922:              		PWMCON2 =0X00;			//PWM4输出反向
  05B8    019D    CLR	0x1D
  05B9    0008    RET
923:              }
924:              
925:              void pwmStop()
926:              {
927:              	PWMCON0 &= 0XFD;
  05C7    1095    CLRB	0x15,1
928:              	RB1 = 0;
  05C8    1086    CLRB	0x6,1
  05C9    0008    RET
929:              }
930:              
931:              
932:              /***********************************************
933:              函数名称：Sleep_Mode
934:              函数功能：进入休眠模式
935:              入口参数：无
936:              出口参数：无
937:              备注：
938:              ************************************************/
939:              void Sleep_Mode()
940:              {
941:              	INTCON = 0;		
  0403    018B    CLR	0xB
942:              	
943:              	OPTION_REG = 0;
  0404    0181    CLR	0x1
944:              
945:              	TRISA = 0x17; 		//关闭所有输出，RA0口做唤醒输入
  0405    3017    LDIA	0x17
  0406    1683    SETB	0x3,5
  0407    0085    LD	0x5,A
946:              	WPUA  = 0B00000000;			//RA0 开上拉电阻
  0408    0188    CLR	0x8
947:              	PORTA = 0x00;
  0409    0186    CLR	0x6
948:              	TRISB = 0B00000100;			//关闭所有输出，RB3口做唤醒输入
  040A    3004    LDIA	0x4
  040B    1283    CLRB	0x3,5
  040C    0085    LD	0x5,A
949:              	PORTB = 0B00000000;
  040D    0186    CLR	0x6
950:              	WPUB  = 0B00000100;			//RB2 开上拉电阻
  040E    0088    LD	0x8,A
951:                 			
952:                 	ADCON0 = 0;					//关闭所有模块
  040F    1683    SETB	0x3,5
  0410    0195    CLR	0x15
953:              	ADCON1 = 0;
  0411    0196    CLR	0x16
954:              	
955:              	PWMCON0 = 0;
  0412    1283    CLRB	0x3,5
  0413    0195    CLR	0x15
956:              		
957:              	OSCCON = 0X70;				//配置振荡为8M,关闭WDT，需注意芯片工程选项里WDT必须选为DISABLE,否则无法软件关掉WDT
  0414    3070    LDIA	0x70
  0415    0094    LD	0x14,A
958:              	
959:              	IOCA = 0x10;			//允许RA1的IO电平变化中断
  0416    3010    LDIA	0x10
  0417    1683    SETB	0x3,5
  0418    0089    LD	0x9,A
960:              	IOCB = 0B00000100;			//允许RB3的IO口电平变化中断
  0419    3004    LDIA	0x4
  041A    1283    CLRB	0x3,5
  041B    0089    LD	0x9,A
961:              	
962:              	RAIE = 1;					//允许PORTA的IO电平变化中断
  041C    158E    SETB	0xE,3
963:              	PEIE = 1;					//要用RORTA中断唤醒，则PEIE必须设为1
  041D    170B    SETB	0xB,6
964:              	RBIE = 1;					//允许PORTB电平变化中断
  041E    158B    SETB	0xB,3
965:              	GIE = 0;					//唤醒后执行SLEEP后程序;
  041F    138B    CLRB	0xB,7
966:              	
967:              	PIE1 &= 0X08;				//关闭不需要的中断
  0420    3008    LDIA	0x8
  0421    058E    ANDR	0xE
968:              	PIR1 = 0;					//必须清不需要的中断标志位
  0422    018D    CLR	0xD
969:              	INTCON &= 0XC8;				//必须清不需要的中断标志位
  0423    30C8    LDIA	0xC8
  0424    058B    ANDR	0xB
970:              
971:              	PORTA;						//读PORTA值并锁存,用电平变化中断必须执行这一步
  0425    1683    SETB	0x3,5
  0426    0806    LD	A,0x6
972:              	RAIF = 0;					//清PORTA中断标志位
  0427    1283    CLRB	0x3,5
  0428    118D    CLRB	0xD,3
973:              	PORTB;						//读PORTB值并锁存	
  0429    0806    LD	A,0x6
974:              	RBIF = 0;					//清PORTB中断标志位		
  042A    100B    CLRB	0xB,0
  042B    0064    CLRWDT
  042C    0063    STOP
  042D    0000    NOP
  042E    0064    CLRWDT
  042F    0000    NOP
  0430    0000    NOP
  0431    0000    NOP
  0432    0000    NOP
  0433    0000    NOP
975:              	asm("clrwdt");
976:              
977:              	asm("sleep");				//进入休眠模式
978:              	
979:              	asm("nop");
980:              	asm("clrwdt");
981:              	asm("nop");
982:              	asm("nop");
983:              	asm("nop");
984:              	asm("nop");
985:              	asm("nop");
986:              	if(RAIF)  RAIF = 0;			//清中断标志
  0434    1283    CLRB	0x3,5
  0435    198D    SZB	0xD,3
  0436    118D    CLRB	0xD,3
987:              	if(RBIF)  RBIF = 0;			//清中断标志
  0437    180B    SZB	0xB,0
  0438    100B    CLRB	0xB,0
988:              	if(TMR2IF) TMR2IF = 0;
  0439    188D    SZB	0xD,1
  043A    108D    CLRB	0xD,1
989:              	IOCA = 0B00000000;			//允许RA1的IO电平变化中断
  043B    1683    SETB	0x3,5
  043C    0189    CLR	0x9
990:              	IOCB = 0B00000000;			//允许RB3的IO口电平变化中断
  043D    1283    CLRB	0x3,5
  043E    0189    CLR	0x9
991:              	Init_System();
  043F    250A    CALL	0x50A
992:              	AD_Init();
  0440    2DBA    JP	0x5BA
993:              }
994:              
995:              
996:              
997:              /**********************************************************
998:              函数名称：AD_Sample
999:              函数功能：AD检测
1000:             入口参数：adch - 检测通道
1001:             出口参数：无
1002:             备    注：采样通道需自行设置为输入口
1003:             	      采样10次,取中间八次的平均值为采样结果存于adresult中
1004:             
1005:             	      adch 为输入AD通道 0-15，31
1006:                          31  检测内部1.2V
1007:             	
1008:              		  adldo =5,开启内部LDO 2V 作为ADC 参考
1009:              		  adldo =6,开启内部LDO 2.4V 作为ADC 参考
1010:             		  adldo =7,开启内部LDO 3V 作为ADC 参考
1011:              		  adldo =0,VDD 作为ADC 参考
1012:              		  AD转换结果左对齐
1013:              		  ADC参考电压从VDD切换到LDO时需要延时100us以上，才能进行AD转换
1014:             **********************************************************/
1015:             unsigned char ADC_Sample(unsigned char adch, unsigned char adldo) 
  011B    1283    CLRB	0x3,5
  011C    00DC    LD	0x5C,A
1016:             {
1017:             	volatile unsigned long adsum = 0;
1018:             	volatile unsigned int admin = 0, admax = 0;
  011D    21F6    CALL	0x1F6
1019:             	volatile unsigned int ad_temp = 0;
  011E    01E6    CLR	0x66
  011F    01E7    CLR	0x67
1020:             
1021:             	if ((!LDO_EN) && (adldo & 0x04) ) 
  0120    1683    SETB	0x3,5
  0121    1D16    SNZB	0x16,2
  0122    1D73    SNZB	0x73,2
  0123    292D    JP	0x12D
1022:             	{
1023:             								//如果AD参考从VDD换到内部LDO，需要延时100US以上
1024:             		ADCON1 = adldo;			//左对齐,AD值取12位
  0124    0873    LD	A,0x73
  0125    0096    LD	0x16,A
1025:             		__delay_us(100);		//IDE内置延时函数，延时100us
  0126    3084    LDIA	0x84
  0127    1283    CLRB	0x3,5
  0128    00D7    LD	0x57,A
  0129    0BD7    SZDECR	0x57
  012A    2929    JP	0x129
  012B    292C    JP	0x12C
1026:             	} 
  012C    292F    JP	0x12F
1027:             	else
1028:             		ADCON1 = adldo;			//如果ADCON1.7(ADFM)=1为右对齐，,AD值取10位
  012D    0873    LD	A,0x73
  012E    0096    LD	0x16,A
1029:             
1030:             	if(adch & 0x10) 
  012F    1283    CLRB	0x3,5
  0130    1E5C    SNZB	0x5C,4
  0131    2937    JP	0x137
1031:             	{
1032:             		CHS4 = 1;
  0132    1683    SETB	0x3,5
  0133    1716    SETB	0x16,6
1033:             		adch &= 0x0f;
  0134    300F    LDIA	0xF
  0135    1283    CLRB	0x3,5
  0136    05DC    ANDR	0x5C
1034:             	}
1035:             	unsigned char i = 0;
1036:             	for (i = 0; i < 10; i++) 
  0137    01DD    CLR	0x5D
1037:             	{
1038:             		ADCON0 = (unsigned char)(0X41 | (adch << 2));	//16分频，如果主频为16M，则必须选16分频或以上
  0138    085C    LD	A,0x5C
  0139    00D7    LD	0x57,A
  013A    3001    LDIA	0x1
  013B    1003    CLRB	0x3,0
  013C    0DD7    RLCR	0x57
  013D    3EFF    ADDIA	0xFF
  013E    1003    CLRB	0x3,0
  013F    1D03    SNZB	0x3,2
  0140    293C    JP	0x13C
  0141    0D57    RLCA	0x57
  0142    3841    ORIA	0x41
  0143    1683    SETB	0x3,5
  0144    0095    LD	0x15,A
  0145    0000    NOP
  0146    0000    NOP
  0147    0000    NOP
  0148    0000    NOP
1039:             		asm("nop");
1040:             		asm("nop");
1041:             		asm("nop");
1042:             		asm("nop");				//选择通道后需延时1uS以上
1043:             		GODONE = 1;				//开始转换
  0149    1683    SETB	0x3,5
  014A    1495    SETB	0x15,1
1044:             
1045:             		unsigned char j = 0;
  014B    1283    CLRB	0x3,5
  014C    01DB    CLR	0x5B
1046:             		while (GODONE) 
  014D    1683    SETB	0x3,5
  014E    1C95    SNZB	0x15,1
  014F    2958    JP	0x158
1047:             		{
1048:             			__delay_us(2);		//延时2us(编译器内置函数)
  0150    2951    JP	0x151
  0151    2952    JP	0x152
  0152    2953    JP	0x153
  0153    2954    JP	0x154
1049:             
1050:             			if (0 == (--j))		//延时0.5ms仍没有AD转换结束，跳出程序
  0154    1283    CLRB	0x3,5
  0155    0BDB    SZDECR	0x5B
  0156    294D    JP	0x14D
1051:             			return 0;
  0157    3400    RET	0x0
1052:             		}
1053:             
1054:             		ad_temp = (unsigned int)((ADRESH << 4) + (ADRESL >> 4));	//计算12位AD值
  0158    0819    LD	A,0x19
  0159    1283    CLRB	0x3,5
  015A    00E6    LD	0x66,A
  015B    01E7    CLR	0x67
  015C    0EE6    SWAPR	0x66
  015D    0EE7    SWAPR	0x67
  015E    30F0    LDIA	0xF0
  015F    05E7    ANDR	0x67
  0160    0866    LD	A,0x66
  0161    390F    ANDIA	0xF
  0162    04E7    ORR	0x67
  0163    30F0    LDIA	0xF0
  0164    05E6    ANDR	0x66
  0165    1683    SETB	0x3,5
  0166    0E18    SWAPA	0x18
  0167    390F    ANDIA	0xF
  0168    1283    CLRB	0x3,5
  0169    07E6    ADDR	0x66
  016A    1803    SZB	0x3,0
  016B    0AE7    INCR	0x67
1055:             
1056:             		if (0 == admax) 
  016C    0864    LD	A,0x64
  016D    0465    ORA	0x65
  016E    1D03    SNZB	0x3,2
  016F    2972    JP	0x172
1057:             		{
1058:             			admax = ad_temp;
  0170    21FF    CALL	0x1FF
  0171    2984    JP	0x184
1059:             			admin = ad_temp;
1060:             		} 
1061:             		else if (ad_temp > admax)
  0172    0867    LD	A,0x67
  0173    0265    SUBA	0x65
  0174    1D03    SNZB	0x3,2
  0175    2978    JP	0x178
  0176    0866    LD	A,0x66
  0177    0264    SUBA	0x64
  0178    1803    SZB	0x3,0
  0179    297C    JP	0x17C
1062:             			admax = ad_temp;				//AD采样最大值
  017A    21FF    CALL	0x1FF
  017B    2988    JP	0x188
1063:             		else if (ad_temp < admin)
  017C    0863    LD	A,0x63
  017D    0267    SUBA	0x67
  017E    1D03    SNZB	0x3,2
  017F    2982    JP	0x182
  0180    0862    LD	A,0x62
  0181    0266    SUBA	0x66
  0182    1803    SZB	0x3,0
  0183    2988    JP	0x188
1064:             			admin = ad_temp;				//AD采样最小值
  0184    0867    LD	A,0x67
  0185    00E3    LD	0x63,A
  0186    0866    LD	A,0x66
  0187    00E2    LD	0x62,A
1065:             
1066:             		adsum += ad_temp;
  0188    0866    LD	A,0x66
  0189    00D7    LD	0x57,A
  018A    0867    LD	A,0x67
  018B    00D8    LD	0x58,A
  018C    01D9    CLR	0x59
  018D    01DA    CLR	0x5A
  018E    0857    LD	A,0x57
  018F    07DE    ADDR	0x5E
  0190    0858    LD	A,0x58
  0191    1103    CLRB	0x3,2
  0192    1803    SZB	0x3,0
  0193    3E01    ADDIA	0x1
  0194    1D03    SNZB	0x3,2
  0195    07DF    ADDR	0x5F
  0196    0859    LD	A,0x59
  0197    1103    CLRB	0x3,2
  0198    1803    SZB	0x3,0
  0199    3E01    ADDIA	0x1
  019A    1D03    SNZB	0x3,2
  019B    07E0    ADDR	0x60
  019C    085A    LD	A,0x5A
  019D    1103    CLRB	0x3,2
  019E    1803    SZB	0x3,0
  019F    3E01    ADDIA	0x1
  01A0    1D03    SNZB	0x3,2
  01A1    07E1    ADDR	0x61
  01A2    300A    LDIA	0xA
  01A3    0ADD    INCR	0x5D
  01A4    025D    SUBA	0x5D
  01A5    1C03    SNZB	0x3,0
  01A6    2938    JP	0x138
1067:             	}
1068:             		adsum -= admax;
  01A7    0864    LD	A,0x64
  01A8    00D7    LD	0x57,A
  01A9    0865    LD	A,0x65
  01AA    21E7    CALL	0x1E7
  01AB    1C03    SNZB	0x3,0
  01AC    0F5A    SZINCA	0x5A
  01AD    02E1    SUBR	0x61
1069:             		if (adsum >= admin)
  01AE    0862    LD	A,0x62
  01AF    00D7    LD	0x57,A
  01B0    0863    LD	A,0x63
  01B1    00D8    LD	0x58,A
  01B2    01D9    CLR	0x59
  01B3    01DA    CLR	0x5A
  01B4    085A    LD	A,0x5A
  01B5    0261    SUBA	0x61
  01B6    1D03    SNZB	0x3,2
  01B7    29C2    JP	0x1C2
  01B8    0859    LD	A,0x59
  01B9    0260    SUBA	0x60
  01BA    1D03    SNZB	0x3,2
  01BB    29C2    JP	0x1C2
  01BC    0858    LD	A,0x58
  01BD    025F    SUBA	0x5F
  01BE    1D03    SNZB	0x3,2
  01BF    29C2    JP	0x1C2
  01C0    0857    LD	A,0x57
  01C1    025E    SUBA	0x5E
  01C2    1C03    SNZB	0x3,0
  01C3    29CC    JP	0x1CC
1070:             			adsum -= admin;
  01C4    0862    LD	A,0x62
  01C5    00D7    LD	0x57,A
  01C6    0863    LD	A,0x63
  01C7    21E7    CALL	0x1E7
  01C8    1C03    SNZB	0x3,0
  01C9    0F5A    SZINCA	0x5A
  01CA    02E1    SUBR	0x61
  01CB    29D0    JP	0x1D0
1071:             		else
1072:             			adsum = 0;
  01CC    01DE    CLR	0x5E
  01CD    01DF    CLR	0x5F
  01CE    01E0    CLR	0x60
  01CF    01E1    CLR	0x61
1073:             
1074:             		adresult = adsum >> 3;		//8次平均值作为最终结果
  01D0    085E    LD	A,0x5E
  01D1    00D7    LD	0x57,A
  01D2    085F    LD	A,0x5F
  01D3    00D8    LD	0x58,A
  01D4    0860    LD	A,0x60
  01D5    00D9    LD	0x59,A
  01D6    0861    LD	A,0x61
  01D7    00DA    LD	0x5A,A
  01D8    3003    LDIA	0x3
  01D9    1003    CLRB	0x3,0
  01DA    0CDA    RRCR	0x5A
  01DB    0CD9    RRCR	0x59
  01DC    0CD8    RRCR	0x58
  01DD    0CD7    RRCR	0x57
  01DE    3EFF    ADDIA	0xFF
  01DF    1D03    SNZB	0x3,2
  01E0    29D9    JP	0x1D9
  01E1    0858    LD	A,0x58
  01E2    00B3    LD	0x33,A
  01E3    0857    LD	A,0x57
  01E4    00B2    LD	0x32,A
1075:             
1076:             		adsum = 0;
1077:             		admin = 0;
1078:             		admax = 0;
  01E5    21F6    CALL	0x1F6
1079:             		return 0xA5;
  01E6    34A5    RET	0xA5
1080:             		
1081:             }
1082:             
---- C:\mcuproject\scm\SCMCU_IDE_V2.00.16_Beta5\SCMCU_IDE_V2.00.16_Beta5\data\sources\common\lwmod.c ----------------------------------------------------------------------
1:                // word unsigned modulus
2:                
3:                unsigned int
4:                #ifdef __PICC__
5:                #warning TODO: update cgpic and this file to use the other prototype
6:                __lwmod(unsigned int divisor, unsigned int dividend)
  04E6    0873    LD	A,0x73
  04E7    0474    ORA	0x74
  04E8    1903    SZB	0x3,2
  04E9    2D05    JP	0x505
  04EA    01D7    CLR	0x57
  04EB    0AD7    INCR	0x57
  04EC    1BF4    SZB	0x74,7
  04ED    2CF2    JP	0x4F2
  04EE    1003    CLRB	0x3,0
  04EF    0DF3    RLCR	0x73
  04F0    0DF4    RLCR	0x74
  04F1    2CEB    JP	0x4EB
  04F2    0874    LD	A,0x74
  04F3    0276    SUBA	0x76
  04F4    1D03    SNZB	0x3,2
  04F5    2CF8    JP	0x4F8
  04F6    0873    LD	A,0x73
  04F7    0275    SUBA	0x75
  04F8    1C03    SNZB	0x3,0
  04F9    2D01    JP	0x501
  04FA    0873    LD	A,0x73
  04FB    02F5    SUBR	0x75
  04FC    0874    LD	A,0x74
  04FD    1C03    SNZB	0x3,0
  04FE    03F6    DECR	0x76
  04FF    02F6    SUBR	0x76
  0500    1003    CLRB	0x3,0
  0501    0CF4    RRCR	0x74
  0502    0CF3    RRCR	0x73
  0503    0BD7    SZDECR	0x57
  0504    2CF2    JP	0x4F2
  0505    0876    LD	A,0x76
  0506    00F4    LD	0x74,A
  0507    0875    LD	A,0x75
  0508    00F3    LD	0x73,A
  0509    0008    RET
7:                #else
8:                __lwmod(unsigned int dividend, unsigned int divisor)
9:                #endif
10:               {
11:               	unsigned char	counter;
12:               
13:               	if(divisor != 0) {
14:               		counter = 1;
15:               		while((divisor & 0x8000) == 0) {
16:               			divisor <<= 1;
17:               			counter++;
18:               		}
19:               		do {
20:               			if(divisor <= dividend)
21:               				dividend -= divisor;
22:               			divisor >>= 1;
23:               		} while(--counter != 0);
24:               	}
25:               	return dividend;
26:               }
---- C:\mcuproject\scm\SCMCU_IDE_V2.00.16_Beta5\SCMCU_IDE_V2.00.16_Beta5\data\sources\common\lbmod.c ----------------------------------------------------------------------
1:                // byte unsigned modulus
2:                
3:                unsigned char
4:                __lbmod(unsigned char dividend, unsigned char divisor)
  0566    00D7    LD	0x57,A
  0567    3008    LDIA	0x8
  0568    00D8    LD	0x58,A
  0569    01D9    CLR	0x59
  056A    0857    LD	A,0x57
  056B    00F4    LD	0x74,A
  056C    3007    LDIA	0x7
  056D    1003    CLRB	0x3,0
  056E    0CF4    RRCR	0x74
  056F    3EFF    ADDIA	0xFF
  0570    1003    CLRB	0x3,0
  0571    1D03    SNZB	0x3,2
  0572    2D6E    JP	0x56E
  0573    0D59    RLCA	0x59
  0574    0474    ORA	0x74
  0575    00D9    LD	0x59,A
  0576    1003    CLRB	0x3,0
  0577    0DD7    RLCR	0x57
  0578    0873    LD	A,0x73
  0579    0259    SUBA	0x59
  057A    1C03    SNZB	0x3,0
  057B    2D7E    JP	0x57E
  057C    0873    LD	A,0x73
  057D    02D9    SUBR	0x59
  057E    0BD8    SZDECR	0x58
  057F    2D6A    JP	0x56A
  0580    0859    LD	A,0x59
  0581    0008    RET
5:                {
6:                	unsigned char	rem;
7:                	unsigned char	counter;
8:                
9:                	counter = 8;
10:               	rem = 0;
11:               	do {
12:               		rem = (rem << 1) | (dividend >> 7);
13:               		dividend <<= 1;
14:               		if(divisor <= rem)
15:               			rem -= divisor;
16:               	} while(--counter != 0);
17:               	return rem;
18:               }
---- C:\mcuproject\scm\SCMCU_IDE_V2.00.16_Beta5\SCMCU_IDE_V2.00.16_Beta5\data\sources\common\lbdiv.c ----------------------------------------------------------------------
1:                // byte unsigned division
2:                
3:                unsigned char
4:                __lbdiv(unsigned char dividend, unsigned char divisor)
  0582    00F4    LD	0x74,A
  0583    01F6    CLR	0x76
  0584    0873    LD	A,0x73
  0585    1903    SZB	0x3,2
  0586    2D9B    JP	0x59B
  0587    01F5    CLR	0x75
  0588    0AF5    INCR	0x75
  0589    1BF3    SZB	0x73,7
  058A    2D8E    JP	0x58E
  058B    1003    CLRB	0x3,0
  058C    0DF3    RLCR	0x73
  058D    2D88    JP	0x588
  058E    1003    CLRB	0x3,0
  058F    0DF6    RLCR	0x76
  0590    0873    LD	A,0x73
  0591    0274    SUBA	0x74
  0592    1C03    SNZB	0x3,0
  0593    2D98    JP	0x598
  0594    0873    LD	A,0x73
  0595    02F4    SUBR	0x74
  0596    1476    SETB	0x76,0
  0597    1003    CLRB	0x3,0
  0598    0CF3    RRCR	0x73
  0599    0BF5    SZDECR	0x75
  059A    2D8E    JP	0x58E
  059B    0876    LD	A,0x76
  059C    0008    RET
5:                {
6:                	unsigned char	quotient;
7:                	unsigned char	counter;
8:                
9:                	quotient = 0;
10:               	if(divisor != 0) {
11:               		counter = 1;
12:               		while((divisor & 0x80) == 0) {
13:               			divisor <<= 1;
14:               			counter++;
15:               		}
16:               		do {
17:               			quotient <<= 1;
18:               			if(divisor <= dividend) {
19:               				dividend -= divisor;
20:               				quotient |= 1;
21:               			}
22:               			divisor >>= 1;
23:               		} while(--counter != 0);
24:               	}
25:               	return quotient;
26:               }
---- stringtab ------------------------------------------------------------------
---- reset_enter ------------------------------------------------------------------
  0000    280C    JP	0xC
  000C    280D    JP	0xD
---- start_initialization ------------------------------------------------------------------
  000D    3077    LDIA	0x77
  000E    0084    LD	0x4,A
  000F    307B    LDIA	0x7B
  0010    25AA    CALL	0x5AA
  0011    3020    LDIA	0x20
  0012    1383    CLRB	0x3,7
  0013    0084    LD	0x4,A
  0014    3057    LDIA	0x57
  0015    25AA    CALL	0x5AA
---- interrupt_function_enter ----------------------------------------------------------
  0004    00FE    LD	0x7E,A
  0005    0E03    SWAPA	0x3
  0006    00F0    LD	0x70,A
  0007    0804    LD	A,0x4
  0008    00F1    LD	0x71,A
  0009    080A    LD	A,0xA
  000A    00F2    LD	0x72,A
  000B    2D49    JP	0x549
---- common_function ------------------------------------------------------------------
  0016    0183    CLR	0x3
  0017    2C41    JP	0x441
  0115    0AAA    INCR	0x2A
  0116    1903    SZB	0x3,2
  0117    0AAB    INCR	0x2B
  0118    3007    LDIA	0x7
  0119    022B    SUBA	0x2B
  011A    34D1    RET	0xD1
  01E7    00D8    LD	0x58,A
  01E8    01D9    CLR	0x59
  01E9    01DA    CLR	0x5A
  01EA    0857    LD	A,0x57
  01EB    02DE    SUBR	0x5E
  01EC    0858    LD	A,0x58
  01ED    1C03    SNZB	0x3,0
  01EE    0F58    SZINCA	0x58
  01EF    02DF    SUBR	0x5F
  01F0    0859    LD	A,0x59
  01F1    1C03    SNZB	0x3,0
  01F2    0F59    SZINCA	0x59
  01F3    02E0    SUBR	0x60
  01F4    085A    LD	A,0x5A
  01F5    0008    RET
  01F6    01DE    CLR	0x5E
  01F7    01DF    CLR	0x5F
  01F8    01E0    CLR	0x60
  01F9    01E1    CLR	0x61
  01FA    01E2    CLR	0x62
  01FB    01E3    CLR	0x63
  01FC    01E4    CLR	0x64
  01FD    01E5    CLR	0x65
  01FE    0008    RET
  01FF    0867    LD	A,0x67
  0200    00E5    LD	0x65,A
  0201    0866    LD	A,0x66
  0202    00E4    LD	0x64,A
  0203    0008    RET
  05A4    0196    CLR	0x16
  05A5    0198    CLR	0x18
  05A6    3064    LDIA	0x64
  05A7    0097    LD	0x17,A
  05A8    019E    CLR	0x1E
  05A9    0008    RET
  05AA    0064    CLRWDT
  05AB    0180    CLR	0x0
  05AC    0A84    INCR	0x4
  05AD    0604    XORA	0x4
  05AE    1903    SZB	0x3,2
  05AF    3400    RET	0x0
  05B0    0604    XORA	0x4
  05B1    2DAB    JP	0x5AB
  05C1    2BEC    JP	0x3EC
  05C2    2BC5    JP	0x3C5
  05C3    2BCC    JP	0x3CC
  05C4    2BD4    JP	0x3D4
  05C5    2BDC    JP	0x3DC
  05C6    2BE2    JP	0x3E2
