Warning[520]:	C:\mcuproject\scm\zdt\D205_062B_SOP14\main.c	第590行	function "_keyRead2" is never called
Warning[1090]:	C:\mcuproject\scm\zdt\D205_062B_SOP14\main.c	第91行	variable "_jrStartTime" is not used
Warning[1090]:	C:\mcuproject\scm\zdt\D205_062B_SOP14\main.c	第96行	variable "_jrWaitTime" is not used
Warning[1090]:	C:\mcuproject\scm\zdt\D205_062B_SOP14\main.c	第95行	variable "_jrDutyFX" is not used
Warning[1090]:	C:\mcuproject\scm\zdt\D205_062B_SOP14\main.c	第94行	variable "_jrDuty" is not used
Warning[1090]:	C:\mcuproject\scm\zdt\D205_062B_SOP14\main.c	第93行	variable "_jrPwmTime" is not used
Warning[1090]:	C:\mcuproject\scm\zdt\D205_062B_SOP14\main.c	第92行	variable "_jrShowTime" is not used
Warning[1090]:	C:\mcuproject\scm\zdt\D205_062B_SOP14\main.c	第88行	variable "_prejrStep" is not used
Warning[1090]:	C:\mcuproject\scm\zdt\D205_062B_SOP14\main.c	第87行	variable "_preWorkStep" is not used
Warning[1090]:	C:\mcuproject\scm\zdt\D205_062B_SOP14\main.c	第83行	variable "_startChrgTime" is not used
Warning[1090]:	C:\mcuproject\scm\zdt\D205_062B_SOP14\main.c	第78行	variable "_preLedStep" is not used
Warning[1090]:	C:\mcuproject\scm\zdt\D205_062B_SOP14\main.c	第65行	variable "_lockLedStep" is not used
Warning[1090]:	C:\mcuproject\scm\zdt\D205_062B_SOP14\main.c	第56行	variable "_addPowerCount" is not used
Warning[1090]:	C:\mcuproject\scm\zdt\D205_062B_SOP14\main.c	第53行	variable "_longPressFlag2" is not used
Warning[1090]:	C:\mcuproject\scm\zdt\D205_062B_SOP14\main.c	第51行	variable "_keyCount2" is not used
Warning[1090]:	C:\mcuproject\scm\zdt\D205_062B_SOP14\main.c	第49行	variable "_ledStep" is not used
Warning[759]:	C:\mcuproject\scm\zdt\D205_062B_SOP14\main.c	第528行	expression generates no code
Warning[759]:	C:\mcuproject\scm\zdt\D205_062B_SOP14\main.c	第536行	expression generates no code
Warning[759]:	C:\mcuproject\scm\zdt\D205_062B_SOP14\main.c	第684行	expression generates no code

Memory Summary:
    Program space        used   644h (  1604) of   800h words   ( 78.3%)
    Data space           used    5Bh (    91) of    A0h bytes   ( 56.9%)
    EEPROM space         None available
    Data stack space     used     0h (     0) of    50h bytes   (  0.0%)
    Configuration bits   used     0h (     0) of     2h words   (  0.0%)
    ID Location space    used     0h (     0) of     4h bytes   (  0.0%)

