

Microchip Technology PIC Macro Assembler V1.45 build -152302408 
                                                                                                           Mon May 04 21:18:13 2020


     1                           
     2                           	; Microchip MPLAB XC8 C Compiler V1.45
     3                           	; Copyright (C) 1984-2017 HI-TECH Software
     4                           
     5                           	; Auto-generated runtime startup code for final link stage.
     6                           
     7                           	;
     8                           	; Compiler options:
     9                           	;
    10                           	; -oled.cof -mled.map --summary=default,-psect,-class --fill=0xFFFF \
    11                           	; --output=intel led.p1 --chip=SC8P1152A -P --runtime=default, \
    12                           	; --opt=-local,-asmfile,+asm,-speed,+space,-debug -E+cmscerr.err \
    13                           	; -D__DEBUG=1 -g --asmlist --warn=-9 --stack=compiled:auto:auto:auto \
    14                           	; --addrqual=request --mode=pro --errformat=Error[%n]:	%f	第%l行	%s \
    15                           	; --msgformat=Advisory[%n]	%s --warnformat=Warning[%n]:	%f	第%l行	%s
    16                           	;
    17                           
    18                           
    19                           	processor	SC8P1152A
    20                           
    21                           	global	_main,start,reset_vec
    22                           	fnroot	_main
    23                           	psect	config,class=CONFIG,delta=2,noexec
    24                           	psect	idloc,class=IDLOC,delta=2,noexec
    25                           	psect	code,class=CODE,delta=2
    26                           	psect	powerup,class=CODE,delta=2
    27                           	psect	reset_vec,class=CODE,delta=2
    28                           	psect	maintext,class=CODE,delta=2
    29  0000                     	Z	set	2
    30  0002                     	PCL	set	2
    31  0002                     	INDF	set	0
    32  0000                     
    33                           	STATUS	equ	3
    34  0003                     	PCLATH	equ	0Ah
    35  000A                     
    36                           	psect	eeprom_data,class=EEDATA,delta=2,space=3,noexec
    37                           	psect	intentry,class=CODE,delta=2
    38                           	psect	functab,class=ENTRY,delta=2
    39                           	global	intlevel0,intlevel1,intlevel2, intlevel3, intlevel4, intlevel5
    40                           intlevel0:
    41  0000                     intlevel1:
    42  0000                     intlevel2:
    43  0000                     intlevel3:
    44  0000                     intlevel4:
    45  0000                     intlevel5:
    46  0000                     	psect	init,class=CODE,delta=2
    47                           	psect	cinit,class=CODE,delta=2
    48                           	psect	text,class=CODE,delta=2
    49                           	psect	end_init,class=CODE,delta=2
    50                           	psect	clrtext,class=CODE,delta=2
    51                           	FSR	set	4
    52  0004                     	psect	strings,class=CODE,delta=2,reloc=256
    53                           
    54                           	global stacklo, stackhi
    55                           	stacklo	equ	0
    56  0000                     	stackhi	equ	0
    57  0000                     
    58                           
    59                           	psect	stack,class=STACK,space=2,noexec
    60                           	global ___sp,___int_sp
    61                           	___sp:
    62  0000                     	___int_sp:
    63  0000                     	psect	reset_vec
    64                           reset_vec:
    65  0000                     	; No powerup routine
    66                           	global start
    67                           
    68                           ; jump to start
    69                           	goto	start & 0x7FF | (reset_vec & not 0x7FF)
    70  0000  280A               
    71                           
    72                           
    73                           	psect	init
    74                           start
    75  000A                     	psect	end_init
    76                           	global start_initialization
    77                           	ljmp start_initialization	;jump to C runtime clear & initialization
    78  000A  280B               


Microchip Technology PIC Macro Assembler V1.45 build -152302408 
Symbol Table                                                                                               Mon May 04 21:18:13 2020

               ___sp 0000                 _main 000E                 start 000A               stackhi 0000  
             stacklo 0000  start_initialization 000B             ___int_sp 0000             intlevel0 0000  
           intlevel1 0000             intlevel2 0000             intlevel3 0000             intlevel4 0000  
           intlevel5 0000             reset_vec 0000  
