

Microchip Technology PIC PRO Macro Assembler V1.45 build -152302408 
                                                                                               Thu Apr 11 14:37:28 2024

Microchip Technology Omniscient Code Generator v1.45 (PRO mode) build 201711160504
     1                           	processor	SC8F5773
     2                           	opt	pw 120
     3                           	opt	pm
     4                           	psect	text0,local,class=CODE,merge=1,delta=2
     5                           	psect	cinit,global,class=CODE,merge=1,delta=2
     6                           	psect	cstackCOMMON,global,class=COMMON,space=1,delta=1
     7                           	psect	maintext,global,class=CODE,split=1,delta=2
     8                           	psect	text1,local,class=CODE,merge=1,delta=2
     9                           	psect	text3,local,class=CODE,merge=1,delta=2
    10                           	psect	text4,local,class=CODE,merge=1,delta=2
    11                           	psect	intentry,global,class=CODE,delta=2
    12                           	psect	pa_nodes0,global,class=CODE,delta=2
    13                           	dabs	1,0x7E,2
    14  0000                     
    15                           ; Version 1.45
    16                           ; Generated 16/11/2017 GMT
    17                           ; 
    18                           ; Copyright 漏 2017, Microchip Technology Inc. and its subsidiaries ("Microchip")
    19                           ; All rights reserved.
    20                           ; 
    21                           ; This software is developed by Microchip Technology Inc. and its subsidiaries ("Microch
      +                          ip").
    22                           ; 
    23                           ; Redistribution and use in source and binary forms, with or without modification, are
    24                           ; permitted provided that the following conditions are met:
    25                           ; 
    26                           ;     1. Redistributions of source code must retain the above copyright notice, this lis
      +                          t of
    27                           ;        conditions and the following disclaimer.
    28                           ; 
    29                           ;     2. Redistributions in binary form must reproduce the above copyright notice, this 
      +                          list
    30                           ;        of conditions and the following disclaimer in the documentation and/or other
    31                           ;        materials provided with the distribution.
    32                           ; 
    33                           ;     3. Microchip's name may not be used to endorse or promote products derived from th
      +                          is
    34                           ;        software without specific prior written permission.
    35                           ; 
    36                           ; THIS SOFTWARE IS PROVIDED BY MICROCHIP "AS IS" AND ANY EXPRESS OR IMPLIED WARRANTIES,
    37                           ; INCLUDING, BUT NOT LIMITED TO, THE IMPLIED WARRANTIES OF MERCHANTABILITY AND FITNESS F
      +                          OR
    38                           ; PURPOSE ARE DISCLAIMED.  IN NO EVENT SHALL MICROCHIP BE LIABLE FOR ANY DIRECT, INDIREC
      +                          T,
    39                           ; INCIDENTAL, SPECIAL, EXEMPLARY, OR CONSEQUENTIAL DAMAGES (INCLUDING BUT NOT LIMITED TO
    40                           ; PROCUREMENT OF SUBSTITUTE GOODS OR SERVICES; LOSS OF USE, DATA OR PROFITS; OR BUSINESS
    41                           ; INTERRUPTION) HOWSOEVER CAUSED AND ON ANY THEORY OF LIABILITY, WHETHER IN CONTRACT, ST
      +                          RICT
    42                           ; LIABILITY, OR TORT (INCLUDING NEGLIGENCE OR OTHERWISE) ARISING IN ANY WAY OUT OF THE U
      +                          SE OF
    43                           ; THIS SOFTWARE, EVEN IF ADVISED OF THE POSSIBILITY OF SUCH DAMAGE.
    44                           ; 
    45                           ; 
    46                           ; Code-generator required, PIC16F887 Definitions
    47                           ; 
    48                           ; SFR Addresses
    49  0000                     
    50                           	psect	text0
    51  0000                     __ptext0:	
    52  0013                     _PWMCON0	set	19
    53  000B                     _INTCON	set	11
    54  0009                     _IOCB	set	9
    55  0008                     _WPUB	set	8
    56  0007                     _WPUA	set	7
    57  0006                     _PORTB	set	6
    58  0005                     _PORTA	set	5
    59  0058                     _RBIF	set	88
    60  005B                     _RBIE	set	91
    61  005F                     _GIE	set	95
    62  0036                     _RB6	set	54
    63  009D                     _ADCON0	set	157
    64  008C                     _EECON1	set	140
    65  0088                     _OSCCON	set	136
    66  0086                     _TRISB	set	134
    67  0085                     _TRISA	set	133
    68  0081                     _OPTION_REG	set	129
    69                           
    70                           	psect	cinit
    71  000D                     start_initialization:	
    72                           ; #config settings
    73                           
    74  000D                     __initialization:	
    75  000D                     end_of_initialization:	
    76                           ;End of C runtime variable initialization code
    77                           
    78  000D                     __end_of__initialization:	
    79  000D  0183               	clrf	3
    80  000E  118A  2844         	ljmp	_main	;jump to C main() function
    81                           
    82                           	psect	cstackCOMMON
    83  0070                     __pcstackCOMMON:	
    84  0070                     ?_Init_System:	
    85  0070                     ?_Sleep_Mode:	
    86                           ; 1 bytes @ 0x0
    87                           
    88  0070                     ?_DelayXms:	
    89                           ; 1 bytes @ 0x0
    90                           
    91  0070                     ?_main:	
    92                           ; 1 bytes @ 0x0
    93                           
    94  0070                     ?_PB_Isr:	
    95                           ; 1 bytes @ 0x0
    96                           
    97  0070                     ??_PB_Isr:	
    98                           ; 1 bytes @ 0x0
    99                           
   100                           
   101                           ; 1 bytes @ 0x0
   102  0070                     	ds	2
   103  0072                     ??_Init_System:	
   104  0072                     ??_Sleep_Mode:	
   105                           ; 1 bytes @ 0x2
   106                           
   107  0072                     ??_DelayXms:	
   108                           ; 1 bytes @ 0x2
   109                           
   110  0072                     DelayXms@x:	
   111                           ; 1 bytes @ 0x2
   112                           
   113                           
   114                           ; 1 bytes @ 0x2
   115  0072                     	ds	1
   116  0073                     DelayXms@i:	
   117                           
   118                           ; 1 bytes @ 0x3
   119  0073                     	ds	1
   120  0074                     DelayXms@j:	
   121                           
   122                           ; 1 bytes @ 0x4
   123  0074                     	ds	1
   124  0075                     ??_main:	
   125                           
   126                           	psect	maintext
   127  0044                     __pmaintext:	
   128                           ; 1 bytes @ 0x5
   129 ;;
   130 ;;Main: autosize = 0, tempsize = 0, incstack = 0, save=0
   131 ;;
   132 ;; *************** function _main *****************
   133 ;; Defined at:
   134 ;;		line 33 in file "C:\mcuproject\scm\SC8F67XX开发包\SC8F67XX开发包\SC8F577X_DEMO_V1.0.0\SC8F577X_DEMO\SC8F577X_Sleep_D
      +emo\main.c"
   135 ;; Parameters:    Size  Location     Type
   136 ;;		None
   137 ;; Auto vars:     Size  Location     Type
   138 ;;		None
   139 ;; Return value:  Size  Location     Type
   140 ;;                  1    wreg      void 
   141 ;; Registers used:
   142 ;;		wreg, status,2, status,0, pclath, cstack
   143 ;; Tracked objects:
   144 ;;		On entry : B00/0
   145 ;;		On exit  : 300/0
   146 ;;		Unchanged: 0/0
   147 ;; Data sizes:     COMMON   BANK0   BANK1   BANK2
   148 ;;      Params:         0       0       0       0
   149 ;;      Locals:         0       0       0       0
   150 ;;      Temps:          0       0       0       0
   151 ;;      Totals:         0       0       0       0
   152 ;;Total ram usage:        0 bytes
   153 ;; Hardware stack levels required when called:    3
   154 ;; This function calls:
   155 ;;		_DelayXms
   156 ;;		_Init_System
   157 ;;		_Sleep_Mode
   158 ;; This function is called by:
   159 ;;		Startup code after reset
   160 ;; This function uses a non-reentrant model
   161 ;;
   162                           
   163                           
   164                           ;psect for function _main
   165  0044                     _main:	
   166                           
   167                           ;main.c: 35: Init_System();
   168                           
   169                           ;incstack = 0
   170                           ; Regs used in _main: [wreg+status,2+status,0+pclath+cstack]
   171  0044  118A  2031  118A   	fcall	_Init_System
   172  0047                     l1333:	
   173                           
   174                           ;main.c: 37: {
   175                           ;main.c: 38: RB6=1;
   176  0047  1706               	bsf	6,6	;volatile
   177                           
   178                           ;main.c: 39: DelayXms(100);
   179  0048  3064               	movlw	100
   180  0049  118A  2069  118A   	fcall	_DelayXms
   181                           
   182                           ;main.c: 40: RB6 = 0;
   183  004C  1306               	bcf	6,6	;volatile
   184                           
   185                           ;main.c: 41: DelayXms(100);
   186  004D  3064               	movlw	100
   187  004E  118A  2069  118A   	fcall	_DelayXms
   188                           
   189                           ;main.c: 42: RB6=1;
   190  0051  1706               	bsf	6,6	;volatile
   191                           
   192                           ;main.c: 43: DelayXms(100);
   193  0052  3064               	movlw	100
   194  0053  118A  2069  118A   	fcall	_DelayXms
   195                           
   196                           ;main.c: 45: Sleep_Mode();
   197  0056  118A  2010  118A   	fcall	_Sleep_Mode
   198  0059  2847               	goto	l1333
   199  005A                     __end_of_main:	
   200                           
   201                           	psect	text1
   202  0010                     __ptext1:	
   203 ;; *************** function _Sleep_Mode *****************
   204 ;; Defined at:
   205 ;;		line 57 in file "C:\mcuproject\scm\SC8F67XX开发包\SC8F67XX开发包\SC8F577X_DEMO_V1.0.0\SC8F577X_DEMO\SC8F577X_Sleep_D
      +emo\main.c"
   206 ;; Parameters:    Size  Location     Type
   207 ;;		None
   208 ;; Auto vars:     Size  Location     Type
   209 ;;		None
   210 ;; Return value:  Size  Location     Type
   211 ;;                  1    wreg      void 
   212 ;; Registers used:
   213 ;;		wreg, status,2, status,0, pclath, cstack
   214 ;; Tracked objects:
   215 ;;		On entry : 300/0
   216 ;;		On exit  : 300/0
   217 ;;		Unchanged: 0/0
   218 ;; Data sizes:     COMMON   BANK0   BANK1   BANK2
   219 ;;      Params:         0       0       0       0
   220 ;;      Locals:         0       0       0       0
   221 ;;      Temps:          0       0       0       0
   222 ;;      Totals:         0       0       0       0
   223 ;;Total ram usage:        0 bytes
   224 ;; Hardware stack levels used:    1
   225 ;; Hardware stack levels required when called:    2
   226 ;; This function calls:
   227 ;;		_Init_System
   228 ;; This function is called by:
   229 ;;		_main
   230 ;; This function uses a non-reentrant model
   231 ;;
   232                           
   233                           
   234                           ;psect for function _Sleep_Mode
   235  0010                     _Sleep_Mode:	
   236                           
   237                           ;main.c: 59: INTCON = 0;
   238                           
   239                           ;incstack = 0
   240                           ; Regs used in _Sleep_Mode: [wreg+status,2+status,0+pclath+cstack]
   241  0010  018B               	clrf	11	;volatile
   242                           
   243                           ;main.c: 61: OPTION_REG = 0;
   244  0011  1683               	bsf	3,5	;RP0=1, select bank1
   245  0012  0181               	clrf	1	;volatile
   246                           
   247                           ;main.c: 63: TRISA = 0B00000000;
   248  0013  0185               	clrf	5	;volatile
   249                           
   250                           ;main.c: 64: PORTA = 0B00000000;
   251  0014  1283               	bcf	3,5	;RP0=0, select bank0
   252  0015  0185               	clrf	5	;volatile
   253                           
   254                           ;main.c: 65: WPUA = 0B00000000;
   255  0016  0187               	clrf	7	;volatile
   256                           
   257                           ;main.c: 67: TRISB = 0B00001000;
   258  0017  3008               	movlw	8
   259  0018  1683               	bsf	3,5	;RP0=1, select bank1
   260  0019  0086               	movwf	6	;volatile
   261                           
   262                           ;main.c: 68: PORTB = 0B00000000;
   263  001A  1283               	bcf	3,5	;RP0=0, select bank0
   264  001B  0186               	clrf	6	;volatile
   265                           
   266                           ;main.c: 70: PORTB = 0;
   267  001C  0186               	clrf	6	;volatile
   268                           
   269                           ;main.c: 71: WPUB = 0B00001000;
   270  001D  0088               	movwf	8	;volatile
   271                           
   272                           ;main.c: 73: ADCON0 = 0;
   273  001E  1683               	bsf	3,5	;RP0=1, select bank1
   274  001F  019D               	clrf	29	;volatile
   275                           
   276                           ;main.c: 74: PWMCON0 = 0;
   277  0020  1283               	bcf	3,5	;RP0=0, select bank0
   278  0021  0193               	clrf	19	;volatile
   279                           
   280                           ;main.c: 76: EECON1 = 0;
   281  0022  1683               	bsf	3,5	;RP0=1, select bank1
   282  0023  018C               	clrf	12	;volatile
   283                           
   284                           ;main.c: 79: IOCB = 0B00001000;
   285  0024  1283               	bcf	3,5	;RP0=0, select bank0
   286  0025  0089               	movwf	9	;volatile
   287                           
   288                           ;main.c: 80: RBIE = 1;
   289  0026  158B               	bsf	11,3	;volatile
   290                           
   291                           ;main.c: 81: GIE = 1;
   292  0027  178B               	bsf	11,7	;volatile
   293                           
   294                           ;main.c: 84: OSCCON = 0X70;
   295  0028  3070               	movlw	112
   296  0029  1683               	bsf	3,5	;RP0=1, select bank1
   297  002A  0088               	movwf	8	;volatile
   298                           
   299                           ;main.c: 86: PORTB;
   300  002B  1283               	bcf	3,5	;RP0=0, select bank0
   301  002C  0806               	movf	6,w	;volatile
   302  002D  0064               	clrwdt	;# 
   303  002E  0063               	sleep	;# 
   304  002F  0000               	nop	;# 
   305                           
   306                           ;main.c: 92: Init_System();
   307  0030  2831               	ljmp	l1271
   308  0031                     __end_of_Sleep_Mode:	
   309  0031                     __ptext2:	
   310 ;; *************** function _Init_System *****************
   311 ;; Defined at:
   312 ;;		line 103 in file "C:\mcuproject\scm\SC8F67XX开发包\SC8F67XX开发包\SC8F577X_DEMO_V1.0.0\SC8F577X_DEMO\SC8F577X_Sleep_
      +Demo\main.c"
   313 ;; Parameters:    Size  Location     Type
   314 ;;		None
   315 ;; Auto vars:     Size  Location     Type
   316 ;;		None
   317 ;; Return value:  Size  Location     Type
   318 ;;                  1    wreg      void 
   319 ;; Registers used:
   320 ;;		wreg, status,2
   321 ;; Tracked objects:
   322 ;;		On entry : 0/0
   323 ;;		On exit  : 300/0
   324 ;;		Unchanged: 0/0
   325 ;; Data sizes:     COMMON   BANK0   BANK1   BANK2
   326 ;;      Params:         0       0       0       0
   327 ;;      Locals:         0       0       0       0
   328 ;;      Temps:          0       0       0       0
   329 ;;      Totals:         0       0       0       0
   330 ;;Total ram usage:        0 bytes
   331 ;; Hardware stack levels used:    1
   332 ;; Hardware stack levels required when called:    1
   333 ;; This function calls:
   334 ;;		Nothing
   335 ;; This function is called by:
   336 ;;		_main
   337 ;;		_Sleep_Mode
   338 ;; This function uses a non-reentrant model
   339 ;;
   340                           
   341                           
   342                           ;psect for function _Init_System
   343  0031                     _Init_System:	
   344  0031                     l1271:	
   345                           ;incstack = 0
   346                           ; Regs used in _Init_System: [wreg+status,2]
   347                           
   348  0031  0000               	nop	;# 
   349  0032  0064               	clrwdt	;# 
   350                           
   351                           ;main.c: 107: INTCON = 0;
   352  0033  018B               	clrf	11	;volatile
   353                           
   354                           ;main.c: 108: OSCCON = 0X70;
   355  0034  3070               	movlw	112
   356  0035  1683               	bsf	3,5	;RP0=1, select bank1
   357  0036  1303               	bcf	3,6	;RP1=0, select bank1
   358  0037  0088               	movwf	8	;volatile
   359                           
   360                           ;main.c: 109: OPTION_REG = 0;
   361  0038  0181               	clrf	1	;volatile
   362                           
   363                           ;main.c: 111: WPUA = 0B00000000;
   364  0039  1283               	bcf	3,5	;RP0=0, select bank0
   365  003A  0187               	clrf	7	;volatile
   366                           
   367                           ;main.c: 112: WPUB = 0B00001000;
   368  003B  3008               	movlw	8
   369  003C  0088               	movwf	8	;volatile
   370                           
   371                           ;main.c: 115: TRISA = 0B00000000;
   372  003D  1683               	bsf	3,5	;RP0=1, select bank1
   373  003E  0185               	clrf	5	;volatile
   374                           
   375                           ;main.c: 116: TRISB = 0B00001000;
   376  003F  0086               	movwf	6	;volatile
   377                           
   378                           ;main.c: 118: PORTA = 0B00000000;
   379  0040  1283               	bcf	3,5	;RP0=0, select bank0
   380  0041  0185               	clrf	5	;volatile
   381                           
   382                           ;main.c: 119: PORTB = 0B00000000;
   383  0042  0186               	clrf	6	;volatile
   384  0043  0008               	return
   385  0044                     __end_of_Init_System:	
   386                           
   387                           	psect	text3
   388  0069                     __ptext3:	
   389 ;; *************** function _DelayXms *****************
   390 ;; Defined at:
   391 ;;		line 19 in file "C:\mcuproject\scm\SC8F67XX开发包\SC8F67XX开发包\SC8F577X_DEMO_V1.0.0\SC8F577X_DEMO\SC8F577X_Sleep_D
      +emo\main.c"
   392 ;; Parameters:    Size  Location     Type
   393 ;;  x               1    wreg     unsigned char 
   394 ;; Auto vars:     Size  Location     Type
   395 ;;  x               1    2[COMMON] unsigned char 
   396 ;;  j               1    4[COMMON] unsigned char 
   397 ;;  i               1    3[COMMON] unsigned char 
   398 ;; Return value:  Size  Location     Type
   399 ;;                  1    wreg      void 
   400 ;; Registers used:
   401 ;;		wreg, status,2, status,0
   402 ;; Tracked objects:
   403 ;;		On entry : 300/0
   404 ;;		On exit  : 300/0
   405 ;;		Unchanged: 300/0
   406 ;; Data sizes:     COMMON   BANK0   BANK1   BANK2
   407 ;;      Params:         0       0       0       0
   408 ;;      Locals:         3       0       0       0
   409 ;;      Temps:          0       0       0       0
   410 ;;      Totals:         3       0       0       0
   411 ;;Total ram usage:        3 bytes
   412 ;; Hardware stack levels used:    1
   413 ;; Hardware stack levels required when called:    1
   414 ;; This function calls:
   415 ;;		Nothing
   416 ;; This function is called by:
   417 ;;		_main
   418 ;; This function uses a non-reentrant model
   419 ;;
   420                           
   421                           
   422                           ;psect for function _DelayXms
   423  0069                     _DelayXms:	
   424                           
   425                           ;incstack = 0
   426                           ; Regs used in _DelayXms: [wreg+status,2+status,0]
   427                           ;DelayXms@x stored from wreg
   428  0069  00F2               	movwf	DelayXms@x
   429                           
   430                           ;main.c: 21: unsigned char i,j;
   431                           ;main.c: 22: for(i=x;i>0;i--)
   432  006A  00F3               	movwf	DelayXms@i
   433  006B                     l1291:	
   434  006B  0873               	movf	DelayXms@i,w
   435  006C  1903               	btfsc	3,2
   436  006D  0008               	return
   437                           
   438                           ;main.c: 23: for(j=153;j>0;j--);
   439  006E  3099               	movlw	153
   440  006F  00F4               	movwf	DelayXms@j
   441  0070                     l1301:	
   442  0070  0BF4               	decfsz	DelayXms@j,f
   443  0071  2870               	goto	l1301
   444  0072  03F3               	decf	DelayXms@i,f
   445  0073  286B               	goto	l1291
   446  0074                     __end_of_DelayXms:	
   447                           
   448                           	psect	text4
   449  005A                     __ptext4:	
   450 ;; *************** function _PB_Isr *****************
   451 ;; Defined at:
   452 ;;		line 130 in file "C:\mcuproject\scm\SC8F67XX开发包\SC8F67XX开发包\SC8F577X_DEMO_V1.0.0\SC8F577X_DEMO\SC8F577X_Sleep_
      +Demo\main.c"
   453 ;; Parameters:    Size  Location     Type
   454 ;;		None
   455 ;; Auto vars:     Size  Location     Type
   456 ;;		None
   457 ;; Return value:  Size  Location     Type
   458 ;;                  1    wreg      void 
   459 ;; Registers used:
   460 ;;		wreg
   461 ;; Tracked objects:
   462 ;;		On entry : 0/0
   463 ;;		On exit  : 0/0
   464 ;;		Unchanged: 0/0
   465 ;; Data sizes:     COMMON   BANK0   BANK1   BANK2
   466 ;;      Params:         0       0       0       0
   467 ;;      Locals:         0       0       0       0
   468 ;;      Temps:          2       0       0       0
   469 ;;      Totals:         2       0       0       0
   470 ;;Total ram usage:        2 bytes
   471 ;; Hardware stack levels used:    1
   472 ;; This function calls:
   473 ;;		Nothing
   474 ;; This function is called by:
   475 ;;		Interrupt level 1
   476 ;; This function uses a non-reentrant model
   477 ;;
   478                           
   479                           
   480                           ;psect for function _PB_Isr
   481  005A                     _PB_Isr:	
   482                           
   483                           ;main.c: 132: if(RBIF)
   484  005A  1C0B               	btfss	11,0	;volatile
   485  005B  2862               	goto	i1l895
   486                           
   487                           ;main.c: 133: {
   488                           ;main.c: 134: RBIF = 0;
   489  005C  100B               	bcf	11,0	;volatile
   490                           
   491                           ;main.c: 135: RB6 = ~RB6;
   492  005D  3040               	movlw	64
   493  005E  1283               	bcf	3,5	;RP0=0, select bank0
   494  005F  1303               	bcf	3,6	;RP1=0, select bank0
   495  0060  0686               	xorwf	6,f
   496                           
   497                           ;main.c: 136: PORTB;
   498  0061  0806               	movf	6,w	;volatile
   499  0062                     i1l895:	
   500  0062  0871               	movf	??_PB_Isr+1,w
   501  0063  008A               	movwf	10
   502  0064  0E70               	swapf	??_PB_Isr^(0+-128),w
   503  0065  0083               	movwf	3
   504  0066  0EFE               	swapf	126,f
   505  0067  0E7E               	swapf	126,w
   506  0068  0009               	retfie
   507  0069                     __end_of_PB_Isr:	
   508  007E                     btemp	set	126	;btemp
   509  007E                     wtemp0	set	126
   510                           
   511                           	psect	intentry
   512  0004                     __pintentry:	
   513                           ;incstack = 0
   514                           ; Regs used in _PB_Isr: [wreg]
   515                           
   516  0004                     interrupt_function:	
   517  007E                     saved_w	set	btemp
   518  0004  00FE               	movwf	btemp
   519  0005  0E03               	swapf	3,w
   520  0006  00F0               	movwf	??_PB_Isr
   521  0007  080A               	movf	10,w
   522  0008  00F1               	movwf	??_PB_Isr+1
   523  0009  118A  285A         	ljmp	_PB_Isr


Data Sizes:
    Strings     0
    Constant    0
    Data        0
    BSS         0
    Persistent  0
    Stack       0

Auto Spaces:
    Space          Size  Autos    Used
    COMMON           14      5       5
    BANK0            80      0       0
    BANK1            80      0       0
    BANK2            80      0       0

Pointer List with Targets:

    None.

Critical Paths under _main in COMMON

    _main->_DelayXms

Critical Paths under _PB_Isr in COMMON

    None.

Critical Paths under _main in BANK0

    None.

Critical Paths under _PB_Isr in BANK0

    None.

Critical Paths under _main in BANK1

    None.

Critical Paths under _PB_Isr in BANK1

    None.

Critical Paths under _main in BANK2

    None.

Critical Paths under _PB_Isr in BANK2

    None.

Call Graph Tables:

 ---------------------------------------------------------------------------------
 (Depth) Function   	        Calls       Base Space   Used Autos Params    Refs
 ---------------------------------------------------------------------------------
 (0) _main                                                 0     0      0      75
                           _DelayXms
                        _Init_System
                         _Sleep_Mode
 ---------------------------------------------------------------------------------
 (1) _Sleep_Mode                                           0     0      0       0
                        _Init_System
 ---------------------------------------------------------------------------------
 (2) _Init_System                                          0     0      0       0
 ---------------------------------------------------------------------------------
 (1) _DelayXms                                             3     3      0      75
                                              2 COMMON     3     3      0
 ---------------------------------------------------------------------------------
 Estimated maximum stack depth 2
 ---------------------------------------------------------------------------------
 (Depth) Function   	        Calls       Base Space   Used Autos Params    Refs
 ---------------------------------------------------------------------------------
 (3) _PB_Isr                                               2     2      0       0
                                              0 COMMON     2     2      0
 ---------------------------------------------------------------------------------
 Estimated maximum stack depth 3
 ---------------------------------------------------------------------------------

 Call Graph Graphs:

 _main (ROOT)
   _DelayXms
   _Init_System
   _Sleep_Mode
     _Init_System

 _PB_Isr (ROOT)

 Address spaces:
Name               Size   Autos  Total    Cost      Usage
BITCOMMON            E      0       0       0        0.0%
NULL                 0      0       0       0        0.0%
CODE                 0      0       0       0        0.0%
COMMON               E      5       5       1       35.7%
BITSFR0              0      0       0       1        0.0%
SFR0                 0      0       0       1        0.0%
BITSFR1              0      0       0       2        0.0%
SFR1                 0      0       0       2        0.0%
STACK                0      0       0       2        0.0%
BITBANK0            50      0       0       3        0.0%
BANK0               50      0       0       4        0.0%
BITSFR3              0      0       0       4        0.0%
SFR3                 0      0       0       4        0.0%
BITBANK1            50      0       0       5        0.0%
BITSFR2              0      0       0       5        0.0%
SFR2                 0      0       0       5        0.0%
BANK1               50      0       0       6        0.0%
BANK2               50      0       0       7        0.0%
ABS                  0      0       0       8        0.0%
DATA                 0      0       0       9        0.0%
BITBANK2            50      0       0      10        0.0%


Microchip Technology PIC Macro Assembler V1.45 build -152302408 
Symbol Table                                                                                   Thu Apr 11 14:37:28 2024

                    _GIE 005F                      _RB6 0036                     l1301 0070  
                   l1333 0047                     l1271 0031                     l1291 006B  
                   _IOCB 0009                     _RBIE 005B                     _RBIF 0058  
                   _WPUA 0007                     _WPUB 0008                     _main 0044  
                   btemp 007E                     start 000B            ??_Init_System 0072  
                  ?_main 0070                    i1l895 0062                    _PORTA 0005  
                  _PORTB 0006                    _TRISA 0085                    _TRISB 0086  
                  pclath 000A                    status 0003                    wtemp0 007E  
       __end_of_DelayXms 0074          __initialization 000D             __end_of_main 005A  
                 ??_main 0075      __end_of_Init_System 0044                   _ADCON0 009D  
                 _EECON1 008C                   _INTCON 000B                   _OSCCON 0088  
                 _PB_Isr 005A               _Sleep_Mode 0010                   saved_w 007E  
__end_of__initialization 000D           __pcstackCOMMON 0070              _Init_System 0031  
              ?_DelayXms 0070                  ?_PB_Isr 0070              ?_Sleep_Mode 0070  
             __pmaintext 0044               __pintentry 0004               ??_DelayXms 0072  
                _PWMCON0 0013          __size_of_PB_Isr 000F                  __ptext0 0000  
                __ptext1 0010                  __ptext2 0031                  __ptext3 0069  
                __ptext4 005A      __size_of_Sleep_Mode 0021     end_of_initialization 000D  
              DelayXms@i 0073                DelayXms@j 0074                DelayXms@x 0072  
         __end_of_PB_Isr 0069             ?_Init_System 0070      start_initialization 000D  
      __size_of_DelayXms 000B                 ??_PB_Isr 0070             ??_Sleep_Mode 0072  
              ___latbits 0001       __end_of_Sleep_Mode 0031        interrupt_function 0004  
   __size_of_Init_System 0013                 _DelayXms 0069            __size_of_main 0016  
               intlevel1 0000               _OPTION_REG 0081  
