Warning[520]:	C:\SCMCU WorkSpace\delay.c	第3行	function "_delay_1us" is never called
Warning[752]:	C:\SCMCU WorkSpace\led.c	第16行	conversion to shorter data type
Warning[752]:	C:\SCMCU WorkSpace\led.c	第18行	conversion to shorter data type
Warning[752]:	C:\SCMCU WorkSpace\led.c	第19行	conversion to shorter data type
Warning[752]:	C:\SCMCU WorkSpace\led.c	第21行	conversion to shorter data type
Warning[752]:	C:\SCMCU WorkSpace\led.c	第24行	conversion to shorter data type
Warning[752]:	C:\SCMCU WorkSpace\led.c	第26行	conversion to shorter data type
Warning[752]:	C:\SCMCU WorkSpace\led.c	第27行	conversion to shorter data type
Warning[752]:	C:\SCMCU WorkSpace\led.c	第33行	conversion to shorter data type
Warning[752]:	C:\SCMCU WorkSpace\led.c	第34行	conversion to shorter data type
Warning[752]:	C:\SCMCU WorkSpace\led.c	第36行	conversion to shorter data type
Warning[752]:	C:\SCMCU WorkSpace\led.c	第37行	conversion to shorter data type
Warning[752]:	C:\SCMCU WorkSpace\led.c	第41行	conversion to shorter data type
Warning[752]:	C:\SCMCU WorkSpace\led.c	第42行	conversion to shorter data type
Warning[752]:	C:\SCMCU WorkSpace\led.c	第43行	conversion to shorter data type
Warning[752]:	C:\SCMCU WorkSpace\led.c	第52行	conversion to shorter data type
Warning[752]:	C:\SCMCU WorkSpace\led.c	第53行	conversion to shorter data type
Warning[752]:	C:\SCMCU WorkSpace\led.c	第54行	conversion to shorter data type

Memory Summary:
    Program space        used    96h (   150) of   800h words   (  7.3%)
    Data space           used     4h (     4) of    A0h bytes   (  2.5%)
    EEPROM space         None available
    Data stack space     used     0h (     0) of    50h bytes   (  0.0%)
    Configuration bits   used     0h (     0) of     2h words   (  0.0%)
    ID Location space    used     0h (     0) of     4h bytes   (  0.0%)

