!_TAG_FILE_FORMAT	2	/extended format; --format=1 will not append ;" to lines/
!_TAG_FILE_SORTED	0	/0=unsorted, 1=sorted, 2=foldcase/
!_TAG_PROGRAM_AUTHOR	Darren Hiebert	/dhiebert@users.sourceforge.net/
!_TAG_PROGRAM_NAME	Exuberant Ctags	//
!_TAG_PROGRAM_URL	http://ctags.sourceforge.net	/official site/
!_TAG_PROGRAM_VERSION	5.8	//
_XTAL_FREQ	C:\mcuproject\scm\C16_8F083_SOP16_\C16_SC8F083_SOP16\main.c	5;"	d	file:
POWER_RATIO	C:\mcuproject\scm\C16_8F083_SOP16_\C16_SC8F083_SOP16\main.c	8;"	d	file:
uchar	C:\mcuproject\scm\C16_8F083_SOP16_\C16_SC8F083_SOP16\main.c	10;"	d	file:
u8t	C:\mcuproject\scm\C16_8F083_SOP16_\C16_SC8F083_SOP16\main.c	11;"	d	file:
uint	C:\mcuproject\scm\C16_8F083_SOP16_\C16_SC8F083_SOP16\main.c	12;"	d	file:
u16t	C:\mcuproject\scm\C16_8F083_SOP16_\C16_SC8F083_SOP16\main.c	13;"	d	file:
ulong	C:\mcuproject\scm\C16_8F083_SOP16_\C16_SC8F083_SOP16\main.c	14;"	d	file:
MainTime	C:\mcuproject\scm\C16_8F083_SOP16_\C16_SC8F083_SOP16\main.c	/^volatile unsigned char MainTime;$/;"	v
B_MainLoop	C:\mcuproject\scm\C16_8F083_SOP16_\C16_SC8F083_SOP16\main.c	/^volatile bit	B_MainLoop,B_OnOff;$/;"	v
B_OnOff	C:\mcuproject\scm\C16_8F083_SOP16_\C16_SC8F083_SOP16\main.c	/^volatile bit	B_MainLoop,B_OnOff;$/;"	v
count1s	C:\mcuproject\scm\C16_8F083_SOP16_\C16_SC8F083_SOP16\main.c	/^u8t	count1s = 0;$/;"	v
workStep	C:\mcuproject\scm\C16_8F083_SOP16_\C16_SC8F083_SOP16\main.c	/^u8t	workStep = 0;$/;"	v
wuhuaFlag	C:\mcuproject\scm\C16_8F083_SOP16_\C16_SC8F083_SOP16\main.c	/^u8t	wuhuaFlag = 0;$/;"	v
shanshuoTime	C:\mcuproject\scm\C16_8F083_SOP16_\C16_SC8F083_SOP16\main.c	/^u16t		shanshuoTime = 0;$/;"	v
shanshuoTime2	C:\mcuproject\scm\C16_8F083_SOP16_\C16_SC8F083_SOP16\main.c	/^u16t		shanshuoTime2 = 0;$/;"	v
fanValue	C:\mcuproject\scm\C16_8F083_SOP16_\C16_SC8F083_SOP16\main.c	/^u16t		fanValue = 0;$/;"	v
wuhuaValue	C:\mcuproject\scm\C16_8F083_SOP16_\C16_SC8F083_SOP16\main.c	/^u16t		wuhuaValue = 0;$/;"	v
fanDuty	C:\mcuproject\scm\C16_8F083_SOP16_\C16_SC8F083_SOP16\main.c	/^u8t	fanDuty = 0;$/;"	v
count10s	C:\mcuproject\scm\C16_8F083_SOP16_\C16_SC8F083_SOP16\main.c	/^u8t	count10s = 0;$/;"	v
fanOverTime	C:\mcuproject\scm\C16_8F083_SOP16_\C16_SC8F083_SOP16\main.c	/^u8t	fanOverTime = 0;$/;"	v
firstTime	C:\mcuproject\scm\C16_8F083_SOP16_\C16_SC8F083_SOP16\main.c	/^u8t	firstTime = 0;$/;"	v
checkTime	C:\mcuproject\scm\C16_8F083_SOP16_\C16_SC8F083_SOP16\main.c	/^u16t	checkTime = 0;$/;"	v
lowWaterTime	C:\mcuproject\scm\C16_8F083_SOP16_\C16_SC8F083_SOP16\main.c	/^u16t	lowWaterTime = 0;$/;"	v
chrgFlag	C:\mcuproject\scm\C16_8F083_SOP16_\C16_SC8F083_SOP16\main.c	/^u8t		chrgFlag = 0;$/;"	v
chrgFullFlag	C:\mcuproject\scm\C16_8F083_SOP16_\C16_SC8F083_SOP16\main.c	/^u8t		chrgFullFlag = 0;$/;"	v
chrgFullTime	C:\mcuproject\scm\C16_8F083_SOP16_\C16_SC8F083_SOP16\main.c	/^u8t		chrgFullTime = 0;$/;"	v
firstLock	C:\mcuproject\scm\C16_8F083_SOP16_\C16_SC8F083_SOP16\main.c	/^u8t		firstLock = 0;$/;"	v
lowBatLock	C:\mcuproject\scm\C16_8F083_SOP16_\C16_SC8F083_SOP16\main.c	/^u8t		lowBatLock = 0;$/;"	v
lowBatTime	C:\mcuproject\scm\C16_8F083_SOP16_\C16_SC8F083_SOP16\main.c	/^u8t		lowBatTime = 0;	$/;"	v
lowFanTime	C:\mcuproject\scm\C16_8F083_SOP16_\C16_SC8F083_SOP16\main.c	/^u8t		lowFanTime = 0;\/\/风扇降低为1档的时间	$/;"	v
adresult	C:\mcuproject\scm\C16_8F083_SOP16_\C16_SC8F083_SOP16\main.c	/^volatile unsigned int adresult;$/;"	v
result	C:\mcuproject\scm\C16_8F083_SOP16_\C16_SC8F083_SOP16\main.c	/^volatile unsigned int result;$/;"	v
test_adc	C:\mcuproject\scm\C16_8F083_SOP16_\C16_SC8F083_SOP16\main.c	/^volatile unsigned char test_adc;$/;"	v
power_ad	C:\mcuproject\scm\C16_8F083_SOP16_\C16_SC8F083_SOP16\main.c	/^volatile unsigned int power_ad;$/;"	v
Init_System	C:\mcuproject\scm\C16_8F083_SOP16_\C16_SC8F083_SOP16\main.c	/^void Init_System()$/;"	f
Refurbish_Sfr	C:\mcuproject\scm\C16_8F083_SOP16_\C16_SC8F083_SOP16\main.c	/^void Refurbish_Sfr() $/;"	f
KeyServer	C:\mcuproject\scm\C16_8F083_SOP16_\C16_SC8F083_SOP16\main.c	/^void KeyServer() $/;"	f
Isr_Timer	C:\mcuproject\scm\C16_8F083_SOP16_\C16_SC8F083_SOP16\main.c	/^void interrupt Isr_Timer()$/;"	f
WorkSleep	C:\mcuproject\scm\C16_8F083_SOP16_\C16_SC8F083_SOP16\main.c	/^void WorkSleep()$/;"	f
ADC_Sample	C:\mcuproject\scm\C16_8F083_SOP16_\C16_SC8F083_SOP16\main.c	/^unsigned char ADC_Sample(unsigned char adch, unsigned char adldo) $/;"	f
chrgCtr	C:\mcuproject\scm\C16_8F083_SOP16_\C16_SC8F083_SOP16\main.c	/^void chrgCtr()$/;"	f
keyLedCtr	C:\mcuproject\scm\C16_8F083_SOP16_\C16_SC8F083_SOP16\main.c	/^void keyLedCtr()$/;"	f
pwmInit	C:\mcuproject\scm\C16_8F083_SOP16_\C16_SC8F083_SOP16\main.c	/^void pwmInit()$/;"	f
pwmStop	C:\mcuproject\scm\C16_8F083_SOP16_\C16_SC8F083_SOP16\main.c	/^void pwmStop()$/;"	f
fanInit	C:\mcuproject\scm\C16_8F083_SOP16_\C16_SC8F083_SOP16\main.c	/^void fanInit()$/;"	f
fanStop	C:\mcuproject\scm\C16_8F083_SOP16_\C16_SC8F083_SOP16\main.c	/^void fanStop()$/;"	f
fanCtr	C:\mcuproject\scm\C16_8F083_SOP16_\C16_SC8F083_SOP16\main.c	/^void fanCtr()$/;"	f
wuhuaCtr	C:\mcuproject\scm\C16_8F083_SOP16_\C16_SC8F083_SOP16\main.c	/^void wuhuaCtr()$/;"	f
workCtr	C:\mcuproject\scm\C16_8F083_SOP16_\C16_SC8F083_SOP16\main.c	/^void workCtr()$/;"	f
main	C:\mcuproject\scm\C16_8F083_SOP16_\C16_SC8F083_SOP16\main.c	/^void main()$/;"	f
