

Microchip Technology PIC PRO Macro Assembler V1.45 build -152302408 
                                                                                               Tue Dec 10 17:20:42 2019

Microchip Technology Omniscient Code Generator v1.45 (PRO mode) build 201711160504
     1                           	processor	SC8F5772
     2                           	opt	pw 120
     3                           	opt	pm
     4                           	psect	text0,local,class=CODE,merge=1,delta=2
     5                           	psect	cinit,global,class=CODE,merge=1,delta=2
     6                           	psect	cstackCOMMON,global,class=COMMON,space=1,delta=1
     7                           	psect	maintext,global,class=CODE,split=1,delta=2
     8                           	psect	text1,local,class=CODE,merge=1,delta=2
     9                           	psect	pa_nodes0,global,class=CODE,delta=2
    10                           	dabs	1,0x7E,2
    11  0000                     
    12                           ; Version 1.45
    13                           ; Generated 16/11/2017 GMT
    14                           ; 
    15                           ; Copyright © 2017, Microchip Technology Inc. and its subsidiaries ("Microchip")
    16                           ; All rights reserved.
    17                           ; 
    18                           ; This software is developed by Microchip Technology Inc. and its subsidiaries ("Microch
      +                          ip").
    19                           ; 
    20                           ; Redistribution and use in source and binary forms, with or without modification, are
    21                           ; permitted provided that the following conditions are met:
    22                           ; 
    23                           ;     1. Redistributions of source code must retain the above copyright notice, this lis
      +                          t of
    24                           ;        conditions and the following disclaimer.
    25                           ; 
    26                           ;     2. Redistributions in binary form must reproduce the above copyright notice, this 
      +                          list
    27                           ;        of conditions and the following disclaimer in the documentation and/or other
    28                           ;        materials provided with the distribution.
    29                           ; 
    30                           ;     3. Microchip's name may not be used to endorse or promote products derived from th
      +                          is
    31                           ;        software without specific prior written permission.
    32                           ; 
    33                           ; THIS SOFTWARE IS PROVIDED BY MICROCHIP "AS IS" AND ANY EXPRESS OR IMPLIED WARRANTIES,
    34                           ; INCLUDING, BUT NOT LIMITED TO, THE IMPLIED WARRANTIES OF MERCHANTABILITY AND FITNESS F
      +                          OR
    35                           ; PURPOSE ARE DISCLAIMED.  IN NO EVENT SHALL MICROCHIP BE LIABLE FOR ANY DIRECT, INDIREC
      +                          T,
    36                           ; INCIDENTAL, SPECIAL, EXEMPLARY, OR CONSEQUENTIAL DAMAGES (INCLUDING BUT NOT LIMITED TO
    37                           ; PROCUREMENT OF SUBSTITUTE GOODS OR SERVICES; LOSS OF USE, DATA OR PROFITS; OR BUSINESS
    38                           ; INTERRUPTION) HOWSOEVER CAUSED AND ON ANY THEORY OF LIABILITY, WHETHER IN CONTRACT, ST
      +                          RICT
    39                           ; LIABILITY, OR TORT (INCLUDING NEGLIGENCE OR OTHERWISE) ARISING IN ANY WAY OUT OF THE U
      +                          SE OF
    40                           ; THIS SOFTWARE, EVEN IF ADVISED OF THE POSSIBILITY OF SUCH DAMAGE.
    41                           ; 
    42                           ; 
    43                           ; Code-generator required, PIC16F887 Definitions
    44                           ; 
    45                           ; SFR Addresses
    46  0000                     
    47                           	psect	text0
    48  0000                     __ptext0:	
    49  001E                     _PWM4TL	set	30
    50  001C                     _PWMD01H	set	28
    51  001B                     _PWMD4L	set	27
    52  001A                     _PWMD3L	set	26
    53  0019                     _PWMD2L	set	25
    54  0018                     _PWMD1L	set	24
    55  0017                     _PWMD0L	set	23
    56  0016                     _PWMTH	set	22
    57  0015                     _PWMTL	set	21
    58  0014                     _PWMCON1	set	20
    59  0013                     _PWMCON0	set	19
    60  0010                     _PWM23DT	set	16
    61  000E                     _PWMD23H	set	14
    62  000B                     _INTCON	set	11
    63  0006                     _PORTB	set	6
    64  0088                     _OSCCON	set	136
    65  0086                     _TRISB	set	134
    66  0085                     _TRISA	set	133
    67  0081                     _OPTION_REG	set	129
    68                           
    69                           	psect	cinit
    70  07FD                     start_initialization:	
    71                           ; #config settings
    72                           
    73  07FD                     __initialization:	
    74  07FD                     end_of_initialization:	
    75                           ;End of C runtime variable initialization code
    76                           
    77  07FD                     __end_of__initialization:	
    78  07FD  0183               	clrf	3
    79  07FE  118A  2FCD         	ljmp	_main	;jump to C main() function
    80                           
    81                           	psect	cstackCOMMON
    82  0070                     __pcstackCOMMON:	
    83  0070                     ?_Init_System:	
    84  0070                     ??_Init_System:	
    85                           ; 1 bytes @ 0x0
    86                           
    87  0070                     ?_main:	
    88                           ; 1 bytes @ 0x0
    89                           
    90  0070                     ??_main:	
    91                           ; 1 bytes @ 0x0
    92                           
    93  0070                     main@delaycnt:	
    94                           ; 1 bytes @ 0x0
    95                           
    96                           
    97                           ; 2 bytes @ 0x0
    98  0070                     	ds	2
    99                           
   100                           	psect	maintext
   101  07CD                     __pmaintext:	
   102 ;;
   103 ;;Main: autosize = 0, tempsize = 0, incstack = 0, save=0
   104 ;;
   105 ;; *************** function _main *****************
   106 ;; Defined at:
   107 ;;		line 15 in file "E:\CMS_WORK\democode\SC8F577X_DEMO\SC8F577X_PWM_Demo\SC8F577X_ADC.c"
   108 ;; Parameters:    Size  Location     Type
   109 ;;		None
   110 ;; Auto vars:     Size  Location     Type
   111 ;;  delaycnt        2    0[COMMON] unsigned int 
   112 ;;  pwmbuf          1    0        unsigned char 
   113 ;; Return value:  Size  Location     Type
   114 ;;                  1    wreg      void 
   115 ;; Registers used:
   116 ;;		wreg, status,2, status,0, pclath, cstack
   117 ;; Tracked objects:
   118 ;;		On entry : B00/0
   119 ;;		On exit  : 300/0
   120 ;;		Unchanged: 0/0
   121 ;; Data sizes:     COMMON   BANK0   BANK1   BANK2
   122 ;;      Params:         0       0       0       0
   123 ;;      Locals:         2       0       0       0
   124 ;;      Temps:          0       0       0       0
   125 ;;      Totals:         2       0       0       0
   126 ;;Total ram usage:        2 bytes
   127 ;; Hardware stack levels required when called:    1
   128 ;; This function calls:
   129 ;;		_Init_System
   130 ;; This function is called by:
   131 ;;		Startup code after reset
   132 ;; This function uses a non-reentrant model
   133 ;;
   134                           
   135                           
   136                           ;psect for function _main
   137  07CD                     _main:	
   138                           
   139                           ;SC8F577X_ADC.c: 18: unsigned char pwmbuf = 0X1F;
   140                           
   141                           ;incstack = 0
   142                           ; Regs used in _main: [wreg+status,2+status,0+pclath+cstack]
   143  07CD  01F0               	clrf	main@delaycnt
   144  07CE  01F1               	clrf	main@delaycnt+1
   145                           
   146                           ;SC8F577X_ADC.c: 20: Init_System();
   147  07CF  118A  27C0  118A   	fcall	_Init_System
   148                           
   149                           ;SC8F577X_ADC.c: 23: PWMCON1 = 0B01100000;
   150  07D2  3060               	movlw	96
   151  07D3  0094               	movwf	20	;volatile
   152                           
   153                           ;SC8F577X_ADC.c: 25: PWMTL = 200;
   154  07D4  30C8               	movlw	200
   155  07D5  0095               	movwf	21	;volatile
   156                           
   157                           ;SC8F577X_ADC.c: 26: PWM4TL = 200;
   158  07D6  009E               	movwf	30	;volatile
   159                           
   160                           ;SC8F577X_ADC.c: 27: PWMTH = 0;
   161  07D7  0196               	clrf	22	;volatile
   162                           
   163                           ;SC8F577X_ADC.c: 28: PWMD0L = 25;
   164  07D8  3019               	movlw	25
   165  07D9  0097               	movwf	23	;volatile
   166                           
   167                           ;SC8F577X_ADC.c: 29: PWMD1L = 50;
   168  07DA  3032               	movlw	50
   169  07DB  0098               	movwf	24	;volatile
   170                           
   171                           ;SC8F577X_ADC.c: 30: PWMD2L = 50;
   172  07DC  0099               	movwf	25	;volatile
   173                           
   174                           ;SC8F577X_ADC.c: 31: PWMD3L = 0;
   175  07DD  019A               	clrf	26	;volatile
   176                           
   177                           ;SC8F577X_ADC.c: 32: PWMD4L = 200;
   178  07DE  30C8               	movlw	200
   179  07DF  009B               	movwf	27	;volatile
   180                           
   181                           ;SC8F577X_ADC.c: 34: PWMD01H = 0;
   182  07E0  019C               	clrf	28	;volatile
   183                           
   184                           ;SC8F577X_ADC.c: 35: PWMD23H = 0;
   185  07E1  018E               	clrf	14	;volatile
   186                           
   187                           ;SC8F577X_ADC.c: 36: PWM23DT = 0X03;
   188  07E2  3003               	movlw	3
   189  07E3  0090               	movwf	16	;volatile
   190                           
   191                           ;SC8F577X_ADC.c: 37: PWMCON0 = 0X1F;
   192  07E4  301F               	movlw	31
   193  07E5  0093               	movwf	19	;volatile
   194                           
   195                           ;SC8F577X_ADC.c: 38: TRISB= 0;
   196  07E6  1683               	bsf	3,5	;RP0=1, select bank1
   197  07E7  0186               	clrf	6	;volatile
   198  07E8                     l1243:	
   199                           
   200                           ;SC8F577X_ADC.c: 42: {
   201                           ;SC8F577X_ADC.c: 43: delaycnt++;
   202  07E8  0AF0               	incf	main@delaycnt,f
   203  07E9  1903               	skipnz
   204  07EA  0AF1               	incf	main@delaycnt+1,f
   205                           
   206                           ;SC8F577X_ADC.c: 44: if(delaycnt >2000)
   207  07EB  3007               	movlw	7
   208  07EC  0271               	subwf	main@delaycnt+1,w
   209  07ED  30D1               	movlw	209
   210  07EE  1903               	skipnz
   211  07EF  0270               	subwf	main@delaycnt,w
   212  07F0  1C03               	skipc
   213  07F1  2FE8               	goto	l1243
   214                           
   215                           ;SC8F577X_ADC.c: 45: {
   216                           ;SC8F577X_ADC.c: 46: delaycnt =0;
   217  07F2  01F0               	clrf	main@delaycnt
   218  07F3  01F1               	clrf	main@delaycnt+1
   219                           
   220                           ;SC8F577X_ADC.c: 47: PWMD2L++;
   221  07F4  1283               	bcf	3,5	;RP0=0, select bank0
   222  07F5  0A99               	incf	25,f	;volatile
   223                           
   224                           ;SC8F577X_ADC.c: 48: if( PWMD2L >=250)
   225  07F6  30FA               	movlw	250
   226  07F7  0219               	subwf	25,w	;volatile
   227  07F8  1C03               	skipc
   228  07F9  2FE8               	goto	l1243
   229                           
   230                           ;SC8F577X_ADC.c: 49: PWMD2L = 10;
   231  07FA  300A               	movlw	10
   232  07FB  0099               	movwf	25	;volatile
   233  07FC  2FE8               	goto	l1243
   234  07FD                     __end_of_main:	
   235                           
   236                           	psect	text1
   237  07C0                     __ptext1:	
   238 ;; *************** function _Init_System *****************
   239 ;; Defined at:
   240 ;;		line 65 in file "E:\CMS_WORK\democode\SC8F577X_DEMO\SC8F577X_PWM_Demo\SC8F577X_ADC.c"
   241 ;; Parameters:    Size  Location     Type
   242 ;;		None
   243 ;; Auto vars:     Size  Location     Type
   244 ;;		None
   245 ;; Return value:  Size  Location     Type
   246 ;;                  1    wreg      void 
   247 ;; Registers used:
   248 ;;		wreg, status,2
   249 ;; Tracked objects:
   250 ;;		On entry : B00/0
   251 ;;		On exit  : 300/0
   252 ;;		Unchanged: 0/0
   253 ;; Data sizes:     COMMON   BANK0   BANK1   BANK2
   254 ;;      Params:         0       0       0       0
   255 ;;      Locals:         0       0       0       0
   256 ;;      Temps:          0       0       0       0
   257 ;;      Totals:         0       0       0       0
   258 ;;Total ram usage:        0 bytes
   259 ;; Hardware stack levels used:    1
   260 ;; This function calls:
   261 ;;		Nothing
   262 ;; This function is called by:
   263 ;;		_main
   264 ;; This function uses a non-reentrant model
   265 ;;
   266                           
   267                           
   268                           ;psect for function _Init_System
   269  07C0                     _Init_System:	
   270                           
   271                           ;incstack = 0
   272                           ; Regs used in _Init_System: [wreg+status,2]
   273  07C0  0000               	nop	;# 
   274  07C1  0064               	clrwdt	;# 
   275                           
   276                           ;SC8F577X_ADC.c: 69: INTCON = 0;
   277  07C2  018B               	clrf	11	;volatile
   278                           
   279                           ;SC8F577X_ADC.c: 70: OSCCON = 0X70;
   280  07C3  3070               	movlw	112
   281  07C4  1683               	bsf	3,5	;RP0=1, select bank1
   282  07C5  1303               	bcf	3,6	;RP1=0, select bank1
   283  07C6  0088               	movwf	8	;volatile
   284                           
   285                           ;SC8F577X_ADC.c: 71: OPTION_REG = 0;
   286  07C7  0181               	clrf	1	;volatile
   287                           
   288                           ;SC8F577X_ADC.c: 73: TRISA = 0B00000000;
   289  07C8  0185               	clrf	5	;volatile
   290                           
   291                           ;SC8F577X_ADC.c: 74: TRISB = 0B00000000;
   292  07C9  0186               	clrf	6	;volatile
   293                           
   294                           ;SC8F577X_ADC.c: 77: PORTB = 0B00000000;
   295  07CA  1283               	bcf	3,5	;RP0=0, select bank0
   296  07CB  0186               	clrf	6	;volatile
   297  07CC  0008               	return
   298  07CD                     __end_of_Init_System:	
   299  007E                     btemp	set	126	;btemp
   300  007E                     wtemp0	set	126


Data Sizes:
    Strings     0
    Constant    0
    Data        0
    BSS         0
    Persistent  0
    Stack       0

Auto Spaces:
    Space          Size  Autos    Used
    COMMON           14      2       2
    BANK0            80      0       0
    BANK1            80      0       0
    BANK2            80      0       0

Pointer List with Targets:

    None.

Critical Paths under _main in COMMON

    None.

Critical Paths under _main in BANK0

    None.

Critical Paths under _main in BANK1

    None.

Critical Paths under _main in BANK2

    None.

Call Graph Tables:

 ---------------------------------------------------------------------------------
 (Depth) Function   	        Calls       Base Space   Used Autos Params    Refs
 ---------------------------------------------------------------------------------
 (0) _main                                                 3     3      0      15
                                              0 COMMON     2     2      0
                        _Init_System
 ---------------------------------------------------------------------------------
 (1) _Init_System                                          0     0      0       0
 ---------------------------------------------------------------------------------
 Estimated maximum stack depth 1
 ---------------------------------------------------------------------------------

 Call Graph Graphs:

 _main (ROOT)
   _Init_System

 Address spaces:
Name               Size   Autos  Total    Cost      Usage
BITCOMMON            E      0       0       0        0.0%
NULL                 0      0       0       0        0.0%
CODE                 0      0       0       0        0.0%
COMMON               E      2       2       1       14.3%
BITSFR0              0      0       0       1        0.0%
SFR0                 0      0       0       1        0.0%
BITSFR1              0      0       0       2        0.0%
SFR1                 0      0       0       2        0.0%
STACK                0      0       0       2        0.0%
BITBANK0            50      0       0       3        0.0%
BANK0               50      0       0       4        0.0%
BITSFR3              0      0       0       4        0.0%
SFR3                 0      0       0       4        0.0%
BITBANK1            50      0       0       5        0.0%
BITSFR2              0      0       0       5        0.0%
SFR2                 0      0       0       5        0.0%
BANK1               50      0       0       6        0.0%
BANK2               50      0       0       7        0.0%
ABS                  0      0       0       8        0.0%
DATA                 0      0       0       9        0.0%
BITBANK2            50      0       0      10        0.0%


Microchip Technology PIC Macro Assembler V1.45 build -152302408 
Symbol Table                                                                                   Tue Dec 10 17:20:42 2019

                   l1243 07E8                     _main 07CD                     btemp 007E  
                   start 0000             main@delaycnt 0070            ??_Init_System 0070  
                  ?_main 0070                    _PORTB 0006                    _TRISA 0085  
                  _TRISB 0086                    _PWMTH 0016                    _PWMTL 0015  
                  status 0003                    wtemp0 007E          __initialization 07FD  
           __end_of_main 07FD                   ??_main 0070      __end_of_Init_System 07CD  
                 _INTCON 000B                   _OSCCON 0088                   _PWMD0L 0017  
                 _PWMD1L 0018                   _PWMD2L 0019                   _PWMD3L 001A  
                 _PWMD4L 001B                   _PWM4TL 001E  __end_of__initialization 07FD  
         __pcstackCOMMON 0070              _Init_System 07C0               __pmaintext 07CD  
                _PWM23DT 0010                  _PWMD01H 001C                  _PWMD23H 000E  
                _PWMCON0 0013                  _PWMCON1 0014                  __ptext0 0000  
                __ptext1 07C0     end_of_initialization 07FD             ?_Init_System 0070  
    start_initialization 07FD                ___latbits 0001     __size_of_Init_System 000D  
          __size_of_main 0030               _OPTION_REG 0081  
