Warning[373]:	E:\project\project0508\scm\uf166fan\main.c	第93行	implicit signed to unsigned conversion
Warning[373]:	E:\project\project0508\scm\uf166fan\main.c	第94行	implicit signed to unsigned conversion
Warning[373]:	E:\project\project0508\scm\uf166fan\scankey.c	第4行	implicit signed to unsigned conversion
Warning[346]:	E:\project\project0508\scm\uf166fan\scankey.c	第13行	declaration of "key_read" hides outer declaration
Warning[346]:	E:\project\project0508\scm\uf166fan\scankey.c	第69行	declaration of "key_read" hides outer declaration
Warning[373]:	E:\project\project0508\scm\uf166fan\adc.c	第18行	implicit signed to unsigned conversion
Warning[373]:	E:\project\project0508\scm\uf166fan\adc.c	第30行	implicit signed to unsigned conversion
Warning[373]:	E:\project\project0508\scm\uf166fan\adc.c	第62行	implicit signed to unsigned conversion
Advisory[1510]	non-reentrant function "_Init_PWM" appears in multiple call graphs and has been duplicated by the compiler
Advisory[1510]	non-reentrant function "_Init_Config" appears in multiple call graphs and has been duplicated by the compiler
Advisory[1510]	non-reentrant function "_resetKey" appears in multiple call graphs and has been duplicated by the compiler
Advisory[1510]	non-reentrant function "_Init_System" appears in multiple call graphs and has been duplicated by the compiler
Advisory[1510]	non-reentrant function "_Init_GPIO" appears in multiple call graphs and has been duplicated by the compiler
Advisory[1510]	non-reentrant function "_Init_Interupt" appears in multiple call graphs and has been duplicated by the compiler
Warning[520]:	E:\project\project0508\scm\uf166fan\scankey.c	第66行	function "_key_read" is never called
Warning[1090]:	E:\project\project0508\scm\uf166fan\main.c	第93行	variable "setFanLevel@levelWidth" is not used
Warning[752]:	E:\project\project0508\scm\uf166fan\main.c	第46行	conversion to shorter data type
Warning[752]:	E:\project\project0508\scm\uf166fan\main.c	第83行	conversion to shorter data type
Warning[752]:	E:\project\project0508\scm\uf166fan\main.c	第94行	conversion to shorter data type
Warning[752]:	E:\project\project0508\scm\uf166fan\main.c	第146行	conversion to shorter data type
Warning[752]:	E:\project\project0508\scm\uf166fan\main.c	第149行	conversion to shorter data type
Warning[752]:	E:\project\project0508\scm\uf166fan\main.c	第180行	conversion to shorter data type
Warning[752]:	E:\project\project0508\scm\uf166fan\main.c	第182行	conversion to shorter data type
Warning[752]:	E:\project\project0508\scm\uf166fan\main.c	第183行	conversion to shorter data type
Warning[752]:	E:\project\project0508\scm\uf166fan\main.c	第185行	conversion to shorter data type
Warning[752]:	E:\project\project0508\scm\uf166fan\main.c	第188行	conversion to shorter data type
Warning[752]:	E:\project\project0508\scm\uf166fan\main.c	第190行	conversion to shorter data type
Warning[752]:	E:\project\project0508\scm\uf166fan\main.c	第191行	conversion to shorter data type
Warning[752]:	E:\project\project0508\scm\uf166fan\main.c	第192行	conversion to shorter data type
Warning[752]:	E:\project\project0508\scm\uf166fan\main.c	第198行	conversion to shorter data type
Warning[752]:	E:\project\project0508\scm\uf166fan\main.c	第199行	conversion to shorter data type
Warning[752]:	E:\project\project0508\scm\uf166fan\main.c	第201行	conversion to shorter data type
Warning[752]:	E:\project\project0508\scm\uf166fan\main.c	第202行	conversion to shorter data type
Warning[752]:	E:\project\project0508\scm\uf166fan\main.c	第206行	conversion to shorter data type
Warning[752]:	E:\project\project0508\scm\uf166fan\main.c	第207行	conversion to shorter data type
Warning[752]:	E:\project\project0508\scm\uf166fan\main.c	第208行	conversion to shorter data type
Warning[752]:	E:\project\project0508\scm\uf166fan\main.c	第217行	conversion to shorter data type
Warning[752]:	E:\project\project0508\scm\uf166fan\main.c	第218行	conversion to shorter data type
Warning[752]:	E:\project\project0508\scm\uf166fan\main.c	第219行	conversion to shorter data type
Warning[752]:	E:\project\project0508\scm\uf166fan\main.c	第260行	conversion to shorter data type
Warning[752]:	E:\project\project0508\scm\uf166fan\adc.c	第18行	conversion to shorter data type
Warning[752]:	E:\project\project0508\scm\uf166fan\adc.c	第48行	conversion to shorter data type
Warning[752]:	E:\project\project0508\scm\uf166fan\adc.c	第62行	conversion to shorter data type

Memory Summary:
    Program space        used   3B5h (   949) of   800h words   ( 46.3%)
    Data space           used    41h (    65) of    A0h bytes   ( 40.6%)
    EEPROM space         None available
    Data stack space     used     0h (     0) of    50h bytes   (  0.0%)
    Configuration bits   used     0h (     0) of     2h words   (  0.0%)
    ID Location space    used     0h (     0) of     4h bytes   (  0.0%)

