Warning[1090]:	C:\mcuproject\scm\zdt\D220_062B_SOP16\main.c	第77行	variable "_count900s" is not used
Warning[1090]:	C:\mcuproject\scm\zdt\D220_062B_SOP16\main.c	第73行	variable "_count5s" is not used
Warning[1090]:	C:\mcuproject\scm\zdt\D220_062B_SOP16\main.c	第85行	variable "_prejrStep" is not used
Warning[1090]:	C:\mcuproject\scm\zdt\D220_062B_SOP16\main.c	第84行	variable "_preWorkStep" is not used
Warning[1090]:	C:\mcuproject\scm\zdt\D220_062B_SOP16\main.c	第83行	variable "_jrStep" is not used
Warning[1090]:	C:\mcuproject\scm\zdt\D220_062B_SOP16\main.c	第82行	variable "_geweiNum" is not used
Warning[1090]:	C:\mcuproject\scm\zdt\D220_062B_SOP16\main.c	第81行	variable "_shiweiNum" is not used
Warning[1090]:	C:\mcuproject\scm\zdt\D220_062B_SOP16\main.c	第80行	variable "_startChrgTime" is not used
Warning[1090]:	C:\mcuproject\scm\zdt\D220_062B_SOP16\main.c	第75行	variable "_preLedStep" is not used
Warning[1090]:	C:\mcuproject\scm\zdt\D220_062B_SOP16\main.c	第72行	variable "_ledCntTime" is not used
Warning[1090]:	C:\mcuproject\scm\zdt\D220_062B_SOP16\main.c	第55行	variable "_tempDuty" is not used
Warning[1090]:	C:\mcuproject\scm\zdt\D220_062B_SOP16\main.c	第54行	variable "_addPowerCount" is not used
Warning[1090]:	C:\mcuproject\scm\zdt\D220_062B_SOP16\main.c	第53行	variable "_overCount" is not used
Warning[1090]:	C:\mcuproject\scm\zdt\D220_062B_SOP16\main.c	第52行	variable "_maxDuty" is not used
Warning[1090]:	C:\mcuproject\scm\zdt\D220_062B_SOP16\main.c	第51行	variable "_longPressFlag2" is not used
Warning[1090]:	C:\mcuproject\scm\zdt\D220_062B_SOP16\main.c	第46行	variable "_ledStep" is not used
Warning[1090]:	C:\mcuproject\scm\zdt\D220_062B_SOP16\main.c	第45行	variable "_ledCnt" is not used
Warning[1090]:	C:\mcuproject\scm\zdt\D220_062B_SOP16\main.c	第43行	variable "_workOverOutTime" is not used
Warning[759]:	C:\mcuproject\scm\zdt\D220_062B_SOP16\main.c	第178行	expression generates no code
Warning[759]:	C:\mcuproject\scm\zdt\D220_062B_SOP16\main.c	第325行	expression generates no code

Memory Summary:
    Program space        used   4F0h (  1264) of   800h words   ( 61.7%)
    Data space           used    51h (    81) of    A0h bytes   ( 50.6%)
    EEPROM space         None available
    Data stack space     used     0h (     0) of    50h bytes   (  0.0%)
    Configuration bits   used     0h (     0) of     2h words   (  0.0%)
    ID Location space    used     0h (     0) of     4h bytes   (  0.0%)

