Warning[373]:	C:\mcuproject\scm\zdt\D252_8F083_tssop20_\D252_8F083_tssop20_\main.c	第506行	implicit signed to unsigned conversion
Warning[373]:	C:\mcuproject\scm\zdt\D252_8F083_tssop20_\D252_8F083_tssop20_\main.c	第507行	implicit signed to unsigned conversion
Warning[373]:	C:\mcuproject\scm\zdt\D252_8F083_tssop20_\D252_8F083_tssop20_\main.c	第514行	implicit signed to unsigned conversion
Warning[373]:	C:\mcuproject\scm\zdt\D252_8F083_tssop20_\D252_8F083_tssop20_\main.c	第521行	implicit signed to unsigned conversion
Warning[373]:	C:\mcuproject\scm\zdt\D252_8F083_tssop20_\D252_8F083_tssop20_\main.c	第553行	implicit signed to unsigned conversion
Warning[373]:	C:\mcuproject\scm\zdt\D252_8F083_tssop20_\D252_8F083_tssop20_\main.c	第928行	implicit signed to unsigned conversion
Warning[373]:	C:\mcuproject\scm\zdt\D252_8F083_tssop20_\D252_8F083_tssop20_\main.c	第972行	implicit signed to unsigned conversion
Warning[373]:	C:\mcuproject\scm\zdt\D252_8F083_tssop20_\D252_8F083_tssop20_\main.c	第987行	implicit signed to unsigned conversion
Warning[520]:	C:\mcuproject\scm\zdt\D252_8F083_tssop20_\D252_8F083_tssop20_\main.c	第115行	function "_Refurbish_Sfr" is never called
Warning[520]:	C:\mcuproject\scm\zdt\D252_8F083_tssop20_\D252_8F083_tssop20_\main.c	第310行	function "_checkOutA" is never called
Warning[520]:	C:\mcuproject\scm\zdt\D252_8F083_tssop20_\D252_8F083_tssop20_\number.c	第284行	function "_DelayMs" is never called
Warning[520]:	C:\mcuproject\scm\zdt\D252_8F083_tssop20_\D252_8F083_tssop20_\number.c	第301行	function "_DelayS" is never called
Warning[1090]:	C:\mcuproject\scm\zdt\D252_8F083_tssop20_\D252_8F083_tssop20_\main.c	第56行	variable "_R_AIN6_DATA" is not used
Warning[1090]:	C:\mcuproject\scm\zdt\D252_8F083_tssop20_\D252_8F083_tssop20_\main.c	第17行	variable "_R_AIN2_DATA" is not used
Warning[1090]:	C:\mcuproject\scm\zdt\D252_8F083_tssop20_\D252_8F083_tssop20_\main.c	第15行	variable "_R_AIN4_DATA" is not used
Warning[1090]:	C:\mcuproject\scm\zdt\D252_8F083_tssop20_\D252_8F083_tssop20_\main.c	第57行	variable "_overTime" is not used
Warning[1090]:	C:\mcuproject\scm\zdt\D252_8F083_tssop20_\D252_8F083_tssop20_\main.c	第50行	variable "_keyNum" is not used
Warning[1090]:	C:\mcuproject\scm\zdt\D252_8F083_tssop20_\D252_8F083_tssop20_\main.c	第47行	variable "_checkNTCTime" is not used
Warning[1090]:	C:\mcuproject\scm\zdt\D252_8F083_tssop20_\D252_8F083_tssop20_\main.c	第32行	variable "_chrgLedStepTime" is not used
Warning[1090]:	C:\mcuproject\scm\zdt\D252_8F083_tssop20_\D252_8F083_tssop20_\main.c	第24行	variable "_count900s" is not used
Warning[1090]:	C:\mcuproject\scm\zdt\D252_8F083_tssop20_\D252_8F083_tssop20_\main.c	第19行	variable "_intCount" is not used
Warning[1090]:	C:\mcuproject\scm\zdt\D252_8F083_tssop20_\D252_8F083_tssop20_\main.c	第18行	variable "_R_AIN2_DATA_LB" is not used
Warning[1090]:	C:\mcuproject\scm\zdt\D252_8F083_tssop20_\D252_8F083_tssop20_\main.c	第16行	variable "_R_AIN4_DATA_LB" is not used
Warning[752]:	C:\mcuproject\scm\zdt\D252_8F083_tssop20_\D252_8F083_tssop20_\main.c	第261行	conversion to shorter data type
Warning[752]:	C:\mcuproject\scm\zdt\D252_8F083_tssop20_\D252_8F083_tssop20_\main.c	第297行	conversion to shorter data type
Warning[752]:	C:\mcuproject\scm\zdt\D252_8F083_tssop20_\D252_8F083_tssop20_\main.c	第345行	conversion to shorter data type
Warning[752]:	C:\mcuproject\scm\zdt\D252_8F083_tssop20_\D252_8F083_tssop20_\main.c	第350行	conversion to shorter data type
Warning[752]:	C:\mcuproject\scm\zdt\D252_8F083_tssop20_\D252_8F083_tssop20_\main.c	第355行	conversion to shorter data type
Warning[752]:	C:\mcuproject\scm\zdt\D252_8F083_tssop20_\D252_8F083_tssop20_\main.c	第360行	conversion to shorter data type
Warning[752]:	C:\mcuproject\scm\zdt\D252_8F083_tssop20_\D252_8F083_tssop20_\main.c	第365行	conversion to shorter data type
Warning[752]:	C:\mcuproject\scm\zdt\D252_8F083_tssop20_\D252_8F083_tssop20_\main.c	第370行	conversion to shorter data type
Warning[752]:	C:\mcuproject\scm\zdt\D252_8F083_tssop20_\D252_8F083_tssop20_\main.c	第375行	conversion to shorter data type
Warning[752]:	C:\mcuproject\scm\zdt\D252_8F083_tssop20_\D252_8F083_tssop20_\main.c	第379行	conversion to shorter data type
Warning[752]:	C:\mcuproject\scm\zdt\D252_8F083_tssop20_\D252_8F083_tssop20_\main.c	第383行	conversion to shorter data type
Warning[752]:	C:\mcuproject\scm\zdt\D252_8F083_tssop20_\D252_8F083_tssop20_\main.c	第387行	conversion to shorter data type
Warning[752]:	C:\mcuproject\scm\zdt\D252_8F083_tssop20_\D252_8F083_tssop20_\main.c	第553行	conversion to shorter data type
Warning[752]:	C:\mcuproject\scm\zdt\D252_8F083_tssop20_\D252_8F083_tssop20_\main.c	第928行	conversion to shorter data type
Warning[752]:	C:\mcuproject\scm\zdt\D252_8F083_tssop20_\D252_8F083_tssop20_\main.c	第972行	conversion to shorter data type
Warning[752]:	C:\mcuproject\scm\zdt\D252_8F083_tssop20_\D252_8F083_tssop20_\main.c	第987行	conversion to shorter data type

Memory Summary:
    Program space        used   785h (  1925) of  1000h words   ( 47.0%)
    Data space           used    4Dh (    77) of    F0h bytes   ( 32.1%)
    EEPROM space         None available
    Data stack space     used     0h (     0) of    50h bytes   (  0.0%)
    Configuration bits   used     0h (     0) of     2h words   (  0.0%)
    ID Location space    used     0h (     0) of     4h bytes   (  0.0%)

