

Microchip Technology PIC Macro Assembler V1.45 build -152302408 
                                                                                                           Tue Aug 22 14:47:32 2023


     1                           
     2                           	; Microchip MPLAB XC8 C Compiler V1.45
     3                           	; Copyright (C) 1984-2017 HI-TECH Software
     4                           
     5                           	; Auto-generated runtime startup code for final link stage.
     6                           
     7                           	;
     8                           	; Compiler options:
     9                           	;
    10                           	; -oCMS-TPWHQ-ZPGS.cof -mCMS-TPWHQ-ZPGS.map \
    11                           	; --summary=default,-psect,-class --fill=0xFFFF --output=intel delay.p1 \
    12                           	; Eeprom.p1 main.p1 iic_soft.p1 WHQ_Sender.p1 \
    13                           	; C:\mcuproject\scm\xfx\追频+干烧检水-24V2.4M(0818-A)\追频+干烧检水-24V2.4M(0822)\追频+干烧检水-24V
                                 2.4M\WHQ_TP_ZPGS_V1.2.lpp \
    14                           	; --chip=79F5135 -P --runtime=default, \
    15                           	; --opt=-local,-asmfile,+asm,-speed,+space,-debug -E+cmscerr.err \
    16                           	; -D__DEBUG=1 -g --asmlist --warn=-9 --stack=compiled:auto:auto:auto \
    17                           	; --addrqual=request --mode=pro --errformat=Error[%n]:	%f	第%l行	%s \
    18                           	; --msgformat=Advisory[%n]	%s --warnformat=Warning[%n]:	%f	第%l行	%s
    19                           	;
    20                           
    21                           
    22                           	processor	79F5135
    23                           
    24                           	global	_main,start,reset_vec
    25                           	fnroot	_main
    26                           	psect	config,class=CONFIG,delta=2,noexec
    27                           	psect	idloc,class=IDLOC,delta=2,noexec
    28                           	psect	code,class=CODE,delta=2
    29                           	psect	powerup,class=CODE,delta=2
    30                           	psect	reset_vec,class=CODE,delta=2
    31                           	psect	maintext,class=CODE,delta=2
    32  0000                     	Z	set	2
    33  0002                     	PCL	set	2
    34  0002                     	INDF	set	0
    35  0000                     
    36                           	STATUS	equ	3
    37  0003                     	PCLATH	equ	0Ah
    38  000A                     
    39                           	psect	eeprom_data,class=EEDATA,delta=2,space=3,noexec
    40                           	psect	intentry,class=CODE,delta=2
    41                           	psect	functab,class=ENTRY,delta=2
    42                           	global	intlevel0,intlevel1,intlevel2, intlevel3, intlevel4, intlevel5
    43                           intlevel0:
    44  0000                     intlevel1:
    45  0000                     intlevel2:
    46  0000                     intlevel3:
    47  0000                     intlevel4:
    48  0000                     intlevel5:
    49  0000                     	psect	init,class=CODE,delta=2
    50                           	psect	cinit,class=CODE,delta=2
    51                           	psect	text,class=CODE,delta=2
    52                           	psect	end_init,class=CODE,delta=2
    53                           	psect	clrtext,class=CODE,delta=2
    54                           	FSR	set	4
    55  0004                     	psect	strings,class=CODE,delta=2,reloc=256
    56                           
    57                           	global stacklo, stackhi
    58                           	stacklo	equ	0
    59  0000                     	stackhi	equ	0
    60  0000                     
    61                           
    62                           	psect	stack,class=STACK,space=2,noexec
    63                           	global ___sp,___int_sp
    64                           	___sp:
    65  0000                     	___int_sp:
    66  0000                     	psect	reset_vec
    67                           reset_vec:
    68  0000                     	; No powerup routine
    69                           	global start
    70                           
    71                           ; jump to start
    72                           	goto	start & 0x7FF | (reset_vec & not 0x7FF)
    73  0000  118A  280D         
    74                           
    75                           
    76                           	psect	init
    77                           start
    78  000D                     	psect	end_init
    79                           	global start_initialization
    80                           	ljmp start_initialization	;jump to C runtime clear & initialization
    81  000D  118A  280F         


Microchip Technology PIC Macro Assembler V1.45 build -152302408 
Symbol Table                                                                                               Tue Aug 22 14:47:32 2023

               ___sp 0000                 _main 057A                 start 000D               stackhi 0000  
             stacklo 0000  start_initialization 000F             ___int_sp 0000             intlevel0 0000  
           intlevel1 0000             intlevel2 0000             intlevel3 0000             intlevel4 0000  
           intlevel5 0000             reset_vec 0000  
