---- E:\ZW PROJECT\DEMO程序\模板\79F系列_Demo(C语言)\CMS79F123程序（C版）\External_Int_Demo\INT_Interrupt_Demo.c ----------------------------------------------------------------------
1:                /*-------------------------------------------
2:                功能：INT外部中断演示
3:                版本：V1.0
4:                日期：2020.06.20 
5:                
6:                *本程序由 中微半导体 &应用支持部& 编写整理
7:                *公司网址 www.mcu.com.cn
8:                *技术支持QQ 3001082102  罗工
9:                            3001030138	莫工
10:               -------------------------------------------*/
11:               
12:               #include <cms.h>
13:               
14:               
15:               void main()
16:               {
17:               	asm("nop");
18:               	asm("clrwdt");
19:               	
20:               	OSCCON = 0x71;			//内部振荡器用作系统时钟
  0012    3071    LDIA	0x71
  0013    1683    SETB	0x3,5
  0014    1303    CLRB	0x3,6
  0015    008F    LD	0xF,A
21:               	OPTION_REG = 0;			//预分频寄存器设置		
  0016    0181    CLR	0x1
22:               
23:               //---------------------------------------	
24:               	WPUA = 0B00100000;		//使能上拉，使RA5为高
  0017    3020    LDIA	0x20
  0018    1703    SETB	0x3,6
  0019    008E    LD	0xE,A
25:               	TRISA = 0B00100000;		//设置RA5的IO口为输入
  001A    1303    CLRB	0x3,6
  001B    0085    LD	0x5,A
26:               	INTEDG = 0;				//INT引脚下降沿触发
  001C    1301    CLRB	0x1,6
27:               	INTCON = 0x90;			//允许所有未被屏蔽的中断、禁止外设中断，使能INT外部中断
  001D    3090    LDIA	0x90
  001E    008B    LD	0xB,A
28:               //---------------------------------------		
29:               
30:               	while(1)			
  001F    0064    CLRWDT
  0020    281F    JP	0x1F
31:               	{
32:               		asm("clrwdt");
33:               	}
34:               }
35:               
36:               
37:               /***********************************************
38:               函数名称：INT_Isr
39:               函数功能：INT中断服务
40:               入口参数：无
41:               出口参数：无
42:               备注：
43:               ************************************************/
44:               void interrupt INT_Isr()
45:               {
46:               	if(INTF)
  0021    188B    SZB	0xB,1
47:               	{
48:               		INTF = 0;			//清中断标志
  0022    108B    CLRB	0xB,1
  0023    0871    LD	A,0x71
  0024    008A    LD	0xA,A
  0025    0E70    SWAPA	0x70
  0026    0083    LD	0x3,A
  0027    0EFE    SWAPR	0x7E
  0028    0E7E    SWAPA	0x7E
  0029    0009    RETI
49:               		
50:               	}
51:               }
---- stringtab ------------------------------------------------------------------
---- reset_enter ------------------------------------------------------------------
  0000    118A    CLRB	0xA,3
  0001    280B    JP	0xB
  000B    118A    CLRB	0xA,3
  000C    280D    JP	0xD
---- start_initialization ------------------------------------------------------------------
---- interrupt_function_enter ----------------------------------------------------------
  0004    00FE    LD	0x7E,A
  0005    0E03    SWAPA	0x3
  0006    00F0    LD	0x70,A
  0007    080A    LD	A,0xA
  0008    00F1    LD	0x71,A
  0009    118A    CLRB	0xA,3
  000A    2821    JP	0x21
---- common_function ------------------------------------------------------------------
  000D    0183    CLR	0x3
  000E    118A    CLRB	0xA,3
  000F    2810    JP	0x10
  0010    0000    NOP
  0011    0064    CLRWDT
