C51 COMPILER V9.56.0.0   TIMER0                                                            04/26/2020 10:58:53 PAGE 1   


C51 COMPILER V9.56.0.0, COMPILATION OF MODULE TIMER0
OBJECT MODULE PLACED IN .\Objects\Timer0.obj
COMPILER INVOKED BY: C:\Keil\C51\BIN\C51.EXE Timer0.c OMF2 OPTIMIZE(8,SPEED) BROWSE DEBUG PRINT(.\Listings\Timer0.lst) T
                    -ABS(2) OBJECT(.\Objects\Timer0.obj)

line level    source

   1          //*****************************************************************************************//
   2          //**********************************VER 1.0 data:20190524**********************************//
   3          //**********************************    author : fred    **********************************//
   4          //********************************** timer0  demo code   **********************************//
   5          //********************************** reference the note  **********************************//
   6          //*****************************************************************************************//
   7          
   8          #include <CMS/CMS8S5880.H>
   9          
  10          //***********define constant*********//
  11          
  12          #define   MAIN_CLOCK_FREQ   16000000uL    //unit:Hz
  13          #define   TM0_OF_us     6000      //timer0 overflow times unit:us
  14          #define   divider       4
  15          #define   TM_value      (65535-(TM0_OF_us*(MAIN_CLOCK_FREQ/(4*1000000))))
  16          
  17          //*******************variable*********************//
  18          
  19          
  20          //*******************initial*********************//
  21          
  22          void Timer0_init();               //
  23          void INT_init();                //interrupt initial
  24          void Timer0_INT();                //toggle watch IO
  25          
  26          //*******************MAIN*********************//
  27          
  28          void main()
  29          {
  30   1        
  31   1        P1TRIS    |=  0x20;           //P15 setting output
  32   1        
  33   1        P1TRIS    |=  0x10;
  34   1        P14CFG=0x05;
  35   1        
  36   1        Timer0_init();                //timer0 initinal
  37   1        INT_init();                 //interrupt initinal
  38   1        
  39   1        while(1)                  //main loop
  40   1        {
  41   2          clrwdt();
  42   2        }
  43   1        
  44   1      }
  45          /*************************************************
  46          function name: Timer0_init()
  47          function work: initial the timer0 overflow time
  48          input data   : the constant define the fsys and the overflow time
  49          output data  : null
  50          note     : setting the timer0 
  51          *************************************************/
  52          void Timer0_init()                //T_overflow unit:us 16 bit timer mode
  53          {
  54   1      
C51 COMPILER V9.56.0.0   TIMER0                                                            04/26/2020 10:58:53 PAGE 2   

  55   1        TMOD    |=  0x01;
  56   1        
  57   1        //timer1 for bit7~4
  58   1        //bit7 gatebit 1:enable 0:disable
  59   1        //bit6 timer/counter 0:timer 1:counter
  60   1        //bit5~4 00:mode0 13bit timer/counter 01:mode1 16bit timer/counter 
  61   1        //     01:mode2 8bit aoto reload timer/counter mode3:stop counter
  62   1        
  63   1        //timer0 for bit3~0
  64   1        //bit3 gatebit 1:enable 0:disable
  65   1        //bit2 timer/counter 0:timer 1:counter
  66   1        //bit1~0 00:mode0 13bit timer/counter 01:mode1 16bit timer/counter 
  67   1        //     10:mode2 8bit aoto reload timer/counter mode3:independent timer/counter
  68   1        
  69   1        CKCON   |=  0x08;
  70   1        
  71   1        //bit7~6 WDT overflow time 00:2^17*tsys 01:2^20*tsys 10:2^23*tsys 11:2^26*tsys
  72   1        //bit4:timer1 clocksource 0:fsys/12 1:fsys/4
  73   1        //bit3:timer0 clocksource 0:fsys/12 1:fsys/4
  74   1      
  75   1      
  76   1        //initial value for 16bit counter
  77   1        
  78   1        TH0     = TM_value/256;
  79   1        TL0     = TM_value;
  80   1        
  81   1        TCON    |=  0x10;
  82   1        
  83   1        //bit7 flag 0:timer1 not overflow 1:timer1 over flow 
  84   1        //bit6 0:timer1 disable 1:timer1 enable
  85   1        //bit5 flag 0:timer0 not overflow 1:timer0 over flow 
  86   1        //bit4 0:timer0 disable 1:timer0 enable
  87   1        //bit3~0 is for external pin interrupt
  88   1        
  89   1      }
  90          /*************************************************
  91          function name: INT_init()
  92          function work: initial the INT function
  93          input data   : null
  94          output data  : null
  95          note     : setting the interrupt function
  96          *************************************************/
  97          void INT_init()                 //intterrupt initinal
  98          {
  99   1        IE    = 0x02;
 100   1        
 101   1      //Bit7  EA  Global interrupt enable bit 0:disable 1:enable
 102   1      //Bit6  ES1 UART1 interrupt enable bit  0:disable 1:enable
 103   1      //Bit5  ET2 Timer2 global interrupt enable bit  0:disable 1:enable
 104   1      //Bit4  ES0 UART0 interrupt enable bit  0:disable 1:enable
 105   1      //Bit3  ET1 Timer1 interrupt enable bit  0:disable 1:enable
 106   1      //Bit2  EX1 INT1 interrupt enable bit  0:disable 1:enable
 107   1      //Bit1  ET0 Timer0 interrupt enable bit  0:disable 1:enable
 108   1      //Bit0  EX0 INT0 interrupt enable bit  0:disable 1:enable
 109   1      
 110   1        IP    = 0x00;
 111   1        
 112   1      //Bit6  PS1   UART1 interrupt priority control bit 0:high priority 1:low priority
 113   1      //Bit5  PT2   Timer2 interrupt priority control bit 0:high priority 1:low priority
 114   1      //Bit4  PS0   UART0 interrupt priority control bit 0:high priority 1:low priority
 115   1      //Bit3  PT1   Timer1 interrupt priority control bit 0:high priority 1:low priority
 116   1      //Bit2  PX1   INT1 interrupt priority control bit 0:high priority 1:low priority
C51 COMPILER V9.56.0.0   TIMER0                                                            04/26/2020 10:58:53 PAGE 3   

 117   1      //Bit1  PT0   Timer0 interrupt priority control bit 0:high priority 1:low priority
 118   1      //Bit0  PX0   INT0 interrupt priority control bit 0:high priority 1:low priority
 119   1      
 120   1        EA    = 1;    //Bit7  EA  Global interrupt enable bit 0:disable 1:enable
 121   1        
 122   1      }
 123          
 124          /*************************************************
 125          function name: Timer0_INT()
 126          function work: timer0 INT function
 127          input data   : null
 128          output data  : null
 129          note     : watch the P15 toggle and measure pulse is the overflow time
 130          *************************************************/
 131          void Timer0_INT() interrupt TIMER0_VECTOR
 132          {
 133   1      
 134   1        TH0     = TM_value/256;
 135   1        TL0     = TM_value;
 136   1        
 137   1        P1_5    = ~P1_5;            //watch IO
 138   1      }


MODULE INFORMATION:   STATIC OVERLAYABLE
   CODE SIZE        =     66    ----
   CONSTANT SIZE    =   ----    ----
   XDATA SIZE       =   ----    ----
   PDATA SIZE       =   ----    ----
   DATA SIZE        =   ----    ----
   IDATA SIZE       =   ----    ----
   BIT SIZE         =   ----    ----
   EDATA SIZE       =   ----    ----
   HDATA SIZE       =   ----    ----
   XDATA CONST SIZE =   ----    ----
   FAR CONST SIZE   =   ----    ----
END OF MODULE INFORMATION.


C51 COMPILATION COMPLETE.  0 WARNING(S),  0 ERROR(S)
