Warning[373]:	C:\mcuproject\scm\荧光剂检测\adc.c	第18行	implicit signed to unsigned conversion
Warning[373]:	C:\mcuproject\scm\荧光剂检测\adc.c	第30行	implicit signed to unsigned conversion
Warning[373]:	C:\mcuproject\scm\荧光剂检测\adc.c	第62行	implicit signed to unsigned conversion
Warning[520]:	C:\mcuproject\scm\荧光剂检测\main.c	第90行	function "_Sleep_Mode" is never called
Warning[520]:	C:\mcuproject\scm\荧光剂检测\adc.c	第11行	function "_ADC_Sample" is never called
Warning[520]:	C:\mcuproject\scm\荧光剂检测\adc.c	第93行	function "_readVrefADC" is never called
Warning[520]:	C:\mcuproject\scm\荧光剂检测\number.c	第5行	function "_showNubShiwei" is never called
Warning[520]:	C:\mcuproject\scm\荧光剂检测\number.c	第17行	function "_showNubShiwei2" is never called
Warning[520]:	C:\mcuproject\scm\荧光剂检测\number.c	第45行	function "_showNubGewei" is never called
Warning[520]:	C:\mcuproject\scm\荧光剂检测\number.c	第57行	function "_showNubGewei2" is never called
Warning[520]:	C:\mcuproject\scm\荧光剂检测\number.c	第86行	function "_showBaiwei" is never called
Warning[520]:	C:\mcuproject\scm\荧光剂检测\number.c	第93行	function "_B1" is never called
Warning[520]:	C:\mcuproject\scm\荧光剂检测\number.c	第98行	function "_C1" is never called
Warning[520]:	C:\mcuproject\scm\荧光剂检测\number.c	第103行	function "_A2" is never called
Warning[520]:	C:\mcuproject\scm\荧光剂检测\number.c	第108行	function "_B2" is never called
Warning[520]:	C:\mcuproject\scm\荧光剂检测\number.c	第113行	function "_C2" is never called
Warning[520]:	C:\mcuproject\scm\荧光剂检测\number.c	第118行	function "_D2" is never called
Warning[520]:	C:\mcuproject\scm\荧光剂检测\number.c	第123行	function "_E2" is never called
Warning[520]:	C:\mcuproject\scm\荧光剂检测\number.c	第128行	function "_F2" is never called
Warning[520]:	C:\mcuproject\scm\荧光剂检测\number.c	第133行	function "_G2" is never called
Warning[520]:	C:\mcuproject\scm\荧光剂检测\number.c	第138行	function "_A3" is never called
Warning[520]:	C:\mcuproject\scm\荧光剂检测\number.c	第143行	function "_B3" is never called
Warning[520]:	C:\mcuproject\scm\荧光剂检测\number.c	第148行	function "_C3" is never called
Warning[520]:	C:\mcuproject\scm\荧光剂检测\number.c	第153行	function "_D3" is never called
Warning[520]:	C:\mcuproject\scm\荧光剂检测\number.c	第158行	function "_E3" is never called
Warning[520]:	C:\mcuproject\scm\荧光剂检测\number.c	第163行	function "_F3" is never called
Warning[520]:	C:\mcuproject\scm\荧光剂检测\number.c	第168行	function "_G3" is never called
Warning[520]:	C:\mcuproject\scm\荧光剂检测\number.c	第174行	function "_showNub" is never called
Warning[520]:	C:\mcuproject\scm\荧光剂检测\number.c	第188行	function "_setHightOutput" is never called
Warning[520]:	C:\mcuproject\scm\荧光剂检测\number.c	第232行	function "_setlowOutput" is never called
Warning[520]:	C:\mcuproject\scm\荧光剂检测\number.c	第276行	function "_setOutput" is never called
Warning[520]:	C:\mcuproject\scm\荧光剂检测\number.c	第320行	function "_setInput" is never called
Warning[520]:	C:\mcuproject\scm\荧光剂检测\number.c	第325行	function "_delayms" is never called
Warning[1090]:	C:\mcuproject\scm\荧光剂检测\main.c	第9行	variable "_numArray" is not used
Warning[752]:	C:\mcuproject\scm\荧光剂检测\adc.c	第62行	conversion to shorter data type

Memory Summary:
    Program space        used   101h (   257) of   800h words   ( 12.5%)
    Data space           used    15h (    21) of    A0h bytes   ( 13.1%)
    EEPROM space         None available
    Data stack space     used     0h (     0) of    50h bytes   (  0.0%)
    Configuration bits   used     0h (     0) of     2h words   (  0.0%)
    ID Location space    used     0h (     0) of     4h bytes   (  0.0%)

