---- H:\MyDownloads\说明书&测试报告\开发包\SC8P171XE开发包\SC8P171XE_C_demo\SC8P171XE_IO\SC8P171XE_IO.c ----------------------------------------------------------------------
1:                /*-------------------------------------------
2:                功能：IO输入输出演示
3:                版本：V1.0
4:                日期：2021.01.05 
5:                
6:                *本程序由 中微半导体 &应用支持部& 编写整理
7:                *公司网址 www.mcu.com.cn
8:                *
9:                -------------------------------------------*/
10:               
11:               #include <sc.h>					//芯片头文件，会根据工程选项自动寻找对应型号头文件
12:               
13:               #define		Pout	RA2				//定义RA2口 取名Pout
14:               #define 	Pin0	RA0				//定义RA0口 取名Pin0
15:               #define 	Pin1	RA1				//定义RA1口 取名Pin1
16:               
17:               void main(void)
  07E1    0000    NOP
  07E2    0064    CLRWDT
18:               {
19:               	asm("nop");
20:               	asm("clrwdt");
21:               	
22:               	OPTION_REG =0;					//预分频给TMR0  
  07E3    1683    SETB	0x3,5
  07E4    0181    CLR	0x1
23:               	OSCCON = 0X70;					//内部振荡器Fosc/1
  07E5    3070    LDIA	0x70
  07E6    008F    LD	0xF,A
24:               	
25:               	WPUA = 0B00000011;				//配置上拉，1为使能上拉
  07E7    3003    LDIA	0x3
  07E8    1283    CLRB	0x3,5
  07E9    0087    LD	0x7,A
26:               	WPUB = 0B00000000;
  07EA    1683    SETB	0x3,5
  07EB    0195    CLR	0x15
27:               	
28:               	TRISA = 0B00000011;				//配置IO状态，0为输出，1为输入
  07EC    0085    LD	0x5,A
29:               	TRISB = 0B00000000;
  07ED    0186    CLR	0x6
30:               	
31:               	ANSEL = 0B00000000;			//都为数字功能口
  07EE    0193    CLR	0x13
32:               	ANSELH = 0B00000000;
  07EF    0194    CLR	0x14
33:               	
34:               	while(1)
  07F0    0064    CLRWDT
35:               	{
36:               		asm("clrwdt");
37:               		
38:               		if(Pin0)
  07F1    1283    CLRB	0x3,5
  07F2    1C05    SNZB	0x5,0
  07F3    2FF7    JP	0x7F7
39:               			PORTB ^= 0xff;			//B口整体翻转
  07F4    30FF    LDIA	0xFF
  07F5    0686    XORR	0x6
  07F6    2FF8    JP	0x7F8
40:               		else
41:               			PORTB =0;
  07F7    0186    CLR	0x6
42:               			
43:               		if(Pin1)					
  07F8    1C85    SNZB	0x5,1
  07F9    2FFC    JP	0x7FC
44:               			Pout =1;
  07FA    1505    SETB	0x5,2
  07FB    2FF0    JP	0x7F0
45:               		else
46:               			Pout =0;			
  07FC    1105    CLRB	0x5,2
  07FD    2FF0    JP	0x7F0
47:               	}
48:               }
---- stringtab ------------------------------------------------------------------
---- reset_enter ------------------------------------------------------------------
  0000    2FFE    JP	0x7FE
---- start_initialization ------------------------------------------------------------------
---- interrupt_function_enter ----------------------------------------------------------
---- common_function ------------------------------------------------------------------
  07FE    0183    CLR	0x3
