Warning[520]:	C:\mcuproject\scm\台灯雾化器\main.c	第62行	function "_Refurbish_Sfr" is never called
Warning[520]:	C:\mcuproject\scm\台灯雾化器\main.c	第74行	function "_startPWM" is never called
Warning[520]:	C:\mcuproject\scm\台灯雾化器\adc.c	第39行	function "_ADC_Result" is never called
Warning[520]:	C:\mcuproject\scm\台灯雾化器\adc.c	第65行	function "_DelayXms" is never called
Warning[520]:	C:\mcuproject\scm\台灯雾化器\adc.c	第73行	function "_readVrefADC" is never called
Warning[1090]:	C:\mcuproject\scm\台灯雾化器\main.c	第16行	variable "_pwm1Step" is not used
Warning[1090]:	C:\mcuproject\scm\台灯雾化器\main.c	第15行	variable "_pwm0Step" is not used
Warning[1090]:	C:\mcuproject\scm\台灯雾化器\main.c	第17行	variable "_timeCount" is not used
Warning[1090]:	C:\mcuproject\scm\台灯雾化器\main.c	第14行	variable "_checkCount" is not used
Warning[1090]:	C:\mcuproject\scm\台灯雾化器\main.c	第13行	variable "_revZeroCount" is not used
Warning[1090]:	C:\mcuproject\scm\台灯雾化器\main.c	第12行	variable "_revCount" is not used
Warning[1090]:	C:\mcuproject\scm\台灯雾化器\main.c	第220行	variable "main@av" is not used
Warning[1090]:	C:\mcuproject\scm\台灯雾化器\adc.c	第14行	variable "ADC_Sample@adsum" is not used
Warning[1090]:	C:\mcuproject\scm\台灯雾化器\adc.c	第15行	variable "ADC_Sample@admin" is not used
Warning[1090]:	C:\mcuproject\scm\台灯雾化器\adc.c	第15行	variable "ADC_Sample@admax" is not used
Warning[1090]:	C:\mcuproject\scm\台灯雾化器\adc.c	第16行	variable "ADC_Sample@adtimes" is not used

Memory Summary:
    Program space        used   4A3h (  1187) of   800h words   ( 58.0%)
    Data space           used    5Eh (    94) of    F0h bytes   ( 39.2%)
    EEPROM space         None available
    Data stack space     used     0h (     0) of    50h bytes   (  0.0%)
    Configuration bits   used     0h (     0) of     2h words   (  0.0%)
    ID Location space    used     0h (     0) of     4h bytes   (  0.0%)

