

Microchip Technology PIC PRO Macro Assembler V1.45 build -152302408 
                                                                                               Mon Feb 22 17:42:55 2021

Microchip Technology Omniscient Code Generator v1.45 (PRO mode) build 201711160504
     1                           	processor	SC8F5773
     2                           	opt	pw 120
     3                           	opt	pm
     4                           	psect	text0,local,class=CODE,merge=1,delta=2
     5                           	psect	cinit,global,class=CODE,merge=1,delta=2
     6                           	psect	bssCOMMON,global,class=COMMON,space=1,delta=1
     7                           	psect	cstackCOMMON,global,class=COMMON,space=1,delta=1
     8                           	psect	maintext,global,class=CODE,split=1,delta=2
     9                           	psect	text1,local,class=CODE,merge=1,delta=2
    10                           	psect	text2,local,class=CODE,merge=1,delta=2
    11                           	psect	text3,local,class=CODE,merge=1,delta=2
    12                           	psect	intentry,global,class=CODE,delta=2
    13                           	psect	pa_nodes0,global,class=CODE,delta=2
    14                           	dabs	1,0x7E,2
    15  0000                     
    16                           ; Version 1.45
    17                           ; Generated 16/11/2017 GMT
    18                           ; 
    19                           ; Copyright 漏 2017, Microchip Technology Inc. and its subsidiaries ("Microchip")
    20                           ; All rights reserved.
    21                           ; 
    22                           ; This software is developed by Microchip Technology Inc. and its subsidiaries ("Microch
      +                          ip").
    23                           ; 
    24                           ; Redistribution and use in source and binary forms, with or without modification, are
    25                           ; permitted provided that the following conditions are met:
    26                           ; 
    27                           ;     1. Redistributions of source code must retain the above copyright notice, this lis
      +                          t of
    28                           ;        conditions and the following disclaimer.
    29                           ; 
    30                           ;     2. Redistributions in binary form must reproduce the above copyright notice, this 
      +                          list
    31                           ;        of conditions and the following disclaimer in the documentation and/or other
    32                           ;        materials provided with the distribution.
    33                           ; 
    34                           ;     3. Microchip's name may not be used to endorse or promote products derived from th
      +                          is
    35                           ;        software without specific prior written permission.
    36                           ; 
    37                           ; THIS SOFTWARE IS PROVIDED BY MICROCHIP "AS IS" AND ANY EXPRESS OR IMPLIED WARRANTIES,
    38                           ; INCLUDING, BUT NOT LIMITED TO, THE IMPLIED WARRANTIES OF MERCHANTABILITY AND FITNESS F
      +                          OR
    39                           ; PURPOSE ARE DISCLAIMED.  IN NO EVENT SHALL MICROCHIP BE LIABLE FOR ANY DIRECT, INDIREC
      +                          T,
    40                           ; INCIDENTAL, SPECIAL, EXEMPLARY, OR CONSEQUENTIAL DAMAGES (INCLUDING BUT NOT LIMITED TO
    41                           ; PROCUREMENT OF SUBSTITUTE GOODS OR SERVICES; LOSS OF USE, DATA OR PROFITS; OR BUSINESS
    42                           ; INTERRUPTION) HOWSOEVER CAUSED AND ON ANY THEORY OF LIABILITY, WHETHER IN CONTRACT, ST
      +                          RICT
    43                           ; LIABILITY, OR TORT (INCLUDING NEGLIGENCE OR OTHERWISE) ARISING IN ANY WAY OUT OF THE U
      +                          SE OF
    44                           ; THIS SOFTWARE, EVEN IF ADVISED OF THE POSSIBILITY OF SUCH DAMAGE.
    45                           ; 
    46                           ; 
    47                           ; Code-generator required, PIC16F887 Definitions
    48                           ; 
    49                           ; SFR Addresses
    50  0000                     
    51                           	psect	text0
    52  0000                     __ptext0:	
    53  000B                     _INTCON	set	11
    54  0008                     _WPUB	set	8
    55  0007                     _WPUA	set	7
    56  0006                     _PORTB	set	6
    57  0005                     _PORTA	set	5
    58  0063                     _SPIIF	set	99
    59  0058                     _RBIF	set	88
    60  005E                     _PEIE	set	94
    61  005F                     _GIE	set	95
    62  0036                     _RB6	set	54
    63  0088                     _OSCCON	set	136
    64  0086                     _TRISB	set	134
    65  0085                     _TRISA	set	133
    66  0081                     _OPTION_REG	set	129
    67  011E                     _SPICON2	set	286
    68  011D                     _SPICON	set	285
    69  011C                     _SPIBUF	set	284
    70                           
    71                           	psect	cinit
    72  000D                     start_initialization:	
    73                           ; #config settings
    74                           
    75  000D                     __initialization:	
    76                           
    77                           ; Clear objects allocated to COMMON
    78  000D  01F0               	clrf	__pbssCOMMON& (0+127)
    79  000E  01F1               	clrf	(__pbssCOMMON+1)& (0+127)
    80  000F  01F2               	clrf	(__pbssCOMMON+2)& (0+127)
    81  0010  01F3               	clrf	(__pbssCOMMON+3)& (0+127)
    82  0011  01F4               	clrf	(__pbssCOMMON+4)& (0+127)
    83  0012  01F5               	clrf	(__pbssCOMMON+5)& (0+127)
    84  0013  01F6               	clrf	(__pbssCOMMON+6)& (0+127)
    85  0014  01F7               	clrf	(__pbssCOMMON+7)& (0+127)
    86  0015  01F8               	clrf	(__pbssCOMMON+8)& (0+127)
    87  0016                     end_of_initialization:	
    88                           ;End of C runtime variable initialization code
    89                           
    90  0016                     __end_of__initialization:	
    91  0016  0183               	clrf	3
    92  0017  118A  2819         	ljmp	_main	;jump to C main() function
    93                           
    94                           	psect	bssCOMMON
    95  0070                     __pbssCOMMON:	
    96  0070                     _result2:	
    97  0070                     	ds	2
    98  0072                     _result1:	
    99  0072                     	ds	2
   100  0074                     _result:	
   101  0074                     	ds	2
   102  0076                     _IICReadData:	
   103  0076                     	ds	1
   104  0077                     _SendBuffer:	
   105  0077                     	ds	1
   106  0078                     _ReceBuffer:	
   107  0078                     	ds	1
   108                           
   109                           	psect	cstackCOMMON
   110  0079                     __pcstackCOMMON:	
   111  0079                     ?_Init_System:	
   112  0079                     ?_DelayXms:	
   113                           ; 1 bytes @ 0x0
   114                           
   115  0079                     ?_main:	
   116                           ; 1 bytes @ 0x0
   117                           
   118  0079                     ?_PB_Isr:	
   119                           ; 1 bytes @ 0x0
   120                           
   121  0079                     ??_PB_Isr:	
   122                           ; 1 bytes @ 0x0
   123                           
   124                           
   125                           ; 1 bytes @ 0x0
   126  0079                     	ds	2
   127  007B                     ??_Init_System:	
   128  007B                     ??_DelayXms:	
   129                           ; 1 bytes @ 0x2
   130                           
   131  007B                     DelayXms@x:	
   132                           ; 1 bytes @ 0x2
   133                           
   134                           
   135                           ; 1 bytes @ 0x2
   136  007B                     	ds	1
   137  007C                     DelayXms@i:	
   138                           
   139                           ; 1 bytes @ 0x3
   140  007C                     	ds	1
   141  007D                     DelayXms@j:	
   142                           
   143                           ; 1 bytes @ 0x4
   144  007D                     	ds	1
   145  007E                     ??_main:	
   146                           
   147                           	psect	maintext
   148  0019                     __pmaintext:	
   149                           ; 1 bytes @ 0x5
   150 ;;
   151 ;;Main: autosize = 0, tempsize = 0, incstack = 0, save=0
   152 ;;
   153 ;; *************** function _main *****************
   154 ;; Defined at:
   155 ;;		line 41 in file "H:\MyDownloads\说明书&测试报告\开发包\SC8F577X开发包\SC8F577X_DEMO\SC8F577X_SPI_master_Demo\main.c"
   156 ;; Parameters:    Size  Location     Type
   157 ;;		None
   158 ;; Auto vars:     Size  Location     Type
   159 ;;		None
   160 ;; Return value:  Size  Location     Type
   161 ;;                  1    wreg      void 
   162 ;; Registers used:
   163 ;;		wreg, status,2, status,0, pclath, cstack
   164 ;; Tracked objects:
   165 ;;		On entry : B00/0
   166 ;;		On exit  : 300/200
   167 ;;		Unchanged: 0/0
   168 ;; Data sizes:     COMMON   BANK0   BANK1   BANK2
   169 ;;      Params:         0       0       0       0
   170 ;;      Locals:         0       0       0       0
   171 ;;      Temps:          0       0       0       0
   172 ;;      Totals:         0       0       0       0
   173 ;;Total ram usage:        0 bytes
   174 ;; Hardware stack levels required when called:    2
   175 ;; This function calls:
   176 ;;		_DelayXms
   177 ;;		_Init_System
   178 ;; This function is called by:
   179 ;;		Startup code after reset
   180 ;; This function uses a non-reentrant model
   181 ;;
   182                           
   183                           
   184                           ;psect for function _main
   185  0019                     _main:	
   186                           
   187                           ;main.c: 43: Init_System();
   188                           
   189                           ;incstack = 0
   190                           ; Regs used in _main: [wreg+status,2+status,0+pclath+cstack]
   191  0019  118A  2033  118A   	fcall	_Init_System
   192                           
   193                           ;main.c: 46: SPICON = 0B00100010;
   194  001C  3022               	movlw	34
   195  001D  1703               	bsf	3,6	;RP1=1, select bank2
   196  001E  009D               	movwf	29	;volatile
   197                           
   198                           ;main.c: 47: SPICON2 = 0B00000000;
   199  001F  019E               	clrf	30	;volatile
   200                           
   201                           ;main.c: 49: SPIIF =0;
   202  0020  1303               	bcf	3,6	;RP1=0, select bank0
   203  0021  118C               	bcf	12,3	;volatile
   204                           
   205                           ;main.c: 51: PEIE =1;
   206  0022  170B               	bsf	11,6	;volatile
   207                           
   208                           ;main.c: 52: GIE =1;
   209  0023  178B               	bsf	11,7	;volatile
   210  0024                     l1329:	
   211                           
   212                           ;main.c: 55: {
   213                           ;main.c: 56: DelayXms(200);
   214  0024  30C8               	movlw	200
   215  0025  118A  2054  118A   	fcall	_DelayXms
   216                           
   217                           ;main.c: 57: SPIBUF = 0x21;
   218  0028  3021               	movlw	33
   219  0029  1703               	bsf	3,6	;RP1=1, select bank2
   220  002A  009C               	movwf	28	;volatile
   221  002B                     l891:	
   222                           ;main.c: 58: while(SPIIF==0);
   223                           
   224  002B  1303               	bcf	3,6	;RP1=0, select bank0
   225  002C  1D8C               	btfss	12,3	;volatile
   226  002D  282B               	goto	l891
   227                           
   228                           ;main.c: 59: SPIIF = 0;
   229  002E  118C               	bcf	12,3	;volatile
   230                           
   231                           ;main.c: 60: ReceBuffer = SPIBUF;
   232  002F  1703               	bsf	3,6	;RP1=1, select bank2
   233  0030  081C               	movf	28,w	;volatile
   234  0031  00F8               	movwf	_ReceBuffer	;volatile
   235  0032  2824               	goto	l1329
   236  0033                     __end_of_main:	
   237                           
   238                           	psect	text1
   239  0033                     __ptext1:	
   240 ;; *************** function _Init_System *****************
   241 ;; Defined at:
   242 ;;		line 74 in file "H:\MyDownloads\说明书&测试报告\开发包\SC8F577X开发包\SC8F577X_DEMO\SC8F577X_SPI_master_Demo\main.c"
   243 ;; Parameters:    Size  Location     Type
   244 ;;		None
   245 ;; Auto vars:     Size  Location     Type
   246 ;;		None
   247 ;; Return value:  Size  Location     Type
   248 ;;                  1    wreg      void 
   249 ;; Registers used:
   250 ;;		wreg, status,2
   251 ;; Tracked objects:
   252 ;;		On entry : B00/0
   253 ;;		On exit  : 300/0
   254 ;;		Unchanged: 0/0
   255 ;; Data sizes:     COMMON   BANK0   BANK1   BANK2
   256 ;;      Params:         0       0       0       0
   257 ;;      Locals:         0       0       0       0
   258 ;;      Temps:          0       0       0       0
   259 ;;      Totals:         0       0       0       0
   260 ;;Total ram usage:        0 bytes
   261 ;; Hardware stack levels used:    1
   262 ;; Hardware stack levels required when called:    1
   263 ;; This function calls:
   264 ;;		Nothing
   265 ;; This function is called by:
   266 ;;		_main
   267 ;; This function uses a non-reentrant model
   268 ;;
   269                           
   270                           
   271                           ;psect for function _Init_System
   272  0033                     _Init_System:	
   273                           
   274                           ;incstack = 0
   275                           ; Regs used in _Init_System: [wreg+status,2]
   276  0033  0000               	nop	;# 
   277  0034  0064               	clrwdt	;# 
   278                           
   279                           ;main.c: 78: INTCON = 0;
   280  0035  018B               	clrf	11	;volatile
   281                           
   282                           ;main.c: 79: OSCCON = 0X70;
   283  0036  3070               	movlw	112
   284  0037  1683               	bsf	3,5	;RP0=1, select bank1
   285  0038  1303               	bcf	3,6	;RP1=0, select bank1
   286  0039  0088               	movwf	8	;volatile
   287                           
   288                           ;main.c: 80: OPTION_REG = 0;
   289  003A  0181               	clrf	1	;volatile
   290                           
   291                           ;main.c: 82: WPUA = 0B00000000;
   292  003B  1283               	bcf	3,5	;RP0=0, select bank0
   293  003C  0187               	clrf	7	;volatile
   294                           
   295                           ;main.c: 83: WPUB = 0B00000000;
   296  003D  0188               	clrf	8	;volatile
   297                           
   298                           ;main.c: 86: TRISA = 0B00000000;
   299  003E  1683               	bsf	3,5	;RP0=1, select bank1
   300  003F  0185               	clrf	5	;volatile
   301                           
   302                           ;main.c: 87: TRISB = 0B00100100;
   303  0040  3024               	movlw	36
   304  0041  0086               	movwf	6	;volatile
   305                           
   306                           ;main.c: 89: PORTA = 0B00000000;
   307  0042  1283               	bcf	3,5	;RP0=0, select bank0
   308  0043  0185               	clrf	5	;volatile
   309                           
   310                           ;main.c: 90: PORTB = 0B00000000;
   311  0044  0186               	clrf	6	;volatile
   312  0045  0008               	return
   313  0046                     __end_of_Init_System:	
   314                           
   315                           	psect	text2
   316  0054                     __ptext2:	
   317 ;; *************** function _DelayXms *****************
   318 ;; Defined at:
   319 ;;		line 24 in file "H:\MyDownloads\说明书&测试报告\开发包\SC8F577X开发包\SC8F577X_DEMO\SC8F577X_SPI_master_Demo\main.c"
   320 ;; Parameters:    Size  Location     Type
   321 ;;  x               1    wreg     unsigned char 
   322 ;; Auto vars:     Size  Location     Type
   323 ;;  x               1    2[COMMON] unsigned char 
   324 ;;  j               1    4[COMMON] unsigned char 
   325 ;;  i               1    3[COMMON] unsigned char 
   326 ;; Return value:  Size  Location     Type
   327 ;;                  1    wreg      void 
   328 ;; Registers used:
   329 ;;		wreg, status,2, status,0
   330 ;; Tracked objects:
   331 ;;		On entry : 100/0
   332 ;;		On exit  : 100/0
   333 ;;		Unchanged: 100/0
   334 ;; Data sizes:     COMMON   BANK0   BANK1   BANK2
   335 ;;      Params:         0       0       0       0
   336 ;;      Locals:         3       0       0       0
   337 ;;      Temps:          0       0       0       0
   338 ;;      Totals:         3       0       0       0
   339 ;;Total ram usage:        3 bytes
   340 ;; Hardware stack levels used:    1
   341 ;; Hardware stack levels required when called:    1
   342 ;; This function calls:
   343 ;;		Nothing
   344 ;; This function is called by:
   345 ;;		_main
   346 ;; This function uses a non-reentrant model
   347 ;;
   348                           
   349                           
   350                           ;psect for function _DelayXms
   351  0054                     _DelayXms:	
   352                           
   353                           ;incstack = 0
   354                           ; Regs used in _DelayXms: [wreg+status,2+status,0]
   355                           ;DelayXms@x stored from wreg
   356  0054  00FB               	movwf	DelayXms@x
   357                           
   358                           ;main.c: 26: unsigned char i,j;
   359                           ;main.c: 27: for(i=x;i>0;i--)
   360  0055  00FC               	movwf	DelayXms@i
   361  0056                     l1283:	
   362  0056  087C               	movf	DelayXms@i,w
   363  0057  1903               	btfsc	3,2
   364  0058  0008               	return
   365                           
   366                           ;main.c: 28: for(j=153;j>0;j--);
   367  0059  3099               	movlw	153
   368  005A  00FD               	movwf	DelayXms@j
   369  005B                     l1293:	
   370  005B  0BFD               	decfsz	DelayXms@j,f
   371  005C  285B               	goto	l1293
   372  005D  03FC               	decf	DelayXms@i,f
   373  005E  2856               	goto	l1283
   374  005F                     __end_of_DelayXms:	
   375                           
   376                           	psect	text3
   377  0046                     __ptext3:	
   378 ;; *************** function _PB_Isr *****************
   379 ;; Defined at:
   380 ;;		line 101 in file "H:\MyDownloads\说明书&测试报告\开发包\SC8F577X开发包\SC8F577X_DEMO\SC8F577X_SPI_master_Demo\main.c
      +"
   381 ;; Parameters:    Size  Location     Type
   382 ;;		None
   383 ;; Auto vars:     Size  Location     Type
   384 ;;		None
   385 ;; Return value:  Size  Location     Type
   386 ;;                  1    wreg      void 
   387 ;; Registers used:
   388 ;;		wreg
   389 ;; Tracked objects:
   390 ;;		On entry : 0/0
   391 ;;		On exit  : 0/0
   392 ;;		Unchanged: 0/0
   393 ;; Data sizes:     COMMON   BANK0   BANK1   BANK2
   394 ;;      Params:         0       0       0       0
   395 ;;      Locals:         0       0       0       0
   396 ;;      Temps:          2       0       0       0
   397 ;;      Totals:         2       0       0       0
   398 ;;Total ram usage:        2 bytes
   399 ;; Hardware stack levels used:    1
   400 ;; This function calls:
   401 ;;		Nothing
   402 ;; This function is called by:
   403 ;;		Interrupt level 1
   404 ;; This function uses a non-reentrant model
   405 ;;
   406                           
   407                           
   408                           ;psect for function _PB_Isr
   409  0046                     _PB_Isr:	
   410                           
   411                           ;main.c: 103: if(RBIF)
   412  0046  1C0B               	btfss	11,0	;volatile
   413  0047  284D               	goto	i1l905
   414                           
   415                           ;main.c: 104: {
   416                           ;main.c: 105: RBIF = 0;
   417  0048  100B               	bcf	11,0	;volatile
   418                           
   419                           ;main.c: 106: RB6 = ~RB6;
   420  0049  3040               	movlw	64
   421  004A  1283               	bcf	3,5	;RP0=0, select bank0
   422  004B  1303               	bcf	3,6	;RP1=0, select bank0
   423  004C  0686               	xorwf	6,f
   424  004D                     i1l905:	
   425  004D  087A               	movf	??_PB_Isr+1,w
   426  004E  008A               	movwf	10
   427  004F  0E79               	swapf	??_PB_Isr^(0+-128),w
   428  0050  0083               	movwf	3
   429  0051  0EFE               	swapf	126,f
   430  0052  0E7E               	swapf	126,w
   431  0053  0009               	retfie
   432  0054                     __end_of_PB_Isr:	
   433  007E                     btemp	set	126	;btemp
   434  007E                     wtemp0	set	126
   435                           
   436                           	psect	intentry
   437  0004                     __pintentry:	
   438                           ;incstack = 0
   439                           ; Regs used in _PB_Isr: [wreg]
   440                           
   441  0004                     interrupt_function:	
   442  007E                     saved_w	set	btemp
   443  0004  00FE               	movwf	btemp
   444  0005  0E03               	swapf	3,w
   445  0006  00F9               	movwf	??_PB_Isr
   446  0007  080A               	movf	10,w
   447  0008  00FA               	movwf	??_PB_Isr+1
   448  0009  118A  2846         	ljmp	_PB_Isr


Data Sizes:
    Strings     0
    Constant    0
    Data        0
    BSS         9
    Persistent  0
    Stack       0

Auto Spaces:
    Space          Size  Autos    Used
    COMMON           14      5      14
    BANK0            80      0       0
    BANK1            80      0       0
    BANK2            80      0       0

Pointer List with Targets:

    None.

Critical Paths under _main in COMMON

    _main->_DelayXms

Critical Paths under _PB_Isr in COMMON

    None.

Critical Paths under _main in BANK0

    None.

Critical Paths under _PB_Isr in BANK0

    None.

Critical Paths under _main in BANK1

    None.

Critical Paths under _PB_Isr in BANK1

    None.

Critical Paths under _main in BANK2

    None.

Critical Paths under _PB_Isr in BANK2

    None.

Call Graph Tables:

 ---------------------------------------------------------------------------------
 (Depth) Function   	        Calls       Base Space   Used Autos Params    Refs
 ---------------------------------------------------------------------------------
 (0) _main                                                 0     0      0      75
                           _DelayXms
                        _Init_System
 ---------------------------------------------------------------------------------
 (1) _Init_System                                          0     0      0       0
 ---------------------------------------------------------------------------------
 (1) _DelayXms                                             3     3      0      75
                                              2 COMMON     3     3      0
 ---------------------------------------------------------------------------------
 Estimated maximum stack depth 1
 ---------------------------------------------------------------------------------
 (Depth) Function   	        Calls       Base Space   Used Autos Params    Refs
 ---------------------------------------------------------------------------------
 (2) _PB_Isr                                               2     2      0       0
                                              0 COMMON     2     2      0
 ---------------------------------------------------------------------------------
 Estimated maximum stack depth 2
 ---------------------------------------------------------------------------------

 Call Graph Graphs:

 _main (ROOT)
   _DelayXms
   _Init_System

 _PB_Isr (ROOT)

 Address spaces:
Name               Size   Autos  Total    Cost      Usage
BITCOMMON            E      0       0       0        0.0%
NULL                 0      0       0       0        0.0%
CODE                 0      0       0       0        0.0%
COMMON               E      5       E       1      100.0%
BITSFR0              0      0       0       1        0.0%
SFR0                 0      0       0       1        0.0%
BITSFR1              0      0       0       2        0.0%
SFR1                 0      0       0       2        0.0%
STACK                0      0       0       2        0.0%
BITBANK0            50      0       0       3        0.0%
BANK0               50      0       0       4        0.0%
BITSFR3              0      0       0       4        0.0%
SFR3                 0      0       0       4        0.0%
BITBANK1            50      0       0       5        0.0%
BITSFR2              0      0       0       5        0.0%
SFR2                 0      0       0       5        0.0%
BANK1               50      0       0       6        0.0%
BANK2               50      0       0       7        0.0%
ABS                  0      0       E       8        0.0%
DATA                 0      0       E       9        0.0%
BITBANK2            50      0       0      10        0.0%


Microchip Technology PIC Macro Assembler V1.45 build -152302408 
Symbol Table                                                                                   Mon Feb 22 17:42:55 2021

                    l891 002B                      _GIE 005F                      _RB6 0036  
                   l1329 0024                     l1283 0056                     l1293 005B  
                   _PEIE 005E                     _RBIF 0058                     _WPUA 0007  
                   _WPUB 0008                     _main 0019                     btemp 007E  
                   start 000B            ??_Init_System 007B                    ?_main 0079  
                  i1l905 004D                    _PORTA 0005                    _PORTB 0006  
                  _SPIIF 0063                    _TRISA 0085                    _TRISB 0086  
                  pclath 000A                    status 0003                    wtemp0 007E  
       __end_of_DelayXms 005F          __initialization 000D             __end_of_main 0033  
             _ReceBuffer 0078                   ??_main 007E      __end_of_Init_System 0046  
             _SendBuffer 0077                   _INTCON 000B                   _OSCCON 0088  
                 _PB_Isr 0046                   _SPIBUF 011C                   _SPICON 011D  
                 _result 0074                   saved_w 007E  __end_of__initialization 0016  
         __pcstackCOMMON 0079              _Init_System 0033                ?_DelayXms 0079  
                ?_PB_Isr 0079               __pmaintext 0019               __pintentry 0004  
             ??_DelayXms 007B                  _SPICON2 011E          __size_of_PB_Isr 000E  
                __ptext0 0000                  __ptext1 0033                  __ptext2 0054  
                __ptext3 0046                  _result1 0072                  _result2 0070  
   end_of_initialization 0016                DelayXms@i 007C                DelayXms@j 007D  
              DelayXms@x 007B           __end_of_PB_Isr 0054             ?_Init_System 0079  
    start_initialization 000D        __size_of_DelayXms 000B                 ??_PB_Isr 0079  
            __pbssCOMMON 0070                ___latbits 0001        interrupt_function 0004  
            _IICReadData 0076     __size_of_Init_System 0013                 _DelayXms 0054  
          __size_of_main 001A                 intlevel1 0000               _OPTION_REG 0081  
