

Microchip Technology PIC PRO Macro Assembler V1.45 build -152302408 
                                                                                               Wed Mar 16 11:31:14 2022

Microchip Technology Omniscient Code Generator v1.45 (PRO mode) build 201711160504
     1                           	processor	SC8F2892B
     2                           	opt	pw 120
     3                           	opt	pm
     4                           	psect	text0,local,class=CODE,merge=1,delta=2
     5                           	psect	cinit,global,class=CODE,merge=1,delta=2
     6                           	psect	bssCOMMON,global,class=COMMON,space=1,delta=1
     7                           	psect	cstackCOMMON,global,class=COMMON,space=1,delta=1
     8                           	psect	maintext,global,class=CODE,split=1,delta=2
     9                           	psect	text1,local,class=CODE,merge=1,delta=2
    10                           	psect	text2,local,class=CODE,merge=1,delta=2
    11                           	psect	pa_nodes0,global,class=CODE,delta=2
    12                           	dabs	1,0x7E,2
    13  0000                     
    14                           ; Version 1.45
    15                           ; Generated 16/11/2017 GMT
    16                           ; 
    17                           ; Copyright 漏 2017, Microchip Technology Inc. and its subsidiaries ("Microchip")
    18                           ; All rights reserved.
    19                           ; 
    20                           ; This software is developed by Microchip Technology Inc. and its subsidiaries ("Microch
      +                          ip").
    21                           ; 
    22                           ; Redistribution and use in source and binary forms, with or without modification, are
    23                           ; permitted provided that the following conditions are met:
    24                           ; 
    25                           ;     1. Redistributions of source code must retain the above copyright notice, this lis
      +                          t of
    26                           ;        conditions and the following disclaimer.
    27                           ; 
    28                           ;     2. Redistributions in binary form must reproduce the above copyright notice, this 
      +                          list
    29                           ;        of conditions and the following disclaimer in the documentation and/or other
    30                           ;        materials provided with the distribution.
    31                           ; 
    32                           ;     3. Microchip's name may not be used to endorse or promote products derived from th
      +                          is
    33                           ;        software without specific prior written permission.
    34                           ; 
    35                           ; THIS SOFTWARE IS PROVIDED BY MICROCHIP "AS IS" AND ANY EXPRESS OR IMPLIED WARRANTIES,
    36                           ; INCLUDING, BUT NOT LIMITED TO, THE IMPLIED WARRANTIES OF MERCHANTABILITY AND FITNESS F
      +                          OR
    37                           ; PURPOSE ARE DISCLAIMED.  IN NO EVENT SHALL MICROCHIP BE LIABLE FOR ANY DIRECT, INDIREC
      +                          T,
    38                           ; INCIDENTAL, SPECIAL, EXEMPLARY, OR CONSEQUENTIAL DAMAGES (INCLUDING BUT NOT LIMITED TO
    39                           ; PROCUREMENT OF SUBSTITUTE GOODS OR SERVICES; LOSS OF USE, DATA OR PROFITS; OR BUSINESS
    40                           ; INTERRUPTION) HOWSOEVER CAUSED AND ON ANY THEORY OF LIABILITY, WHETHER IN CONTRACT, ST
      +                          RICT
    41                           ; LIABILITY, OR TORT (INCLUDING NEGLIGENCE OR OTHERWISE) ARISING IN ANY WAY OUT OF THE U
      +                          SE OF
    42                           ; THIS SOFTWARE, EVEN IF ADVISED OF THE POSSIBILITY OF SUCH DAMAGE.
    43                           ; 
    44                           ; 
    45                           ; Code-generator required, PIC16F887 Definitions
    46                           ; 
    47                           ; SFR Addresses
    48  0000                     
    49                           	psect	text0
    50  0000                     __ptext0:	
    51  000B                     _INTCON	set	11
    52  0008                     _WPUB	set	8
    53  0007                     _WPUA	set	7
    54  0006                     _PORTB	set	6
    55  0005                     _PORTA	set	5
    56  0063                     _SPIIF	set	99
    57  005E                     _PEIE	set	94
    58  0088                     _OSCCON	set	136
    59  0086                     _TRISB	set	134
    60  0085                     _TRISA	set	133
    61  0081                     _OPTION_REG	set	129
    62  011E                     _SPICON2	set	286
    63  011D                     _SPICON	set	285
    64  011C                     _SPIBUF	set	284
    65                           
    66                           	psect	cinit
    67  07F4                     start_initialization:	
    68                           ; #config settings
    69                           
    70  07F4                     __initialization:	
    71                           
    72                           ; Clear objects allocated to COMMON
    73  07F4  01F0               	clrf	__pbssCOMMON& (0+127)
    74  07F5  01F1               	clrf	(__pbssCOMMON+1)& (0+127)
    75  07F6  01F2               	clrf	(__pbssCOMMON+2)& (0+127)
    76  07F7  01F3               	clrf	(__pbssCOMMON+3)& (0+127)
    77  07F8  01F4               	clrf	(__pbssCOMMON+4)& (0+127)
    78  07F9  01F5               	clrf	(__pbssCOMMON+5)& (0+127)
    79  07FA  01F6               	clrf	(__pbssCOMMON+6)& (0+127)
    80  07FB  01F7               	clrf	(__pbssCOMMON+7)& (0+127)
    81  07FC  01F8               	clrf	(__pbssCOMMON+8)& (0+127)
    82  07FD                     end_of_initialization:	
    83                           ;End of C runtime variable initialization code
    84                           
    85  07FD                     __end_of__initialization:	
    86  07FD  0183               	clrf	3
    87  07FE  118A  2FDB         	ljmp	_main	;jump to C main() function
    88                           
    89                           	psect	bssCOMMON
    90  0070                     __pbssCOMMON:	
    91  0070                     _result2:	
    92  0070                     	ds	2
    93  0072                     _result1:	
    94  0072                     	ds	2
    95  0074                     _result:	
    96  0074                     	ds	2
    97  0076                     _IICReadData:	
    98  0076                     	ds	1
    99  0077                     _SendBuffer:	
   100  0077                     	ds	1
   101  0078                     _ReceBuffer:	
   102  0078                     	ds	1
   103                           
   104                           	psect	cstackCOMMON
   105  0079                     __pcstackCOMMON:	
   106  0079                     ?_Init_System:	
   107  0079                     ??_Init_System:	
   108                           ; 1 bytes @ 0x0
   109                           
   110  0079                     ?_DelayXms:	
   111                           ; 1 bytes @ 0x0
   112                           
   113  0079                     ??_DelayXms:	
   114                           ; 1 bytes @ 0x0
   115                           
   116  0079                     ?_main:	
   117                           ; 1 bytes @ 0x0
   118                           
   119  0079                     DelayXms@x:	
   120                           ; 1 bytes @ 0x0
   121                           
   122                           
   123                           ; 1 bytes @ 0x0
   124  0079                     	ds	1
   125  007A                     DelayXms@i:	
   126                           
   127                           ; 1 bytes @ 0x1
   128  007A                     	ds	1
   129  007B                     DelayXms@j:	
   130                           
   131                           ; 1 bytes @ 0x2
   132  007B                     	ds	1
   133  007C                     ??_main:	
   134                           
   135                           	psect	maintext
   136  07DB                     __pmaintext:	
   137                           ; 1 bytes @ 0x3
   138 ;;
   139 ;;Main: autosize = 0, tempsize = 0, incstack = 0, save=0
   140 ;;
   141 ;; *************** function _main *****************
   142 ;; Defined at:
   143 ;;		line 35 in file "F:\中微资料\SC8F289XB开发包\SC8F289XB_DEMO_C\SC8F289XB_SPI_master_Demo\main.c"
   144 ;; Parameters:    Size  Location     Type
   145 ;;		None
   146 ;; Auto vars:     Size  Location     Type
   147 ;;		None
   148 ;; Return value:  Size  Location     Type
   149 ;;                  1    wreg      void 
   150 ;; Registers used:
   151 ;;		wreg, status,2, status,0, pclath, cstack
   152 ;; Tracked objects:
   153 ;;		On entry : B00/0
   154 ;;		On exit  : 300/200
   155 ;;		Unchanged: 0/0
   156 ;; Data sizes:     COMMON   BANK0   BANK1   BANK2
   157 ;;      Params:         0       0       0       0
   158 ;;      Locals:         0       0       0       0
   159 ;;      Temps:          0       0       0       0
   160 ;;      Totals:         0       0       0       0
   161 ;;Total ram usage:        0 bytes
   162 ;; Hardware stack levels required when called:    1
   163 ;; This function calls:
   164 ;;		_DelayXms
   165 ;;		_Init_System
   166 ;; This function is called by:
   167 ;;		Startup code after reset
   168 ;; This function uses a non-reentrant model
   169 ;;
   170                           
   171                           
   172                           ;psect for function _main
   173  07DB                     _main:	
   174                           
   175                           ;main.c: 37: Init_System();
   176                           
   177                           ;incstack = 0
   178                           ; Regs used in _main: [wreg+status,2+status,0+pclath+cstack]
   179  07DB  118A  27C8  118A   	fcall	_Init_System
   180                           
   181                           ;main.c: 62: SPICON = 0B00100010;
   182  07DE  3022               	movlw	34
   183  07DF  1703               	bsf	3,6	;RP1=1, select bank2
   184  07E0  009D               	movwf	29	;volatile
   185                           
   186                           ;main.c: 76: SPICON2 = 0B00000000;
   187  07E1  019E               	clrf	30	;volatile
   188                           
   189                           ;main.c: 78: SPIIF =0;
   190  07E2  1303               	bcf	3,6	;RP1=0, select bank0
   191  07E3  118C               	bcf	12,3	;volatile
   192                           
   193                           ;main.c: 79: PEIE =1;
   194  07E4  170B               	bsf	11,6	;volatile
   195  07E5                     l1199:	
   196                           
   197                           ;main.c: 82: {
   198                           ;main.c: 83: DelayXms(200);
   199  07E5  30C8               	movlw	200
   200  07E6  118A  27BD  118A   	fcall	_DelayXms
   201                           
   202                           ;main.c: 84: SPIBUF = 0x05;
   203  07E9  3005               	movlw	5
   204  07EA  1703               	bsf	3,6	;RP1=1, select bank2
   205  07EB  009C               	movwf	28	;volatile
   206  07EC                     l769:	
   207                           ;main.c: 85: while(SPIIF==0);
   208                           
   209  07EC  1303               	bcf	3,6	;RP1=0, select bank0
   210  07ED  1D8C               	btfss	12,3	;volatile
   211  07EE  2FEC               	goto	l769
   212                           
   213                           ;main.c: 86: SPIIF = 0;
   214  07EF  118C               	bcf	12,3	;volatile
   215                           
   216                           ;main.c: 87: ReceBuffer = SPIBUF;
   217  07F0  1703               	bsf	3,6	;RP1=1, select bank2
   218  07F1  081C               	movf	28,w	;volatile
   219  07F2  00F8               	movwf	_ReceBuffer	;volatile
   220  07F3  2FE5               	goto	l1199
   221  07F4                     __end_of_main:	
   222                           
   223                           	psect	text1
   224  07C8                     __ptext1:	
   225 ;; *************** function _Init_System *****************
   226 ;; Defined at:
   227 ;;		line 101 in file "F:\中微资料\SC8F289XB开发包\SC8F289XB_DEMO_C\SC8F289XB_SPI_master_Demo\main.c"
   228 ;; Parameters:    Size  Location     Type
   229 ;;		None
   230 ;; Auto vars:     Size  Location     Type
   231 ;;		None
   232 ;; Return value:  Size  Location     Type
   233 ;;                  1    wreg      void 
   234 ;; Registers used:
   235 ;;		wreg, status,2
   236 ;; Tracked objects:
   237 ;;		On entry : B00/0
   238 ;;		On exit  : 300/0
   239 ;;		Unchanged: 0/0
   240 ;; Data sizes:     COMMON   BANK0   BANK1   BANK2
   241 ;;      Params:         0       0       0       0
   242 ;;      Locals:         0       0       0       0
   243 ;;      Temps:          0       0       0       0
   244 ;;      Totals:         0       0       0       0
   245 ;;Total ram usage:        0 bytes
   246 ;; Hardware stack levels used:    1
   247 ;; This function calls:
   248 ;;		Nothing
   249 ;; This function is called by:
   250 ;;		_main
   251 ;; This function uses a non-reentrant model
   252 ;;
   253                           
   254                           
   255                           ;psect for function _Init_System
   256  07C8                     _Init_System:	
   257                           
   258                           ;incstack = 0
   259                           ; Regs used in _Init_System: [wreg+status,2]
   260  07C8  0000               	nop	;# 
   261  07C9  0064               	clrwdt	;# 
   262                           
   263                           ;main.c: 105: INTCON = 0;
   264  07CA  018B               	clrf	11	;volatile
   265                           
   266                           ;main.c: 106: OSCCON = 0X70;
   267  07CB  3070               	movlw	112
   268  07CC  1683               	bsf	3,5	;RP0=1, select bank1
   269  07CD  1303               	bcf	3,6	;RP1=0, select bank1
   270  07CE  0088               	movwf	8	;volatile
   271                           
   272                           ;main.c: 107: OPTION_REG = 0;
   273  07CF  0181               	clrf	1	;volatile
   274                           
   275                           ;main.c: 109: WPUA = 0B00000000;
   276  07D0  1283               	bcf	3,5	;RP0=0, select bank0
   277  07D1  0187               	clrf	7	;volatile
   278                           
   279                           ;main.c: 110: WPUB = 0B00000000;
   280  07D2  0188               	clrf	8	;volatile
   281                           
   282                           ;main.c: 113: TRISA = 0B00000000;
   283  07D3  1683               	bsf	3,5	;RP0=1, select bank1
   284  07D4  0185               	clrf	5	;volatile
   285                           
   286                           ;main.c: 114: TRISB = 0B00100100;
   287  07D5  3024               	movlw	36
   288  07D6  0086               	movwf	6	;volatile
   289                           
   290                           ;main.c: 116: PORTA = 0B00000000;
   291  07D7  1283               	bcf	3,5	;RP0=0, select bank0
   292  07D8  0185               	clrf	5	;volatile
   293                           
   294                           ;main.c: 117: PORTB = 0B00000000;
   295  07D9  0186               	clrf	6	;volatile
   296  07DA  0008               	return
   297  07DB                     __end_of_Init_System:	
   298                           
   299                           	psect	text2
   300  07BD                     __ptext2:	
   301 ;; *************** function _DelayXms *****************
   302 ;; Defined at:
   303 ;;		line 24 in file "F:\中微资料\SC8F289XB开发包\SC8F289XB_DEMO_C\SC8F289XB_SPI_master_Demo\main.c"
   304 ;; Parameters:    Size  Location     Type
   305 ;;  x               1    wreg     unsigned char 
   306 ;; Auto vars:     Size  Location     Type
   307 ;;  x               1    0[COMMON] unsigned char 
   308 ;;  j               1    2[COMMON] unsigned char 
   309 ;;  i               1    1[COMMON] unsigned char 
   310 ;; Return value:  Size  Location     Type
   311 ;;                  1    wreg      void 
   312 ;; Registers used:
   313 ;;		wreg, status,2, status,0
   314 ;; Tracked objects:
   315 ;;		On entry : 100/0
   316 ;;		On exit  : 100/0
   317 ;;		Unchanged: 100/0
   318 ;; Data sizes:     COMMON   BANK0   BANK1   BANK2
   319 ;;      Params:         0       0       0       0
   320 ;;      Locals:         3       0       0       0
   321 ;;      Temps:          0       0       0       0
   322 ;;      Totals:         3       0       0       0
   323 ;;Total ram usage:        3 bytes
   324 ;; Hardware stack levels used:    1
   325 ;; This function calls:
   326 ;;		Nothing
   327 ;; This function is called by:
   328 ;;		_main
   329 ;; This function uses a non-reentrant model
   330 ;;
   331                           
   332                           
   333                           ;psect for function _DelayXms
   334  07BD                     _DelayXms:	
   335                           
   336                           ;incstack = 0
   337                           ; Regs used in _DelayXms: [wreg+status,2+status,0]
   338                           ;DelayXms@x stored from wreg
   339  07BD  00F9               	movwf	DelayXms@x
   340                           
   341                           ;main.c: 26: unsigned char i,j;
   342                           ;main.c: 27: for(i=x;i>0;i--)
   343  07BE  00FA               	movwf	DelayXms@i
   344  07BF                     l1155:	
   345  07BF  087A               	movf	DelayXms@i,w
   346  07C0  1903               	btfsc	3,2
   347  07C1  0008               	return
   348                           
   349                           ;main.c: 28: for(j=153;j>0;j--);
   350  07C2  3099               	movlw	153
   351  07C3  00FB               	movwf	DelayXms@j
   352  07C4                     l1165:	
   353  07C4  0BFB               	decfsz	DelayXms@j,f
   354  07C5  2FC4               	goto	l1165
   355  07C6  03FA               	decf	DelayXms@i,f
   356  07C7  2FBF               	goto	l1155
   357  07C8                     __end_of_DelayXms:	
   358  007E                     btemp	set	126	;btemp
   359  007E                     wtemp0	set	126


Data Sizes:
    Strings     0
    Constant    0
    Data        0
    BSS         9
    Persistent  0
    Stack       0

Auto Spaces:
    Space          Size  Autos    Used
    COMMON           14      3      12
    BANK0            80      0       0
    BANK1            80      0       0
    BANK2            80      0       0

Pointer List with Targets:

    None.

Critical Paths under _main in COMMON

    _main->_DelayXms

Critical Paths under _main in BANK0

    None.

Critical Paths under _main in BANK1

    None.

Critical Paths under _main in BANK2

    None.

Call Graph Tables:

 ---------------------------------------------------------------------------------
 (Depth) Function   	        Calls       Base Space   Used Autos Params    Refs
 ---------------------------------------------------------------------------------
 (0) _main                                                 0     0      0      75
                           _DelayXms
                        _Init_System
 ---------------------------------------------------------------------------------
 (1) _Init_System                                          0     0      0       0
 ---------------------------------------------------------------------------------
 (1) _DelayXms                                             3     3      0      75
                                              0 COMMON     3     3      0
 ---------------------------------------------------------------------------------
 Estimated maximum stack depth 1
 ---------------------------------------------------------------------------------

 Call Graph Graphs:

 _main (ROOT)
   _DelayXms
   _Init_System

 Address spaces:
Name               Size   Autos  Total    Cost      Usage
BITCOMMON            E      0       0       0        0.0%
NULL                 0      0       0       0        0.0%
CODE                 0      0       0       0        0.0%
COMMON               E      3       C       1       85.7%
BITSFR0              0      0       0       1        0.0%
SFR0                 0      0       0       1        0.0%
BITSFR1              0      0       0       2        0.0%
SFR1                 0      0       0       2        0.0%
STACK                0      0       0       2        0.0%
BITBANK0            50      0       0       3        0.0%
BANK0               50      0       0       4        0.0%
BITSFR3              0      0       0       4        0.0%
SFR3                 0      0       0       4        0.0%
BITBANK1            50      0       0       5        0.0%
BITSFR2              0      0       0       5        0.0%
SFR2                 0      0       0       5        0.0%
BANK1               50      0       0       6        0.0%
BANK2               50      0       0       7        0.0%
ABS                  0      0       C       8        0.0%
DATA                 0      0       C       9        0.0%
BITBANK2            50      0       0      10        0.0%


Microchip Technology PIC Macro Assembler V1.45 build -152302408 
Symbol Table                                                                                   Wed Mar 16 11:31:14 2022

                    l769 07EC                     l1155 07BF                     l1165 07C4  
                   l1199 07E5                     _PEIE 005E                     _WPUA 0007  
                   _WPUB 0008                     _main 07DB                     btemp 007E  
                   start 0000            ??_Init_System 0079                    ?_main 0079  
                  _PORTA 0005                    _PORTB 0006                    _SPIIF 0063  
                  _TRISA 0085                    _TRISB 0086                    status 0003  
                  wtemp0 007E         __end_of_DelayXms 07C8          __initialization 07F4  
           __end_of_main 07F4               _ReceBuffer 0078                   ??_main 007C  
    __end_of_Init_System 07DB               _SendBuffer 0077                   _INTCON 000B  
                 _OSCCON 0088                   _SPIBUF 011C                   _SPICON 011D  
                 _result 0074  __end_of__initialization 07FD           __pcstackCOMMON 0079  
            _Init_System 07C8                ?_DelayXms 0079               __pmaintext 07DB  
             ??_DelayXms 0079                  _SPICON2 011E                  __ptext0 0000  
                __ptext1 07C8                  __ptext2 07BD                  _result1 0072  
                _result2 0070     end_of_initialization 07FD                DelayXms@i 007A  
              DelayXms@j 007B                DelayXms@x 0079             ?_Init_System 0079  
    start_initialization 07F4        __size_of_DelayXms 000B              __pbssCOMMON 0070  
              ___latbits 0001              _IICReadData 0076     __size_of_Init_System 0013  
               _DelayXms 07BD            __size_of_main 0019               _OPTION_REG 0081  
