---- C:\mcuproject\scm\zdt\D115-bjl_062B_SOP14\main.c ----------------------------------------------------------------------
1:                /**********************************************************
2:                AD检测范例程序
3:                **********************************************************/
4:                #pragma warning disable 752
5:                #pragma warning disable 373			//屏蔽掉编译的1个警告
6:                #include <sc.h>
7:                
8:                #ifndef _XTAL_FREQ
9:                #define _XTAL_FREQ 16000000			//16MHz,使用内置延时函数必须定义主频，
10:               									//如用FCPU_DIV选择2T，则定时赋值减半
11:               #endif
12:               #define		u8t		unsigned char
13:               #define		u16t	unsigned int
14:               #define     POWER_RATIO  	(4096UL*1.2*1000)
15:               
16:               #define		A_LED3						 RB7
17:               #define		A_LED2						 RB0
18:               #define		A_LED1						 RB1
19:               
20:               
21:               
22:               #define		A_LED3_OUT					 TRISB	&= 0x7F
23:               #define		A_LED2_OUT					 TRISB	&= 0xFE
24:               #define		A_LED1_OUT					 TRISB	&= 0xFD
25:               
26:               volatile unsigned int adresult;
27:               volatile unsigned int result;
28:               volatile unsigned char test_adc;
29:               volatile unsigned int power_ad;
30:               u8t	intCount;
31:               u8t	count1s;
32:               u8t	IntFlag;
33:               u8t	chrgFlag;
34:               u8t	chrgFullFlag;
35:               u8t	intCount10;
36:               u16t	outADValue;
37:               u16t	batADValue;
38:               u8t		countHalfFull;
39:               u8t		protectFlag;
40:               u8t		workOverOutTime;
41:               u8t		workStep = 0;
42:               u8t		ledCnt;
43:               u8t		ledStep;
44:               u8t		keyCount;
45:               u8t		longPressFlag;
46:               u8t		maxDuty;
47:               u8t		overCount;
48:               u8t		addPowerCount;
49:               u8t		tempDuty;
50:               u8t		startTime;
51:               u8t		firstTime;
52:               u8t		overChrgTime;
53:               u8t		pwStep;
54:               u8t		prePwStep;
55:               u16t	count50s;
56:               u8t		reChrgCount;
57:               u8t		lockLedStep;
58:               u8t		showBatTime;
59:               u8t		chrgMode = 0;
60:               u8t		chrgMaxAD = 0;
61:               u8t		lockCount = 0;
62:               u16t	fullCount = 0;
63:               u8t addTime;
64:               u8t subTime;
65:               u8t chrgWaitTime;
66:               u8t	chrgMaxDuty = 0;
67:               u8t	ledCntTime;
68:               u16t	count5s = 0;
69:               u8t		overWorkTime;
70:               u8t		preLedStep;
71:               u16t	count8s;
72:               u16t	count900s;
73:               u8t		lowBatFlag = 0;
74:               u8t		sleepTime;
75:               u8t		startChrgTime = 0;
76:               u8t		ledTime = 0;
77:               u8t		ledDuty = 0;
78:               u8t		ledBreathTime = 0;
79:               
80:               unsigned char ADC_Sample(unsigned char adch, unsigned char adldo);
81:               void DelayXms(unsigned char x);
82:               unsigned char ADC_Result(unsigned char adch);
83:               void Init_System();
84:               void AD_Init();
85:               void Sleep_Mode();
86:               void pwmInit();
87:               void pwmStop();
88:               void chrgPwmInit();
89:               void chrgPwmStop();
90:               void chrgCtr();
91:               void checkOutA();
92:               void checkBatAD();
93:               void ledShow();
94:               void keyCtr();
95:               void workCtr();
96:               void ledCtr();
97:               char keyRead(char keyStatus);
98:               
99:               
100:              //#define _DEBUG			//调试程序用
101:              
102:              
103:              /***********************************************************
104:              中断服务函数
105:              函数名称：Isr_Timer()
106:              函数功能：中断处理函数
107:              入口参数：
108:              出口参数：
109:              备    注：125US定时2中断
110:              			所有中断都是在这个函数里面处理
111:              ***********************************************************/
112:              void interrupt Isr_Timer() 
113:              {
114:              	if(TMR2IF) 
  03E5    1283    CLRB	0x3,5
  03E6    1C8D    SNZB	0xD,1
  03E7    2BF7    JP	0x3F7
115:              	{			//若只使能了一个中断源,可以略去判断
116:              		TMR2IF = 0;
  03E8    108D    CLRB	0xD,1
117:              		if(++intCount >= 160)
  03E9    30A0    LDIA	0xA0
  03EA    0AC2    INCR	0x42
  03EB    0242    SUBA	0x42
  03EC    1C03    SNZB	0x3,0
  03ED    2BF6    JP	0x3F6
  03EE    3064    LDIA	0x64
118:              		{
119:              			intCount = 0;
  03EF    01C2    CLR	0x42
120:              			IntFlag = 1;
  03F0    01C0    CLR	0x40
  03F1    0AC0    INCR	0x40
121:              			if(++count1s >= 100)
  03F2    0AC1    INCR	0x41
  03F3    0241    SUBA	0x41
  03F4    1803    SZB	0x3,0
122:              			{
123:              				count1s = 0;
  03F5    01C1    CLR	0x41
124:              			}
125:              		}
126:              		intCount10++;
  03F6    0ABF    INCR	0x3F
  03F7    0871    LD	A,0x71
  03F8    008A    LD	0xA,A
  03F9    0E70    SWAPA	0x70
  03FA    0083    LD	0x3,A
  03FB    0EFE    SWAPR	0x7E
  03FC    0E7E    SWAPA	0x7E
  03FD    0009    RETI
127:              	}
128:              
129:              }
130:              
131:              
132:              /***********************************************************
133:              main主函数
134:              ***********************************************************/
135:              void main() 
136:              {
137:              	Init_System();
  030C    236D    CALL	0x36D
138:              	AD_Init();
  030D    2422    CALL	0x422
139:              	firstTime = 100;
  030E    3064    LDIA	0x64
  030F    1283    CLRB	0x3,5
  0310    00D3    LD	0x53,A
140:              	while (1) 
  0311    0064    CLRWDT
141:              	{
142:              		asm("clrwdt");
143:              		if(intCount10 > 10)
  0312    300B    LDIA	0xB
  0313    1283    CLRB	0x3,5
  0314    023F    SUBA	0x3F
  0315    1C03    SNZB	0x3,0
  0316    2B19    JP	0x319
144:              		{
145:              			intCount10 = 0;
  0317    01BF    CLR	0x3F
146:              			checkOutA();
  0318    21EC    CALL	0x1EC
147:              		}
148:              		if(!IntFlag)
  0319    1283    CLRB	0x3,5
  031A    0840    LD	A,0x40
  031B    1903    SZB	0x3,2
  031C    2B11    JP	0x311
149:                  		continue;			//10ms执行一次
150:                  	IntFlag = 0;
  031D    01C0    CLR	0x40
151:              		chrgCtr();
  031E    224D    CALL	0x24D
152:              		checkBatAD();
  031F    2187    CALL	0x187
153:              		if(chrgFlag == 0 && lowBatFlag == 0)
  0320    087B    LD	A,0x7B
  0321    1D03    SNZB	0x3,2
  0322    2B28    JP	0x328
  0323    1283    CLRB	0x3,5
  0324    0833    LD	A,0x33
  0325    1D03    SNZB	0x3,2
  0326    2B28    JP	0x328
154:              		{
155:              			keyCtr();
  0327    2345    CALL	0x345
156:              		}
157:              		workCtr();
  0328    22D2    CALL	0x2D2
158:              		ledCtr();
  0329    20FC    CALL	0xFC
159:              		if(chrgFlag == 0 && workStep == 0 && keyCount == 0 && firstTime == 0 && showBatTime == 0)
  032A    087B    LD	A,0x7B
  032B    1D03    SNZB	0x3,2
  032C    2B42    JP	0x342
  032D    087A    LD	A,0x7A
  032E    1283    CLRB	0x3,5
  032F    1D03    SNZB	0x3,2
  0330    2B43    JP	0x343
  0331    083D    LD	A,0x3D
  0332    1D03    SNZB	0x3,2
  0333    2B42    JP	0x342
  0334    0853    LD	A,0x53
  0335    1D03    SNZB	0x3,2
  0336    2B42    JP	0x342
  0337    0836    LD	A,0x36
  0338    1D03    SNZB	0x3,2
  0339    2B42    JP	0x342
160:              		{
161:              			if(++sleepTime >= 200)
  033A    30C8    LDIA	0xC8
  033B    0AB2    INCR	0x32
  033C    0232    SUBA	0x32
  033D    1C03    SNZB	0x3,0
  033E    2B11    JP	0x311
162:              			{
163:              				sleepTime = 0;
  033F    01B2    CLR	0x32
164:              				Sleep_Mode();
  0340    2292    CALL	0x292
  0341    2B11    JP	0x311
165:              			}
166:              		}
167:              		else
168:              		{
169:              			sleepTime = 0;
  0342    1283    CLRB	0x3,5
  0343    01B2    CLR	0x32
  0344    2B11    JP	0x311
170:              		}
171:              	}
172:              }
173:              
174:              
175:              
176:              void ledCtr()
177:              {
178:              	if(firstTime > 0)
  00FC    0853    LD	A,0x53
  00FD    1903    SZB	0x3,2
  00FE    2909    JP	0x109
  00FF    3006    LDIA	0x6
179:              	{
180:              		firstTime--;
  0100    03D3    DECR	0x53
181:              		ledStep = 6;
  0101    00F9    LD	0x79,A
182:              		if(prePwStep < pwStep)
  0102    0878    LD	A,0x78
  0103    0277    SUBA	0x77
  0104    1803    SZB	0x3,0
  0105    2949    JP	0x149
183:              		{
184:              			prePwStep = pwStep;
  0106    0878    LD	A,0x78
  0107    00F7    LD	0x77,A
  0108    2949    JP	0x149
185:              		}
186:              	}
187:              	else if(overWorkTime > 0)
  0109    0835    LD	A,0x35
  010A    1903    SZB	0x3,2
  010B    291A    JP	0x11A
  010C    303C    LDIA	0x3C
188:              	{
189:              		overWorkTime--;
  010D    03B5    DECR	0x35
190:              		if(overWorkTime % 60 < 30)
  010E    00F2    LD	0x72,A
  010F    0835    LD	A,0x35
  0110    23AE    CALL	0x3AE
  0111    00C4    LD	0x44,A
  0112    301E    LDIA	0x1E
  0113    0244    SUBA	0x44
  0114    1803    SZB	0x3,0
  0115    2918    JP	0x118
191:              		{
192:              			ledStep = preLedStep;
  0116    0834    LD	A,0x34
  0117    2948    JP	0x148
193:              		}
194:              		else
195:              		{
196:              			ledStep = 0;
  0118    01F9    CLR	0x79
  0119    2949    JP	0x149
197:              		}
198:              	}
199:              	else if(showBatTime > 0)
  011A    0836    LD	A,0x36
  011B    1903    SZB	0x3,2
  011C    2933    JP	0x133
  011D    300E    LDIA	0xE
200:              	{
201:              		showBatTime--;
  011E    03B6    DECR	0x36
202:              		if(prePwStep >= 14)
  011F    0277    SUBA	0x77
  0120    1C03    SNZB	0x3,0
  0121    2927    JP	0x127
203:              		{
204:              			ledStep = prePwStep/14;
  0122    300E    LDIA	0xE
  0123    00F2    LD	0x72,A
  0124    0877    LD	A,0x77
  0125    23CA    CALL	0x3CA
  0126    2948    JP	0x148
205:              		}
206:              		else if(prePwStep > 5)
  0127    3006    LDIA	0x6
  0128    0277    SUBA	0x77
  0129    1C03    SNZB	0x3,0
  012A    292E    JP	0x12E
207:              		{
208:              			ledStep = 1;
  012B    01F9    CLR	0x79
  012C    0AF9    INCR	0x79
209:              		}
  012D    2949    JP	0x149
210:              		else
211:              		{
212:              			if(count1s < 50)
  012E    3032    LDIA	0x32
  012F    0241    SUBA	0x41
  0130    1C03    SNZB	0x3,0
  0131    292B    JP	0x12B
  0132    2918    JP	0x118
213:              			{
214:              				ledStep = 1;
215:              			}
216:              			else
217:              			{
218:              				ledStep = 0;
219:              			}
220:              		}
221:              	}
222:              	else if(workStep > 0)
  0133    087A    LD	A,0x7A
  0134    1903    SZB	0x3,2
  0135    2938    JP	0x138
223:              	{
224:              		ledStep = workStep;
  0136    087A    LD	A,0x7A
  0137    2948    JP	0x148
225:              	}
226:              	else if(chrgFlag)
  0138    087B    LD	A,0x7B
  0139    1903    SZB	0x3,2
  013A    2918    JP	0x118
227:              	{
228:              		if(count1s % 50 == 0)
  013B    3032    LDIA	0x32
  013C    00F2    LD	0x72,A
  013D    0841    LD	A,0x41
  013E    23AE    CALL	0x3AE
  013F    3A00    XORIA	0x0
  0140    1D03    SNZB	0x3,2
  0141    2949    JP	0x149
229:              		{
230:              			if(++ledStep > 6)
  0142    3007    LDIA	0x7
  0143    0AF9    INCR	0x79
  0144    0279    SUBA	0x79
  0145    1C03    SNZB	0x3,0
  0146    2949    JP	0x149
231:              			{
232:              				ledStep = lockLedStep;
  0147    0837    LD	A,0x37
  0148    00F9    LD	0x79,A
233:              			}
234:              		}
235:              	}
236:              	else
237:              	{
238:              		ledStep = 0;
239:              	}
240:              	PORTB |= 0x03;
  0149    3003    LDIA	0x3
  014A    0486    ORR	0x6
241:              	PORTA |= 0x3C;
  014B    303C    LDIA	0x3C
  014C    1683    SETB	0x3,5
  014D    0486    ORR	0x6
242:              	if(ledStep > 5)
  014E    3006    LDIA	0x6
  014F    0279    SUBA	0x79
  0150    1C03    SNZB	0x3,0
  0151    2959    JP	0x159
243:              	{
244:              		PORTB &= 0xFC;
  0152    30FC    LDIA	0xFC
  0153    1283    CLRB	0x3,5
  0154    0586    ANDR	0x6
245:              		PORTA &= 0xC3;
  0155    30C3    LDIA	0xC3
  0156    1683    SETB	0x3,5
  0157    0586    ANDR	0x6
246:              	}
  0158    0008    RET
247:              	else if(ledStep > 4)
  0159    3005    LDIA	0x5
  015A    0279    SUBA	0x79
  015B    1C03    SNZB	0x3,0
  015C    2964    JP	0x164
248:              	{
249:              		PORTB &= 0xFC;
  015D    30FC    LDIA	0xFC
  015E    1283    CLRB	0x3,5
  015F    0586    ANDR	0x6
250:              		PORTA &= 0xE3;
  0160    30E3    LDIA	0xE3
  0161    1683    SETB	0x3,5
  0162    0586    ANDR	0x6
251:              	}
  0163    0008    RET
252:              	else if(ledStep > 3)
  0164    3004    LDIA	0x4
  0165    0279    SUBA	0x79
  0166    1C03    SNZB	0x3,0
  0167    296F    JP	0x16F
253:              	{
254:              		PORTB &= 0xFC;
  0168    30FC    LDIA	0xFC
  0169    1283    CLRB	0x3,5
  016A    0586    ANDR	0x6
255:              		PORTA &= 0xF3;
  016B    30F3    LDIA	0xF3
  016C    1683    SETB	0x3,5
  016D    0586    ANDR	0x6
256:              	}
  016E    0008    RET
257:              	else if(ledStep > 2)
  016F    3003    LDIA	0x3
  0170    0279    SUBA	0x79
  0171    1C03    SNZB	0x3,0
  0172    2979    JP	0x179
258:              	{
259:              		PORTB &= 0xFC;
  0173    30FC    LDIA	0xFC
  0174    1283    CLRB	0x3,5
  0175    0586    ANDR	0x6
260:              		PORTA &= 0xFB;
  0176    1683    SETB	0x3,5
  0177    1106    CLRB	0x6,2
261:              	}
  0178    0008    RET
262:              	else if(ledStep > 1)
  0179    3002    LDIA	0x2
  017A    0279    SUBA	0x79
  017B    1C03    SNZB	0x3,0
  017C    2981    JP	0x181
263:              	{
264:              		PORTB &= 0xFC;
  017D    30FC    LDIA	0xFC
  017E    1283    CLRB	0x3,5
  017F    0586    ANDR	0x6
265:              	}
  0180    0008    RET
266:              	else if(ledStep > 0)
  0181    0879    LD	A,0x79
  0182    1903    SZB	0x3,2
  0183    0008    RET
267:              	{
268:              		PORTB &= 0xFE;
  0184    1283    CLRB	0x3,5
  0185    1006    CLRB	0x6,0
  0186    0008    RET
269:              	}
270:              
271:              }
272:              
273:              
274:              
275:              void chrgCtr()
276:              {
277:              	if(PORTB & 0x04)
  024D    1D06    SNZB	0x6,2
  024E    2A78    JP	0x278
278:              	{
279:              		if(chrgFlag == 0)
  024F    087B    LD	A,0x7B
  0250    1D03    SNZB	0x3,2
  0251    2A55    JP	0x255
280:              		{
281:              			chrgFlag = 1;
  0252    01FB    CLR	0x7B
  0253    0AFB    INCR	0x7B
282:              			ledStep = 0;
283:              			chrgMaxDuty = 0;
  0254    01F9    CLR	0x79
284:              		}
285:              		workStep = 0;
  0255    01FA    CLR	0x7A
286:              		lowBatFlag = 0;
  0256    01B3    CLR	0x33
287:              		if(prePwStep < pwStep)
  0257    0878    LD	A,0x78
  0258    0277    SUBA	0x77
  0259    1803    SZB	0x3,0
  025A    2A69    JP	0x269
288:              		{
289:              			if(++count50s > 7200)
  025B    0AA6    INCR	0x26
  025C    1903    SZB	0x3,2
  025D    0AA7    INCR	0x27
  025E    301C    LDIA	0x1C
  025F    0227    SUBA	0x27
  0260    3021    LDIA	0x21
  0261    1903    SZB	0x3,2
  0262    0226    SUBA	0x26
  0263    1C03    SNZB	0x3,0
  0264    2A6B    JP	0x26B
290:              			{
291:              				count50s = 0;
  0265    01A6    CLR	0x26
  0266    01A7    CLR	0x27
292:              				prePwStep++;
  0267    0AF7    INCR	0x77
  0268    2A6B    JP	0x26B
293:              			}
294:              		}
295:              		else
296:              		{
297:              			count50s = 0;
  0269    01A6    CLR	0x26
  026A    01A7    CLR	0x27
298:              		}
299:              		if(prePwStep < 15)
  026B    300F    LDIA	0xF
  026C    0277    SUBA	0x77
  026D    1803    SZB	0x3,0
  026E    2A71    JP	0x271
300:              		{
301:              			lockLedStep = 0;
  026F    01B7    CLR	0x37
302:              		}
  0270    0008    RET
303:              		else
304:              		{
305:              			lockLedStep = (prePwStep/14) - 1;
  0271    300E    LDIA	0xE
  0272    00F2    LD	0x72,A
  0273    0877    LD	A,0x77
  0274    23CA    CALL	0x3CA
  0275    3EFF    ADDIA	0xFF
  0276    00B7    LD	0x37,A
  0277    0008    RET
306:              		}
307:              	}
308:              	else
309:              	{
310:              		startChrgTime = 0;
311:              		chrgFlag = 0;
312:              		chrgFullFlag = 0;
313:              		protectFlag = 0;
314:              		chrgMode = 0;
315:              		chrgMaxAD = 0;
316:              		chrgMaxDuty = 0;
317:              		lockCount = 0;
  0278    01FB    CLR	0x7B
318:              		lockLedStep = 0;
319:              		chrgWaitTime = 20;
  0279    01B7    CLR	0x37
320:              		if(prePwStep > 0 && prePwStep > pwStep)
  027A    0877    LD	A,0x77
  027B    1903    SZB	0x3,2
  027C    2A8F    JP	0x28F
  027D    0877    LD	A,0x77
  027E    0278    SUBA	0x78
  027F    1803    SZB	0x3,0
  0280    2A8F    JP	0x28F
321:              		{
322:              			if(++count50s > 2000)
  0281    0AA6    INCR	0x26
  0282    1903    SZB	0x3,2
  0283    0AA7    INCR	0x27
  0284    3007    LDIA	0x7
  0285    0227    SUBA	0x27
  0286    30D1    LDIA	0xD1
  0287    1903    SZB	0x3,2
  0288    0226    SUBA	0x26
  0289    1C03    SNZB	0x3,0
  028A    0008    RET
323:              			{
324:              				count50s = 0;
  028B    01A6    CLR	0x26
  028C    01A7    CLR	0x27
325:              				prePwStep--;
  028D    03F7    DECR	0x77
  028E    0008    RET
326:              			}
327:              		}
328:              		else
329:              		{
330:              			count50s = 0;
  028F    01A6    CLR	0x26
  0290    01A7    CLR	0x27
  0291    0008    RET
331:              		}
332:              	}
333:              }
334:              
335:              
336:              
337:              char keyRead(char keyStatus)	
  0390    00F2    LD	0x72,A
338:              { 
339:              	if(keyStatus)
  0391    0872    LD	A,0x72
  0392    3064    LDIA	0x64
  0393    1903    SZB	0x3,2
  0394    2BA2    JP	0x3A2
340:              	{
341:              		keyCount++;
  0395    0ABD    INCR	0x3D
342:              		if(keyCount >= 100)
  0396    023D    SUBA	0x3D
  0397    1C03    SNZB	0x3,0
  0398    3400    RET	0x0
343:              		{
344:              			keyCount = 100;
  0399    3064    LDIA	0x64
  039A    00BD    LD	0x3D,A
345:              			if(!longPressFlag)
  039B    083C    LD	A,0x3C
  039C    1D03    SNZB	0x3,2
  039D    3400    RET	0x0
  039E    3002    LDIA	0x2
346:              			{
347:              				longPressFlag = 1;
  039F    01BC    CLR	0x3C
  03A0    0ABC    INCR	0x3C
348:              				return 2;
  03A1    0008    RET
349:              			}
350:              		}
351:              	}
352:              	else
353:              	{
354:              		if(keyCount >= 100)
  03A2    023D    SUBA	0x3D
  03A3    1C03    SNZB	0x3,0
  03A4    2BA8    JP	0x3A8
355:              		{
356:              			keyCount = 0;
  03A5    01BD    CLR	0x3D
357:              			longPressFlag = 0;
  03A6    01BC    CLR	0x3C
358:              			return	0;
  03A7    3400    RET	0x0
359:              		}
360:              		else if(keyCount >= 6)
  03A8    3006    LDIA	0x6
  03A9    023D    SUBA	0x3D
361:              		{
362:              			keyCount = 0;
  03AA    01BD    CLR	0x3D
  03AB    1803    SZB	0x3,0
363:              			return	1;
  03AC    3401    RET	0x1
  03AD    3400    RET	0x0
364:              		}
365:              		keyCount = 0;
366:              	}
367:              	return 0;
368:              }
369:              
370:              void keyCtr()
371:              {
372:              	char kclick = keyRead(0x10 & (~PORTB));
  0345    0906    COMA	0x6
  0346    3910    ANDIA	0x10
  0347    2390    CALL	0x390
  0348    00F3    LD	0x73,A
373:              	if(kclick == 1)
  0349    0B73    SZDECA	0x73
  034A    2B5F    JP	0x35F
374:              	{
375:              		if(workStep > 0)
  034B    087A    LD	A,0x7A
  034C    1903    SZB	0x3,2
  034D    2B56    JP	0x356
376:              		{
377:              			if(++workStep > 6)
  034E    3007    LDIA	0x7
  034F    0AFA    INCR	0x7A
  0350    027A    SUBA	0x7A
  0351    1C03    SNZB	0x3,0
  0352    0008    RET
378:              			{
379:              				workStep = 1;
  0353    01FA    CLR	0x7A
  0354    0AFA    INCR	0x7A
  0355    0008    RET
380:              			}
381:              		}
382:              		else if(showBatTime > 0)
  0356    0836    LD	A,0x36
  0357    1903    SZB	0x3,2
  0358    2B5B    JP	0x35B
383:              		{
384:              			showBatTime = 0;
  0359    01B6    CLR	0x36
385:              		}
  035A    0008    RET
386:              		else
387:              		{
388:              			showBatTime = 200;
  035B    30C8    LDIA	0xC8
  035C    00B6    LD	0x36,A
389:              			count1s = 0;
  035D    01C1    CLR	0x41
  035E    0008    RET
390:              		}
391:              	}
392:              	else if(kclick == 2)
  035F    3002    LDIA	0x2
  0360    0673    XORA	0x73
  0361    1D03    SNZB	0x3,2
  0362    0008    RET
393:              	{
394:              		if(workStep > 0)
  0363    087A    LD	A,0x7A
  0364    1903    SZB	0x3,2
  0365    2B68    JP	0x368
395:              		{
396:              			workStep = 0;
  0366    01FA    CLR	0x7A
397:              		}
  0367    0008    RET
  0368    301E    LDIA	0x1E
398:              		else
399:              		{
400:              			workStep = 1;
  0369    01FA    CLR	0x7A
  036A    0AFA    INCR	0x7A
401:              			startTime = 30;
  036B    00B8    LD	0x38,A
  036C    2B59    JP	0x359
402:              			showBatTime = 0;
403:              		}
404:              	}
405:              }
406:              
407:              void workCtr()
408:              {
409:              
410:              	if(startTime > 0)
  02D2    1283    CLRB	0x3,5
  02D3    0838    LD	A,0x38
  02D4    1D03    SNZB	0x3,2
411:              	{
412:              		startTime--;
  02D5    03B8    DECR	0x38
413:              	}
414:              	if(workStep > 0)
  02D6    087A    LD	A,0x7A
  02D7    1903    SZB	0x3,2
  02D8    2B08    JP	0x308
415:              	{
416:              		if((PWMCON0 & 0x04) == 0)
  02D9    1915    SZB	0x15,2
  02DA    2ADC    JP	0x2DC
417:              		{
418:              			pwmInit();
  02DB    23FE    CALL	0x3FE
419:              		}
420:              		maxDuty = 63 + (workStep*6);
  02DC    3006    LDIA	0x6
  02DD    00F2    LD	0x72,A
  02DE    087A    LD	A,0x7A
  02DF    240C    CALL	0x40C
  02E0    3E3F    ADDIA	0x3F
  02E1    00BB    LD	0x3B,A
421:              		if(overCount >= 5)
  02E2    3005    LDIA	0x5
  02E3    023A    SUBA	0x3A
  02E4    1C03    SNZB	0x3,0
  02E5    2AF8    JP	0x2F8
422:              		{
423:              			if(++count5s > 500)
  02E6    0AA4    INCR	0x24
  02E7    1903    SZB	0x3,2
  02E8    0AA5    INCR	0x25
  02E9    3001    LDIA	0x1
  02EA    0225    SUBA	0x25
  02EB    30F5    LDIA	0xF5
  02EC    1903    SZB	0x3,2
  02ED    0224    SUBA	0x24
  02EE    1C03    SNZB	0x3,0
  02EF    2AFA    JP	0x2FA
  02F0    30B4    LDIA	0xB4
424:              			{
425:              				count5s = 0;
  02F1    01A4    CLR	0x24
  02F2    01A5    CLR	0x25
426:              				overWorkTime = 180;
  02F3    00B5    LD	0x35,A
427:              				preLedStep = workStep;
  02F4    087A    LD	A,0x7A
  02F5    00B4    LD	0x34,A
428:              				workStep = 0;
  02F6    01FA    CLR	0x7A
  02F7    2AFA    JP	0x2FA
429:              				
430:              			}
431:              		}
432:              		else
433:              		{
434:              			count5s = 0;
  02F8    01A4    CLR	0x24
  02F9    01A5    CLR	0x25
435:              		}
436:              		if(count1s == 0 && ++count900s >= 900)
  02FA    0841    LD	A,0x41
  02FB    1D03    SNZB	0x3,2
  02FC    0008    RET
  02FD    0AA0    INCR	0x20
  02FE    1903    SZB	0x3,2
  02FF    0AA1    INCR	0x21
  0300    3003    LDIA	0x3
  0301    0221    SUBA	0x21
  0302    3084    LDIA	0x84
  0303    1903    SZB	0x3,2
  0304    0220    SUBA	0x20
  0305    1803    SZB	0x3,0
437:              		{
438:              			workStep = 0;
  0306    01FA    CLR	0x7A
  0307    0008    RET
439:              		}
440:              	}
441:              	else
442:              	{
443:              		pwmStop();
  0308    2429    CALL	0x429
444:              		count900s = 0;
  0309    01A0    CLR	0x20
  030A    01A1    CLR	0x21
  030B    0008    RET
445:              	}
446:              }
447:              
448:              void checkOutA()
449:              {
450:              	test_adc = ADC_Sample(0, 5);		//测试AN0口的AD值，参考电压2V
  01EC    3005    LDIA	0x5
  01ED    00F2    LD	0x72,A
  01EE    3000    LDIA	0x0
  01EF    2016    CALL	0x16
  01F0    00C3    LD	0x43,A
451:              	if (0xA5 == test_adc)				//测试完成，如因其他原因导致AD转换没有完成，则不处理
  01F1    30A5    LDIA	0xA5
  01F2    0643    XORA	0x43
  01F3    1D03    SNZB	0x3,2
  01F4    2A43    JP	0x243
452:              	{
453:              
454:              		outADValue = adresult;
  01F5    0831    LD	A,0x31
  01F6    00AB    LD	0x2B,A
  01F7    0830    LD	A,0x30
  01F8    00AA    LD	0x2A,A
455:              		//电机坏了过载保护
456:                      if(workStep && (outADValue > 800))
  01F9    087A    LD	A,0x7A
  01FA    1903    SZB	0x3,2
  01FB    2A0B    JP	0x20B
  01FC    3003    LDIA	0x3
  01FD    022B    SUBA	0x2B
  01FE    3021    LDIA	0x21
  01FF    1903    SZB	0x3,2
  0200    022A    SUBA	0x2A
  0201    1C03    SNZB	0x3,0
  0202    2A0B    JP	0x20B
457:                      {
458:                      	if(++workOverOutTime > 50)
  0203    3033    LDIA	0x33
  0204    0ABE    INCR	0x3E
  0205    023E    SUBA	0x3E
  0206    1C03    SNZB	0x3,0
  0207    2A0C    JP	0x20C
459:                      	{
460:                      		workOverOutTime = 0;
  0208    01BE    CLR	0x3E
461:                      		workStep = 0;
  0209    01FA    CLR	0x7A
  020A    2A0C    JP	0x20C
462:                      	}
463:                      }
464:              		else
465:              		{
466:              			workOverOutTime = 0;
  020B    01BE    CLR	0x3E
467:              		}
468:              		u8t maxtempV = 90;
469:              		if(workStep < 6 && outADValue > maxtempV)
  020C    3006    LDIA	0x6
  020D    027A    SUBA	0x7A
  020E    3000    LDIA	0x0
  020F    1803    SZB	0x3,0
  0210    2A20    JP	0x220
  0211    022B    SUBA	0x2B
  0212    305B    LDIA	0x5B
  0213    1903    SZB	0x3,2
  0214    022A    SUBA	0x2A
  0215    1C03    SNZB	0x3,0
  0216    2A1F    JP	0x21F
470:                      {
471:                      	if(++overCount > 5)
  0217    3006    LDIA	0x6
  0218    0ABA    INCR	0x3A
  0219    023A    SUBA	0x3A
  021A    1C03    SNZB	0x3,0
  021B    2A35    JP	0x235
472:                      	{
473:                      		overCount = 5;
  021C    3005    LDIA	0x5
  021D    00BA    LD	0x3A,A
  021E    2A35    JP	0x235
474:                      	}
475:                      }
476:                      else if(outADValue > (maxtempV+30))
  021F    3000    LDIA	0x0
  0220    022B    SUBA	0x2B
  0221    3079    LDIA	0x79
  0222    1903    SZB	0x3,2
  0223    022A    SUBA	0x2A
  0224    1803    SZB	0x3,0
  0225    2A17    JP	0x217
477:                      {
478:                      	if(++overCount > 5)
  0226    0B7A    SZDECA	0x7A
  0227    2A29    JP	0x229
  0228    2A32    JP	0x232
479:                      	{
480:                      		overCount = 5;
481:                      	}
482:                      }
483:                      else
484:                      {
485:                      	u8t maxAout = 40;
486:              			if(pwStep < 40)
487:              			{
488:              				maxAout = 37;
489:              			}
490:                      	if(workStep == 1)
491:                  		{
492:                  			maxAout = maxAout + 1;
493:                  		}
494:              			else if(workStep == 2)
495:                  		{
496:                  			maxAout = maxAout + 3;
  0229    3002    LDIA	0x2
  022A    067A    XORA	0x7A
  022B    1903    SZB	0x3,2
  022C    2A32    JP	0x232
497:                  		}
498:              			else if(workStep == 3)
499:                  		{
500:                  			maxAout = maxAout + 5;
  022D    3003    LDIA	0x3
  022E    067A    XORA	0x7A
  022F    1903    SZB	0x3,2
  0230    2A32    JP	0x232
501:                  		}
502:                  		else if(workStep == 4)
503:                  		{
504:                  			maxAout = maxAout + 7;
  0231    3004    LDIA	0x4
505:                  		}
506:                  		else if(workStep == 5)
507:                  		{
508:                  			maxAout = maxAout + 9;
509:                  		}
510:                  		else if(workStep == 6)
511:                  		{
512:                  			maxAout = maxAout + 12;
513:                  		}
514:                      	if(overCount > 0)
  0232    083A    LD	A,0x3A
  0233    1D03    SNZB	0x3,2
515:                      	{
516:                      		overCount--;
  0234    03BA    DECR	0x3A
517:                      	}
518:                      	
519:                 
520:                      }
521:              		if(startTime == 0)
  0235    0838    LD	A,0x38
  0236    1D03    SNZB	0x3,2
  0237    2A3A    JP	0x23A
522:              		{
523:              			tempDuty = maxDuty;
  0238    083B    LD	A,0x3B
  0239    2A3B    JP	0x23B
524:              		}
525:              		else
526:              		{
527:              			tempDuty = 80;
  023A    3050    LDIA	0x50
  023B    00B9    LD	0x39,A
528:              		}
529:              		PWMD23H = 0X00;
  023C    1683    SETB	0x3,5
  023D    019E    CLR	0x1E
530:                      PWMD2L = tempDuty;
  023E    1283    CLRB	0x3,5
  023F    0839    LD	A,0x39
  0240    1683    SETB	0x3,5
  0241    009B    LD	0x1B,A
531:              	}
  0242    0008    RET
532:              	else
533:              	{
534:              		ADCON0 = 0;						//如果转换没有完成，需初始化ADCON0,1
  0243    1683    SETB	0x3,5
  0244    0195    CLR	0x15
535:              		ADCON1 = 0;				
  0245    0196    CLR	0x16
536:              		__delay_us(100);				//延时100us(编译器内置函数)
  0246    3084    LDIA	0x84
  0247    1283    CLRB	0x3,5
  0248    00D1    LD	0x51,A
  0249    0BD1    SZDECR	0x51
  024A    2A49    JP	0x249
  024B    2A4C    JP	0x24C
  024C    0008    RET
537:              	}
538:              }
539:              
540:              void checkBatAD()
541:              {
542:              	test_adc = ADC_Sample(1, 5);		//测试AN2口的AD值，参考电压2V
  0187    3005    LDIA	0x5
  0188    00F2    LD	0x72,A
  0189    3001    LDIA	0x1
  018A    2016    CALL	0x16
  018B    00C3    LD	0x43,A
543:              	if (0xA5 == test_adc)				//测试完成，如因其他原因导致AD转换没有完成，则不处理
  018C    30A5    LDIA	0xA5
  018D    0643    XORA	0x43
  018E    1D03    SNZB	0x3,2
  018F    29E2    JP	0x1E2
544:              	{
545:              		batADValue = adresult;
  0190    0831    LD	A,0x31
  0191    00A9    LD	0x29,A
  0192    0830    LD	A,0x30
  0193    00A8    LD	0x28,A
546:              		if(batADValue < 1117)
  0194    3004    LDIA	0x4
  0195    0229    SUBA	0x29
  0196    305D    LDIA	0x5D
  0197    1903    SZB	0x3,2
  0198    0228    SUBA	0x28
  0199    1803    SZB	0x3,0
  019A    29B4    JP	0x1B4
547:                      {
548:                      	pwStep = 0;
  019B    01F8    CLR	0x78
549:              			if(++count8s > 800)
  019C    0AA2    INCR	0x22
  019D    1903    SZB	0x3,2
  019E    0AA3    INCR	0x23
  019F    3003    LDIA	0x3
  01A0    0223    SUBA	0x23
  01A1    3021    LDIA	0x21
  01A2    1903    SZB	0x3,2
  01A3    0222    SUBA	0x22
  01A4    1C03    SNZB	0x3,0
  01A5    0008    RET
550:              			{
551:              				count8s = 0;
  01A6    01A2    CLR	0x22
  01A7    01A3    CLR	0x23
552:              				lowBatFlag = 1;
  01A8    01B3    CLR	0x33
  01A9    0AB3    INCR	0x33
553:              				if(workStep > 0)
  01AA    087A    LD	A,0x7A
  01AB    1903    SZB	0x3,2
  01AC    29B1    JP	0x1B1
554:              				{
555:              					overWorkTime = 180;
  01AD    30B4    LDIA	0xB4
  01AE    00B5    LD	0x35,A
556:              					preLedStep = workStep;
  01AF    087A    LD	A,0x7A
  01B0    00B4    LD	0x34,A
557:              				}
558:              				prePwStep = 0;
  01B1    01F7    CLR	0x77
559:              				workStep = 0;
  01B2    01FA    CLR	0x7A
  01B3    0008    RET
  01B4    3005    LDIA	0x5
560:              			}
561:                      }
562:                      else
563:                      {
564:              	        count8s = 0;
  01B5    01A2    CLR	0x22
  01B6    01A3    CLR	0x23
565:              			if(batADValue >= 1340)
  01B7    0229    SUBA	0x29
  01B8    303C    LDIA	0x3C
  01B9    1903    SZB	0x3,2
  01BA    0228    SUBA	0x28
566:              	    	{
567:              	    		pwStep = ((batADValue - 1340) /2) + 13;
  01BB    0828    LD	A,0x28
  01BC    1C03    SNZB	0x3,0
  01BD    29CB    JP	0x1CB
  01BE    3EC4    ADDIA	0xC4
  01BF    00D1    LD	0x51,A
  01C0    0829    LD	A,0x29
  01C1    1803    SZB	0x3,0
  01C2    3E01    ADDIA	0x1
  01C3    3EFA    ADDIA	0xFA
  01C4    00D2    LD	0x52,A
  01C5    1003    CLRB	0x3,0
  01C6    0CD2    RRCR	0x52
  01C7    0CD1    RRCR	0x51
  01C8    0851    LD	A,0x51
  01C9    3E0D    ADDIA	0xD
  01CA    29DA    JP	0x1DA
568:              	    	}
  01CB    3EA3    ADDIA	0xA3
  01CC    00D1    LD	0x51,A
  01CD    0829    LD	A,0x29
  01CE    1803    SZB	0x3,0
  01CF    3E01    ADDIA	0x1
  01D0    3EFB    ADDIA	0xFB
  01D1    00D2    LD	0x52,A
  01D2    3004    LDIA	0x4
  01D3    1003    CLRB	0x3,0
  01D4    0CD2    RRCR	0x52
  01D5    0CD1    RRCR	0x51
  01D6    3EFF    ADDIA	0xFF
  01D7    1D03    SNZB	0x3,2
  01D8    29D3    JP	0x1D3
  01D9    0851    LD	A,0x51
  01DA    00F8    LD	0x78,A
569:              	    	else
570:              	    	{
571:              	    		pwStep = (batADValue - 1117) / 16;
572:              	    	}
573:              	    	if(pwStep > 99)
  01DB    3064    LDIA	0x64
  01DC    0278    SUBA	0x78
  01DD    1C03    SNZB	0x3,0
  01DE    0008    RET
574:              	    	{
575:              	    		pwStep = 99;
  01DF    3063    LDIA	0x63
  01E0    00F8    LD	0x78,A
  01E1    0008    RET
576:              	    	}
577:                  	}
578:              		if(chrgFlag && batADValue > 1861)
579:                      {
580:              	        protectFlag = 1;
581:                      }
582:              	}
583:              	else
584:              	{
585:              		ADCON0 = 0;						//如果转换没有完成，需初始化ADCON0,1
  01E2    1683    SETB	0x3,5
  01E3    0195    CLR	0x15
586:              		ADCON1 = 0;				
  01E4    0196    CLR	0x16
587:              		__delay_us(100);				//延时100us(编译器内置函数)
  01E5    3084    LDIA	0x84
  01E6    1283    CLRB	0x3,5
  01E7    00D1    LD	0x51,A
  01E8    0BD1    SZDECR	0x51
  01E9    29E8    JP	0x1E8
  01EA    29EB    JP	0x1EB
  01EB    0008    RET
588:              	}
589:              	
590:              }
591:              
592:              
593:              
594:              /**********************************************************
595:              函数名称：Init_System
596:              函数功能：系统初始化
597:              入口参数：无
598:              出口参数：无
599:              备    注：
600:              **********************************************************/
601:              void Init_System() 
  036D    0000    NOP
  036E    0064    CLRWDT
602:              {
603:              	asm("nop");
604:              	asm("clrwdt");
605:              	OPTION_REG = 0;					//预分频给TMR0 ，Timer0使用内部时钟Focs/4，预分频比为1:2
  036F    1283    CLRB	0x3,5
  0370    0181    CLR	0x1
  0371    0064    CLRWDT
606:              	asm("clrwdt");
607:              	OSCCON = 0X72;					//内部振荡器8M
  0372    3072    LDIA	0x72
  0373    1283    CLRB	0x3,5
  0374    0094    LD	0x14,A
608:              
609:              	WPUA = 0B00000000;				//配置上拉，1为使能上拉
  0375    1683    SETB	0x3,5
  0376    0188    CLR	0x8
610:              	WPDA = 0x00;					//RA1开下拉
  0377    0187    CLR	0x7
611:              	WPUB = 0x10;
  0378    3010    LDIA	0x10
  0379    1283    CLRB	0x3,5
  037A    0088    LD	0x8,A
612:              
613:              	TRISA = 0x03;				//配置IO状态，0为输出，1为输入
  037B    3003    LDIA	0x3
  037C    1683    SETB	0x3,5
  037D    0085    LD	0x5,A
614:              	TRISB = 0x14;
  037E    3014    LDIA	0x14
  037F    1283    CLRB	0x3,5
  0380    0085    LD	0x5,A
615:              
616:              	PORTA = 0X3C;
  0381    303C    LDIA	0x3C
  0382    1683    SETB	0x3,5
  0383    0086    LD	0x6,A
617:              	PORTB = 0X03;
  0384    3003    LDIA	0x3
  0385    1283    CLRB	0x3,5
  0386    0086    LD	0x6,A
618:              
619:              //---------------------------------------
620:              //125us中断初始化
621:              	PR2 = 249;					//设定Timer初始值，定时周期是250*2/8M=62.5uS
  0387    30F9    LDIA	0xF9
  0388    0091    LD	0x11,A
622:              	TMR2IF = 0;
  0389    108D    CLRB	0xD,1
623:              	TMR2IE = 1;					//使能Timer2溢出中断
  038A    148E    SETB	0xE,1
624:              
625:              	T2CON = 0B00000100;			//开启Timer2,设置TMR2的分频比为1:1
  038B    3004    LDIA	0x4
  038C    0093    LD	0x13,A
626:              	INTCON = 0XC0;				//开启总中断
  038D    30C0    LDIA	0xC0
  038E    008B    LD	0xB,A
  038F    0008    RET
627:              }
628:              
629:              /***********************************************************
630:              中断服务函数
631:              函数名称：AD_Init()
632:              函数功能：AD初始化处理函数
633:              入口参数：
634:              出口参数：
635:              备    注：第一次打开AD允许位ADON，需延时20uS以上才能进入AD采样
636:              			如后继程序不关闭ADON，则不需要延时
637:              ***********************************************************/
638:              void AD_Init() 
639:              {
640:              	/*********** ADCON0 ****************************
641:              		Bit7~Bit6  ADCS<1:0>:  AD转换时钟选择位。
642:              			00=  F HSI /16
643:              			01=  F HSI /32
644:              			10=  F HSI /64
645:              			11=  F HSI /128
646:              		Bit5~Bit2  CHS<3:0>:  模拟通道选择位。与ADCON1寄存器CHS4组合CHS<3:0>
647:              			CHS<4:0>: 
648:              			00000=  AN0
649:              			00001=  AN1
650:              			00010=  AN2
651:              			00011=  AN3
652:              			00100=  AN4
653:              			00101=  AN5
654:              			00110=  保留
655:              			00111=  保留
656:              			01000=  AN8
657:              			… 
658:              			01101=  AN13
659:              			01110=  AN14
660:              			01111=  AN15
661:              			11111=  1.2V（固定参考电压）
662:              			其他=  保留
663:              		Bit1  GO/DONE: AD转换状态位。
664:              			1=  AD转换正在进行。将该位置1启动AD转换。当AD转换完成以后，该位由硬件自动清零。
665:              				当GO/DONE位从1变0或ADIF从0变1时，需至少等待两个TAD时间，才能再次启动AD转换。
666:              			0=  AD转换完成/或不在进行中。
667:              		Bit0  ADON:  ADC使能位。
668:              			1=  使能ADC；
669:              			0=  禁止ADC，不消耗工作电流。
670:              	*********************************************/
671:              	ADCON0 = 0X41;		//ADON开启，AD采样时间选为FSYS/16
  0422    3041    LDIA	0x41
  0423    1683    SETB	0x3,5
  0424    0095    LD	0x15,A
672:              	
673:              	/*********** ADCON1 ****************************
674:              		Bit7  ADFM:  AD转换结果格式选择位；
675:              			1=  右对齐；
676:              			0=  左对齐。
677:              		Bit6  CHS4:  通道选择位
678:              		Bit5~Bit3  未用 
679:              		Bit2  LDO_EN:  内部参考电压使能位。
680:              			1=  使能ADC内部LDO参考电压；
681:              				当选择内部LDO作参考电压时，ADC最大有效精度为8位。
682:              			0=  VDD作为ADC参考电压。
683:              		Bit1~Bit0  LDO_SEL<1:0>:  参考电压选择位
684:              			0X=  2.0V
685:              			10=  2.4V
686:              			11=  3.0V
687:              	*********************************************/
688:              	ADCON1 = 0;
  0425    0196    CLR	0x16
689:              	ANSEL0 = 0X03;	
  0426    3003    LDIA	0x3
  0427    0093    LD	0x13,A
  0428    0008    RET
690:              }
691:              
692:              
693:              void pwmInit()
694:              {
695:              		PWMCON1 = 0B00000000;	//PWM选择D组，死区2禁止，死区1使能，死区时钟源为Fosc/4
  03FE    0196    CLR	0x16
696:              		PWMTH = 0X00;			//周期选择为0FF，则周期为（255+1）*1/8M，周期的时钟分频在PWMCON0选择
  03FF    0198    CLR	0x18
697:              		PWMTL = 100;			//PWM 周期=[PWMT+1]*Tosc*(CLKDIV 分频值)
  0400    3064    LDIA	0x64
  0401    0097    LD	0x17,A
698:              		
699:              		
700:              		PWMD23H = 0;			//配置PWM1,PWM2的占空比，该值不能超过周期，否者为100%输出
  0402    1683    SETB	0x3,5
  0403    019E    CLR	0x1E
701:              		PWMD2L = 50;			//互补模式，PWM1的占空比与PWM0互补，和设置值无关
  0404    3032    LDIA	0x32
  0405    009B    LD	0x1B,A
702:              		PWM23DT = 0X00;			//死区设为2uS，计算为（3+1）*1/8M*4
  0406    019D    CLR	0x1D
703:              
704:              		PWMCON0 = 0X64;			//打开PWM3 分频比为8
  0407    3064    LDIA	0x64
  0408    1283    CLRB	0x3,5
  0409    0095    LD	0x15,A
705:              		PWMCON2 =0X00;			//PWM4输出反向
  040A    019D    CLR	0x1D
  040B    0008    RET
706:              }
707:              
708:              void pwmStop()
709:              {
710:              	PWMCON0 &= 0XFB;
  0429    1115    CLRB	0x15,2
711:              	RB3 = 0;
  042A    1186    CLRB	0x6,3
  042B    0008    RET
712:              }
713:              
714:              
715:              /***********************************************
716:              函数名称：Sleep_Mode
717:              函数功能：进入休眠模式
718:              入口参数：无
719:              出口参数：无
720:              备注：
721:              ************************************************/
722:              void Sleep_Mode()
723:              {
724:              	INTCON = 0;		
  0292    018B    CLR	0xB
725:              	
726:              	OPTION_REG = 0;
  0293    0181    CLR	0x1
727:              
728:              	TRISA = 0x03; 		//关闭所有输出，RA0口做唤醒输入
  0294    3003    LDIA	0x3
  0295    1683    SETB	0x3,5
  0296    0085    LD	0x5,A
729:              	WPUA  = 0B00000000;			//RA0 开上拉电阻
  0297    0188    CLR	0x8
730:              	PORTA = 0x3C;
  0298    303C    LDIA	0x3C
  0299    0086    LD	0x6,A
731:              	TRISB = 0x14;			//关闭所有输出，RB3口做唤醒输入
  029A    3014    LDIA	0x14
  029B    1283    CLRB	0x3,5
  029C    0085    LD	0x5,A
732:              	PORTB = 0x03;
  029D    3003    LDIA	0x3
  029E    0086    LD	0x6,A
733:              	WPUB  = 0x10;			//RB2 开上拉电阻
  029F    3010    LDIA	0x10
  02A0    0088    LD	0x8,A
734:                 			
735:                 	ADCON0 = 0;					//关闭所有模块
  02A1    1683    SETB	0x3,5
  02A2    0195    CLR	0x15
736:              	ADCON1 = 0;
  02A3    0196    CLR	0x16
737:              	
738:              	PWMCON0 = 0;
  02A4    1283    CLRB	0x3,5
  02A5    0195    CLR	0x15
739:              		
740:              	OSCCON = 0X70;				//配置振荡为8M,关闭WDT，需注意芯片工程选项里WDT必须选为DISABLE,否则无法软件关掉WDT
  02A6    3070    LDIA	0x70
  02A7    0094    LD	0x14,A
741:              	
742:              	IOCA = 0B00000000;			//允许RA1的IO电平变化中断
  02A8    1683    SETB	0x3,5
  02A9    0189    CLR	0x9
743:              	IOCB = 0x14;			//允许RB3的IO口电平变化中断
  02AA    3014    LDIA	0x14
  02AB    1283    CLRB	0x3,5
  02AC    0089    LD	0x9,A
744:              	
745:              	RAIE = 1;					//允许PORTA的IO电平变化中断
  02AD    158E    SETB	0xE,3
746:              	PEIE = 1;					//要用RORTA中断唤醒，则PEIE必须设为1
  02AE    170B    SETB	0xB,6
747:              	RBIE = 1;					//允许PORTB电平变化中断
  02AF    158B    SETB	0xB,3
748:              	GIE = 0;					//唤醒后执行SLEEP后程序;
  02B0    138B    CLRB	0xB,7
749:              	
750:              	PIE1 &= 0X08;				//关闭不需要的中断
  02B1    3008    LDIA	0x8
  02B2    058E    ANDR	0xE
751:              	PIR1 = 0;					//必须清不需要的中断标志位
  02B3    018D    CLR	0xD
752:              	INTCON &= 0XC8;				//必须清不需要的中断标志位
  02B4    30C8    LDIA	0xC8
  02B5    058B    ANDR	0xB
753:              
754:              	PORTA;						//读PORTA值并锁存,用电平变化中断必须执行这一步
  02B6    1683    SETB	0x3,5
  02B7    0806    LD	A,0x6
755:              	RAIF = 0;					//清PORTA中断标志位
  02B8    1283    CLRB	0x3,5
  02B9    118D    CLRB	0xD,3
756:              	PORTB;						//读PORTB值并锁存	
  02BA    0806    LD	A,0x6
757:              	RBIF = 0;					//清PORTB中断标志位		
  02BB    100B    CLRB	0xB,0
  02BC    0064    CLRWDT
  02BD    0063    STOP
  02BE    0000    NOP
  02BF    0064    CLRWDT
  02C0    0000    NOP
  02C1    0000    NOP
  02C2    0000    NOP
  02C3    0000    NOP
  02C4    0000    NOP
758:              	asm("clrwdt");
759:              
760:              	asm("sleep");				//进入休眠模式
761:              	
762:              	asm("nop");
763:              	asm("clrwdt");
764:              	asm("nop");
765:              	asm("nop");
766:              	asm("nop");
767:              	asm("nop");
768:              	asm("nop");
769:              	if(RAIF)  RAIF = 0;			//清中断标志
  02C5    1283    CLRB	0x3,5
  02C6    198D    SZB	0xD,3
  02C7    118D    CLRB	0xD,3
770:              	if(RBIF)  RBIF = 0;			//清中断标志
  02C8    180B    SZB	0xB,0
  02C9    100B    CLRB	0xB,0
771:              	if(TMR2IF) TMR2IF = 0;
  02CA    188D    SZB	0xD,1
  02CB    108D    CLRB	0xD,1
772:              	IOCA = 0B00000000;			//允许RA1的IO电平变化中断
  02CC    1683    SETB	0x3,5
  02CD    0189    CLR	0x9
773:              	IOCB = 0B00000000;			//允许RB3的IO口电平变化中断
  02CE    1283    CLRB	0x3,5
  02CF    0189    CLR	0x9
774:              	Init_System();
  02D0    236D    CALL	0x36D
775:              	AD_Init();
  02D1    2C22    JP	0x422
776:              }
777:              
778:              
779:              
780:              /**********************************************************
781:              函数名称：AD_Sample
782:              函数功能：AD检测
783:              入口参数：adch - 检测通道
784:              出口参数：无
785:              备    注：采样通道需自行设置为输入口
786:              	      采样10次,取中间八次的平均值为采样结果存于adresult中
787:              
788:              	      adch 为输入AD通道 0-15，31
789:                           31  检测内部1.2V
790:              	
791:               		  adldo =5,开启内部LDO 2V 作为ADC 参考
792:               		  adldo =6,开启内部LDO 2.4V 作为ADC 参考
793:              		  adldo =7,开启内部LDO 3V 作为ADC 参考
794:               		  adldo =0,VDD 作为ADC 参考
795:               		  AD转换结果左对齐
796:               		  ADC参考电压从VDD切换到LDO时需要延时100us以上，才能进行AD转换
797:              **********************************************************/
798:              unsigned char ADC_Sample(unsigned char adch, unsigned char adldo) 
  0016    00C5    LD	0x45,A
799:              {
800:              	volatile unsigned long adsum = 0;
801:              	volatile unsigned int admin = 0, admax = 0;
  0017    20EE    CALL	0xEE
802:              	volatile unsigned int ad_temp = 0;
  0018    01CF    CLR	0x4F
  0019    01D0    CLR	0x50
803:              
804:              	if ((!LDO_EN) && (adldo & 0x04) ) 
  001A    1683    SETB	0x3,5
  001B    1D16    SNZB	0x16,2
  001C    1D72    SNZB	0x72,2
  001D    2825    JP	0x25
805:              	{
806:              								//如果AD参考从VDD换到内部LDO，需要延时100US以上
807:              		ADCON1 = adldo;			//左对齐,AD值取12位
  001E    0872    LD	A,0x72
  001F    0096    LD	0x16,A
808:              		__delay_us(100);		//IDE内置延时函数，延时100us
  0020    3085    LDIA	0x85
  0021    00F3    LD	0x73,A
  0022    0BF3    SZDECR	0x73
  0023    2822    JP	0x22
809:              	} 
  0024    2827    JP	0x27
810:              	else
811:              		ADCON1 = adldo;			//如果ADCON1.7(ADFM)=1为右对齐，,AD值取10位
  0025    0872    LD	A,0x72
  0026    0096    LD	0x16,A
812:              
813:              	if(adch & 0x10) 
  0027    1283    CLRB	0x3,5
  0028    1E45    SNZB	0x45,4
  0029    282F    JP	0x2F
814:              	{
815:              		CHS4 = 1;
  002A    1683    SETB	0x3,5
  002B    1716    SETB	0x16,6
816:              		adch &= 0x0f;
  002C    300F    LDIA	0xF
  002D    1283    CLRB	0x3,5
  002E    05C5    ANDR	0x45
817:              	}
818:              	unsigned char i = 0;
819:              	for (i = 0; i < 10; i++) 
  002F    01C6    CLR	0x46
820:              	{
821:              		ADCON0 = (unsigned char)(0X41 | (adch << 2));	//16分频，如果主频为16M，则必须选16分频或以上
  0030    0845    LD	A,0x45
  0031    00F3    LD	0x73,A
  0032    3001    LDIA	0x1
  0033    1003    CLRB	0x3,0
  0034    0DF3    RLCR	0x73
  0035    3EFF    ADDIA	0xFF
  0036    1003    CLRB	0x3,0
  0037    1D03    SNZB	0x3,2
  0038    2834    JP	0x34
  0039    0D73    RLCA	0x73
  003A    3841    ORIA	0x41
  003B    1683    SETB	0x3,5
  003C    0095    LD	0x15,A
  003D    0000    NOP
  003E    0000    NOP
  003F    0000    NOP
  0040    0000    NOP
822:              		asm("nop");
823:              		asm("nop");
824:              		asm("nop");
825:              		asm("nop");				//选择通道后需延时1uS以上
826:              		GODONE = 1;				//开始转换
  0041    1683    SETB	0x3,5
  0042    1495    SETB	0x15,1
827:              
828:              		unsigned char j = 0;
  0043    1283    CLRB	0x3,5
  0044    01C4    CLR	0x44
829:              		while (GODONE) 
  0045    1683    SETB	0x3,5
  0046    1C95    SNZB	0x15,1
  0047    2850    JP	0x50
830:              		{
831:              			__delay_us(2);		//延时2us(编译器内置函数)
  0048    2849    JP	0x49
  0049    284A    JP	0x4A
  004A    284B    JP	0x4B
  004B    284C    JP	0x4C
832:              
833:              			if (0 == (--j))		//延时0.5ms仍没有AD转换结束，跳出程序
  004C    1283    CLRB	0x3,5
  004D    0BC4    SZDECR	0x44
  004E    2845    JP	0x45
834:              			return 0;
  004F    3400    RET	0x0
835:              		}
836:              
837:              		ad_temp = (unsigned int)((ADRESH << 4) + (ADRESL >> 4));	//计算12位AD值
  0050    0819    LD	A,0x19
  0051    1283    CLRB	0x3,5
  0052    00CF    LD	0x4F,A
  0053    01D0    CLR	0x50
  0054    0ECF    SWAPR	0x4F
  0055    0ED0    SWAPR	0x50
  0056    30F0    LDIA	0xF0
  0057    05D0    ANDR	0x50
  0058    084F    LD	A,0x4F
  0059    390F    ANDIA	0xF
  005A    04D0    ORR	0x50
  005B    30F0    LDIA	0xF0
  005C    05CF    ANDR	0x4F
  005D    1683    SETB	0x3,5
  005E    0E18    SWAPA	0x18
  005F    390F    ANDIA	0xF
  0060    1283    CLRB	0x3,5
  0061    07CF    ADDR	0x4F
  0062    1803    SZB	0x3,0
  0063    0AD0    INCR	0x50
838:              
839:              		if (0 == admax) 
  0064    084D    LD	A,0x4D
  0065    044E    ORA	0x4E
  0066    1D03    SNZB	0x3,2
  0067    286A    JP	0x6A
840:              		{
841:              			admax = ad_temp;
  0068    20F7    CALL	0xF7
  0069    287C    JP	0x7C
842:              			admin = ad_temp;
843:              		} 
844:              		else if (ad_temp > admax)
  006A    0850    LD	A,0x50
  006B    024E    SUBA	0x4E
  006C    1D03    SNZB	0x3,2
  006D    2870    JP	0x70
  006E    084F    LD	A,0x4F
  006F    024D    SUBA	0x4D
  0070    1803    SZB	0x3,0
  0071    2874    JP	0x74
845:              			admax = ad_temp;				//AD采样最大值
  0072    20F7    CALL	0xF7
  0073    2880    JP	0x80
846:              		else if (ad_temp < admin)
  0074    084C    LD	A,0x4C
  0075    0250    SUBA	0x50
  0076    1D03    SNZB	0x3,2
  0077    287A    JP	0x7A
  0078    084B    LD	A,0x4B
  0079    024F    SUBA	0x4F
  007A    1803    SZB	0x3,0
  007B    2880    JP	0x80
847:              			admin = ad_temp;				//AD采样最小值
  007C    0850    LD	A,0x50
  007D    00CC    LD	0x4C,A
  007E    084F    LD	A,0x4F
  007F    00CB    LD	0x4B,A
848:              
849:              		adsum += ad_temp;
  0080    084F    LD	A,0x4F
  0081    00F3    LD	0x73,A
  0082    0850    LD	A,0x50
  0083    00F4    LD	0x74,A
  0084    01F5    CLR	0x75
  0085    01F6    CLR	0x76
  0086    0873    LD	A,0x73
  0087    07C7    ADDR	0x47
  0088    0874    LD	A,0x74
  0089    1103    CLRB	0x3,2
  008A    1803    SZB	0x3,0
  008B    3E01    ADDIA	0x1
  008C    1D03    SNZB	0x3,2
  008D    07C8    ADDR	0x48
  008E    0875    LD	A,0x75
  008F    1103    CLRB	0x3,2
  0090    1803    SZB	0x3,0
  0091    3E01    ADDIA	0x1
  0092    1D03    SNZB	0x3,2
  0093    07C9    ADDR	0x49
  0094    0876    LD	A,0x76
  0095    1103    CLRB	0x3,2
  0096    1803    SZB	0x3,0
  0097    3E01    ADDIA	0x1
  0098    1D03    SNZB	0x3,2
  0099    07CA    ADDR	0x4A
  009A    300A    LDIA	0xA
  009B    0AC6    INCR	0x46
  009C    0246    SUBA	0x46
  009D    1C03    SNZB	0x3,0
  009E    2830    JP	0x30
850:              	}
851:              		adsum -= admax;
  009F    084D    LD	A,0x4D
  00A0    00F3    LD	0x73,A
  00A1    084E    LD	A,0x4E
  00A2    20DF    CALL	0xDF
  00A3    1C03    SNZB	0x3,0
  00A4    0F76    SZINCA	0x76
  00A5    02CA    SUBR	0x4A
852:              		if (adsum >= admin)
  00A6    084B    LD	A,0x4B
  00A7    00F3    LD	0x73,A
  00A8    084C    LD	A,0x4C
  00A9    00F4    LD	0x74,A
  00AA    01F5    CLR	0x75
  00AB    01F6    CLR	0x76
  00AC    0876    LD	A,0x76
  00AD    024A    SUBA	0x4A
  00AE    1D03    SNZB	0x3,2
  00AF    28BA    JP	0xBA
  00B0    0875    LD	A,0x75
  00B1    0249    SUBA	0x49
  00B2    1D03    SNZB	0x3,2
  00B3    28BA    JP	0xBA
  00B4    0874    LD	A,0x74
  00B5    0248    SUBA	0x48
  00B6    1D03    SNZB	0x3,2
  00B7    28BA    JP	0xBA
  00B8    0873    LD	A,0x73
  00B9    0247    SUBA	0x47
  00BA    1C03    SNZB	0x3,0
  00BB    28C4    JP	0xC4
853:              			adsum -= admin;
  00BC    084B    LD	A,0x4B
  00BD    00F3    LD	0x73,A
  00BE    084C    LD	A,0x4C
  00BF    20DF    CALL	0xDF
  00C0    1C03    SNZB	0x3,0
  00C1    0F76    SZINCA	0x76
  00C2    02CA    SUBR	0x4A
  00C3    28C8    JP	0xC8
854:              		else
855:              			adsum = 0;
  00C4    01C7    CLR	0x47
  00C5    01C8    CLR	0x48
  00C6    01C9    CLR	0x49
  00C7    01CA    CLR	0x4A
856:              
857:              		adresult = adsum >> 3;		//8次平均值作为最终结果
  00C8    0847    LD	A,0x47
  00C9    00F3    LD	0x73,A
  00CA    0848    LD	A,0x48
  00CB    00F4    LD	0x74,A
  00CC    0849    LD	A,0x49
  00CD    00F5    LD	0x75,A
  00CE    084A    LD	A,0x4A
  00CF    00F6    LD	0x76,A
  00D0    3003    LDIA	0x3
  00D1    1003    CLRB	0x3,0
  00D2    0CF6    RRCR	0x76
  00D3    0CF5    RRCR	0x75
  00D4    0CF4    RRCR	0x74
  00D5    0CF3    RRCR	0x73
  00D6    3EFF    ADDIA	0xFF
  00D7    1D03    SNZB	0x3,2
  00D8    28D1    JP	0xD1
  00D9    0874    LD	A,0x74
  00DA    00B1    LD	0x31,A
  00DB    0873    LD	A,0x73
  00DC    00B0    LD	0x30,A
858:              
859:              		adsum = 0;
860:              		admin = 0;
861:              		admax = 0;
  00DD    20EE    CALL	0xEE
862:              		return 0xA5;
  00DE    34A5    RET	0xA5
863:              		
864:              }
865:              
---- C:\mcuproject\scm\SCMCU_IDE_V2.00.16_Beta5\SCMCU_IDE_V2.00.16_Beta5\data\sources\common\Umul8.c ----------------------------------------------------------------------
1:                // 8 x 8 bit multiplication with 8 bit result
2:                
3:                unsigned char
4:                __bmul(unsigned char multiplier, unsigned char multiplicand)
  040C    00F4    LD	0x74,A
  040D    01F3    CLR	0x73
  040E    0872    LD	A,0x72
  040F    1874    SZB	0x74,0
  0410    07F3    ADDR	0x73
  0411    1003    CLRB	0x3,0
  0412    0DF2    RLCR	0x72
  0413    1003    CLRB	0x3,0
  0414    0CF4    RRCR	0x74
  0415    0874    LD	A,0x74
  0416    1D03    SNZB	0x3,2
  0417    2C0E    JP	0x40E
  0418    0873    LD	A,0x73
  0419    0008    RET
5:                {
6:                	unsigned char product = 0;
7:                
8:                #if defined(__OPTIMIZE_SPEED__)
9:                
10:               	if(multiplier & 0x01)
11:               		product = (product + multiplicand) & 0xff;
12:               	multiplicand <<= 1;
13:               
14:               	if(multiplier & 0x02)
15:               		product = (product + multiplicand) & 0xff;
16:               	multiplicand <<= 1;
17:               
18:               	if(multiplier & 0x04)
19:               		product = (product + multiplicand) & 0xff;
20:               	multiplicand <<= 1;
21:               
22:               	if(multiplier & 0x08)
23:               		product = (product + multiplicand) & 0xff;
24:               	multiplicand <<= 1;
25:               
26:               	if(multiplier & 0x10)
27:               		product = (product + multiplicand) & 0xff;
28:               	multiplicand <<= 1;
29:               
30:               	if(multiplier & 0x20)
31:               		product = (product + multiplicand) & 0xff;
32:               	multiplicand <<= 1;
33:               
34:               	if(multiplier & 0x40)
35:               		product = (product + multiplicand) & 0xff;
36:               	multiplicand <<= 1;
37:               
38:               	if(multiplier & 0x80)
39:               		product = (product + multiplicand) & 0xff;
40:               
41:               #else
42:               	do {
43:               		if(multiplier & 1)
44:               			product += multiplicand;
45:               		multiplicand <<= 1;
46:               		multiplier >>= 1;
47:               	} while(multiplier != 0);
48:               
49:               #endif
50:               	return product;
51:               }
---- C:\mcuproject\scm\SCMCU_IDE_V2.00.16_Beta5\SCMCU_IDE_V2.00.16_Beta5\data\sources\common\lbmod.c ----------------------------------------------------------------------
1:                // byte unsigned modulus
2:                
3:                unsigned char
4:                __lbmod(unsigned char dividend, unsigned char divisor)
  03AE    00F4    LD	0x74,A
  03AF    3008    LDIA	0x8
  03B0    00F5    LD	0x75,A
  03B1    01F6    CLR	0x76
  03B2    0874    LD	A,0x74
  03B3    00F3    LD	0x73,A
  03B4    3007    LDIA	0x7
  03B5    1003    CLRB	0x3,0
  03B6    0CF3    RRCR	0x73
  03B7    3EFF    ADDIA	0xFF
  03B8    1003    CLRB	0x3,0
  03B9    1D03    SNZB	0x3,2
  03BA    2BB6    JP	0x3B6
  03BB    0D76    RLCA	0x76
  03BC    0473    ORA	0x73
  03BD    00F6    LD	0x76,A
  03BE    1003    CLRB	0x3,0
  03BF    0DF4    RLCR	0x74
  03C0    0872    LD	A,0x72
  03C1    0276    SUBA	0x76
  03C2    1C03    SNZB	0x3,0
  03C3    2BC6    JP	0x3C6
  03C4    0872    LD	A,0x72
  03C5    02F6    SUBR	0x76
  03C6    0BF5    SZDECR	0x75
  03C7    2BB2    JP	0x3B2
  03C8    0876    LD	A,0x76
  03C9    0008    RET
5:                {
6:                	unsigned char	rem;
7:                	unsigned char	counter;
8:                
9:                	counter = 8;
10:               	rem = 0;
11:               	do {
12:               		rem = (rem << 1) | (dividend >> 7);
13:               		dividend <<= 1;
14:               		if(divisor <= rem)
15:               			rem -= divisor;
16:               	} while(--counter != 0);
17:               	return rem;
18:               }
---- C:\mcuproject\scm\SCMCU_IDE_V2.00.16_Beta5\SCMCU_IDE_V2.00.16_Beta5\data\sources\common\lbdiv.c ----------------------------------------------------------------------
1:                // byte unsigned division
2:                
3:                unsigned char
4:                __lbdiv(unsigned char dividend, unsigned char divisor)
  03CA    00F3    LD	0x73,A
  03CB    01F5    CLR	0x75
  03CC    0872    LD	A,0x72
  03CD    1903    SZB	0x3,2
  03CE    2BE3    JP	0x3E3
  03CF    01F4    CLR	0x74
  03D0    0AF4    INCR	0x74
  03D1    1BF2    SZB	0x72,7
  03D2    2BD6    JP	0x3D6
  03D3    1003    CLRB	0x3,0
  03D4    0DF2    RLCR	0x72
  03D5    2BD0    JP	0x3D0
  03D6    1003    CLRB	0x3,0
  03D7    0DF5    RLCR	0x75
  03D8    0872    LD	A,0x72
  03D9    0273    SUBA	0x73
  03DA    1C03    SNZB	0x3,0
  03DB    2BE0    JP	0x3E0
  03DC    0872    LD	A,0x72
  03DD    02F3    SUBR	0x73
  03DE    1475    SETB	0x75,0
  03DF    1003    CLRB	0x3,0
  03E0    0CF2    RRCR	0x72
  03E1    0BF4    SZDECR	0x74
  03E2    2BD6    JP	0x3D6
  03E3    0875    LD	A,0x75
  03E4    0008    RET
5:                {
6:                	unsigned char	quotient;
7:                	unsigned char	counter;
8:                
9:                	quotient = 0;
10:               	if(divisor != 0) {
11:               		counter = 1;
12:               		while((divisor & 0x80) == 0) {
13:               			divisor <<= 1;
14:               			counter++;
15:               		}
16:               		do {
17:               			quotient <<= 1;
18:               			if(divisor <= dividend) {
19:               				dividend -= divisor;
20:               				quotient |= 1;
21:               			}
22:               			divisor >>= 1;
23:               		} while(--counter != 0);
24:               	}
25:               	return quotient;
26:               }
---- stringtab ------------------------------------------------------------------
---- reset_enter ------------------------------------------------------------------
  0000    280A    JP	0xA
  000A    280B    JP	0xB
---- start_initialization ------------------------------------------------------------------
  000B    3077    LDIA	0x77
  000C    0084    LD	0x4,A
  000D    307C    LDIA	0x7C
  000E    241A    CALL	0x41A
  000F    3020    LDIA	0x20
  0010    1383    CLRB	0x3,7
  0011    0084    LD	0x4,A
  0012    3044    LDIA	0x44
  0013    241A    CALL	0x41A
---- interrupt_function_enter ----------------------------------------------------------
  0004    00FE    LD	0x7E,A
  0005    0E03    SWAPA	0x3
  0006    00F0    LD	0x70,A
  0007    080A    LD	A,0xA
  0008    00F1    LD	0x71,A
  0009    2BE5    JP	0x3E5
---- common_function ------------------------------------------------------------------
  0014    0183    CLR	0x3
  0015    2B0C    JP	0x30C
  00DF    00F4    LD	0x74,A
  00E0    01F5    CLR	0x75
  00E1    01F6    CLR	0x76
  00E2    0873    LD	A,0x73
  00E3    02C7    SUBR	0x47
  00E4    0874    LD	A,0x74
  00E5    1C03    SNZB	0x3,0
  00E6    0F74    SZINCA	0x74
  00E7    02C8    SUBR	0x48
  00E8    0875    LD	A,0x75
  00E9    1C03    SNZB	0x3,0
  00EA    0F75    SZINCA	0x75
  00EB    02C9    SUBR	0x49
  00EC    0876    LD	A,0x76
  00ED    0008    RET
  00EE    01C7    CLR	0x47
  00EF    01C8    CLR	0x48
  00F0    01C9    CLR	0x49
  00F1    01CA    CLR	0x4A
  00F2    01CB    CLR	0x4B
  00F3    01CC    CLR	0x4C
  00F4    01CD    CLR	0x4D
  00F5    01CE    CLR	0x4E
  00F6    0008    RET
  00F7    0850    LD	A,0x50
  00F8    00CE    LD	0x4E,A
  00F9    084F    LD	A,0x4F
  00FA    00CD    LD	0x4D,A
  00FB    0008    RET
  041A    0064    CLRWDT
  041B    0180    CLR	0x0
  041C    0A84    INCR	0x4
  041D    0604    XORA	0x4
  041E    1903    SZB	0x3,2
  041F    3400    RET	0x0
  0420    0604    XORA	0x4
  0421    2C1B    JP	0x41B
