Warning[520]:	C:\SCMCU WorkSpace\touchKey\main.c	第55行	function "_mode1_a" is never called
Warning[520]:	C:\SCMCU WorkSpace\touchKey\main.c	第65行	function "_mode1_b" is never called
Warning[520]:	C:\SCMCU WorkSpace\touchKey\main.c	第75行	function "_mode1_c" is never called
Warning[520]:	C:\SCMCU WorkSpace\touchKey\main.c	第84行	function "_mode1_d" is never called
Warning[520]:	C:\SCMCU WorkSpace\touchKey\main.c	第93行	function "_mode1_e" is never called
Warning[520]:	C:\SCMCU WorkSpace\touchKey\main.c	第102行	function "_mode2_a" is never called
Warning[520]:	C:\SCMCU WorkSpace\touchKey\main.c	第112行	function "_mode3_a" is never called
Warning[520]:	C:\SCMCU WorkSpace\touchKey\main.c	第122行	function "_mode4_a" is never called
Warning[520]:	C:\SCMCU WorkSpace\touchKey\main.c	第132行	function "_mode5_a" is never called
Warning[1090]:	C:\SCMCU WorkSpace\touchKey\main.c	第14行	variable "_key1Flag" is not used
Warning[1090]:	C:\SCMCU WorkSpace\touchKey\main.c	第10行	variable "_key0Flag" is not used
Warning[759]:	C:\SCMCU WorkSpace\touchKey\main.c	第147行	expression generates no code
Warning[759]:	C:\SCMCU WorkSpace\touchKey\main.c	第148行	expression generates no code
Warning[759]:	C:\SCMCU WorkSpace\touchKey\main.c	第153行	expression generates no code
Warning[759]:	C:\SCMCU WorkSpace\touchKey\main.c	第164行	expression generates no code
Warning[759]:	C:\SCMCU WorkSpace\touchKey\main.c	第171行	expression generates no code
Warning[759]:	C:\SCMCU WorkSpace\touchKey\main.c	第175行	expression generates no code
Warning[759]:	C:\SCMCU WorkSpace\touchKey\main.c	第191行	expression generates no code
Warning[759]:	C:\SCMCU WorkSpace\touchKey\main.c	第192行	expression generates no code
Warning[759]:	C:\SCMCU WorkSpace\touchKey\main.c	第197行	expression generates no code
Warning[759]:	C:\SCMCU WorkSpace\touchKey\main.c	第208行	expression generates no code
Warning[759]:	C:\SCMCU WorkSpace\touchKey\main.c	第215行	expression generates no code
Warning[759]:	C:\SCMCU WorkSpace\touchKey\main.c	第219行	expression generates no code

Memory Summary:
    Program space        used    CAh (   202) of   800h words   (  9.9%)
    Data space           used     Ch (    12) of    F0h bytes   (  5.0%)
    EEPROM space         None available
    Data stack space     used     0h (     0) of    50h bytes   (  0.0%)
    Configuration bits   used     0h (     0) of     2h words   (  0.0%)
    ID Location space    used     0h (     0) of     4h bytes   (  0.0%)

