Warning[373]:	C:\mcuproject\scm\xfx\D101_SC1711E_SOP14_\SC8P171XE_Timer2.c	第139行	implicit signed to unsigned conversion
Warning[373]:	C:\mcuproject\scm\xfx\D101_SC1711E_SOP14_\SC8P171XE_Timer2.c	第140行	implicit signed to unsigned conversion
Warning[373]:	C:\mcuproject\scm\xfx\D101_SC1711E_SOP14_\SC8P171XE_Timer2.c	第211行	implicit signed to unsigned conversion
Warning[373]:	C:\mcuproject\scm\xfx\D101_SC1711E_SOP14_\SC8P171XE_Timer2.c	第309行	implicit signed to unsigned conversion
Warning[373]:	C:\mcuproject\scm\xfx\D101_SC1711E_SOP14_\SC8P171XE_Timer2.c	第336行	implicit signed to unsigned conversion
Warning[373]:	C:\mcuproject\scm\xfx\D101_SC1711E_SOP14_\SC8P171XE_Timer2.c	第350行	implicit signed to unsigned conversion
Warning[373]:	C:\mcuproject\scm\xfx\D101_SC1711E_SOP14_\SC8P171XE_Timer2.c	第384行	implicit signed to unsigned conversion
Warning[373]:	C:\mcuproject\scm\xfx\D101_SC1711E_SOP14_\SC8P171XE_Timer2.c	第399行	implicit signed to unsigned conversion
Warning[373]:	C:\mcuproject\scm\xfx\D101_SC1711E_SOP14_\SC8P171XE_Timer2.c	第553行	implicit signed to unsigned conversion
Warning[373]:	C:\mcuproject\scm\xfx\D101_SC1711E_SOP14_\SC8P171XE_Timer2.c	第566行	implicit signed to unsigned conversion
Warning[373]:	C:\mcuproject\scm\xfx\D101_SC1711E_SOP14_\SC8P171XE_Timer2.c	第573行	implicit signed to unsigned conversion
Warning[520]:	C:\mcuproject\scm\xfx\D101_SC1711E_SOP14_\SC8P171XE_Timer2.c	第380行	function "_ADC_Result" is never called
Warning[520]:	C:\mcuproject\scm\xfx\D101_SC1711E_SOP14_\SC8P171XE_Timer2.c	第409行	function "_DelayXms" is never called
Warning[520]:	C:\mcuproject\scm\xfx\D101_SC1711E_SOP14_\SC8P171XE_Timer2.c	第664行	function "_delay" is never called
Warning[1090]:	C:\mcuproject\scm\xfx\D101_SC1711E_SOP14_\SC8P171XE_Timer2.c	第70行	variable "_D_ADDATA1L" is not used
Warning[1090]:	C:\mcuproject\scm\xfx\D101_SC1711E_SOP14_\SC8P171XE_Timer2.c	第69行	variable "_D_ADDATA1H" is not used
Warning[1090]:	C:\mcuproject\scm\xfx\D101_SC1711E_SOP14_\SC8P171XE_Timer2.c	第68行	variable "_waitRainbowTime" is not used
Warning[1090]:	C:\mcuproject\scm\xfx\D101_SC1711E_SOP14_\SC8P171XE_Timer2.c	第63行	variable "_closeTime" is not used
Warning[1090]:	C:\mcuproject\scm\xfx\D101_SC1711E_SOP14_\SC8P171XE_Timer2.c	第62行	variable "_fullTime" is not used
Warning[1090]:	C:\mcuproject\scm\xfx\D101_SC1711E_SOP14_\SC8P171XE_Timer2.c	第67行	variable "_preDuty" is not used
Warning[1090]:	C:\mcuproject\scm\xfx\D101_SC1711E_SOP14_\SC8P171XE_Timer2.c	第66行	variable "_currentDuty" is not used
Warning[1090]:	C:\mcuproject\scm\xfx\D101_SC1711E_SOP14_\SC8P171XE_Timer2.c	第64行	variable "_breathWaitTime" is not used
Warning[1090]:	C:\mcuproject\scm\xfx\D101_SC1711E_SOP14_\SC8P171XE_Timer2.c	第61行	variable "_delayTime" is not used
Warning[1090]:	C:\mcuproject\scm\xfx\D101_SC1711E_SOP14_\SC8P171XE_Timer2.c	第60行	variable "_breathFalg" is not used
Warning[1090]:	C:\mcuproject\scm\xfx\D101_SC1711E_SOP14_\SC8P171XE_Timer2.c	第59行	variable "_breathTime" is not used
Warning[1090]:	C:\mcuproject\scm\xfx\D101_SC1711E_SOP14_\SC8P171XE_Timer2.c	第54行	variable "_count10ms" is not used
Warning[1090]:	C:\mcuproject\scm\xfx\D101_SC1711E_SOP14_\SC8P171XE_Timer2.c	第53行	variable "_count250" is not used
Warning[1090]:	C:\mcuproject\scm\xfx\D101_SC1711E_SOP14_\SC8P171XE_Timer2.c	第52行	variable "_colorStep" is not used
Warning[1090]:	C:\mcuproject\scm\xfx\D101_SC1711E_SOP14_\SC8P171XE_Timer2.c	第51行	variable "_lastBlue" is not used
Warning[1090]:	C:\mcuproject\scm\xfx\D101_SC1711E_SOP14_\SC8P171XE_Timer2.c	第50行	variable "_lastGreen" is not used
Warning[1090]:	C:\mcuproject\scm\xfx\D101_SC1711E_SOP14_\SC8P171XE_Timer2.c	第49行	variable "_lastRed" is not used
Warning[1090]:	C:\mcuproject\scm\xfx\D101_SC1711E_SOP14_\SC8P171XE_Timer2.c	第48行	variable "_ledFlag" is not used
Warning[1090]:	C:\mcuproject\scm\xfx\D101_SC1711E_SOP14_\SC8P171XE_Timer2.c	第47行	variable "_ledCount" is not used
Warning[1090]:	C:\mcuproject\scm\xfx\D101_SC1711E_SOP14_\SC8P171XE_Timer2.c	第46行	variable "_green" is not used
Warning[1090]:	C:\mcuproject\scm\xfx\D101_SC1711E_SOP14_\SC8P171XE_Timer2.c	第45行	variable "_blue" is not used
Warning[1090]:	C:\mcuproject\scm\xfx\D101_SC1711E_SOP14_\SC8P171XE_Timer2.c	第44行	variable "_red" is not used
Warning[1090]:	C:\mcuproject\scm\xfx\D101_SC1711E_SOP14_\SC8P171XE_Timer2.c	第43行	variable "_lowCount" is not used
Warning[752]:	C:\mcuproject\scm\xfx\D101_SC1711E_SOP14_\SC8P171XE_Timer2.c	第211行	conversion to shorter data type
Warning[752]:	C:\mcuproject\scm\xfx\D101_SC1711E_SOP14_\SC8P171XE_Timer2.c	第307行	conversion to shorter data type
Warning[752]:	C:\mcuproject\scm\xfx\D101_SC1711E_SOP14_\SC8P171XE_Timer2.c	第336行	conversion to shorter data type
Warning[752]:	C:\mcuproject\scm\xfx\D101_SC1711E_SOP14_\SC8P171XE_Timer2.c	第369行	conversion to shorter data type
Warning[759]:	C:\mcuproject\scm\xfx\D101_SC1711E_SOP14_\SC8P171XE_Timer2.c	第478行	expression generates no code
Warning[759]:	C:\mcuproject\scm\xfx\D101_SC1711E_SOP14_\SC8P171XE_Timer2.c	第479行	expression generates no code

Memory Summary:
    Program space        used   38Dh (   909) of   800h words   ( 44.4%)
    Data space           used    3Ah (    58) of    A0h bytes   ( 36.2%)
    EEPROM space         None available
    Data stack space     used     0h (     0) of    50h bytes   (  0.0%)
    Configuration bits   used     0h (     0) of     2h words   (  0.0%)
    ID Location space    used     0h (     0) of     4h bytes   (  0.0%)

