

Microchip Technology PIC PRO Macro Assembler V1.45 build -152302408 
                                                                                               Mon Jun 07 09:07:53 2021

Microchip Technology Omniscient Code Generator v1.45 (PRO mode) build 201711160504
     1                           	processor	SC8F2892B
     2                           	opt	pw 120
     3                           	opt	pm
     4                           	psect	text0,local,class=CODE,merge=1,delta=2
     5                           	psect	cinit,global,class=CODE,merge=1,delta=2
     6                           	psect	bitbssCOMMON,global,bit,class=COMMON,space=1,delta=1
     7                           	psect	bssCOMMON,global,class=COMMON,space=1,delta=1
     8                           	psect	bssBANK0,global,class=BANK0,space=1,delta=1
     9                           	psect	cstackCOMMON,global,class=COMMON,space=1,delta=1
    10                           	psect	cstackBANK0,global,class=BANK0,space=1,delta=1
    11                           	psect	maintext,global,class=CODE,split=1,delta=2
    12                           	psect	text3,local,class=CODE,merge=1,delta=2
    13                           	psect	text6,local,class=CODE,merge=1,delta=2
    14                           	psect	intentry,global,class=CODE,delta=2
    15                           	psect	pa_nodes0,global,class=CODE,delta=2
    16                           	dabs	1,0x7E,2
    17  0000                     
    18                           ; Version 1.45
    19                           ; Generated 16/11/2017 GMT
    20                           ; 
    21                           ; Copyright 漏 2017, Microchip Technology Inc. and its subsidiaries ("Microchip")
    22                           ; All rights reserved.
    23                           ; 
    24                           ; This software is developed by Microchip Technology Inc. and its subsidiaries ("Microch
      +                          ip").
    25                           ; 
    26                           ; Redistribution and use in source and binary forms, with or without modification, are
    27                           ; permitted provided that the following conditions are met:
    28                           ; 
    29                           ;     1. Redistributions of source code must retain the above copyright notice, this lis
      +                          t of
    30                           ;        conditions and the following disclaimer.
    31                           ; 
    32                           ;     2. Redistributions in binary form must reproduce the above copyright notice, this 
      +                          list
    33                           ;        of conditions and the following disclaimer in the documentation and/or other
    34                           ;        materials provided with the distribution.
    35                           ; 
    36                           ;     3. Microchip's name may not be used to endorse or promote products derived from th
      +                          is
    37                           ;        software without specific prior written permission.
    38                           ; 
    39                           ; THIS SOFTWARE IS PROVIDED BY MICROCHIP "AS IS" AND ANY EXPRESS OR IMPLIED WARRANTIES,
    40                           ; INCLUDING, BUT NOT LIMITED TO, THE IMPLIED WARRANTIES OF MERCHANTABILITY AND FITNESS F
      +                          OR
    41                           ; PURPOSE ARE DISCLAIMED.  IN NO EVENT SHALL MICROCHIP BE LIABLE FOR ANY DIRECT, INDIREC
      +                          T,
    42                           ; INCIDENTAL, SPECIAL, EXEMPLARY, OR CONSEQUENTIAL DAMAGES (INCLUDING BUT NOT LIMITED TO
    43                           ; PROCUREMENT OF SUBSTITUTE GOODS OR SERVICES; LOSS OF USE, DATA OR PROFITS; OR BUSINESS
    44                           ; INTERRUPTION) HOWSOEVER CAUSED AND ON ANY THEORY OF LIABILITY, WHETHER IN CONTRACT, ST
      +                          RICT
    45                           ; LIABILITY, OR TORT (INCLUDING NEGLIGENCE OR OTHERWISE) ARISING IN ANY WAY OUT OF THE U
      +                          SE OF
    46                           ; THIS SOFTWARE, EVEN IF ADVISED OF THE POSSIBILITY OF SUCH DAMAGE.
    47                           ; 
    48                           ; 
    49                           ; Code-generator required, PIC16F887 Definitions
    50                           ; 
    51                           ; SFR Addresses
    52  0000                     
    53                           	psect	text0
    54  0000                     __ptext0:	
    55  0012                     _T2CON	set	18
    56  000D                     _PIE1	set	13
    57  000C                     _PIR1	set	12
    58  000B                     _INTCON	set	11
    59  0006                     _PORTB	set	6
    60  0069                     _TMR2IE	set	105
    61  0061                     _TMR2IF	set	97
    62  0028                     _RA0	set	40
    63  0029                     _RA1	set	41
    64  0091                     _PR2	set	145
    65  0088                     _OSCCON	set	136
    66  0086                     _TRISB	set	134
    67  0081                     _OPTION_REG	set	129
    68  0428                     _TRISA0	set	1064
    69  0429                     _TRISA1	set	1065
    70                           
    71                           	psect	cinit
    72  000D                     start_initialization:	
    73                           ; #config settings
    74                           
    75  000D                     __initialization:	
    76                           
    77                           ; Clear objects allocated to BITCOMMON
    78  000D  01FB               	clrf	(__pbitbssCOMMON/(0+8))& (0+127)
    79                           
    80                           ; Clear objects allocated to COMMON
    81  000E  01F0               	clrf	__pbssCOMMON& (0+127)
    82  000F  01F1               	clrf	(__pbssCOMMON+1)& (0+127)
    83  0010  01F2               	clrf	(__pbssCOMMON+2)& (0+127)
    84  0011  01F3               	clrf	(__pbssCOMMON+3)& (0+127)
    85  0012  01F4               	clrf	(__pbssCOMMON+4)& (0+127)
    86  0013  01F5               	clrf	(__pbssCOMMON+5)& (0+127)
    87                           
    88                           ; Clear objects allocated to BANK0
    89  0014  1283               	bcf	3,5	;RP0=0, select bank0
    90  0015  1303               	bcf	3,6	;RP1=0, select bank0
    91  0016  01A0               	clrf	__pbssBANK0& (0+127)
    92  0017  01A1               	clrf	(__pbssBANK0+1)& (0+127)
    93  0018  01A2               	clrf	(__pbssBANK0+2)& (0+127)
    94  0019  01A3               	clrf	(__pbssBANK0+3)& (0+127)
    95  001A  01A4               	clrf	(__pbssBANK0+4)& (0+127)
    96  001B                     end_of_initialization:	
    97                           ;End of C runtime variable initialization code
    98                           
    99  001B                     __end_of__initialization:	
   100  001B  0183               	clrf	3
   101  001C  118A  28A4         	ljmp	_main	;jump to C main() function
   102                           
   103                           	psect	bitbssCOMMON
   104  03D8                     __pbitbssCOMMON:	
   105  03D8                     _B_MainLoop:	
   106  03D8                     	ds	1
   107                           
   108                           	psect	bssCOMMON
   109  0070                     __pbssCOMMON:	
   110  0070                     _Recebuffer:	
   111  0070                     	ds	5
   112  0075                     ISR@tcount:	
   113  0075                     	ds	1
   114                           
   115                           	psect	bssBANK0
   116  0020                     __pbssBANK0:	
   117  0020                     _Sendbuffer:	
   118  0020                     	ds	5
   119                           
   120                           	psect	cstackCOMMON
   121  0076                     __pcstackCOMMON:	
   122  0076                     ?_I2C_WriteStart:	
   123  0076                     ?_I2C_Write1Byte:	
   124                           ; 1 bytes @ 0x0
   125                           
   126  0076                     ?_I2C_WriteStop:	
   127                           ; 1 bytes @ 0x0
   128                           
   129  0076                     ?_I2C_Read1Byte:	
   130                           ; 1 bytes @ 0x0
   131                           
   132  0076                     ?_I2C_WaitMoment:	
   133                           ; 1 bytes @ 0x0
   134                           
   135  0076                     ?_main:	
   136                           ; 1 bytes @ 0x0
   137                           
   138  0076                     ?_ISR:	
   139                           ; 1 bytes @ 0x0
   140                           
   141  0076                     ??_ISR:	
   142                           ; 1 bytes @ 0x0
   143                           
   144                           
   145                           ; 1 bytes @ 0x0
   146  0076                     	ds	2
   147  0078                     ??_I2C_WriteStart:	
   148  0078                     ??_I2C_Write1Byte:	
   149                           ; 1 bytes @ 0x2
   150                           
   151  0078                     ??_I2C_WriteStop:	
   152                           ; 1 bytes @ 0x2
   153                           
   154  0078                     ??_I2C_Read1Byte:	
   155                           ; 1 bytes @ 0x2
   156                           
   157  0078                     ??_I2C_WaitMoment:	
   158                           ; 1 bytes @ 0x2
   159                           
   160  0078                     I2C_Write1Byte@data:	
   161                           ; 1 bytes @ 0x2
   162                           
   163  0078                     I2C_Read1Byte@ack:	
   164                           ; 1 bytes @ 0x2
   165                           
   166                           
   167                           ; 1 bytes @ 0x2
   168  0078                     	ds	1
   169  0079                     I2C_Write1Byte@i:	
   170  0079                     I2C_Read1Byte@data:	
   171                           ; 1 bytes @ 0x3
   172                           
   173                           
   174                           ; 1 bytes @ 0x3
   175  0079                     	ds	1
   176  007A                     I2C_Read1Byte@i:	
   177                           
   178                           ; 1 bytes @ 0x4
   179  007A                     	ds	1
   180  007B                     ??_main:	
   181                           
   182                           	psect	cstackBANK0
   183  0025                     __pcstackBANK0:	
   184                           ; 1 bytes @ 0x5
   185                           
   186  0025                     main@time1s:	
   187                           
   188                           ; 1 bytes @ 0x0
   189  0025                     	ds	1
   190                           
   191                           	psect	maintext
   192  00A4                     __pmaintext:	
   193 ;;
   194 ;;Main: autosize = 0, tempsize = 0, incstack = 0, save=0
   195 ;;
   196 ;; *************** function _main *****************
   197 ;; Defined at:
   198 ;;		line 30 in file "H:\MyDownloads\说明书&测试报告\开发包\SC8F289XB开发包\SC8F289XB_DEMO_C\SC8F289XB_IIC_Demo\SC8F289XB
      +_IIC_Demo_Master.c"
   199 ;; Parameters:    Size  Location     Type
   200 ;;		None
   201 ;; Auto vars:     Size  Location     Type
   202 ;;  time1s          1    0[BANK0 ] unsigned char 
   203 ;; Return value:  Size  Location     Type
   204 ;;                  1    wreg      void 
   205 ;; Registers used:
   206 ;;		wreg, status,2, status,0, pclath, cstack
   207 ;; Tracked objects:
   208 ;;		On entry : B00/0
   209 ;;		On exit  : 0/0
   210 ;;		Unchanged: 0/0
   211 ;; Data sizes:     COMMON   BANK0   BANK1   BANK2
   212 ;;      Params:         0       0       0       0
   213 ;;      Locals:         0       1       0       0
   214 ;;      Temps:          0       0       0       0
   215 ;;      Totals:         0       1       0       0
   216 ;;Total ram usage:        1 bytes
   217 ;; Hardware stack levels required when called:    3
   218 ;; This function calls:
   219 ;;		_I2C_Read1Byte
   220 ;;		_I2C_Write1Byte
   221 ;;		_I2C_WriteStart
   222 ;;		_I2C_WriteStop
   223 ;; This function is called by:
   224 ;;		Startup code after reset
   225 ;; This function uses a non-reentrant model
   226 ;;
   227                           
   228                           
   229                           ;psect for function _main
   230  00A4                     _main:	
   231                           
   232                           ;SC8F289XB_IIC_Demo_Master.c: 32: __nop();
   233                           
   234                           ;incstack = 0
   235                           ; Regs used in _main: [wreg+status,2+status,0+pclath+cstack]
   236  00A4  0000               	nop
   237  00A5  0064               	clrwdt	;# 
   238                           
   239                           ;SC8F289XB_IIC_Demo_Master.c: 34: OSCCON = 0x72;
   240  00A6  3072               	movlw	114
   241  00A7  1683               	bsf	3,5	;RP0=1, select bank1
   242  00A8  1303               	bcf	3,6	;RP1=0, select bank1
   243  00A9  0088               	movwf	8	;volatile
   244                           
   245                           ;SC8F289XB_IIC_Demo_Master.c: 35: OPTION_REG = 0;
   246  00AA  0181               	clrf	1	;volatile
   247                           
   248                           ;SC8F289XB_IIC_Demo_Master.c: 37: INTCON = 0;
   249  00AB  018B               	clrf	11	;volatile
   250                           
   251                           ;SC8F289XB_IIC_Demo_Master.c: 38: TRISB = 0;
   252  00AC  0186               	clrf	6	;volatile
   253                           
   254                           ;SC8F289XB_IIC_Demo_Master.c: 39: PORTB = 0;
   255  00AD  1283               	bcf	3,5	;RP0=0, select bank0
   256  00AE  0186               	clrf	6	;volatile
   257                           
   258                           ;SC8F289XB_IIC_Demo_Master.c: 41: PIR1 = 0;
   259  00AF  018C               	clrf	12	;volatile
   260                           
   261                           ;SC8F289XB_IIC_Demo_Master.c: 42: PIE1 = 0;
   262  00B0  018D               	clrf	13	;volatile
   263                           
   264                           ;SC8F289XB_IIC_Demo_Master.c: 45: PR2 = 250;
   265  00B1  30FA               	movlw	250
   266  00B2  1683               	bsf	3,5	;RP0=1, select bank1
   267  00B3  0091               	movwf	17	;volatile
   268                           
   269                           ;SC8F289XB_IIC_Demo_Master.c: 46: T2CON = 4;
   270  00B4  3004               	movlw	4
   271  00B5  1283               	bcf	3,5	;RP0=0, select bank0
   272  00B6  0092               	movwf	18	;volatile
   273                           
   274                           ;SC8F289XB_IIC_Demo_Master.c: 47: TMR2IE = 1;
   275  00B7  148D               	bsf	13,1	;volatile
   276                           
   277                           ;SC8F289XB_IIC_Demo_Master.c: 49: INTCON = 0XC0;
   278  00B8  30C0               	movlw	192
   279  00B9  008B               	movwf	11	;volatile
   280  00BA                     l1440:	
   281                           
   282                           ;SC8F289XB_IIC_Demo_Master.c: 54: {
   283                           ;SC8F289XB_IIC_Demo_Master.c: 55: if(B_MainLoop)
   284  00BA  1C7B               	btfss	_B_MainLoop/(0+8),_B_MainLoop& (0+7)
   285  00BB  28BA               	goto	l1440
   286                           
   287                           ;SC8F289XB_IIC_Demo_Master.c: 56: {
   288                           ;SC8F289XB_IIC_Demo_Master.c: 57: B_MainLoop = 0;
   289  00BC  107B               	bcf	_B_MainLoop/(0+8),_B_MainLoop& (0+7)
   290  00BD  0064               	clrwdt	;# 
   291                           
   292                           ;SC8F289XB_IIC_Demo_Master.c: 60: if(++time1s >= 200)
   293  00BE  30C8               	movlw	200
   294  00BF  1283               	bcf	3,5	;RP0=0, select bank0
   295  00C0  1303               	bcf	3,6	;RP1=0, select bank0
   296  00C1  0AA5               	incf	main@time1s,f
   297  00C2  0225               	subwf	main@time1s,w
   298  00C3  1C03               	skipc
   299  00C4  28BA               	goto	l1440
   300                           
   301                           ;SC8F289XB_IIC_Demo_Master.c: 61: {
   302                           ;SC8F289XB_IIC_Demo_Master.c: 62: time1s = 0;
   303  00C5  01A5               	clrf	main@time1s
   304                           
   305                           ;SC8F289XB_IIC_Demo_Master.c: 63: Sendbuffer[0]++;
   306  00C6  0AA0               	incf	_Sendbuffer,f	;volatile
   307                           
   308                           ;SC8F289XB_IIC_Demo_Master.c: 66: I2C_WriteStart();
   309  00C7  118A  2054  118A   	fcall	_I2C_WriteStart
   310                           
   311                           ;SC8F289XB_IIC_Demo_Master.c: 67: I2C_Write1Byte(0xa0);
   312  00CA  30A0               	movlw	160
   313  00CB  118A  201E  118A   	fcall	_I2C_Write1Byte
   314                           
   315                           ;SC8F289XB_IIC_Demo_Master.c: 68: I2C_Write1Byte(0x4);
   316  00CE  3004               	movlw	4
   317  00CF  118A  201E  118A   	fcall	_I2C_Write1Byte
   318                           
   319                           ;SC8F289XB_IIC_Demo_Master.c: 69: I2C_Write1Byte(Sendbuffer[0]);
   320  00D2  1283               	bcf	3,5	;RP0=0, select bank0
   321  00D3  0820               	movf	_Sendbuffer,w	;volatile
   322  00D4  118A  201E  118A   	fcall	_I2C_Write1Byte
   323                           
   324                           ;SC8F289XB_IIC_Demo_Master.c: 70: I2C_Write1Byte(~Sendbuffer[0]);
   325  00D7  1283               	bcf	3,5	;RP0=0, select bank0
   326  00D8  0920               	comf	_Sendbuffer,w	;volatile
   327  00D9  118A  201E  118A   	fcall	_I2C_Write1Byte
   328                           
   329                           ;SC8F289XB_IIC_Demo_Master.c: 71: I2C_Write1Byte(0x3);
   330  00DC  3003               	movlw	3
   331  00DD  118A  201E  118A   	fcall	_I2C_Write1Byte
   332                           
   333                           ;SC8F289XB_IIC_Demo_Master.c: 72: I2C_WriteStop();
   334  00E0  118A  2040  118A   	fcall	_I2C_WriteStop
   335                           
   336                           ;SC8F289XB_IIC_Demo_Master.c: 75: I2C_WriteStart();
   337  00E3  118A  2054  118A   	fcall	_I2C_WriteStart
   338                           
   339                           ;SC8F289XB_IIC_Demo_Master.c: 76: I2C_Write1Byte(0xa1);
   340  00E6  30A1               	movlw	161
   341  00E7  118A  201E  118A   	fcall	_I2C_Write1Byte
   342                           
   343                           ;SC8F289XB_IIC_Demo_Master.c: 77: Recebuffer[0] = I2C_Read1Byte(0);
   344  00EA  3000               	movlw	0
   345  00EB  118A  2069  118A   	fcall	_I2C_Read1Byte
   346  00EE  00F0               	movwf	_Recebuffer	;volatile
   347                           
   348                           ;SC8F289XB_IIC_Demo_Master.c: 78: Recebuffer[1] = I2C_Read1Byte(0);
   349  00EF  3000               	movlw	0
   350  00F0  118A  2069  118A   	fcall	_I2C_Read1Byte
   351  00F3  00F1               	movwf	_Recebuffer+1	;volatile
   352                           
   353                           ;SC8F289XB_IIC_Demo_Master.c: 79: Recebuffer[2] = I2C_Read1Byte(0);
   354  00F4  3000               	movlw	0
   355  00F5  118A  2069  118A   	fcall	_I2C_Read1Byte
   356  00F8  00F2               	movwf	_Recebuffer+2	;volatile
   357                           
   358                           ;SC8F289XB_IIC_Demo_Master.c: 80: Recebuffer[3] = I2C_Read1Byte(1);
   359  00F9  3001               	movlw	1
   360  00FA  118A  2069  118A   	fcall	_I2C_Read1Byte
   361  00FD  00F3               	movwf	_Recebuffer+3	;volatile
   362                           
   363                           ;SC8F289XB_IIC_Demo_Master.c: 81: I2C_WriteStop();
   364  00FE  118A  2040  118A   	fcall	_I2C_WriteStop
   365  0101  28BA               	goto	l1440
   366  0102                     __end_of_main:	
   367                           
   368                           	psect	text3
   369  001E                     __ptext3:	
   370 ;; *************** function _I2C_Write1Byte *****************
   371 ;; Defined at:
   372 ;;		line 158 in file "H:\MyDownloads\说明书&测试报告\开发包\SC8F289XB开发包\SC8F289XB_DEMO_C\SC8F289XB_IIC_Demo\SC8F289X
      +B_IIC_Demo_Master.c"
   373 ;; Parameters:    Size  Location     Type
   374 ;;  data            1    wreg     unsigned char 
   375 ;; Auto vars:     Size  Location     Type
   376 ;;  data            1    2[COMMON] unsigned char 
   377 ;;  i               1    3[COMMON] unsigned char 
   378 ;; Return value:  Size  Location     Type
   379 ;;                  1    wreg      unsigned char 
   380 ;; Registers used:
   381 ;;		wreg, status,2, status,0, pclath, cstack
   382 ;; Tracked objects:
   383 ;;		On entry : 0/0
   384 ;;		On exit  : 300/100
   385 ;;		Unchanged: 0/0
   386 ;; Data sizes:     COMMON   BANK0   BANK1   BANK2
   387 ;;      Params:         0       0       0       0
   388 ;;      Locals:         2       0       0       0
   389 ;;      Temps:          0       0       0       0
   390 ;;      Totals:         2       0       0       0
   391 ;;Total ram usage:        2 bytes
   392 ;; Hardware stack levels used:    1
   393 ;; Hardware stack levels required when called:    2
   394 ;; This function calls:
   395 ;;		_I2C_WaitMoment
   396 ;; This function is called by:
   397 ;;		_main
   398 ;; This function uses a non-reentrant model
   399 ;;
   400                           
   401                           
   402                           ;psect for function _I2C_Write1Byte
   403  001E                     _I2C_Write1Byte:	
   404                           
   405                           ;incstack = 0
   406                           ; Regs used in _I2C_Write1Byte: [wreg+status,2+status,0+pclath+cstack]
   407                           ;I2C_Write1Byte@data stored from wreg
   408  001E  00F8               	movwf	I2C_Write1Byte@data
   409                           
   410                           ;SC8F289XB_IIC_Demo_Master.c: 160: unsigned char i = 8;
   411  001F  3008               	movlw	8
   412  0020  00F9               	movwf	I2C_Write1Byte@i
   413                           
   414                           ;SC8F289XB_IIC_Demo_Master.c: 161: TRISA1 = 0;
   415  0021  1683               	bsf	3,5	;RP0=1, select bank1
   416  0022  1303               	bcf	3,6	;RP1=0, select bank1
   417  0023  1085               	bcf	5,1	;volatile
   418                           
   419                           ;SC8F289XB_IIC_Demo_Master.c: 162: TRISA0 = 0;
   420  0024  1005               	bcf	5,0	;volatile
   421  0025                     l1350:	
   422                           
   423                           ;SC8F289XB_IIC_Demo_Master.c: 164: {
   424                           ;SC8F289XB_IIC_Demo_Master.c: 165: RA0 = 0;
   425  0025  1283               	bcf	3,5	;RP0=0, select bank0
   426  0026  1005               	bcf	5,0	;volatile
   427                           
   428                           ;SC8F289XB_IIC_Demo_Master.c: 166: if(data&0x80)
   429  0027  1FF8               	btfss	I2C_Write1Byte@data,7
   430  0028  282B               	goto	l626
   431                           
   432                           ;SC8F289XB_IIC_Demo_Master.c: 167: RA1 = 1;
   433  0029  1485               	bsf	5,1	;volatile
   434  002A  282C               	goto	l627
   435  002B                     l626:	
   436                           
   437                           ;SC8F289XB_IIC_Demo_Master.c: 168: else
   438                           ;SC8F289XB_IIC_Demo_Master.c: 169: RA1 = 0;
   439  002B  1085               	bcf	5,1	;volatile
   440  002C                     l627:	
   441                           
   442                           ;SC8F289XB_IIC_Demo_Master.c: 171: RA0 = 1;
   443  002C  1405               	bsf	5,0	;volatile
   444                           
   445                           ;SC8F289XB_IIC_Demo_Master.c: 172: data <<= 1;
   446  002D  1003               	clrc
   447  002E  0DF8               	rlf	I2C_Write1Byte@data,f
   448                           
   449                           ;SC8F289XB_IIC_Demo_Master.c: 173: }
   450                           ;SC8F289XB_IIC_Demo_Master.c: 174: while(--i);
   451  002F  0BF9               	decfsz	I2C_Write1Byte@i,f
   452  0030  2825               	goto	l1350
   453                           
   454                           ;SC8F289XB_IIC_Demo_Master.c: 175: RA0 = 0;
   455  0031  1005               	bcf	5,0	;volatile
   456                           
   457                           ;SC8F289XB_IIC_Demo_Master.c: 177: TRISA1 = 1;
   458  0032  1683               	bsf	3,5	;RP0=1, select bank1
   459  0033  1485               	bsf	5,1	;volatile
   460                           
   461                           ;SC8F289XB_IIC_Demo_Master.c: 179: I2C_WaitMoment();
   462  0034  20A1  118A         	fcall	_I2C_WaitMoment
   463                           
   464                           ;SC8F289XB_IIC_Demo_Master.c: 180: RA0 = 1;
   465  0036  1283               	bcf	3,5	;RP0=0, select bank0
   466  0037  1303               	bcf	3,6	;RP1=0, select bank0
   467  0038  1405               	bsf	5,0	;volatile
   468                           
   469                           ;SC8F289XB_IIC_Demo_Master.c: 181: I2C_WaitMoment();
   470  0039  20A1               	fcall	_I2C_WaitMoment
   471                           
   472                           ;SC8F289XB_IIC_Demo_Master.c: 184: RA0 = 0;
   473  003A  1283               	bcf	3,5	;RP0=0, select bank0
   474  003B  1303               	bcf	3,6	;RP1=0, select bank0
   475  003C  1005               	bcf	5,0	;volatile
   476                           
   477                           ;SC8F289XB_IIC_Demo_Master.c: 185: TRISA1 = 0;
   478  003D  1683               	bsf	3,5	;RP0=1, select bank1
   479  003E  1085               	bcf	5,1	;volatile
   480  003F  0008               	return
   481  0040                     __end_of_I2C_Write1Byte:	
   482  0040                     __ptext1:	
   483 ;; *************** function _I2C_WriteStop *****************
   484 ;; Defined at:
   485 ;;		line 136 in file "H:\MyDownloads\说明书&测试报告\开发包\SC8F289XB开发包\SC8F289XB_DEMO_C\SC8F289XB_IIC_Demo\SC8F289X
      +B_IIC_Demo_Master.c"
   486 ;; Parameters:    Size  Location     Type
   487 ;;		None
   488 ;; Auto vars:     Size  Location     Type
   489 ;;		None
   490 ;; Return value:  Size  Location     Type
   491 ;;                  1    wreg      void 
   492 ;; Registers used:
   493 ;;		status,2, status,0, pclath, cstack
   494 ;; Tracked objects:
   495 ;;		On entry : 200/100
   496 ;;		On exit  : 0/0
   497 ;;		Unchanged: 0/0
   498 ;; Data sizes:     COMMON   BANK0   BANK1   BANK2
   499 ;;      Params:         0       0       0       0
   500 ;;      Locals:         0       0       0       0
   501 ;;      Temps:          0       0       0       0
   502 ;;      Totals:         0       0       0       0
   503 ;;Total ram usage:        0 bytes
   504 ;; Hardware stack levels used:    1
   505 ;; Hardware stack levels required when called:    2
   506 ;; This function calls:
   507 ;;		_I2C_WaitMoment
   508 ;; This function is called by:
   509 ;;		_main
   510 ;; This function uses a non-reentrant model
   511 ;;
   512                           
   513                           
   514                           ;psect for function _I2C_WriteStop
   515  0040                     _I2C_WriteStop:	
   516                           
   517                           ;SC8F289XB_IIC_Demo_Master.c: 138: TRISA1 = 0;
   518                           
   519                           ;incstack = 0
   520                           ; Regs used in _I2C_WriteStop: [status,2+status,0+pclath+cstack]
   521  0040  1683               	bsf	3,5	;RP0=1, select bank1
   522  0041  1085               	bcf	5,1	;volatile
   523                           
   524                           ;SC8F289XB_IIC_Demo_Master.c: 139: TRISA0 = 0;
   525  0042  1005               	bcf	5,0	;volatile
   526                           
   527                           ;SC8F289XB_IIC_Demo_Master.c: 140: I2C_WaitMoment();
   528  0043  20A1  118A         	fcall	_I2C_WaitMoment
   529                           
   530                           ;SC8F289XB_IIC_Demo_Master.c: 142: RA1 = 0;
   531  0045  1283               	bcf	3,5	;RP0=0, select bank0
   532  0046  1303               	bcf	3,6	;RP1=0, select bank0
   533  0047  1085               	bcf	5,1	;volatile
   534                           
   535                           ;SC8F289XB_IIC_Demo_Master.c: 143: RA0 = 1;
   536  0048  1405               	bsf	5,0	;volatile
   537                           
   538                           ;SC8F289XB_IIC_Demo_Master.c: 144: I2C_WaitMoment();
   539  0049  20A1  118A         	fcall	_I2C_WaitMoment
   540                           
   541                           ;SC8F289XB_IIC_Demo_Master.c: 145: RA1 = 1;
   542  004B  1283               	bcf	3,5	;RP0=0, select bank0
   543  004C  1303               	bcf	3,6	;RP1=0, select bank0
   544  004D  1485               	bsf	5,1	;volatile
   545                           
   546                           ;SC8F289XB_IIC_Demo_Master.c: 147: I2C_WaitMoment();
   547  004E  20A1  118A         	fcall	_I2C_WaitMoment
   548                           
   549                           ;SC8F289XB_IIC_Demo_Master.c: 148: RA0 = 0;
   550  0050  1283               	bcf	3,5	;RP0=0, select bank0
   551  0051  1303               	bcf	3,6	;RP1=0, select bank0
   552  0052  1005               	bcf	5,0	;volatile
   553                           
   554                           ;SC8F289XB_IIC_Demo_Master.c: 149: I2C_WaitMoment();
   555  0053  28A1               	ljmp	l1330
   556  0054                     __end_of_I2C_WriteStop:	
   557  0054                     __ptext2:	
   558 ;; *************** function _I2C_WriteStart *****************
   559 ;; Defined at:
   560 ;;		line 114 in file "H:\MyDownloads\说明书&测试报告\开发包\SC8F289XB开发包\SC8F289XB_DEMO_C\SC8F289XB_IIC_Demo\SC8F289X
      +B_IIC_Demo_Master.c"
   561 ;; Parameters:    Size  Location     Type
   562 ;;		None
   563 ;; Auto vars:     Size  Location     Type
   564 ;;		None
   565 ;; Return value:  Size  Location     Type
   566 ;;                  1    wreg      void 
   567 ;; Registers used:
   568 ;;		status,2, status,0, pclath, cstack
   569 ;; Tracked objects:
   570 ;;		On entry : 0/0
   571 ;;		On exit  : 0/0
   572 ;;		Unchanged: 0/0
   573 ;; Data sizes:     COMMON   BANK0   BANK1   BANK2
   574 ;;      Params:         0       0       0       0
   575 ;;      Locals:         0       0       0       0
   576 ;;      Temps:          0       0       0       0
   577 ;;      Totals:         0       0       0       0
   578 ;;Total ram usage:        0 bytes
   579 ;; Hardware stack levels used:    1
   580 ;; Hardware stack levels required when called:    2
   581 ;; This function calls:
   582 ;;		_I2C_WaitMoment
   583 ;; This function is called by:
   584 ;;		_main
   585 ;; This function uses a non-reentrant model
   586 ;;
   587                           
   588                           
   589                           ;psect for function _I2C_WriteStart
   590  0054                     _I2C_WriteStart:	
   591                           
   592                           ;SC8F289XB_IIC_Demo_Master.c: 116: TRISA1 = 0;
   593                           
   594                           ;incstack = 0
   595                           ; Regs used in _I2C_WriteStart: [status,2+status,0+pclath+cstack]
   596  0054  1683               	bsf	3,5	;RP0=1, select bank1
   597  0055  1303               	bcf	3,6	;RP1=0, select bank1
   598  0056  1085               	bcf	5,1	;volatile
   599                           
   600                           ;SC8F289XB_IIC_Demo_Master.c: 117: TRISA0 = 0;
   601  0057  1005               	bcf	5,0	;volatile
   602                           
   603                           ;SC8F289XB_IIC_Demo_Master.c: 118: I2C_WaitMoment();
   604  0058  20A1  118A         	fcall	_I2C_WaitMoment
   605                           
   606                           ;SC8F289XB_IIC_Demo_Master.c: 120: RA1 = 1;
   607  005A  1283               	bcf	3,5	;RP0=0, select bank0
   608  005B  1303               	bcf	3,6	;RP1=0, select bank0
   609  005C  1485               	bsf	5,1	;volatile
   610                           
   611                           ;SC8F289XB_IIC_Demo_Master.c: 121: RA0 = 1;
   612  005D  1405               	bsf	5,0	;volatile
   613                           
   614                           ;SC8F289XB_IIC_Demo_Master.c: 122: I2C_WaitMoment();
   615  005E  20A1  118A         	fcall	_I2C_WaitMoment
   616                           
   617                           ;SC8F289XB_IIC_Demo_Master.c: 123: RA1 = 0;
   618  0060  1283               	bcf	3,5	;RP0=0, select bank0
   619  0061  1303               	bcf	3,6	;RP1=0, select bank0
   620  0062  1085               	bcf	5,1	;volatile
   621                           
   622                           ;SC8F289XB_IIC_Demo_Master.c: 125: I2C_WaitMoment();
   623  0063  20A1  118A         	fcall	_I2C_WaitMoment
   624                           
   625                           ;SC8F289XB_IIC_Demo_Master.c: 126: RA0 = 0;
   626  0065  1283               	bcf	3,5	;RP0=0, select bank0
   627  0066  1303               	bcf	3,6	;RP1=0, select bank0
   628  0067  1005               	bcf	5,0	;volatile
   629                           
   630                           ;SC8F289XB_IIC_Demo_Master.c: 127: I2C_WaitMoment();
   631  0068  28A1               	ljmp	l1330
   632  0069                     __end_of_I2C_WriteStart:	
   633  0069                     __ptext4:	
   634 ;; *************** function _I2C_Read1Byte *****************
   635 ;; Defined at:
   636 ;;		line 195 in file "H:\MyDownloads\说明书&测试报告\开发包\SC8F289XB开发包\SC8F289XB_DEMO_C\SC8F289XB_IIC_Demo\SC8F289X
      +B_IIC_Demo_Master.c"
   637 ;; Parameters:    Size  Location     Type
   638 ;;  ack             1    wreg     unsigned char 
   639 ;; Auto vars:     Size  Location     Type
   640 ;;  ack             1    2[COMMON] unsigned char 
   641 ;;  i               1    4[COMMON] unsigned char 
   642 ;;  data            1    3[COMMON] unsigned char 
   643 ;; Return value:  Size  Location     Type
   644 ;;                  1    wreg      unsigned char 
   645 ;; Registers used:
   646 ;;		wreg, status,2, status,0, pclath, cstack
   647 ;; Tracked objects:
   648 ;;		On entry : 200/100
   649 ;;		On exit  : 300/0
   650 ;;		Unchanged: 0/0
   651 ;; Data sizes:     COMMON   BANK0   BANK1   BANK2
   652 ;;      Params:         0       0       0       0
   653 ;;      Locals:         3       0       0       0
   654 ;;      Temps:          0       0       0       0
   655 ;;      Totals:         3       0       0       0
   656 ;;Total ram usage:        3 bytes
   657 ;; Hardware stack levels used:    1
   658 ;; Hardware stack levels required when called:    2
   659 ;; This function calls:
   660 ;;		_I2C_WaitMoment
   661 ;; This function is called by:
   662 ;;		_main
   663 ;; This function uses a non-reentrant model
   664 ;;
   665                           
   666                           
   667                           ;psect for function _I2C_Read1Byte
   668  0069                     _I2C_Read1Byte:	
   669                           
   670                           ;incstack = 0
   671                           ; Regs used in _I2C_Read1Byte: [wreg+status,2+status,0+pclath+cstack]
   672                           ;I2C_Read1Byte@ack stored from wreg
   673  0069  00F8               	movwf	I2C_Read1Byte@ack
   674                           
   675                           ;SC8F289XB_IIC_Demo_Master.c: 197: unsigned char i;
   676                           ;SC8F289XB_IIC_Demo_Master.c: 198: unsigned char data = 0;
   677  006A  01F9               	clrf	I2C_Read1Byte@data
   678                           
   679                           ;SC8F289XB_IIC_Demo_Master.c: 199: TRISA1 = 1;
   680  006B  1683               	bsf	3,5	;RP0=1, select bank1
   681  006C  1485               	bsf	5,1	;volatile
   682                           
   683                           ;SC8F289XB_IIC_Demo_Master.c: 200: TRISA0 = 1;
   684  006D  1405               	bsf	5,0	;volatile
   685                           
   686                           ;SC8F289XB_IIC_Demo_Master.c: 201: I2C_WaitMoment();
   687  006E  20A1  118A         	fcall	_I2C_WaitMoment
   688  0070                     l632:	
   689                           ;SC8F289XB_IIC_Demo_Master.c: 203: while(!RA0);
   690                           
   691  0070  1283               	bcf	3,5	;RP0=0, select bank0
   692  0071  1303               	bcf	3,6	;RP1=0, select bank0
   693  0072  1C05               	btfss	5,0	;volatile
   694  0073  2870               	goto	l632
   695                           
   696                           ;SC8F289XB_IIC_Demo_Master.c: 204: TRISA0 = 0;
   697  0074  1683               	bsf	3,5	;RP0=1, select bank1
   698  0075  1005               	bcf	5,0	;volatile
   699                           
   700                           ;SC8F289XB_IIC_Demo_Master.c: 205: RA0 = 0;
   701  0076  1283               	bcf	3,5	;RP0=0, select bank0
   702  0077  1005               	bcf	5,0	;volatile
   703                           
   704                           ;SC8F289XB_IIC_Demo_Master.c: 206: I2C_WaitMoment();
   705  0078  20A1  118A         	fcall	_I2C_WaitMoment
   706                           
   707                           ;SC8F289XB_IIC_Demo_Master.c: 208: data <<= 1;
   708  007A  1003               	clrc
   709  007B  0DF9               	rlf	I2C_Read1Byte@data,f
   710                           
   711                           ;SC8F289XB_IIC_Demo_Master.c: 209: if(RA1) data |= 0x1;
   712  007C  1283               	bcf	3,5	;RP0=0, select bank0
   713  007D  1303               	bcf	3,6	;RP1=0, select bank0
   714  007E  1885               	btfsc	5,1	;volatile
   715  007F  1479               	bsf	I2C_Read1Byte@data,0
   716                           
   717                           ;SC8F289XB_IIC_Demo_Master.c: 212: for(i = 0; i < 7; i++)
   718  0080  01FA               	clrf	I2C_Read1Byte@i
   719  0081                     l636:	
   720                           
   721                           ;SC8F289XB_IIC_Demo_Master.c: 213: {
   722                           ;SC8F289XB_IIC_Demo_Master.c: 214: RA0 = 1;
   723  0081  1405               	bsf	5,0	;volatile
   724                           
   725                           ;SC8F289XB_IIC_Demo_Master.c: 215: data <<= 1;
   726  0082  1003               	clrc
   727  0083  0DF9               	rlf	I2C_Read1Byte@data,f
   728                           
   729                           ;SC8F289XB_IIC_Demo_Master.c: 216: if(RA1) data |= 0x1;
   730  0084  1885               	btfsc	5,1	;volatile
   731  0085  1479               	bsf	I2C_Read1Byte@data,0
   732                           
   733                           ;SC8F289XB_IIC_Demo_Master.c: 217: RA0 = 0;
   734  0086  1005               	bcf	5,0	;volatile
   735  0087  3007               	movlw	7
   736  0088  0AFA               	incf	I2C_Read1Byte@i,f
   737  0089  027A               	subwf	I2C_Read1Byte@i,w
   738  008A  1C03               	skipc
   739  008B  2881               	goto	l636
   740                           
   741                           ;SC8F289XB_IIC_Demo_Master.c: 218: }
   742                           ;SC8F289XB_IIC_Demo_Master.c: 220: TRISA1 = 0;
   743  008C  1683               	bsf	3,5	;RP0=1, select bank1
   744  008D  1085               	bcf	5,1	;volatile
   745                           
   746                           ;SC8F289XB_IIC_Demo_Master.c: 222: if(ack) RA1 = 1;
   747  008E  0878               	movf	I2C_Read1Byte@ack,w
   748  008F  1903               	btfsc	3,2
   749  0090  2894               	goto	l639
   750  0091  1283               	bcf	3,5	;RP0=0, select bank0
   751  0092  1485               	bsf	5,1	;volatile
   752  0093  2896               	goto	l1412
   753  0094                     l639:	
   754                           
   755                           ;SC8F289XB_IIC_Demo_Master.c: 223: else RA1 = 0;
   756  0094  1283               	bcf	3,5	;RP0=0, select bank0
   757  0095  1085               	bcf	5,1	;volatile
   758  0096                     l1412:	
   759                           
   760                           ;SC8F289XB_IIC_Demo_Master.c: 225: I2C_WaitMoment();
   761  0096  20A1  118A         	fcall	_I2C_WaitMoment
   762                           
   763                           ;SC8F289XB_IIC_Demo_Master.c: 226: RA0 = 1;
   764  0098  1283               	bcf	3,5	;RP0=0, select bank0
   765  0099  1303               	bcf	3,6	;RP1=0, select bank0
   766  009A  1405               	bsf	5,0	;volatile
   767                           
   768                           ;SC8F289XB_IIC_Demo_Master.c: 227: I2C_WaitMoment();
   769  009B  20A1               	fcall	_I2C_WaitMoment
   770                           
   771                           ;SC8F289XB_IIC_Demo_Master.c: 228: RA0 = 0;
   772  009C  1283               	bcf	3,5	;RP0=0, select bank0
   773  009D  1303               	bcf	3,6	;RP1=0, select bank0
   774  009E  1005               	bcf	5,0	;volatile
   775                           
   776                           ;SC8F289XB_IIC_Demo_Master.c: 229: return data;
   777  009F  0879               	movf	I2C_Read1Byte@data,w
   778  00A0  0008               	return
   779  00A1                     __end_of_I2C_Read1Byte:	
   780  00A1                     __ptext5:	
   781 ;; *************** function _I2C_WaitMoment *****************
   782 ;; Defined at:
   783 ;;		line 233 in file "H:\MyDownloads\说明书&测试报告\开发包\SC8F289XB开发包\SC8F289XB_DEMO_C\SC8F289XB_IIC_Demo\SC8F289X
      +B_IIC_Demo_Master.c"
   784 ;; Parameters:    Size  Location     Type
   785 ;;		None
   786 ;; Auto vars:     Size  Location     Type
   787 ;;		None
   788 ;; Return value:  Size  Location     Type
   789 ;;                  1    wreg      void 
   790 ;; Registers used:
   791 ;;		None
   792 ;; Tracked objects:
   793 ;;		On entry : 200/100
   794 ;;		On exit  : 0/0
   795 ;;		Unchanged: 0/0
   796 ;; Data sizes:     COMMON   BANK0   BANK1   BANK2
   797 ;;      Params:         0       0       0       0
   798 ;;      Locals:         0       0       0       0
   799 ;;      Temps:          0       0       0       0
   800 ;;      Totals:         0       0       0       0
   801 ;;Total ram usage:        0 bytes
   802 ;; Hardware stack levels used:    1
   803 ;; Hardware stack levels required when called:    1
   804 ;; This function calls:
   805 ;;		Nothing
   806 ;; This function is called by:
   807 ;;		_I2C_WriteStart
   808 ;;		_I2C_WriteStop
   809 ;;		_I2C_Write1Byte
   810 ;;		_I2C_Read1Byte
   811 ;; This function uses a non-reentrant model
   812 ;;
   813                           
   814                           
   815                           ;psect for function _I2C_WaitMoment
   816  00A1                     _I2C_WaitMoment:	
   817  00A1                     l1330:	
   818                           ;incstack = 0
   819                           ; Regs used in _I2C_WaitMoment: []
   820                           
   821  00A1  0000               	nop	;# 
   822  00A2  0000               	nop	;# 
   823  00A3  0008               	return
   824  00A4                     __end_of_I2C_WaitMoment:	
   825                           
   826                           	psect	text6
   827  0102                     __ptext6:	
   828 ;; *************** function _ISR *****************
   829 ;; Defined at:
   830 ;;		line 88 in file "H:\MyDownloads\说明书&测试报告\开发包\SC8F289XB开发包\SC8F289XB_DEMO_C\SC8F289XB_IIC_Demo\SC8F289XB
      +_IIC_Demo_Master.c"
   831 ;; Parameters:    Size  Location     Type
   832 ;;		None
   833 ;; Auto vars:     Size  Location     Type
   834 ;;		None
   835 ;; Return value:  Size  Location     Type
   836 ;;                  1    wreg      void 
   837 ;; Registers used:
   838 ;;		wreg, status,2, status,0
   839 ;; Tracked objects:
   840 ;;		On entry : 0/0
   841 ;;		On exit  : 300/0
   842 ;;		Unchanged: 0/0
   843 ;; Data sizes:     COMMON   BANK0   BANK1   BANK2
   844 ;;      Params:         0       0       0       0
   845 ;;      Locals:         0       0       0       0
   846 ;;      Temps:          2       0       0       0
   847 ;;      Totals:         2       0       0       0
   848 ;;Total ram usage:        2 bytes
   849 ;; Hardware stack levels used:    1
   850 ;; This function calls:
   851 ;;		Nothing
   852 ;; This function is called by:
   853 ;;		Interrupt level 1
   854 ;; This function uses a non-reentrant model
   855 ;;
   856                           
   857                           
   858                           ;psect for function _ISR
   859  0102                     _ISR:	
   860                           
   861                           ;SC8F289XB_IIC_Demo_Master.c: 90: static unsigned char tcount;
   862                           ;SC8F289XB_IIC_Demo_Master.c: 91: if(TMR2IF)
   863  0102  1283               	bcf	3,5	;RP0=0, select bank0
   864  0103  1303               	bcf	3,6	;RP1=0, select bank0
   865  0104  1C8C               	btfss	12,1	;volatile
   866  0105  290F               	goto	i1l1178
   867                           
   868                           ;SC8F289XB_IIC_Demo_Master.c: 92: {
   869                           ;SC8F289XB_IIC_Demo_Master.c: 93: TMR2IF = 0;
   870  0106  108C               	bcf	12,1	;volatile
   871                           
   872                           ;SC8F289XB_IIC_Demo_Master.c: 95: if(++tcount >= 40)
   873  0107  3028               	movlw	40
   874  0108  0AF5               	incf	ISR@tcount,f
   875  0109  0275               	subwf	ISR@tcount,w
   876  010A  1C03               	skipc
   877  010B  2912               	goto	i1l616
   878                           
   879                           ;SC8F289XB_IIC_Demo_Master.c: 96: {
   880                           ;SC8F289XB_IIC_Demo_Master.c: 97: tcount = 0;
   881  010C  01F5               	clrf	ISR@tcount
   882                           
   883                           ;SC8F289XB_IIC_Demo_Master.c: 98: B_MainLoop = 1;
   884  010D  147B               	bsf	_B_MainLoop/(0+8),_B_MainLoop& (0+7)
   885  010E  2912               	goto	i1l616
   886  010F                     i1l1178:	
   887                           
   888                           ;SC8F289XB_IIC_Demo_Master.c: 101: else
   889                           ;SC8F289XB_IIC_Demo_Master.c: 102: {
   890                           ;SC8F289XB_IIC_Demo_Master.c: 103: PIR1 = 0;
   891  010F  018C               	clrf	12	;volatile
   892                           
   893                           ;SC8F289XB_IIC_Demo_Master.c: 104: INTCON = 0XC0;
   894  0110  30C0               	movlw	192
   895  0111  008B               	movwf	11	;volatile
   896  0112                     i1l616:	
   897  0112  0877               	movf	??_ISR+1,w
   898  0113  008A               	movwf	10
   899  0114  0E76               	swapf	??_ISR^(0+-128),w
   900  0115  0083               	movwf	3
   901  0116  0EFE               	swapf	126,f
   902  0117  0E7E               	swapf	126,w
   903  0118  0009               	retfie
   904  0119                     __end_of_ISR:	
   905  007E                     btemp	set	126	;btemp
   906  007E                     wtemp0	set	126
   907                           
   908                           	psect	intentry
   909  0004                     __pintentry:	
   910                           ;incstack = 0
   911                           ; Regs used in _ISR: [wreg+status,2+status,0]
   912                           
   913  0004                     interrupt_function:	
   914  007E                     saved_w	set	btemp
   915  0004  00FE               	movwf	btemp
   916  0005  0E03               	swapf	3,w
   917  0006  00F6               	movwf	??_ISR
   918  0007  080A               	movf	10,w
   919  0008  00F7               	movwf	??_ISR+1
   920  0009  118A  2902         	ljmp	_ISR


Data Sizes:
    Strings     0
    Constant    0
    Data        0
    BSS         11
    Persistent  0
    Stack       0

Auto Spaces:
    Space          Size  Autos    Used
    COMMON           14      5      12
    BANK0            80      1       6
    BANK1            80      0       0
    BANK2            80      0       0

Pointer List with Targets:

    None.

Critical Paths under _main in COMMON

    _main->_I2C_Read1Byte

Critical Paths under _ISR in COMMON

    None.

Critical Paths under _main in BANK0

    None.

Critical Paths under _ISR in BANK0

    None.

Critical Paths under _main in BANK1

    None.

Critical Paths under _ISR in BANK1

    None.

Critical Paths under _main in BANK2

    None.

Critical Paths under _ISR in BANK2

    None.

Call Graph Tables:

 ---------------------------------------------------------------------------------
 (Depth) Function   	        Calls       Base Space   Used Autos Params    Refs
 ---------------------------------------------------------------------------------
 (0) _main                                                 1     1      0     257
                                              0 BANK0      1     1      0
                      _I2C_Read1Byte
                     _I2C_Write1Byte
                     _I2C_WriteStart
                      _I2C_WriteStop
 ---------------------------------------------------------------------------------
 (1) _I2C_WriteStop                                        0     0      0       0
                     _I2C_WaitMoment
 ---------------------------------------------------------------------------------
 (1) _I2C_WriteStart                                       0     0      0       0
                     _I2C_WaitMoment
 ---------------------------------------------------------------------------------
 (1) _I2C_Write1Byte                                       2     2      0      78
                                              2 COMMON     2     2      0
                     _I2C_WaitMoment
 ---------------------------------------------------------------------------------
 (1) _I2C_Read1Byte                                        3     3      0     145
                                              2 COMMON     3     3      0
                     _I2C_WaitMoment
 ---------------------------------------------------------------------------------
 (2) _I2C_WaitMoment                                       0     0      0       0
 ---------------------------------------------------------------------------------
 Estimated maximum stack depth 2
 ---------------------------------------------------------------------------------
 (Depth) Function   	        Calls       Base Space   Used Autos Params    Refs
 ---------------------------------------------------------------------------------
 (3) _ISR                                                  2     2      0       0
                                              0 COMMON     2     2      0
 ---------------------------------------------------------------------------------
 Estimated maximum stack depth 3
 ---------------------------------------------------------------------------------

 Call Graph Graphs:

 _main (ROOT)
   _I2C_Read1Byte
     _I2C_WaitMoment
   _I2C_Write1Byte
     _I2C_WaitMoment
   _I2C_WriteStart
     _I2C_WaitMoment
   _I2C_WriteStop
     _I2C_WaitMoment

 _ISR (ROOT)

 Address spaces:
Name               Size   Autos  Total    Cost      Usage
BITCOMMON            E      0       1       0        7.1%
NULL                 0      0       0       0        0.0%
CODE                 0      0       0       0        0.0%
COMMON               E      5       C       1       85.7%
BITSFR0              0      0       0       1        0.0%
SFR0                 0      0       0       1        0.0%
BITSFR1              0      0       0       2        0.0%
SFR1                 0      0       0       2        0.0%
STACK                0      0       0       2        0.0%
BITBANK0            50      0       0       3        0.0%
BANK0               50      1       6       4        7.5%
BITSFR3              0      0       0       4        0.0%
SFR3                 0      0       0       4        0.0%
BITBANK1            50      0       0       5        0.0%
BITSFR2              0      0       0       5        0.0%
SFR2                 0      0       0       5        0.0%
BANK1               50      0       0       6        0.0%
BANK2               50      0       0       7        0.0%
ABS                  0      0      12       8        0.0%
DATA                 0      0      12       9        0.0%
BITBANK2            50      0       0      10        0.0%


Microchip Technology PIC Macro Assembler V1.45 build -152302408 
Symbol Table                                                                                   Mon Jun 07 09:07:53 2021

                    l632 0070                      l626 002B                      l627 002C  
                    l636 0081                      l639 0094                      _RA0 0028  
                    _RA1 0029                      _PR2 0091                      _ISR 0102  
                   ?_ISR 0076                     l1330 00A1                     l1412 0096  
                   l1350 0025                     l1440 00BA                     _PIE1 000D  
                   _PIR1 000C                     _main 00A4                     btemp 007E  
                   start 000B                    ??_ISR 0076                    ?_main 0076  
                  _T2CON 0012                    i1l616 0112                    _PORTB 0006  
 __size_of_I2C_Read1Byte 0038                    _TRISB 0086           __pbitbssCOMMON 03D8  
                  pclath 000A                    status 0003                    wtemp0 007E  
        __initialization 000D             __end_of_main 0102                   ??_main 007B  
             _Recebuffer 0070   __size_of_I2C_WriteStop 0014                   i1l1178 010F  
                 _INTCON 000B                   _OSCCON 0088                   _TMR2IE 0069  
                 _TMR2IF 0061                   _TRISA0 0428                   _TRISA1 0429  
             _Sendbuffer 0020            _I2C_Read1Byte 0069          I2C_Write1Byte@i 0079  
       I2C_Read1Byte@ack 0078                   saved_w 007E  __end_of__initialization 001B  
         ?_I2C_Read1Byte 0076           __pcstackCOMMON 0076  __size_of_I2C_WaitMoment 0003  
          _I2C_WriteStop 0040           I2C_Read1Byte@i 007A               __pbssBANK0 0020  
              ISR@tcount 0075               __pmaintext 00A4  __size_of_I2C_Write1Byte 0022  
         ?_I2C_WriteStop 0076               __pintentry 0004  __size_of_I2C_WriteStart 0015  
        ??_I2C_Read1Byte 0078                  __ptext0 0000                  __ptext1 0040  
                __ptext2 0054                  __ptext3 001E                  __ptext4 0069  
                __ptext5 00A1                  __ptext6 0102             __size_of_ISR 0017  
   end_of_initialization 001B        I2C_Read1Byte@data 0079          ??_I2C_WriteStop 0078  
         _I2C_WaitMoment 00A1   __end_of_I2C_WaitMoment 00A4               main@time1s 0025  
         _I2C_Write1Byte 001E           _I2C_WriteStart 0054      start_initialization 000D  
            __end_of_ISR 0119   __end_of_I2C_Write1Byte 0040          ?_I2C_WaitMoment 0076  
 __end_of_I2C_WriteStart 0069              __pbssCOMMON 0070                ___latbits 0001  
          __pcstackBANK0 0025       I2C_Write1Byte@data 0078          ?_I2C_Write1Byte 0076  
        ?_I2C_WriteStart 0076        interrupt_function 0004    __end_of_I2C_Read1Byte 00A1  
  __end_of_I2C_WriteStop 0054         ??_I2C_WaitMoment 0078            __size_of_main 005E  
       ??_I2C_Write1Byte 0078                 intlevel1 0000         ??_I2C_WriteStart 0078  
             _B_MainLoop 03D8               _OPTION_REG 0081  
