Warning[1090]:	C:\mcuproject\scm\zdt\D203_062B_SOP16\main.c	µ⁄59––	variable "_count5s" is not used
Warning[1090]:	C:\mcuproject\scm\zdt\D203_062B_SOP16\main.c	µ⁄54––	variable "_fullCount" is not used
Warning[1090]:	C:\mcuproject\scm\zdt\D203_062B_SOP16\main.c	µ⁄28––	variable "_outADValue" is not used
Warning[1090]:	C:\mcuproject\scm\zdt\D203_062B_SOP16\main.c	µ⁄68––	variable "_ledBreathTime" is not used
Warning[1090]:	C:\mcuproject\scm\zdt\D203_062B_SOP16\main.c	µ⁄67––	variable "_ledDuty" is not used
Warning[1090]:	C:\mcuproject\scm\zdt\D203_062B_SOP16\main.c	µ⁄66––	variable "_ledTime" is not used
Warning[1090]:	C:\mcuproject\scm\zdt\D203_062B_SOP16\main.c	µ⁄65––	variable "_startChrgTime" is not used
Warning[1090]:	C:\mcuproject\scm\zdt\D203_062B_SOP16\main.c	µ⁄60––	variable "_preLedStep" is not used
Warning[1090]:	C:\mcuproject\scm\zdt\D203_062B_SOP16\main.c	µ⁄58––	variable "_ledCntTime" is not used
Warning[1090]:	C:\mcuproject\scm\zdt\D203_062B_SOP16\main.c	µ⁄57––	variable "_chrgWaitTime" is not used
Warning[1090]:	C:\mcuproject\scm\zdt\D203_062B_SOP16\main.c	µ⁄56––	variable "_subTime" is not used
Warning[1090]:	C:\mcuproject\scm\zdt\D203_062B_SOP16\main.c	µ⁄55––	variable "_addTime" is not used
Warning[1090]:	C:\mcuproject\scm\zdt\D203_062B_SOP16\main.c	µ⁄53––	variable "_lockCount" is not used
Warning[1090]:	C:\mcuproject\scm\zdt\D203_062B_SOP16\main.c	µ⁄52––	variable "_chrgMaxAD" is not used
Warning[1090]:	C:\mcuproject\scm\zdt\D203_062B_SOP16\main.c	µ⁄51––	variable "_chrgMode" is not used
Warning[1090]:	C:\mcuproject\scm\zdt\D203_062B_SOP16\main.c	µ⁄50––	variable "_showBatTime" is not used
Warning[1090]:	C:\mcuproject\scm\zdt\D203_062B_SOP16\main.c	µ⁄49––	variable "_lockLedStep" is not used
Warning[1090]:	C:\mcuproject\scm\zdt\D203_062B_SOP16\main.c	µ⁄48––	variable "_reChrgCount" is not used
Warning[1090]:	C:\mcuproject\scm\zdt\D203_062B_SOP16\main.c	µ⁄44––	variable "_overChrgTime" is not used
Warning[1090]:	C:\mcuproject\scm\zdt\D203_062B_SOP16\main.c	µ⁄42––	variable "_startTime" is not used
Warning[1090]:	C:\mcuproject\scm\zdt\D203_062B_SOP16\main.c	µ⁄41––	variable "_tempDuty" is not used
Warning[1090]:	C:\mcuproject\scm\zdt\D203_062B_SOP16\main.c	µ⁄40––	variable "_addPowerCount" is not used
Warning[1090]:	C:\mcuproject\scm\zdt\D203_062B_SOP16\main.c	µ⁄39––	variable "_overCount" is not used
Warning[1090]:	C:\mcuproject\scm\zdt\D203_062B_SOP16\main.c	µ⁄37––	variable "_longPressFlag" is not used
Warning[1090]:	C:\mcuproject\scm\zdt\D203_062B_SOP16\main.c	µ⁄35––	variable "_ledStep" is not used
Warning[1090]:	C:\mcuproject\scm\zdt\D203_062B_SOP16\main.c	µ⁄34––	variable "_ledCnt" is not used
Warning[1090]:	C:\mcuproject\scm\zdt\D203_062B_SOP16\main.c	µ⁄32––	variable "_workOverOutTime" is not used
Warning[1090]:	C:\mcuproject\scm\zdt\D203_062B_SOP16\main.c	µ⁄31––	variable "_protectFlag" is not used
Warning[1090]:	C:\mcuproject\scm\zdt\D203_062B_SOP16\main.c	µ⁄27––	variable "_intCount10" is not used
Warning[1090]:	C:\mcuproject\scm\zdt\D203_062B_SOP16\main.c	µ⁄26––	variable "_chrgFullFlag" is not used
Warning[759]:	C:\mcuproject\scm\zdt\D203_062B_SOP16\main.c	µ⁄212––	expression generates no code
Warning[759]:	C:\mcuproject\scm\zdt\D203_062B_SOP16\main.c	µ⁄400––	expression generates no code
Warning[759]:	C:\mcuproject\scm\zdt\D203_062B_SOP16\main.c	µ⁄426––	expression generates no code
Warning[759]:	C:\mcuproject\scm\zdt\D203_062B_SOP16\main.c	µ⁄447––	expression generates no code

Memory Summary:
    Program space        used   386h (   902) of   800h words   ( 44.0%)
    Data space           used    3Ch (    60) of    A0h bytes   ( 37.5%)
    EEPROM space         None available
    Data stack space     used     0h (     0) of    50h bytes   (  0.0%)
    Configuration bits   used     0h (     0) of     2h words   (  0.0%)
    ID Location space    used     0h (     0) of     4h bytes   (  0.0%)

