

Microchip Technology PIC PRO Macro Assembler V1.45 build -152302408 
                                                                                               Thu Nov 09 15:52:54 2023

Microchip Technology Omniscient Code Generator v1.45 (PRO mode) build 201711160504
     1                           	processor	SC8F2892
     2                           	opt	pw 120
     3                           	opt	pm
     4                           	psect	text0,local,class=CODE,merge=1,delta=2
     5                           	psect	cinit,global,class=CODE,merge=1,delta=2
     6                           	psect	cstackCOMMON,global,class=COMMON,space=1,delta=1
     7                           	psect	maintext,global,class=CODE,split=1,delta=2
     8                           	psect	text1,local,class=CODE,merge=1,delta=2
     9                           	psect	pa_nodes0,global,class=CODE,delta=2
    10                           	dabs	1,0x7E,2
    11  0000                     
    12                           ; Version 1.45
    13                           ; Generated 16/11/2017 GMT
    14                           ; 
    15                           ; Copyright 漏 2017, Microchip Technology Inc. and its subsidiaries ("Microchip")
    16                           ; All rights reserved.
    17                           ; 
    18                           ; This software is developed by Microchip Technology Inc. and its subsidiaries ("Microch
      +                          ip").
    19                           ; 
    20                           ; Redistribution and use in source and binary forms, with or without modification, are
    21                           ; permitted provided that the following conditions are met:
    22                           ; 
    23                           ;     1. Redistributions of source code must retain the above copyright notice, this lis
      +                          t of
    24                           ;        conditions and the following disclaimer.
    25                           ; 
    26                           ;     2. Redistributions in binary form must reproduce the above copyright notice, this 
      +                          list
    27                           ;        of conditions and the following disclaimer in the documentation and/or other
    28                           ;        materials provided with the distribution.
    29                           ; 
    30                           ;     3. Microchip's name may not be used to endorse or promote products derived from th
      +                          is
    31                           ;        software without specific prior written permission.
    32                           ; 
    33                           ; THIS SOFTWARE IS PROVIDED BY MICROCHIP "AS IS" AND ANY EXPRESS OR IMPLIED WARRANTIES,
    34                           ; INCLUDING, BUT NOT LIMITED TO, THE IMPLIED WARRANTIES OF MERCHANTABILITY AND FITNESS F
      +                          OR
    35                           ; PURPOSE ARE DISCLAIMED.  IN NO EVENT SHALL MICROCHIP BE LIABLE FOR ANY DIRECT, INDIREC
      +                          T,
    36                           ; INCIDENTAL, SPECIAL, EXEMPLARY, OR CONSEQUENTIAL DAMAGES (INCLUDING BUT NOT LIMITED TO
    37                           ; PROCUREMENT OF SUBSTITUTE GOODS OR SERVICES; LOSS OF USE, DATA OR PROFITS; OR BUSINESS
    38                           ; INTERRUPTION) HOWSOEVER CAUSED AND ON ANY THEORY OF LIABILITY, WHETHER IN CONTRACT, ST
      +                          RICT
    39                           ; LIABILITY, OR TORT (INCLUDING NEGLIGENCE OR OTHERWISE) ARISING IN ANY WAY OUT OF THE U
      +                          SE OF
    40                           ; THIS SOFTWARE, EVEN IF ADVISED OF THE POSSIBILITY OF SUCH DAMAGE.
    41                           ; 
    42                           ; 
    43                           ; Code-generator required, PIC16F887 Definitions
    44                           ; 
    45                           ; SFR Addresses
    46  0000                     
    47                           	psect	text0
    48  0000                     __ptext0:	
    49  001D                     _PWMCON2	set	29
    50  001C                     _PWMD01H	set	28
    51  001B                     _PWMD4L	set	27
    52  001A                     _PWMD3L	set	26
    53  0019                     _PWMD2L	set	25
    54  0018                     _PWMD1L	set	24
    55  0017                     _PWMD0L	set	23
    56  0016                     _PWMTH	set	22
    57  0015                     _PWMTL	set	21
    58  0014                     _PWMCON1	set	20
    59  0013                     _PWMCON0	set	19
    60  000F                     _PWM01DT	set	15
    61  000E                     _PWMD23H	set	14
    62  000B                     _INTCON	set	11
    63  0006                     _PORTB	set	6
    64  0088                     _OSCCON	set	136
    65  0086                     _TRISB	set	134
    66  0085                     _TRISA	set	133
    67  0081                     _OPTION_REG	set	129
    68                           
    69                           	psect	cinit
    70  07FD                     start_initialization:	
    71                           ; #config settings
    72                           
    73  07FD                     __initialization:	
    74  07FD                     end_of_initialization:	
    75                           ;End of C runtime variable initialization code
    76                           
    77  07FD                     __end_of__initialization:	
    78  07FD  0183               	clrf	3
    79  07FE  118A  2FC3         	ljmp	_main	;jump to C main() function
    80                           
    81                           	psect	cstackCOMMON
    82  0070                     __pcstackCOMMON:	
    83  0070                     ?_Init_System:	
    84  0070                     ??_Init_System:	
    85                           ; 1 bytes @ 0x0
    86                           
    87  0070                     ?_main:	
    88                           ; 1 bytes @ 0x0
    89                           
    90  0070                     ??_main:	
    91                           ; 1 bytes @ 0x0
    92                           
    93  0070                     main@delaycnt:	
    94                           ; 1 bytes @ 0x0
    95                           
    96                           
    97                           ; 2 bytes @ 0x0
    98  0070                     	ds	2
    99  0072                     main@pwmbuf:	
   100                           
   101                           ; 1 bytes @ 0x2
   102  0072                     	ds	1
   103                           
   104                           	psect	maintext
   105  07C3                     __pmaintext:	
   106 ;;
   107 ;;Main: autosize = 0, tempsize = 0, incstack = 0, save=0
   108 ;;
   109 ;; *************** function _main *****************
   110 ;; Defined at:
   111 ;;		line 8 in file "D:\Files\Desktop\资料\SC8F289XB开发包_2\SC8F289XB_DEMO_C\SC8F289XB_Pwm_Demo\SC8F289XB_Pwm_Demo.c"
   112 ;; Parameters:    Size  Location     Type
   113 ;;		None
   114 ;; Auto vars:     Size  Location     Type
   115 ;;  delaycnt        2    0[COMMON] unsigned int 
   116 ;;  pwmbuf          1    2[COMMON] unsigned char 
   117 ;; Return value:  Size  Location     Type
   118 ;;                  1    wreg      void 
   119 ;; Registers used:
   120 ;;		wreg, status,2, status,0, pclath, cstack
   121 ;; Tracked objects:
   122 ;;		On entry : B00/0
   123 ;;		On exit  : 300/0
   124 ;;		Unchanged: 0/0
   125 ;; Data sizes:     COMMON   BANK0   BANK1   BANK2
   126 ;;      Params:         0       0       0       0
   127 ;;      Locals:         3       0       0       0
   128 ;;      Temps:          0       0       0       0
   129 ;;      Totals:         3       0       0       0
   130 ;;Total ram usage:        3 bytes
   131 ;; Hardware stack levels required when called:    1
   132 ;; This function calls:
   133 ;;		_Init_System
   134 ;; This function is called by:
   135 ;;		Startup code after reset
   136 ;; This function uses a non-reentrant model
   137 ;;
   138                           
   139                           
   140                           ;psect for function _main
   141  07C3                     _main:	
   142  07C3  301F               	movlw	31
   143                           
   144                           ;SC8F289XB_Pwm_Demo.c: 10: unsigned int delaycnt = 0;
   145                           
   146                           ;incstack = 0
   147                           ; Regs used in _main: [wreg+status,2+status,0+pclath+cstack]
   148  07C4  01F0               	clrf	main@delaycnt
   149  07C5  01F1               	clrf	main@delaycnt+1
   150                           
   151                           ;SC8F289XB_Pwm_Demo.c: 11: unsigned char pwmbuf = 0X1F;
   152  07C6  00F2               	movwf	main@pwmbuf
   153                           
   154                           ;SC8F289XB_Pwm_Demo.c: 13: Init_System();
   155  07C7  118A  27B3  118A   	fcall	_Init_System
   156                           
   157                           ;SC8F289XB_Pwm_Demo.c: 35: PWMCON1 = 0B11010010;
   158  07CA  30D2               	movlw	210
   159  07CB  0094               	movwf	20	;volatile
   160                           
   161                           ;SC8F289XB_Pwm_Demo.c: 37: TRISA = 0B00011111;
   162  07CC  301F               	movlw	31
   163  07CD  1683               	bsf	3,5	;RP0=1, select bank1
   164  07CE  0085               	movwf	5	;volatile
   165                           
   166                           ;SC8F289XB_Pwm_Demo.c: 38: PWMTL = 0XFF;
   167  07CF  30FF               	movlw	255
   168  07D0  1283               	bcf	3,5	;RP0=0, select bank0
   169  07D1  0095               	movwf	21	;volatile
   170                           
   171                           ;SC8F289XB_Pwm_Demo.c: 39: PWMTH = 0;
   172  07D2  0196               	clrf	22	;volatile
   173                           
   174                           ;SC8F289XB_Pwm_Demo.c: 41: PWMD0L = 0X1F;
   175  07D3  301F               	movlw	31
   176  07D4  0097               	movwf	23	;volatile
   177                           
   178                           ;SC8F289XB_Pwm_Demo.c: 44: PWMD1L = 0X7F;
   179  07D5  307F               	movlw	127
   180  07D6  0098               	movwf	24	;volatile
   181                           
   182                           ;SC8F289XB_Pwm_Demo.c: 45: PWMD01H = 0;
   183  07D7  019C               	clrf	28	;volatile
   184                           
   185                           ;SC8F289XB_Pwm_Demo.c: 47: PWM01DT = 0X03;
   186  07D8  3003               	movlw	3
   187  07D9  008F               	movwf	15	;volatile
   188                           
   189                           ;SC8F289XB_Pwm_Demo.c: 50: PWMD2L = 0X3F;
   190  07DA  303F               	movlw	63
   191  07DB  0099               	movwf	25	;volatile
   192                           
   193                           ;SC8F289XB_Pwm_Demo.c: 51: PWMD3L = 0X7F;
   194  07DC  307F               	movlw	127
   195  07DD  009A               	movwf	26	;volatile
   196                           
   197                           ;SC8F289XB_Pwm_Demo.c: 52: PWMD23H = 0;
   198  07DE  018E               	clrf	14	;volatile
   199                           
   200                           ;SC8F289XB_Pwm_Demo.c: 54: PWMD4L = 0X1F;
   201  07DF  301F               	movlw	31
   202  07E0  009B               	movwf	27	;volatile
   203                           
   204                           ;SC8F289XB_Pwm_Demo.c: 70: PWMCON0 = 0X1F;
   205  07E1  0093               	movwf	19	;volatile
   206                           
   207                           ;SC8F289XB_Pwm_Demo.c: 71: PWMCON2 =0X10;
   208  07E2  3010               	movlw	16
   209  07E3  009D               	movwf	29	;volatile
   210                           
   211                           ;SC8F289XB_Pwm_Demo.c: 72: TRISA = 0;
   212  07E4  1683               	bsf	3,5	;RP0=1, select bank1
   213  07E5  0185               	clrf	5	;volatile
   214  07E6                     l467:	
   215                           ;SC8F289XB_Pwm_Demo.c: 74: while(1)
   216                           
   217  07E6  0064               	clrwdt	;# 
   218                           
   219                           ;SC8F289XB_Pwm_Demo.c: 77: if(++delaycnt > 5000)
   220  07E7  0AF0               	incf	main@delaycnt,f
   221  07E8  1903               	skipnz
   222  07E9  0AF1               	incf	main@delaycnt+1,f
   223  07EA  3013               	movlw	19
   224  07EB  0271               	subwf	main@delaycnt+1,w
   225  07EC  3089               	movlw	137
   226  07ED  1903               	skipnz
   227  07EE  0270               	subwf	main@delaycnt,w
   228  07EF  1C03               	skipc
   229  07F0  2FE6               	goto	l467
   230                           
   231                           ;SC8F289XB_Pwm_Demo.c: 78: {
   232                           ;SC8F289XB_Pwm_Demo.c: 79: delaycnt = 0;
   233  07F1  01F0               	clrf	main@delaycnt
   234  07F2  01F1               	clrf	main@delaycnt+1
   235                           
   236                           ;SC8F289XB_Pwm_Demo.c: 80: if(++pwmbuf > 0xfe)
   237  07F3  0AF2               	incf	main@pwmbuf,f
   238  07F4  0F72               	incfsz	main@pwmbuf,w
   239  07F5  2FF8               	goto	l469
   240                           
   241                           ;SC8F289XB_Pwm_Demo.c: 81: {
   242                           ;SC8F289XB_Pwm_Demo.c: 82: pwmbuf = 0x01f;
   243  07F6  301F               	movlw	31
   244  07F7  00F2               	movwf	main@pwmbuf
   245  07F8                     l469:	
   246                           
   247                           ;SC8F289XB_Pwm_Demo.c: 83: }
   248                           ;SC8F289XB_Pwm_Demo.c: 84: PWMD0L = pwmbuf;
   249  07F8  0872               	movf	main@pwmbuf,w
   250  07F9  1283               	bcf	3,5	;RP0=0, select bank0
   251  07FA  1303               	bcf	3,6	;RP1=0, select bank0
   252  07FB  0097               	movwf	23	;volatile
   253  07FC  2FE6               	goto	l467
   254  07FD                     __end_of_main:	
   255                           
   256                           	psect	text1
   257  07B3                     __ptext1:	
   258 ;; *************** function _Init_System *****************
   259 ;; Defined at:
   260 ;;		line 97 in file "D:\Files\Desktop\资料\SC8F289XB开发包_2\SC8F289XB_DEMO_C\SC8F289XB_Pwm_Demo\SC8F289XB_Pwm_Demo.c"
   261 ;; Parameters:    Size  Location     Type
   262 ;;		None
   263 ;; Auto vars:     Size  Location     Type
   264 ;;		None
   265 ;; Return value:  Size  Location     Type
   266 ;;                  1    wreg      void 
   267 ;; Registers used:
   268 ;;		wreg, status,2
   269 ;; Tracked objects:
   270 ;;		On entry : B00/0
   271 ;;		On exit  : 300/0
   272 ;;		Unchanged: 0/0
   273 ;; Data sizes:     COMMON   BANK0   BANK1   BANK2
   274 ;;      Params:         0       0       0       0
   275 ;;      Locals:         0       0       0       0
   276 ;;      Temps:          0       0       0       0
   277 ;;      Totals:         0       0       0       0
   278 ;;Total ram usage:        0 bytes
   279 ;; Hardware stack levels used:    1
   280 ;; This function calls:
   281 ;;		Nothing
   282 ;; This function is called by:
   283 ;;		_main
   284 ;; This function uses a non-reentrant model
   285 ;;
   286                           
   287                           
   288                           ;psect for function _Init_System
   289  07B3                     _Init_System:	
   290                           
   291                           ;incstack = 0
   292                           ; Regs used in _Init_System: [wreg+status,2]
   293  07B3  0000               	nop	;# 
   294  07B4  0064               	clrwdt	;# 
   295                           
   296                           ;SC8F289XB_Pwm_Demo.c: 101: INTCON = 0;
   297  07B5  018B               	clrf	11	;volatile
   298                           
   299                           ;SC8F289XB_Pwm_Demo.c: 102: OSCCON = 0X72;
   300  07B6  3072               	movlw	114
   301  07B7  1683               	bsf	3,5	;RP0=1, select bank1
   302  07B8  1303               	bcf	3,6	;RP1=0, select bank1
   303  07B9  0088               	movwf	8	;volatile
   304                           
   305                           ;SC8F289XB_Pwm_Demo.c: 103: OPTION_REG = 0;
   306  07BA  0181               	clrf	1	;volatile
   307  07BB  0064               	clrwdt	;# 
   308                           
   309                           ;SC8F289XB_Pwm_Demo.c: 106: TRISA = 0B00000000;
   310  07BC  1683               	bsf	3,5	;RP0=1, select bank1
   311  07BD  1303               	bcf	3,6	;RP1=0, select bank1
   312  07BE  0185               	clrf	5	;volatile
   313                           
   314                           ;SC8F289XB_Pwm_Demo.c: 107: TRISB = 0B00000000;
   315  07BF  0186               	clrf	6	;volatile
   316                           
   317                           ;SC8F289XB_Pwm_Demo.c: 110: PORTB = 0B00000000;
   318  07C0  1283               	bcf	3,5	;RP0=0, select bank0
   319  07C1  0186               	clrf	6	;volatile
   320  07C2  0008               	return
   321  07C3                     __end_of_Init_System:	
   322  007E                     btemp	set	126	;btemp
   323  007E                     wtemp0	set	126


Data Sizes:
    Strings     0
    Constant    0
    Data        0
    BSS         0
    Persistent  0
    Stack       0

Auto Spaces:
    Space          Size  Autos    Used
    COMMON           14      3       3
    BANK0            80      0       0
    BANK1            80      0       0
    BANK2            80      0       0

Pointer List with Targets:

    None.

Critical Paths under _main in COMMON

    None.

Critical Paths under _main in BANK0

    None.

Critical Paths under _main in BANK1

    None.

Critical Paths under _main in BANK2

    None.

Call Graph Tables:

 ---------------------------------------------------------------------------------
 (Depth) Function   	        Calls       Base Space   Used Autos Params    Refs
 ---------------------------------------------------------------------------------
 (0) _main                                                 3     3      0      45
                                              0 COMMON     3     3      0
                        _Init_System
 ---------------------------------------------------------------------------------
 (1) _Init_System                                          0     0      0       0
 ---------------------------------------------------------------------------------
 Estimated maximum stack depth 1
 ---------------------------------------------------------------------------------

 Call Graph Graphs:

 _main (ROOT)
   _Init_System

 Address spaces:
Name               Size   Autos  Total    Cost      Usage
BITCOMMON            E      0       0       0        0.0%
NULL                 0      0       0       0        0.0%
CODE                 0      0       0       0        0.0%
COMMON               E      3       3       1       21.4%
BITSFR0              0      0       0       1        0.0%
SFR0                 0      0       0       1        0.0%
BITSFR1              0      0       0       2        0.0%
SFR1                 0      0       0       2        0.0%
STACK                0      0       0       2        0.0%
BANK0               50      0       0       3        0.0%
ABS                  0      0       0       4        0.0%
BITBANK0            50      0       0       5        0.0%
BITSFR2              0      0       0       5        0.0%
SFR2                 0      0       0       5        0.0%
BITBANK1            50      0       0       6        0.0%
BANK1               50      0       0       7        0.0%
BITBANK2            50      0       0       8        0.0%
BANK2               50      0       0       9        0.0%
DATA                 0      0       0      10        0.0%


Microchip Technology PIC Macro Assembler V1.45 build -152302408 
Symbol Table                                                                                   Thu Nov 09 15:52:54 2023

                    l467 07E6                      l469 07F8                     _main 07C3  
                   btemp 007E                     start 0000             main@delaycnt 0070  
          ??_Init_System 0070                    ?_main 0070                    _PORTB 0006  
                  _TRISA 0085                    _TRISB 0086                    _PWMTH 0016  
                  _PWMTL 0015                    status 0003                    wtemp0 007E  
        __initialization 07FD             __end_of_main 07FD                   ??_main 0070  
    __end_of_Init_System 07C3                   _INTCON 000B                   _OSCCON 0088  
                 _PWMD0L 0017                   _PWMD1L 0018                   _PWMD2L 0019  
                 _PWMD3L 001A                   _PWMD4L 001B  __end_of__initialization 07FD  
         __pcstackCOMMON 0070              _Init_System 07B3               __pmaintext 07C3  
                _PWM01DT 000F                  _PWMD01H 001C                  _PWMD23H 000E  
                _PWMCON0 0013                  _PWMCON1 0014                  _PWMCON2 001D  
                __ptext0 0000                  __ptext1 07B3     end_of_initialization 07FD  
             main@pwmbuf 0072             ?_Init_System 0070      start_initialization 07FD  
              ___latbits 0001     __size_of_Init_System 0010            __size_of_main 003A  
             _OPTION_REG 0081  
