

Microchip Technology PIC PRO Macro Assembler V1.45 build -152302408 
                                                                                               Wed Mar 16 10:34:13 2022

Microchip Technology Omniscient Code Generator v1.45 (PRO mode) build 201711160504
     1                           	processor	SC8F2892B
     2                           	opt	pw 120
     3                           	opt	pm
     4                           	psect	text0,local,class=CODE,merge=1,delta=2
     5                           	psect	cinit,global,class=CODE,merge=1,delta=2
     6                           	psect	cstackCOMMON,global,class=COMMON,space=1,delta=1
     7                           	psect	maintext,global,class=CODE,split=1,delta=2
     8                           	psect	text1,local,class=CODE,merge=1,delta=2
     9                           	psect	text3,local,class=CODE,merge=1,delta=2
    10                           	psect	intentry,global,class=CODE,delta=2
    11                           	psect	pa_nodes0,global,class=CODE,delta=2
    12                           	dabs	1,0x7E,2
    13  0000                     
    14                           ; Version 1.45
    15                           ; Generated 16/11/2017 GMT
    16                           ; 
    17                           ; Copyright 漏 2017, Microchip Technology Inc. and its subsidiaries ("Microchip")
    18                           ; All rights reserved.
    19                           ; 
    20                           ; This software is developed by Microchip Technology Inc. and its subsidiaries ("Microch
      +                          ip").
    21                           ; 
    22                           ; Redistribution and use in source and binary forms, with or without modification, are
    23                           ; permitted provided that the following conditions are met:
    24                           ; 
    25                           ;     1. Redistributions of source code must retain the above copyright notice, this lis
      +                          t of
    26                           ;        conditions and the following disclaimer.
    27                           ; 
    28                           ;     2. Redistributions in binary form must reproduce the above copyright notice, this 
      +                          list
    29                           ;        of conditions and the following disclaimer in the documentation and/or other
    30                           ;        materials provided with the distribution.
    31                           ; 
    32                           ;     3. Microchip's name may not be used to endorse or promote products derived from th
      +                          is
    33                           ;        software without specific prior written permission.
    34                           ; 
    35                           ; THIS SOFTWARE IS PROVIDED BY MICROCHIP "AS IS" AND ANY EXPRESS OR IMPLIED WARRANTIES,
    36                           ; INCLUDING, BUT NOT LIMITED TO, THE IMPLIED WARRANTIES OF MERCHANTABILITY AND FITNESS F
      +                          OR
    37                           ; PURPOSE ARE DISCLAIMED.  IN NO EVENT SHALL MICROCHIP BE LIABLE FOR ANY DIRECT, INDIREC
      +                          T,
    38                           ; INCIDENTAL, SPECIAL, EXEMPLARY, OR CONSEQUENTIAL DAMAGES (INCLUDING BUT NOT LIMITED TO
    39                           ; PROCUREMENT OF SUBSTITUTE GOODS OR SERVICES; LOSS OF USE, DATA OR PROFITS; OR BUSINESS
    40                           ; INTERRUPTION) HOWSOEVER CAUSED AND ON ANY THEORY OF LIABILITY, WHETHER IN CONTRACT, ST
      +                          RICT
    41                           ; LIABILITY, OR TORT (INCLUDING NEGLIGENCE OR OTHERWISE) ARISING IN ANY WAY OUT OF THE U
      +                          SE OF
    42                           ; THIS SOFTWARE, EVEN IF ADVISED OF THE POSSIBILITY OF SUCH DAMAGE.
    43                           ; 
    44                           ; 
    45                           ; Code-generator required, PIC16F887 Definitions
    46                           ; 
    47                           ; SFR Addresses
    48  0000                     
    49                           	psect	text0
    50  0000                     __ptext0:	
    51  0013                     _PWMCON0	set	19
    52  000B                     _INTCON	set	11
    53  0009                     _IOCB	set	9
    54  0008                     _WPUB	set	8
    55  0007                     _WPUA	set	7
    56  0006                     _PORTB	set	6
    57  0005                     _PORTA	set	5
    58  0058                     _RBIF	set	88
    59  005B                     _RBIE	set	91
    60  005E                     _PEIE	set	94
    61  005F                     _GIE	set	95
    62  009D                     _ADCON0	set	157
    63  009C                     _ADCON1	set	156
    64  009A                     _OPA1CON	set	154
    65  0098                     _OPA0CON	set	152
    66  0097                     _KEYCON2	set	151
    67  0092                     _KEYCON0	set	146
    68  0088                     _OSCCON	set	136
    69  0086                     _TRISB	set	134
    70  0085                     _TRISA	set	133
    71  0081                     _OPTION_REG	set	129
    72  0841                     _RACIE	set	2113
    73  0839                     _RACIF	set	2105
    74  0188                     _IOCA	set	392
    75                           
    76                           	psect	cinit
    77  000D                     start_initialization:	
    78                           ; #config settings
    79                           
    80  000D                     __initialization:	
    81  000D                     end_of_initialization:	
    82                           ;End of C runtime variable initialization code
    83                           
    84  000D                     __end_of__initialization:	
    85  000D  0183               	clrf	3
    86  000E  118A  286F         	ljmp	_main	;jump to C main() function
    87                           
    88                           	psect	cstackCOMMON
    89  0070                     __pcstackCOMMON:	
    90  0070                     ?_Init_System:	
    91  0070                     ?_Sleep_Mode:	
    92                           ; 1 bytes @ 0x0
    93                           
    94  0070                     ?_main:	
    95                           ; 1 bytes @ 0x0
    96                           
    97  0070                     ?_PA_Isr:	
    98                           ; 1 bytes @ 0x0
    99                           
   100  0070                     ??_PA_Isr:	
   101                           ; 1 bytes @ 0x0
   102                           
   103                           
   104                           ; 1 bytes @ 0x0
   105  0070                     	ds	2
   106  0072                     ??_Init_System:	
   107  0072                     ??_Sleep_Mode:	
   108                           ; 1 bytes @ 0x2
   109                           
   110  0072                     ??_main:	
   111                           ; 1 bytes @ 0x2
   112                           
   113                           
   114                           	psect	maintext
   115  006F                     __pmaintext:	
   116                           ; 1 bytes @ 0x2
   117 ;;
   118 ;;Main: autosize = 0, tempsize = 0, incstack = 0, save=0
   119 ;;
   120 ;; *************** function _main *****************
   121 ;; Defined at:
   122 ;;		line 18 in file "F:\中微资料\SC8F289XB开发包\SC8F289XB_DEMO_C\SC8F289XB_Sleep_Demo\SC8F289XB_Sleep_Demo.c"
   123 ;; Parameters:    Size  Location     Type
   124 ;;		None
   125 ;; Auto vars:     Size  Location     Type
   126 ;;		None
   127 ;; Return value:  Size  Location     Type
   128 ;;                  1    wreg      void 
   129 ;; Registers used:
   130 ;;		wreg, status,2, status,0, pclath, cstack
   131 ;; Tracked objects:
   132 ;;		On entry : B00/0
   133 ;;		On exit  : 300/0
   134 ;;		Unchanged: 0/0
   135 ;; Data sizes:     COMMON   BANK0   BANK1   BANK2
   136 ;;      Params:         0       0       0       0
   137 ;;      Locals:         0       0       0       0
   138 ;;      Temps:          0       0       0       0
   139 ;;      Totals:         0       0       0       0
   140 ;;Total ram usage:        0 bytes
   141 ;; Hardware stack levels required when called:    3
   142 ;; This function calls:
   143 ;;		_Init_System
   144 ;;		_Sleep_Mode
   145 ;; This function is called by:
   146 ;;		Startup code after reset
   147 ;; This function uses a non-reentrant model
   148 ;;
   149                           
   150                           
   151                           ;psect for function _main
   152  006F                     _main:	
   153                           
   154                           ;SC8F289XB_Sleep_Demo.c: 20: Init_System();
   155                           
   156                           ;incstack = 0
   157                           ; Regs used in _main: [wreg+status,2+status,0+pclath+cstack]
   158  006F  118A  204A  118A   	fcall	_Init_System
   159  0072                     l751:	
   160                           ;SC8F289XB_Sleep_Demo.c: 21: while(1)
   161                           
   162                           
   163                           ;SC8F289XB_Sleep_Demo.c: 22: {
   164                           ;SC8F289XB_Sleep_Demo.c: 23: Sleep_Mode();
   165  0072  118A  2010  118A   	fcall	_Sleep_Mode
   166  0075  2872               	goto	l751
   167  0076                     __end_of_main:	
   168                           
   169                           	psect	text1
   170  0010                     __ptext1:	
   171 ;; *************** function _Sleep_Mode *****************
   172 ;; Defined at:
   173 ;;		line 35 in file "F:\中微资料\SC8F289XB开发包\SC8F289XB_DEMO_C\SC8F289XB_Sleep_Demo\SC8F289XB_Sleep_Demo.c"
   174 ;; Parameters:    Size  Location     Type
   175 ;;		None
   176 ;; Auto vars:     Size  Location     Type
   177 ;;		None
   178 ;; Return value:  Size  Location     Type
   179 ;;                  1    wreg      void 
   180 ;; Registers used:
   181 ;;		wreg, status,2, status,0, pclath, cstack
   182 ;; Tracked objects:
   183 ;;		On entry : 300/0
   184 ;;		On exit  : 300/0
   185 ;;		Unchanged: 0/0
   186 ;; Data sizes:     COMMON   BANK0   BANK1   BANK2
   187 ;;      Params:         0       0       0       0
   188 ;;      Locals:         0       0       0       0
   189 ;;      Temps:          0       0       0       0
   190 ;;      Totals:         0       0       0       0
   191 ;;Total ram usage:        0 bytes
   192 ;; Hardware stack levels used:    1
   193 ;; Hardware stack levels required when called:    2
   194 ;; This function calls:
   195 ;;		_Init_System
   196 ;; This function is called by:
   197 ;;		_main
   198 ;; This function uses a non-reentrant model
   199 ;;
   200                           
   201                           
   202                           ;psect for function _Sleep_Mode
   203  0010                     _Sleep_Mode:	
   204                           
   205                           ;SC8F289XB_Sleep_Demo.c: 37: INTCON = 0;
   206                           
   207                           ;incstack = 0
   208                           ; Regs used in _Sleep_Mode: [wreg+status,2+status,0+pclath+cstack]
   209  0010  018B               	clrf	11	;volatile
   210                           
   211                           ;SC8F289XB_Sleep_Demo.c: 39: OPTION_REG = 0;
   212  0011  1683               	bsf	3,5	;RP0=1, select bank1
   213  0012  0181               	clrf	1	;volatile
   214                           
   215                           ;SC8F289XB_Sleep_Demo.c: 41: TRISA = 0B00000001;
   216  0013  3001               	movlw	1
   217  0014  0085               	movwf	5	;volatile
   218                           
   219                           ;SC8F289XB_Sleep_Demo.c: 42: WPUA = 0B00000001;
   220  0015  1283               	bcf	3,5	;RP0=0, select bank0
   221  0016  0087               	movwf	7	;volatile
   222                           
   223                           ;SC8F289XB_Sleep_Demo.c: 44: TRISB = 0B00001000;
   224  0017  3008               	movlw	8
   225  0018  1683               	bsf	3,5	;RP0=1, select bank1
   226  0019  0086               	movwf	6	;volatile
   227                           
   228                           ;SC8F289XB_Sleep_Demo.c: 45: PORTB = 0B00000000;
   229  001A  1283               	bcf	3,5	;RP0=0, select bank0
   230  001B  0186               	clrf	6	;volatile
   231                           
   232                           ;SC8F289XB_Sleep_Demo.c: 46: WPUB = 0B00001000;
   233  001C  0088               	movwf	8	;volatile
   234                           
   235                           ;SC8F289XB_Sleep_Demo.c: 48: ADCON0 = 0;
   236  001D  1683               	bsf	3,5	;RP0=1, select bank1
   237  001E  019D               	clrf	29	;volatile
   238                           
   239                           ;SC8F289XB_Sleep_Demo.c: 49: ADCON1 = 0;
   240  001F  019C               	clrf	28	;volatile
   241                           
   242                           ;SC8F289XB_Sleep_Demo.c: 50: KEYCON0 = 0;
   243  0020  0192               	clrf	18	;volatile
   244                           
   245                           ;SC8F289XB_Sleep_Demo.c: 51: KEYCON2 = 0;
   246  0021  0197               	clrf	23	;volatile
   247                           
   248                           ;SC8F289XB_Sleep_Demo.c: 52: PWMCON0 = 0;
   249  0022  1283               	bcf	3,5	;RP0=0, select bank0
   250  0023  0193               	clrf	19	;volatile
   251                           
   252                           ;SC8F289XB_Sleep_Demo.c: 54: OPA0CON = 0;
   253  0024  1683               	bsf	3,5	;RP0=1, select bank1
   254  0025  0198               	clrf	24	;volatile
   255                           
   256                           ;SC8F289XB_Sleep_Demo.c: 55: OPA1CON = 0;
   257  0026  019A               	clrf	26	;volatile
   258                           
   259                           ;SC8F289XB_Sleep_Demo.c: 56: OSCCON = 0X70;
   260  0027  3070               	movlw	112
   261  0028  0088               	movwf	8	;volatile
   262                           
   263                           ;SC8F289XB_Sleep_Demo.c: 58: IOCA = 0B00000001;
   264  0029  3001               	movlw	1
   265  002A  1703               	bsf	3,6	;RP1=1, select bank3
   266  002B  0088               	movwf	8	;volatile
   267                           
   268                           ;SC8F289XB_Sleep_Demo.c: 59: IOCB = 0B00001000;
   269  002C  3008               	movlw	8
   270  002D  1283               	bcf	3,5	;RP0=0, select bank0
   271  002E  1303               	bcf	3,6	;RP1=0, select bank0
   272  002F  0089               	movwf	9	;volatile
   273                           
   274                           ;SC8F289XB_Sleep_Demo.c: 61: RACIE = 1;
   275  0030  1703               	bsf	3,6	;RP1=1, select bank2
   276  0031  1488               	bsf	8,1	;volatile
   277                           
   278                           ;SC8F289XB_Sleep_Demo.c: 62: PEIE = 1;
   279  0032  170B               	bsf	11,6	;volatile
   280                           
   281                           ;SC8F289XB_Sleep_Demo.c: 63: RBIE = 1;
   282  0033  158B               	bsf	11,3	;volatile
   283                           
   284                           ;SC8F289XB_Sleep_Demo.c: 64: GIE = 0;
   285  0034  138B               	bcf	11,7	;volatile
   286                           
   287                           ;SC8F289XB_Sleep_Demo.c: 67: PORTA;
   288  0035  1303               	bcf	3,6	;RP1=0, select bank0
   289  0036  0805               	movf	5,w	;volatile
   290                           
   291                           ;SC8F289XB_Sleep_Demo.c: 68: RACIF = 0;
   292  0037  1703               	bsf	3,6	;RP1=1, select bank2
   293  0038  1087               	bcf	7,1	;volatile
   294                           
   295                           ;SC8F289XB_Sleep_Demo.c: 69: PORTB;
   296  0039  1303               	bcf	3,6	;RP1=0, select bank0
   297  003A  0806               	movf	6,w	;volatile
   298                           
   299                           ;SC8F289XB_Sleep_Demo.c: 70: RBIF = 0;
   300  003B  100B               	bcf	11,0	;volatile
   301  003C  0064               	clrwdt	;# 
   302  003D  0063               	sleep	;# 
   303  003E  0000               	nop	;# 
   304  003F  0064               	clrwdt	;# 
   305                           
   306                           ;SC8F289XB_Sleep_Demo.c: 77: if(RACIF) RACIF = 0;
   307  0040  1283               	bcf	3,5	;RP0=0, select bank2
   308  0041  1703               	bsf	3,6	;RP1=1, select bank2
   309  0042  1887               	btfsc	7,1	;volatile
   310  0043  1087               	bcf	7,1	;volatile
   311                           
   312                           ;SC8F289XB_Sleep_Demo.c: 78: if(RBIF) RBIF = 0;
   313  0044  180B               	btfsc	11,0	;volatile
   314  0045  100B               	bcf	11,0	;volatile
   315                           
   316                           ;SC8F289XB_Sleep_Demo.c: 79: PORTA ^= 0X08;
   317  0046  3008               	movlw	8
   318  0047  1303               	bcf	3,6	;RP1=0, select bank0
   319  0048  0685               	xorwf	5,f	;volatile
   320                           
   321                           ;SC8F289XB_Sleep_Demo.c: 80: Init_System();
   322  0049  284A               	ljmp	l1144
   323  004A                     __end_of_Sleep_Mode:	
   324  004A                     __ptext2:	
   325 ;; *************** function _Init_System *****************
   326 ;; Defined at:
   327 ;;		line 90 in file "F:\中微资料\SC8F289XB开发包\SC8F289XB_DEMO_C\SC8F289XB_Sleep_Demo\SC8F289XB_Sleep_Demo.c"
   328 ;; Parameters:    Size  Location     Type
   329 ;;		None
   330 ;; Auto vars:     Size  Location     Type
   331 ;;		None
   332 ;; Return value:  Size  Location     Type
   333 ;;                  1    wreg      void 
   334 ;; Registers used:
   335 ;;		wreg, status,2
   336 ;; Tracked objects:
   337 ;;		On entry : 300/0
   338 ;;		On exit  : 300/0
   339 ;;		Unchanged: 0/0
   340 ;; Data sizes:     COMMON   BANK0   BANK1   BANK2
   341 ;;      Params:         0       0       0       0
   342 ;;      Locals:         0       0       0       0
   343 ;;      Temps:          0       0       0       0
   344 ;;      Totals:         0       0       0       0
   345 ;;Total ram usage:        0 bytes
   346 ;; Hardware stack levels used:    1
   347 ;; Hardware stack levels required when called:    1
   348 ;; This function calls:
   349 ;;		Nothing
   350 ;; This function is called by:
   351 ;;		_main
   352 ;;		_Sleep_Mode
   353 ;; This function uses a non-reentrant model
   354 ;;
   355                           
   356                           
   357                           ;psect for function _Init_System
   358  004A                     _Init_System:	
   359  004A                     l1144:	
   360                           ;incstack = 0
   361                           ; Regs used in _Init_System: [wreg+status,2]
   362                           
   363  004A  0000               	nop	;# 
   364  004B  0064               	clrwdt	;# 
   365                           
   366                           ;SC8F289XB_Sleep_Demo.c: 94: INTCON = 0;
   367  004C  018B               	clrf	11	;volatile
   368                           
   369                           ;SC8F289XB_Sleep_Demo.c: 95: OSCCON = 0X72;
   370  004D  3072               	movlw	114
   371  004E  1683               	bsf	3,5	;RP0=1, select bank1
   372  004F  1303               	bcf	3,6	;RP1=0, select bank1
   373  0050  0088               	movwf	8	;volatile
   374                           
   375                           ;SC8F289XB_Sleep_Demo.c: 96: OPTION_REG = 0;
   376  0051  0181               	clrf	1	;volatile
   377                           
   378                           ;SC8F289XB_Sleep_Demo.c: 98: WPUA = 0B00000001;
   379  0052  3001               	movlw	1
   380  0053  1283               	bcf	3,5	;RP0=0, select bank0
   381  0054  0087               	movwf	7	;volatile
   382                           
   383                           ;SC8F289XB_Sleep_Demo.c: 99: WPUB = 0B00001000;
   384  0055  3008               	movlw	8
   385  0056  0088               	movwf	8	;volatile
   386                           
   387                           ;SC8F289XB_Sleep_Demo.c: 102: TRISA = 0B00000001;
   388  0057  3001               	movlw	1
   389  0058  1683               	bsf	3,5	;RP0=1, select bank1
   390  0059  0085               	movwf	5	;volatile
   391                           
   392                           ;SC8F289XB_Sleep_Demo.c: 103: TRISB = 0B00001000;
   393  005A  3008               	movlw	8
   394  005B  0086               	movwf	6	;volatile
   395                           
   396                           ;SC8F289XB_Sleep_Demo.c: 106: PORTB = 0B00000000;
   397  005C  1283               	bcf	3,5	;RP0=0, select bank0
   398  005D  0186               	clrf	6	;volatile
   399  005E  0008               	return
   400  005F                     __end_of_Init_System:	
   401                           
   402                           	psect	text3
   403  005F                     __ptext3:	
   404 ;; *************** function _PA_Isr *****************
   405 ;; Defined at:
   406 ;;		line 117 in file "F:\中微资料\SC8F289XB开发包\SC8F289XB_DEMO_C\SC8F289XB_Sleep_Demo\SC8F289XB_Sleep_Demo.c"
   407 ;; Parameters:    Size  Location     Type
   408 ;;		None
   409 ;; Auto vars:     Size  Location     Type
   410 ;;		None
   411 ;; Return value:  Size  Location     Type
   412 ;;                  1    wreg      void 
   413 ;; Registers used:
   414 ;;		wreg, status,2, status,0
   415 ;; Tracked objects:
   416 ;;		On entry : 0/0
   417 ;;		On exit  : 100/0
   418 ;;		Unchanged: 0/0
   419 ;; Data sizes:     COMMON   BANK0   BANK1   BANK2
   420 ;;      Params:         0       0       0       0
   421 ;;      Locals:         0       0       0       0
   422 ;;      Temps:          2       0       0       0
   423 ;;      Totals:         2       0       0       0
   424 ;;Total ram usage:        2 bytes
   425 ;; Hardware stack levels used:    1
   426 ;; This function calls:
   427 ;;		Nothing
   428 ;; This function is called by:
   429 ;;		Interrupt level 1
   430 ;; This function uses a non-reentrant model
   431 ;;
   432                           
   433                           
   434                           ;psect for function _PA_Isr
   435  005F                     _PA_Isr:	
   436                           
   437                           ;SC8F289XB_Sleep_Demo.c: 119: if(RACIF)
   438  005F  1283               	bcf	3,5	;RP0=0, select bank2
   439  0060  1703               	bsf	3,6	;RP1=1, select bank2
   440  0061  1C87               	btfss	7,1	;volatile
   441  0062  2868               	goto	i1l768
   442                           
   443                           ;SC8F289XB_Sleep_Demo.c: 120: {
   444                           ;SC8F289XB_Sleep_Demo.c: 121: RACIF = 0;
   445  0063  1087               	bcf	7,1	;volatile
   446                           
   447                           ;SC8F289XB_Sleep_Demo.c: 122: PORTA ^= 0X08;
   448  0064  3008               	movlw	8
   449  0065  1303               	bcf	3,6	;RP1=0, select bank0
   450  0066  0685               	xorwf	5,f	;volatile
   451                           
   452                           ;SC8F289XB_Sleep_Demo.c: 123: PORTA;
   453  0067  0805               	movf	5,w	;volatile
   454  0068                     i1l768:	
   455  0068  0871               	movf	??_PA_Isr+1,w
   456  0069  008A               	movwf	10
   457  006A  0E70               	swapf	??_PA_Isr^(0+-128),w
   458  006B  0083               	movwf	3
   459  006C  0EFE               	swapf	126,f
   460  006D  0E7E               	swapf	126,w
   461  006E  0009               	retfie
   462  006F                     __end_of_PA_Isr:	
   463  007E                     btemp	set	126	;btemp
   464  007E                     wtemp0	set	126
   465                           
   466                           	psect	intentry
   467  0004                     __pintentry:	
   468                           ;incstack = 0
   469                           ; Regs used in _PA_Isr: [wreg+status,2+status,0]
   470                           
   471  0004                     interrupt_function:	
   472  007E                     saved_w	set	btemp
   473  0004  00FE               	movwf	btemp
   474  0005  0E03               	swapf	3,w
   475  0006  00F0               	movwf	??_PA_Isr
   476  0007  080A               	movf	10,w
   477  0008  00F1               	movwf	??_PA_Isr+1
   478  0009  118A  285F         	ljmp	_PA_Isr


Data Sizes:
    Strings     0
    Constant    0
    Data        0
    BSS         0
    Persistent  0
    Stack       0

Auto Spaces:
    Space          Size  Autos    Used
    COMMON           14      2       2
    BANK0            80      0       0
    BANK1            80      0       0
    BANK2            80      0       0

Pointer List with Targets:

    None.

Critical Paths under _main in COMMON

    None.

Critical Paths under _PA_Isr in COMMON

    None.

Critical Paths under _main in BANK0

    None.

Critical Paths under _PA_Isr in BANK0

    None.

Critical Paths under _main in BANK1

    None.

Critical Paths under _PA_Isr in BANK1

    None.

Critical Paths under _main in BANK2

    None.

Critical Paths under _PA_Isr in BANK2

    None.

Call Graph Tables:

 ---------------------------------------------------------------------------------
 (Depth) Function   	        Calls       Base Space   Used Autos Params    Refs
 ---------------------------------------------------------------------------------
 (0) _main                                                 0     0      0       0
                        _Init_System
                         _Sleep_Mode
 ---------------------------------------------------------------------------------
 (1) _Sleep_Mode                                           0     0      0       0
                        _Init_System
 ---------------------------------------------------------------------------------
 (2) _Init_System                                          0     0      0       0
 ---------------------------------------------------------------------------------
 Estimated maximum stack depth 2
 ---------------------------------------------------------------------------------
 (Depth) Function   	        Calls       Base Space   Used Autos Params    Refs
 ---------------------------------------------------------------------------------
 (3) _PA_Isr                                               2     2      0       0
                                              0 COMMON     2     2      0
 ---------------------------------------------------------------------------------
 Estimated maximum stack depth 3
 ---------------------------------------------------------------------------------

 Call Graph Graphs:

 _main (ROOT)
   _Init_System
   _Sleep_Mode
     _Init_System

 _PA_Isr (ROOT)

 Address spaces:
Name               Size   Autos  Total    Cost      Usage
BITCOMMON            E      0       0       0        0.0%
NULL                 0      0       0       0        0.0%
CODE                 0      0       0       0        0.0%
COMMON               E      2       2       1       14.3%
BITSFR0              0      0       0       1        0.0%
SFR0                 0      0       0       1        0.0%
BITSFR1              0      0       0       2        0.0%
SFR1                 0      0       0       2        0.0%
STACK                0      0       0       2        0.0%
BITBANK0            50      0       0       3        0.0%
BANK0               50      0       0       4        0.0%
BITSFR3              0      0       0       4        0.0%
SFR3                 0      0       0       4        0.0%
BITBANK1            50      0       0       5        0.0%
BITSFR2              0      0       0       5        0.0%
SFR2                 0      0       0       5        0.0%
BANK1               50      0       0       6        0.0%
BANK2               50      0       0       7        0.0%
ABS                  0      0       0       8        0.0%
DATA                 0      0       0       9        0.0%
BITBANK2            50      0       0      10        0.0%


Microchip Technology PIC Macro Assembler V1.45 build -152302408 
Symbol Table                                                                                   Wed Mar 16 10:34:13 2022

                    l751 0072                      _GIE 005F                     l1144 004A  
                   _IOCA 0188                     _IOCB 0009                     _PEIE 005E  
                   _RBIE 005B                     _RBIF 0058                     _WPUA 0007  
                   _WPUB 0008                     _main 006F                     btemp 007E  
                   start 000B            ??_Init_System 0072                    ?_main 0070  
                  _RACIE 0841                    _RACIF 0839                    i1l768 0068  
                  _PORTA 0005                    _PORTB 0006                    _TRISA 0085  
                  _TRISB 0086                    pclath 000A                    status 0003  
                  wtemp0 007E          __initialization 000D             __end_of_main 0076  
                 ??_main 0072      __end_of_Init_System 005F                   _ADCON0 009D  
                 _ADCON1 009C                   _INTCON 000B                   _OSCCON 0088  
                 _PA_Isr 005F               _Sleep_Mode 0010                   saved_w 007E  
__end_of__initialization 000D           __pcstackCOMMON 0070              _Init_System 004A  
                ?_PA_Isr 0070              ?_Sleep_Mode 0070               __pmaintext 006F  
             __pintentry 0004                  _KEYCON0 0092                  _KEYCON2 0097  
                _OPA0CON 0098                  _OPA1CON 009A                  _PWMCON0 0013  
        __size_of_PA_Isr 0010                  __ptext0 0000                  __ptext1 0010  
                __ptext2 004A                  __ptext3 005F      __size_of_Sleep_Mode 003A  
   end_of_initialization 000D           __end_of_PA_Isr 006F             ?_Init_System 0070  
    start_initialization 000D                 ??_PA_Isr 0070             ??_Sleep_Mode 0072  
              ___latbits 0001       __end_of_Sleep_Mode 004A        interrupt_function 0004  
   __size_of_Init_System 0015            __size_of_main 0007                 intlevel1 0000  
             _OPTION_REG 0081  
