Warning[373]:	E:\project\project0508\scm\n9_fan_no_led\main.c	第97行	implicit signed to unsigned conversion
Warning[373]:	E:\project\project0508\scm\n9_fan_no_led\main.c	第98行	implicit signed to unsigned conversion
Warning[373]:	E:\project\project0508\scm\n9_fan_no_led\adc.c	第18行	implicit signed to unsigned conversion
Warning[373]:	E:\project\project0508\scm\n9_fan_no_led\adc.c	第30行	implicit signed to unsigned conversion
Warning[373]:	E:\project\project0508\scm\n9_fan_no_led\adc.c	第62行	implicit signed to unsigned conversion
Warning[373]:	E:\project\project0508\scm\n9_fan_no_led\scankey.c	第4行	implicit signed to unsigned conversion
Warning[346]:	E:\project\project0508\scm\n9_fan_no_led\scankey.c	第13行	declaration of "key_read" hides outer declaration
Warning[346]:	E:\project\project0508\scm\n9_fan_no_led\scankey.c	第69行	declaration of "key_read" hides outer declaration
Advisory[1510]	non-reentrant function "_Init_System" appears in multiple call graphs and has been duplicated by the compiler
Advisory[1510]	non-reentrant function "_Init_GPIO" appears in multiple call graphs and has been duplicated by the compiler
Advisory[1510]	non-reentrant function "_Init_Interupt" appears in multiple call graphs and has been duplicated by the compiler
Advisory[1510]	non-reentrant function "_Init_PWM" appears in multiple call graphs and has been duplicated by the compiler
Advisory[1510]	non-reentrant function "_Init_Config" appears in multiple call graphs and has been duplicated by the compiler
Advisory[1510]	non-reentrant function "_resetKey" appears in multiple call graphs and has been duplicated by the compiler
Warning[520]:	E:\project\project0508\scm\n9_fan_no_led\adc.c	第59行	function "_ADC_Result" is never called
Warning[520]:	E:\project\project0508\scm\n9_fan_no_led\scankey.c	第66行	function "_key_read" is never called
Warning[1090]:	E:\project\project0508\scm\n9_fan_no_led\main.c	第26行	variable "_fan_check_time" is not used
Warning[1090]:	E:\project\project0508\scm\n9_fan_no_led\main.c	第97行	variable "setFanLevel@levelWidth" is not used
Warning[752]:	E:\project\project0508\scm\n9_fan_no_led\main.c	第41行	conversion to shorter data type
Warning[752]:	E:\project\project0508\scm\n9_fan_no_led\main.c	第49行	conversion to shorter data type
Warning[752]:	E:\project\project0508\scm\n9_fan_no_led\main.c	第87行	conversion to shorter data type
Warning[752]:	E:\project\project0508\scm\n9_fan_no_led\main.c	第98行	conversion to shorter data type
Warning[759]:	E:\project\project0508\scm\n9_fan_no_led\main.c	第135行	expression generates no code
Warning[752]:	E:\project\project0508\scm\n9_fan_no_led\main.c	第148行	conversion to shorter data type
Warning[752]:	E:\project\project0508\scm\n9_fan_no_led\main.c	第149行	conversion to shorter data type
Warning[752]:	E:\project\project0508\scm\n9_fan_no_led\main.c	第151行	conversion to shorter data type
Warning[752]:	E:\project\project0508\scm\n9_fan_no_led\adc.c	第18行	conversion to shorter data type
Warning[752]:	E:\project\project0508\scm\n9_fan_no_led\adc.c	第48行	conversion to shorter data type

Memory Summary:
    Program space        used   306h (   774) of   800h words   ( 37.8%)
    Data space           used    2Dh (    45) of    A0h bytes   ( 28.1%)
    EEPROM space         None available
    Data stack space     used     0h (     0) of    50h bytes   (  0.0%)
    Configuration bits   used     0h (     0) of     2h words   (  0.0%)
    ID Location space    used     0h (     0) of     4h bytes   (  0.0%)

