Warning[1090]:	C:\mcuproject\scm\zdt\D115-bjl_062B_SOP14\main.c	µ⁄62––	variable "_fullCount" is not used
Warning[1090]:	C:\mcuproject\scm\zdt\D115-bjl_062B_SOP14\main.c	µ⁄78––	variable "_ledBreathTime" is not used
Warning[1090]:	C:\mcuproject\scm\zdt\D115-bjl_062B_SOP14\main.c	µ⁄77––	variable "_ledDuty" is not used
Warning[1090]:	C:\mcuproject\scm\zdt\D115-bjl_062B_SOP14\main.c	µ⁄76––	variable "_ledTime" is not used
Warning[1090]:	C:\mcuproject\scm\zdt\D115-bjl_062B_SOP14\main.c	µ⁄75––	variable "_startChrgTime" is not used
Warning[1090]:	C:\mcuproject\scm\zdt\D115-bjl_062B_SOP14\main.c	µ⁄67––	variable "_ledCntTime" is not used
Warning[1090]:	C:\mcuproject\scm\zdt\D115-bjl_062B_SOP14\main.c	µ⁄66––	variable "_chrgMaxDuty" is not used
Warning[1090]:	C:\mcuproject\scm\zdt\D115-bjl_062B_SOP14\main.c	µ⁄65––	variable "_chrgWaitTime" is not used
Warning[1090]:	C:\mcuproject\scm\zdt\D115-bjl_062B_SOP14\main.c	µ⁄64––	variable "_subTime" is not used
Warning[1090]:	C:\mcuproject\scm\zdt\D115-bjl_062B_SOP14\main.c	µ⁄63––	variable "_addTime" is not used
Warning[1090]:	C:\mcuproject\scm\zdt\D115-bjl_062B_SOP14\main.c	µ⁄61––	variable "_lockCount" is not used
Warning[1090]:	C:\mcuproject\scm\zdt\D115-bjl_062B_SOP14\main.c	µ⁄60––	variable "_chrgMaxAD" is not used
Warning[1090]:	C:\mcuproject\scm\zdt\D115-bjl_062B_SOP14\main.c	µ⁄59––	variable "_chrgMode" is not used
Warning[1090]:	C:\mcuproject\scm\zdt\D115-bjl_062B_SOP14\main.c	µ⁄56––	variable "_reChrgCount" is not used
Warning[1090]:	C:\mcuproject\scm\zdt\D115-bjl_062B_SOP14\main.c	µ⁄52––	variable "_overChrgTime" is not used
Warning[1090]:	C:\mcuproject\scm\zdt\D115-bjl_062B_SOP14\main.c	µ⁄48––	variable "_addPowerCount" is not used
Warning[1090]:	C:\mcuproject\scm\zdt\D115-bjl_062B_SOP14\main.c	µ⁄42––	variable "_ledCnt" is not used
Warning[1090]:	C:\mcuproject\scm\zdt\D115-bjl_062B_SOP14\main.c	µ⁄39––	variable "_protectFlag" is not used
Warning[1090]:	C:\mcuproject\scm\zdt\D115-bjl_062B_SOP14\main.c	µ⁄38––	variable "_countHalfFull" is not used
Warning[1090]:	C:\mcuproject\scm\zdt\D115-bjl_062B_SOP14\main.c	µ⁄34––	variable "_chrgFullFlag" is not used
Warning[1090]:	C:\mcuproject\scm\zdt\D115-bjl_062B_SOP14\main.c	µ⁄485––	variable "checkOutA@maxAout" is not used
Warning[759]:	C:\mcuproject\scm\zdt\D115-bjl_062B_SOP14\main.c	µ⁄283––	expression generates no code
Warning[759]:	C:\mcuproject\scm\zdt\D115-bjl_062B_SOP14\main.c	µ⁄310––	expression generates no code
Warning[759]:	C:\mcuproject\scm\zdt\D115-bjl_062B_SOP14\main.c	µ⁄312––	expression generates no code
Warning[759]:	C:\mcuproject\scm\zdt\D115-bjl_062B_SOP14\main.c	µ⁄313––	expression generates no code
Warning[759]:	C:\mcuproject\scm\zdt\D115-bjl_062B_SOP14\main.c	µ⁄314––	expression generates no code
Warning[759]:	C:\mcuproject\scm\zdt\D115-bjl_062B_SOP14\main.c	µ⁄315––	expression generates no code
Warning[759]:	C:\mcuproject\scm\zdt\D115-bjl_062B_SOP14\main.c	µ⁄316––	expression generates no code
Warning[759]:	C:\mcuproject\scm\zdt\D115-bjl_062B_SOP14\main.c	µ⁄317––	expression generates no code
Warning[759]:	C:\mcuproject\scm\zdt\D115-bjl_062B_SOP14\main.c	µ⁄319––	expression generates no code
Warning[759]:	C:\mcuproject\scm\zdt\D115-bjl_062B_SOP14\main.c	µ⁄485––	expression generates no code
Warning[759]:	C:\mcuproject\scm\zdt\D115-bjl_062B_SOP14\main.c	µ⁄488––	expression generates no code
Warning[759]:	C:\mcuproject\scm\zdt\D115-bjl_062B_SOP14\main.c	µ⁄492––	expression generates no code
Warning[759]:	C:\mcuproject\scm\zdt\D115-bjl_062B_SOP14\main.c	µ⁄496––	expression generates no code
Warning[759]:	C:\mcuproject\scm\zdt\D115-bjl_062B_SOP14\main.c	µ⁄500––	expression generates no code
Warning[759]:	C:\mcuproject\scm\zdt\D115-bjl_062B_SOP14\main.c	µ⁄504––	expression generates no code
Warning[759]:	C:\mcuproject\scm\zdt\D115-bjl_062B_SOP14\main.c	µ⁄508––	expression generates no code
Warning[759]:	C:\mcuproject\scm\zdt\D115-bjl_062B_SOP14\main.c	µ⁄512––	expression generates no code
Warning[759]:	C:\mcuproject\scm\zdt\D115-bjl_062B_SOP14\main.c	µ⁄580––	expression generates no code

Memory Summary:
    Program space        used   428h (  1064) of   800h words   ( 52.0%)
    Data space           used    42h (    66) of    A0h bytes   ( 41.2%)
    EEPROM space         None available
    Data stack space     used     0h (     0) of    50h bytes   (  0.0%)
    Configuration bits   used     0h (     0) of     2h words   (  0.0%)
    ID Location space    used     0h (     0) of     4h bytes   (  0.0%)

