Warning[373]:	C:\mcuproject\scm\zdt\C103_8F083_tssop20_\C103_8F083_tssop20_\main.c	第379行	implicit signed to unsigned conversion
Warning[373]:	C:\mcuproject\scm\zdt\C103_8F083_tssop20_\C103_8F083_tssop20_\main.c	第506行	implicit signed to unsigned conversion
Warning[373]:	C:\mcuproject\scm\zdt\C103_8F083_tssop20_\C103_8F083_tssop20_\main.c	第547行	implicit signed to unsigned conversion
Warning[373]:	C:\mcuproject\scm\zdt\C103_8F083_tssop20_\C103_8F083_tssop20_\main.c	第637行	implicit signed to unsigned conversion
Warning[373]:	C:\mcuproject\scm\zdt\C103_8F083_tssop20_\C103_8F083_tssop20_\main.c	第638行	implicit signed to unsigned conversion
Warning[373]:	C:\mcuproject\scm\zdt\C103_8F083_tssop20_\C103_8F083_tssop20_\main.c	第708行	implicit signed to unsigned conversion
Warning[373]:	C:\mcuproject\scm\zdt\C103_8F083_tssop20_\C103_8F083_tssop20_\main.c	第709行	implicit signed to unsigned conversion
Warning[520]:	C:\mcuproject\scm\zdt\C103_8F083_tssop20_\C103_8F083_tssop20_\main.c	第111行	function "_Refurbish_Sfr" is never called
Warning[520]:	C:\mcuproject\scm\zdt\C103_8F083_tssop20_\C103_8F083_tssop20_\number.c	第256行	function "_led4" is never called
Warning[520]:	C:\mcuproject\scm\zdt\C103_8F083_tssop20_\C103_8F083_tssop20_\number.c	第264行	function "_led5" is never called
Warning[520]:	C:\mcuproject\scm\zdt\C103_8F083_tssop20_\C103_8F083_tssop20_\number.c	第272行	function "_led6" is never called
Warning[520]:	C:\mcuproject\scm\zdt\C103_8F083_tssop20_\C103_8F083_tssop20_\number.c	第280行	function "_led7" is never called
Warning[520]:	C:\mcuproject\scm\zdt\C103_8F083_tssop20_\C103_8F083_tssop20_\number.c	第288行	function "_led8" is never called
Warning[520]:	C:\mcuproject\scm\zdt\C103_8F083_tssop20_\C103_8F083_tssop20_\number.c	第296行	function "_led9" is never called
Warning[520]:	C:\mcuproject\scm\zdt\C103_8F083_tssop20_\C103_8F083_tssop20_\number.c	第304行	function "_led10" is never called
Warning[520]:	C:\mcuproject\scm\zdt\C103_8F083_tssop20_\C103_8F083_tssop20_\number.c	第312行	function "_led11" is never called
Warning[520]:	C:\mcuproject\scm\zdt\C103_8F083_tssop20_\C103_8F083_tssop20_\number.c	第320行	function "_led12" is never called
Warning[520]:	C:\mcuproject\scm\zdt\C103_8F083_tssop20_\C103_8F083_tssop20_\number.c	第540行	function "_DelayUs" is never called
Warning[520]:	C:\mcuproject\scm\zdt\C103_8F083_tssop20_\C103_8F083_tssop20_\number.c	第556行	function "_DelayMs" is never called
Warning[520]:	C:\mcuproject\scm\zdt\C103_8F083_tssop20_\C103_8F083_tssop20_\number.c	第573行	function "_DelayS" is never called
Warning[1090]:	C:\mcuproject\scm\zdt\C103_8F083_tssop20_\C103_8F083_tssop20_\main.c	第50行	variable "_batAddCount" is not used
Warning[1090]:	C:\mcuproject\scm\zdt\C103_8F083_tssop20_\C103_8F083_tssop20_\main.c	第44行	variable "_count10" is not used
Warning[1090]:	C:\mcuproject\scm\zdt\C103_8F083_tssop20_\C103_8F083_tssop20_\main.c	第43行	variable "_subPowerTime" is not used
Warning[1090]:	C:\mcuproject\scm\zdt\C103_8F083_tssop20_\C103_8F083_tssop20_\main.c	第42行	variable "_addPowerTime" is not used
Warning[1090]:	C:\mcuproject\scm\zdt\C103_8F083_tssop20_\C103_8F083_tssop20_\main.c	第37行	variable "_pwmFlag" is not used
Warning[1090]:	C:\mcuproject\scm\zdt\C103_8F083_tssop20_\C103_8F083_tssop20_\main.c	第34行	variable "_refreshFlag" is not used
Warning[1090]:	C:\mcuproject\scm\zdt\C103_8F083_tssop20_\C103_8F083_tssop20_\main.c	第29行	variable "_chrgFullTime" is not used
Warning[1090]:	C:\mcuproject\scm\zdt\C103_8F083_tssop20_\C103_8F083_tssop20_\main.c	第28行	variable "_chrgFullFlag" is not used
Warning[1090]:	C:\mcuproject\scm\zdt\C103_8F083_tssop20_\C103_8F083_tssop20_\main.c	第26行	variable "_startTime" is not used
Warning[1090]:	C:\mcuproject\scm\zdt\C103_8F083_tssop20_\C103_8F083_tssop20_\main.c	第25行	variable "_longPressFlag2" is not used
Warning[1090]:	C:\mcuproject\scm\zdt\C103_8F083_tssop20_\C103_8F083_tssop20_\main.c	第22行	variable "_keyCount2" is not used
Warning[1090]:	C:\mcuproject\scm\zdt\C103_8F083_tssop20_\C103_8F083_tssop20_\main.c	第21行	variable "_count10ms" is not used
Warning[1090]:	C:\mcuproject\scm\zdt\C103_8F083_tssop20_\C103_8F083_tssop20_\main.c	第19行	variable "_intFlag" is not used
Warning[752]:	C:\mcuproject\scm\zdt\C103_8F083_tssop20_\C103_8F083_tssop20_\main.c	第247行	conversion to shorter data type
Warning[752]:	C:\mcuproject\scm\zdt\C103_8F083_tssop20_\C103_8F083_tssop20_\main.c	第283行	conversion to shorter data type
Warning[752]:	C:\mcuproject\scm\zdt\C103_8F083_tssop20_\C103_8F083_tssop20_\main.c	第506行	conversion to shorter data type
Warning[752]:	C:\mcuproject\scm\zdt\C103_8F083_tssop20_\C103_8F083_tssop20_\main.c	第547行	conversion to shorter data type
Warning[759]:	C:\mcuproject\scm\zdt\C103_8F083_tssop20_\C103_8F083_tssop20_\main.c	第589行	expression generates no code
Warning[759]:	C:\mcuproject\scm\zdt\C103_8F083_tssop20_\C103_8F083_tssop20_\main.c	第615行	expression generates no code

Memory Summary:
    Program space        used   786h (  1926) of  1000h words   ( 47.0%)
    Data space           used    4Fh (    79) of    F0h bytes   ( 32.9%)
    EEPROM space         None available
    Data stack space     used     0h (     0) of    50h bytes   (  0.0%)
    Configuration bits   used     0h (     0) of     2h words   (  0.0%)
    ID Location space    used     0h (     0) of     4h bytes   (  0.0%)

