

Microchip Technology PIC PRO Macro Assembler V1.45 build -152302408 
                                                                                               Sat Nov 22 17:21:38 2025

Microchip Technology Omniscient Code Generator v1.45 (PRO mode) build 201711160504
     1                           	processor	SC8P062BD
     2                           	opt	pw 120
     3                           	opt	pm
     4                           	psect	strings,global,class=STRING,delta=2
     5                           	psect	nvCOMMON,global,class=COMMON,space=1,delta=1
     6                           	psect	cinit,global,class=CODE,merge=1,delta=2
     7                           	psect	bssCOMMON,global,class=COMMON,space=1,delta=1
     8                           	psect	bssBANK0,global,class=BANK0,space=1,delta=1
     9                           	psect	clrtext,global,class=CODE,delta=2
    10                           	psect	cstackCOMMON,global,class=COMMON,space=1,delta=1
    11                           	psect	cstackBANK0,global,class=BANK0,space=1,delta=1
    12                           	psect	maintext,global,class=CODE,split=1,delta=2
    13                           	psect	text1,local,class=CODE,merge=1,delta=2
    14                           	psect	text2,local,class=CODE,merge=1,delta=2
    15                           	psect	text3,local,class=CODE,merge=1,delta=2
    16                           	psect	text4,local,class=CODE,merge=1,delta=2
    17                           	psect	text5,local,class=CODE,merge=1,delta=2
    18                           	psect	text6,local,class=CODE,merge=1,delta=2
    19                           	psect	text7,local,class=CODE,merge=1,delta=2
    20                           	psect	intentry,global,class=CODE,delta=2
    21                           	psect	text8,local,class=CODE,merge=1,delta=2
    22                           	psect	swtext1,local,class=CONST,delta=2
    23                           	psect	pa_nodes0,global,class=CODE,delta=2
    24                           	dabs	1,0x7E,2
    25  0000                     
    26                           ; Version 1.45
    27                           ; Generated 16/11/2017 GMT
    28                           ; 
    29                           ; Copyright © 2017, Microchip Technology Inc. and its subsidiaries ("Microchip")
    30                           ; All rights reserved.
    31                           ; 
    32                           ; This software is developed by Microchip Technology Inc. and its subsidiaries ("Microch
      +                          ip").
    33                           ; 
    34                           ; Redistribution and use in source and binary forms, with or without modification, are
    35                           ; permitted provided that the following conditions are met:
    36                           ; 
    37                           ;     1. Redistributions of source code must retain the above copyright notice, this lis
      +                          t of
    38                           ;        conditions and the following disclaimer.
    39                           ; 
    40                           ;     2. Redistributions in binary form must reproduce the above copyright notice, this 
      +                          list
    41                           ;        of conditions and the following disclaimer in the documentation and/or other
    42                           ;        materials provided with the distribution.
    43                           ; 
    44                           ;     3. Microchip's name may not be used to endorse or promote products derived from th
      +                          is
    45                           ;        software without specific prior written permission.
    46                           ; 
    47                           ; THIS SOFTWARE IS PROVIDED BY MICROCHIP "AS IS" AND ANY EXPRESS OR IMPLIED WARRANTIES,
    48                           ; INCLUDING, BUT NOT LIMITED TO, THE IMPLIED WARRANTIES OF MERCHANTABILITY AND FITNESS F
      +                          OR
    49                           ; PURPOSE ARE DISCLAIMED.  IN NO EVENT SHALL MICROCHIP BE LIABLE FOR ANY DIRECT, INDIREC
      +                          T,
    50                           ; INCIDENTAL, SPECIAL, EXEMPLARY, OR CONSEQUENTIAL DAMAGES (INCLUDING BUT NOT LIMITED TO
    51                           ; PROCUREMENT OF SUBSTITUTE GOODS OR SERVICES; LOSS OF USE, DATA OR PROFITS; OR BUSINESS
    52                           ; INTERRUPTION) HOWSOEVER CAUSED AND ON ANY THEORY OF LIABILITY, WHETHER IN CONTRACT, ST
      +                          RICT
    53                           ; LIABILITY, OR TORT (INCLUDING NEGLIGENCE OR OTHERWISE) ARISING IN ANY WAY OUT OF THE U
      +                          SE OF
    54                           ; THIS SOFTWARE, EVEN IF ADVISED OF THE POSSIBILITY OF SUCH DAMAGE.
    55                           ; 
    56                           ; 
    57                           ; Code-generator required, PIC16F887 Definitions
    58                           ; 
    59                           ; SFR Addresses
    60  0000                     
    61                           	psect	strings
    62  0161                     __pstrings:	
    63  0161                     stringtab:	
    64  0161                     __stringtab:	
    65  0161                     stringcode:	
    66                           ;	String table - string pointers are 1 byte each
    67                           
    68  0161                     stringdir:	
    69  0161  3001               	movlw	high stringdir
    70  0162  008A               	movwf	10
    71  0163  0804               	movf	4,w
    72  0164  0A84               	incf	4,f
    73  0165  0782               	addwf	2,f
    74  0166                     __stringbase:	
    75  0166  3400               	retlw	0
    76  0167                     __end_of__stringtab:	
    77  0167                     _numArray:	
    78  0167  343F               	retlw	63
    79  0168  3406               	retlw	6
    80  0169  345B               	retlw	91
    81  016A  344F               	retlw	79
    82  016B  3466               	retlw	102
    83  016C  346D               	retlw	109
    84  016D  347D               	retlw	125
    85  016E  3407               	retlw	7
    86  016F  347F               	retlw	127
    87  0170  346F               	retlw	111
    88  0171  3471               	retlw	113
    89  0172  3479               	retlw	121
    90  0173  3450               	retlw	80
    91  0174  3476               	retlw	118
    92  0175                     __end_of_numArray:	
    93                           
    94                           	psect	nvCOMMON
    95  007A                     __pnvCOMMON:	
    96  007A                     _geweiNum:	
    97  007A                     	ds	1
    98  007B                     _shiweiNum:	
    99  007B                     	ds	1
   100  0015                     _PWMCON0	set	21
   101  0014                     _OSCCON	set	20
   102  0013                     _T2CON	set	19
   103  0011                     _PR2	set	17
   104  000E                     _PIE1	set	14
   105  000D                     _PIR1	set	13
   106  000B                     _INTCON	set	11
   107  0009                     _IOCB	set	9
   108  0008                     _WPUB	set	8
   109  0006                     _PORTB	set	6
   110  0005                     _TRISB	set	5
   111  0001                     _OPTION_REG	set	1
   112  0071                     _TMR2IE	set	113
   113  0073                     _RAIE	set	115
   114  0069                     _TMR2IF	set	105
   115  006B                     _RAIF	set	107
   116  0058                     _RBIF	set	88
   117  005B                     _RBIE	set	91
   118  005E                     _PEIE	set	94
   119  005F                     _GIE	set	95
   120  0034                     _RB4	set	52
   121  0096                     _ADCON1	set	150
   122  0095                     _ADCON0	set	149
   123  0094                     _ANSEL1	set	148
   124  0093                     _ANSEL0	set	147
   125  0089                     _IOCA	set	137
   126  0088                     _WPUA	set	136
   127  0087                     _WPDA	set	135
   128  0086                     _PORTA	set	134
   129  0085                     _TRISA	set	133
   130  0430                     _RA0	set	1072
   131  0431                     _RA1	set	1073
   132  0432                     _RA2	set	1074
   133  0433                     _RA3	set	1075
   134  0434                     _RA4	set	1076
   135                           
   136                           	psect	cinit
   137  000D                     start_initialization:	
   138                           ; #config settings
   139                           
   140  000D                     __initialization:	
   141                           
   142                           ; Clear objects allocated to COMMON
   143  000D  3070               	movlw	low __pbssCOMMON
   144  000E  0084               	movwf	4
   145  000F  3077               	movlw	low (__pbssCOMMON+7)
   146  0010  21A3               	fcall	clear_ram0
   147  0011  3020               	movlw	low __pbssBANK0
   148                           
   149                           ; Clear objects allocated to BANK0
   150  0012  1383               	bcf	3,7	;select IRP bank0
   151  0013  0084               	movwf	4
   152  0014  3028               	movlw	low (__pbssBANK0+8)
   153  0015  21A3               	fcall	clear_ram0
   154  0016                     end_of_initialization:	
   155                           ;End of C runtime variable initialization code
   156                           
   157  0016                     __end_of__initialization:	
   158  0016  0183               	clrf	3
   159  0017  290C               	ljmp	_main	;jump to C main() function
   160                           
   161                           	psect	bssCOMMON
   162  0070                     __pbssCOMMON:	
   163  0070                     _ledCntTime:	
   164  0070                     	ds	1
   165  0071                     _keyCount:	
   166  0071                     	ds	1
   167  0072                     _ledCnt:	
   168  0072                     	ds	1
   169  0073                     _workStep:	
   170  0073                     	ds	1
   171  0074                     _IntFlag:	
   172  0074                     	ds	1
   173  0075                     _count1s:	
   174  0075                     	ds	1
   175  0076                     _intCount:	
   176  0076                     	ds	1
   177                           
   178                           	psect	bssBANK0
   179  0020                     __pbssBANK0:	
   180  0020                     _power_ad:	
   181  0020                     	ds	2
   182  0022                     _result:	
   183  0022                     	ds	2
   184  0024                     _adresult:	
   185  0024                     	ds	2
   186  0026                     _sleepTime:	
   187  0026                     	ds	1
   188  0027                     _test_adc:	
   189  0027                     	ds	1
   190                           
   191                           	psect	clrtext
   192  01A3                     clear_ram0:	
   193                           ;	Called with FSR containing the base address, and
   194                           ;	W with the last address+1
   195                           
   196  01A3  0064               	clrwdt	;clear the watchdog before getting into this loop
   197  01A4                     clrloop0:	
   198  01A4  0180               	clrf	0	;clear RAM location pointed to by FSR
   199  01A5  0A84               	incf	4,f	;increment pointer
   200  01A6  0604               	xorwf	4,w	;XOR with final address
   201  01A7  1903               	btfsc	3,2	;have we reached the end yet?
   202  01A8  3400               	retlw	0	;all done for this memory range, return
   203  01A9  0604               	xorwf	4,w	;XOR again to restore value
   204  01AA  29A4               	goto	clrloop0	;do the next byte
   205                           
   206                           	psect	cstackCOMMON
   207  0077                     __pcstackCOMMON:	
   208  0077                     ?_ledShow:	
   209  0077                     ??_ledShow:	
   210                           ; 1 bytes @ 0x0
   211                           
   212  0077                     ?_Init_System:	
   213                           ; 1 bytes @ 0x0
   214                           
   215  0077                     ?_AD_Init:	
   216                           ; 1 bytes @ 0x0
   217                           
   218  0077                     ?_keyCtr:	
   219                           ; 1 bytes @ 0x0
   220                           
   221  0077                     ?_workCtr:	
   222                           ; 1 bytes @ 0x0
   223                           
   224  0077                     ?_Sleep_Mode:	
   225                           ; 1 bytes @ 0x0
   226                           
   227  0077                     ?_Isr_Timer:	
   228                           ; 1 bytes @ 0x0
   229                           
   230  0077                     ??_Isr_Timer:	
   231                           ; 1 bytes @ 0x0
   232                           
   233  0077                     ?_main:	
   234                           ; 1 bytes @ 0x0
   235                           
   236  0077                     ?_keyRead:	
   237                           ; 1 bytes @ 0x0
   238                           
   239                           
   240                           ; 1 bytes @ 0x0
   241  0077                     	ds	3
   242                           
   243                           	psect	cstackBANK0
   244  0028                     __pcstackBANK0:	
   245  0028                     ??_Init_System:	
   246  0028                     ??_AD_Init:	
   247                           ; 1 bytes @ 0x0
   248                           
   249  0028                     ??_workCtr:	
   250                           ; 1 bytes @ 0x0
   251                           
   252  0028                     ??_Sleep_Mode:	
   253                           ; 1 bytes @ 0x0
   254                           
   255  0028                     ??_keyRead:	
   256                           ; 1 bytes @ 0x0
   257                           
   258  0028                     keyRead@keyStatus:	
   259                           ; 1 bytes @ 0x0
   260                           
   261                           
   262                           ; 1 bytes @ 0x0
   263  0028                     	ds	1
   264  0029                     ??_keyCtr:	
   265  0029                     keyCtr@kclick:	
   266                           ; 1 bytes @ 0x1
   267                           
   268                           
   269                           ; 1 bytes @ 0x1
   270  0029                     	ds	1
   271  002A                     ??_main:	
   272                           
   273                           	psect	maintext
   274  010C                     __pmaintext:	
   275                           ; 1 bytes @ 0x2
   276 ;;
   277 ;;Main: autosize = 0, tempsize = 0, incstack = 0, save=0
   278 ;;
   279 ;; *************** function _main *****************
   280 ;; Defined at:
   281 ;;		line 108 in file "C:\mcuproject\scm\zdt\E013_062B_SOP14\main.c"
   282 ;; Parameters:    Size  Location     Type
   283 ;;		None
   284 ;; Auto vars:     Size  Location     Type
   285 ;;		None
   286 ;; Return value:  Size  Location     Type
   287 ;;                  1    wreg      void 
   288 ;; Registers used:
   289 ;;		wreg, fsr0l, fsr0h, status,2, status,0, pclath, cstack
   290 ;; Tracked objects:
   291 ;;		On entry : B00/0
   292 ;;		On exit  : 100/0
   293 ;;		Unchanged: 0/0
   294 ;; Data sizes:     COMMON   BANK0   BANK1
   295 ;;      Params:         0       0       0
   296 ;;      Locals:         0       0       0
   297 ;;      Temps:          0       0       0
   298 ;;      Totals:         0       0       0
   299 ;;Total ram usage:        0 bytes
   300 ;; Hardware stack levels required when called:    4
   301 ;; This function calls:
   302 ;;		_AD_Init
   303 ;;		_Init_System
   304 ;;		_Sleep_Mode
   305 ;;		_keyCtr
   306 ;;		_workCtr
   307 ;; This function is called by:
   308 ;;		Startup code after reset
   309 ;; This function uses a non-reentrant model
   310 ;;
   311                           
   312                           
   313                           ;psect for function _main
   314  010C                     _main:	
   315                           
   316                           ;main.c: 110: Init_System();
   317                           
   318                           ;incstack = 0
   319                           ; Regs used in _main: [wreg-fsr0h+status,2+status,0+pclath+cstack]
   320  010C  2147               	fcall	_Init_System
   321                           
   322                           ;main.c: 111: AD_Init();
   323  010D  21AB               	fcall	_AD_Init
   324                           
   325                           ;main.c: 112: shiweiNum = geweiNum = numArray[8];
   326  010E  3009               	movlw	low (((_numArray+8)-__stringbase)| (0+32768))
   327  010F  0084               	movwf	4
   328  0110  2161               	fcall	stringdir
   329  0111  00FA               	movwf	_geweiNum
   330  0112  00FB               	movwf	_shiweiNum
   331  0113  2920               	goto	l591
   332  0114                     l1668:	
   333  0114  0871               	movf	_keyCount,w
   334  0115  1D03               	btfss	3,2
   335  0116  292A               	goto	l1678
   336  0117  30C8               	movlw	200
   337                           
   338                           ;main.c: 122: {
   339                           ;main.c: 123: shiweiNum = geweiNum = 0;
   340  0118  01FA               	clrf	_geweiNum
   341  0119  01FB               	clrf	_shiweiNum
   342                           
   343                           ;main.c: 124: if(++sleepTime >= 200)
   344  011A  0AA6               	incf	_sleepTime,f
   345  011B  0226               	subwf	_sleepTime,w
   346  011C  1C03               	skipc
   347  011D  2920               	goto	l591
   348                           
   349                           ;main.c: 125: {
   350                           ;main.c: 126: sleepTime = 0;
   351  011E  01A6               	clrf	_sleepTime
   352                           
   353                           ;main.c: 127: Sleep_Mode();
   354  011F  209F               	fcall	_Sleep_Mode
   355  0120                     l591:	
   356                           ;main.c: 113: while (1)
   357                           
   358  0120  0064               	clrwdt	;# 
   359                           
   360                           ;main.c: 116: if(!IntFlag)
   361  0121  0874               	movf	_IntFlag,w
   362  0122  1903               	btfsc	3,2
   363  0123  2920               	goto	l591
   364                           
   365                           ;main.c: 118: IntFlag = 0;
   366  0124  01F4               	clrf	_IntFlag
   367                           
   368                           ;main.c: 119: keyCtr();
   369  0125  2196               	fcall	_keyCtr
   370                           
   371                           ;main.c: 120: workCtr();
   372  0126  20E0               	fcall	_workCtr
   373                           
   374                           ;main.c: 121: if(workStep == 0 && keyCount == 0 && firstTime == 0)
   375  0127  0873               	movf	_workStep,w
   376  0128  1903               	btfsc	3,2
   377  0129  2914               	goto	l1668
   378  012A                     l1678:	
   379                           
   380                           ;main.c: 130: else
   381                           ;main.c: 131: {
   382                           ;main.c: 132: sleepTime = 0;
   383  012A  01A6               	clrf	_sleepTime
   384  012B  2920               	goto	l591
   385  012C                     __end_of_main:	
   386                           
   387                           	psect	text1
   388  00E0                     __ptext1:	
   389 ;; *************** function _workCtr *****************
   390 ;; Defined at:
   391 ;;		line 337 in file "C:\mcuproject\scm\zdt\E013_062B_SOP14\main.c"
   392 ;; Parameters:    Size  Location     Type
   393 ;;		None
   394 ;; Auto vars:     Size  Location     Type
   395 ;;		None
   396 ;; Return value:  Size  Location     Type
   397 ;;                  1    wreg      void 
   398 ;; Registers used:
   399 ;;		wreg, fsr0l, fsr0h, status,2, status,0, pclath
   400 ;; Tracked objects:
   401 ;;		On entry : 100/0
   402 ;;		On exit  : 100/0
   403 ;;		Unchanged: 0/0
   404 ;; Data sizes:     COMMON   BANK0   BANK1
   405 ;;      Params:         0       0       0
   406 ;;      Locals:         0       0       0
   407 ;;      Temps:          0       0       0
   408 ;;      Totals:         0       0       0
   409 ;;Total ram usage:        0 bytes
   410 ;; Hardware stack levels used:    1
   411 ;; Hardware stack levels required when called:    2
   412 ;; This function calls:
   413 ;;		Nothing
   414 ;; This function is called by:
   415 ;;		_main
   416 ;; This function uses a non-reentrant model
   417 ;;
   418                           
   419                           
   420                           ;psect for function _workCtr
   421  00E0                     _workCtr:	
   422                           
   423                           ;main.c: 341: if(workStep > 0)
   424                           
   425                           ;incstack = 0
   426                           ; Regs used in _workCtr: [wreg-fsr0h+status,2+status,0+pclath]
   427  00E0  0873               	movf	_workStep,w
   428  00E1  1903               	btfsc	3,2
   429  00E2  2908               	goto	l651
   430                           
   431                           ;main.c: 342: {
   432                           ;main.c: 343: if(workStep == 1)
   433  00E3  0B73               	decfsz	_workStep,w
   434  00E4  28EE               	goto	l1590
   435                           
   436                           ;main.c: 344: {
   437                           ;main.c: 345: shiweiNum = numArray[5];
   438  00E5  3006               	movlw	low (((_numArray+5)-__stringbase)| (0+32768))
   439  00E6  0084               	movwf	4
   440  00E7  2161               	fcall	stringdir
   441  00E8  00FB               	movwf	_shiweiNum
   442                           
   443                           ;main.c: 347: tempAD = 938;
   444  00E9  3006               	movlw	low (((_numArray+5)-__stringbase)| (0+32768))
   445  00EA  0084               	movwf	4
   446  00EB  2161               	fcall	stringdir
   447  00EC  00FA               	movwf	_geweiNum
   448                           
   449                           ;main.c: 348: }
   450  00ED  0008               	return
   451  00EE                     l1590:	
   452                           
   453                           ;main.c: 349: else if(workStep == 2)
   454  00EE  3002               	movlw	2
   455  00EF  0673               	xorwf	_workStep,w
   456  00F0  1D03               	btfss	3,2
   457  00F1  28FB               	goto	l1594
   458                           
   459                           ;main.c: 350: {
   460                           ;main.c: 351: shiweiNum = numArray[6];
   461  00F2  3007               	movlw	low (((_numArray+6)-__stringbase)| (0+32768))
   462  00F3  0084               	movwf	4
   463  00F4  2161               	fcall	stringdir
   464  00F5  00FB               	movwf	_shiweiNum
   465                           
   466                           ;main.c: 353: tempAD = 702;
   467  00F6  3006               	movlw	low (((_numArray+5)-__stringbase)| (0+32768))
   468  00F7  0084               	movwf	4
   469  00F8  2161               	fcall	stringdir
   470  00F9  00FA               	movwf	_geweiNum
   471                           
   472                           ;main.c: 354: }
   473  00FA  0008               	return
   474  00FB                     l1594:	
   475                           
   476                           ;main.c: 355: else if(workStep == 3)
   477  00FB  3003               	movlw	3
   478  00FC  0673               	xorwf	_workStep,w
   479  00FD  1D03               	btfss	3,2
   480  00FE  0008               	return
   481                           
   482                           ;main.c: 356: {
   483                           ;main.c: 357: shiweiNum = numArray[7];
   484  00FF  3008               	movlw	low (((_numArray+7)-__stringbase)| (0+32768))
   485  0100  0084               	movwf	4
   486  0101  2161               	fcall	stringdir
   487  0102  00FB               	movwf	_shiweiNum
   488                           
   489                           ;main.c: 359: tempAD = 523;
   490  0103  3006               	movlw	low (((_numArray+5)-__stringbase)| (0+32768))
   491  0104  0084               	movwf	4
   492  0105  2161               	fcall	stringdir
   493  0106  00FA               	movwf	_geweiNum
   494                           
   495                           ;main.c: 360: }
   496                           ;main.c: 361: }
   497  0107  0008               	return
   498  0108                     l651:	
   499                           
   500                           ;main.c: 362: else
   501                           ;main.c: 363: {
   502                           ;main.c: 364: RB4 = 0;
   503  0108  1206               	bcf	6,4	;volatile
   504                           
   505                           ;main.c: 365: shiweiNum = geweiNum = 0;
   506  0109  01FA               	clrf	_geweiNum
   507  010A  01FB               	clrf	_shiweiNum
   508  010B  0008               	return
   509  010C                     __end_of_workCtr:	
   510                           
   511                           	psect	text2
   512  0196                     __ptext2:	
   513 ;; *************** function _keyCtr *****************
   514 ;; Defined at:
   515 ;;		line 324 in file "C:\mcuproject\scm\zdt\E013_062B_SOP14\main.c"
   516 ;; Parameters:    Size  Location     Type
   517 ;;		None
   518 ;; Auto vars:     Size  Location     Type
   519 ;;  kclick          1    1[BANK0 ] unsigned char 
   520 ;; Return value:  Size  Location     Type
   521 ;;                  1    wreg      void 
   522 ;; Registers used:
   523 ;;		wreg, status,2, status,0, pclath, cstack
   524 ;; Tracked objects:
   525 ;;		On entry : 0/100
   526 ;;		On exit  : 100/0
   527 ;;		Unchanged: 0/0
   528 ;; Data sizes:     COMMON   BANK0   BANK1
   529 ;;      Params:         0       0       0
   530 ;;      Locals:         0       1       0
   531 ;;      Temps:          0       0       0
   532 ;;      Totals:         0       1       0
   533 ;;Total ram usage:        1 bytes
   534 ;; Hardware stack levels used:    1
   535 ;; Hardware stack levels required when called:    3
   536 ;; This function calls:
   537 ;;		_keyRead
   538 ;; This function is called by:
   539 ;;		_main
   540 ;; This function uses a non-reentrant model
   541 ;;
   542                           
   543                           
   544                           ;psect for function _keyCtr
   545  0196                     _keyCtr:	
   546                           
   547                           ;main.c: 326: char kclick = keyRead(0x01 & (~PORTB));
   548                           
   549                           ;incstack = 0
   550                           ; Regs used in _keyCtr: [wreg+status,2+status,0+pclath+cstack]
   551  0196  1283               	bcf	3,5	;RP0=0, select bank0
   552  0197  0906               	comf	6,w	;volatile
   553  0198  3901               	andlw	1
   554  0199  2175               	fcall	_keyRead
   555  019A  00A9               	movwf	keyCtr@kclick
   556                           
   557                           ;main.c: 327: if(kclick == 1)
   558  019B  0B29               	decfsz	keyCtr@kclick,w
   559  019C  0008               	return
   560                           
   561                           ;main.c: 328: {
   562                           ;main.c: 329: if(++workStep > 3)
   563  019D  3004               	movlw	4
   564  019E  0AF3               	incf	_workStep,f
   565  019F  0273               	subwf	_workStep,w
   566  01A0  1803               	btfsc	3,0
   567                           
   568                           ;main.c: 330: {
   569                           ;main.c: 331: workStep = 0;
   570  01A1  01F3               	clrf	_workStep
   571  01A2  0008               	return
   572  01A3                     __end_of_keyCtr:	
   573                           
   574                           	psect	text3
   575  0175                     __ptext3:	
   576 ;; *************** function _keyRead *****************
   577 ;; Defined at:
   578 ;;		line 298 in file "C:\mcuproject\scm\zdt\E013_062B_SOP14\main.c"
   579 ;; Parameters:    Size  Location     Type
   580 ;;  keyStatus       1    wreg     unsigned char 
   581 ;; Auto vars:     Size  Location     Type
   582 ;;  keyStatus       1    0[BANK0 ] unsigned char 
   583 ;; Return value:  Size  Location     Type
   584 ;;                  1    wreg      unsigned char 
   585 ;; Registers used:
   586 ;;		wreg, status,2, status,0
   587 ;; Tracked objects:
   588 ;;		On entry : 100/0
   589 ;;		On exit  : 100/0
   590 ;;		Unchanged: 0/0
   591 ;; Data sizes:     COMMON   BANK0   BANK1
   592 ;;      Params:         0       0       0
   593 ;;      Locals:         0       1       0
   594 ;;      Temps:          0       0       0
   595 ;;      Totals:         0       1       0
   596 ;;Total ram usage:        1 bytes
   597 ;; Hardware stack levels used:    1
   598 ;; Hardware stack levels required when called:    2
   599 ;; This function calls:
   600 ;;		Nothing
   601 ;; This function is called by:
   602 ;;		_keyCtr
   603 ;; This function uses a non-reentrant model
   604 ;;
   605                           
   606                           
   607                           ;psect for function _keyRead
   608  0175                     _keyRead:	
   609                           
   610                           ;incstack = 0
   611                           ; Regs used in _keyRead: [wreg+status,2+status,0]
   612                           ;keyRead@keyStatus stored from wreg
   613  0175  00A8               	movwf	keyRead@keyStatus
   614                           
   615                           ;main.c: 300: if(keyStatus)
   616  0176  0828               	movf	keyRead@keyStatus,w
   617  0177  1903               	btfsc	3,2
   618  0178  2981               	goto	l1562
   619  0179  3064               	movlw	100
   620                           
   621                           ;main.c: 301: {
   622                           ;main.c: 302: keyCount++;
   623  017A  0AF1               	incf	_keyCount,f
   624                           
   625                           ;main.c: 303: if(keyCount >= 100)
   626  017B  0271               	subwf	_keyCount,w
   627  017C  1C03               	skipc
   628  017D  3400               	retlw	0
   629                           
   630                           ;main.c: 304: {
   631                           ;main.c: 305: keyCount = 100;
   632  017E  3064               	movlw	100
   633  017F  00F1               	movwf	_keyCount
   634  0180  3400               	retlw	0
   635  0181                     l1562:	
   636                           
   637                           ;main.c: 309: else
   638                           ;main.c: 310: {
   639                           ;main.c: 311: if(keyCount >= 4)
   640  0181  3004               	movlw	4
   641  0182  0271               	subwf	_keyCount,w
   642                           
   643                           ;main.c: 312: {
   644                           ;main.c: 313: keyCount = 0;
   645  0183  01F1               	clrf	_keyCount
   646  0184  1803               	btfsc	3,0
   647                           
   648                           ;main.c: 314: return 1;
   649  0185  3401               	retlw	1
   650  0186  3400               	retlw	0
   651  0187                     __end_of_keyRead:	
   652                           ;main.c: 317: }
   653                           ;main.c: 318: return 0;
   654                           
   655                           ;main.c: 315: }
   656                           ;main.c: 316: keyCount = 0;
   657                           
   658                           
   659                           	psect	text4
   660  009F                     __ptext4:	
   661 ;; *************** function _Sleep_Mode *****************
   662 ;; Defined at:
   663 ;;		line 508 in file "C:\mcuproject\scm\zdt\E013_062B_SOP14\main.c"
   664 ;; Parameters:    Size  Location     Type
   665 ;;		None
   666 ;; Auto vars:     Size  Location     Type
   667 ;;		None
   668 ;; Return value:  Size  Location     Type
   669 ;;                  1    wreg      void 
   670 ;; Registers used:
   671 ;;		wreg, status,2, status,0, pclath, cstack
   672 ;; Tracked objects:
   673 ;;		On entry : 100/0
   674 ;;		On exit  : 100/100
   675 ;;		Unchanged: 0/0
   676 ;; Data sizes:     COMMON   BANK0   BANK1
   677 ;;      Params:         0       0       0
   678 ;;      Locals:         0       0       0
   679 ;;      Temps:          0       0       0
   680 ;;      Totals:         0       0       0
   681 ;;Total ram usage:        0 bytes
   682 ;; Hardware stack levels used:    1
   683 ;; Hardware stack levels required when called:    3
   684 ;; This function calls:
   685 ;;		_AD_Init
   686 ;;		_Init_System
   687 ;; This function is called by:
   688 ;;		_main
   689 ;; This function uses a non-reentrant model
   690 ;;
   691                           
   692                           
   693                           ;psect for function _Sleep_Mode
   694  009F                     _Sleep_Mode:	
   695                           
   696                           ;main.c: 510: INTCON = 0;
   697                           
   698                           ;incstack = 0
   699                           ; Regs used in _Sleep_Mode: [wreg+status,2+status,0+pclath+cstack]
   700  009F  018B               	clrf	11	;volatile
   701                           
   702                           ;main.c: 512: OPTION_REG = 0;
   703  00A0  0181               	clrf	1	;volatile
   704                           
   705                           ;main.c: 514: WPUA = 0B00000000;
   706  00A1  1683               	bsf	3,5	;RP0=1, select bank1
   707  00A2  0188               	clrf	8	;volatile
   708                           
   709                           ;main.c: 515: TRISA = 0x20;
   710  00A3  3020               	movlw	32
   711                           
   712                           ;main.c: 516: TRISB = 0x01;
   713                           
   714                           ;main.c: 518: PORTA = 0X00;
   715                           
   716                           ;main.c: 519: PORTB = 0X00;
   717  00A4  20D7               	fcall	PL2	;call to abstracted procedure
   718                           
   719                           ;main.c: 520: WPUB = 0x01;
   720  00A5  0088               	movwf	8	;volatile
   721                           
   722                           ;main.c: 522: ADCON0 = 0;
   723  00A6  1683               	bsf	3,5	;RP0=1, select bank1
   724  00A7  0195               	clrf	21	;volatile
   725                           
   726                           ;main.c: 523: ADCON1 = 0;
   727  00A8  0196               	clrf	22	;volatile
   728                           
   729                           ;main.c: 525: PWMCON0 = 0;
   730  00A9  1283               	bcf	3,5	;RP0=0, select bank0
   731  00AA  0195               	clrf	21	;volatile
   732                           
   733                           ;main.c: 527: OSCCON = 0X70;
   734  00AB  3070               	movlw	112
   735  00AC  0094               	movwf	20	;volatile
   736                           
   737                           ;main.c: 529: IOCA = 0x00;
   738  00AD  1683               	bsf	3,5	;RP0=1, select bank1
   739  00AE  0189               	clrf	9	;volatile
   740                           
   741                           ;main.c: 530: IOCB = 0x01;
   742  00AF  3001               	movlw	1
   743  00B0  1283               	bcf	3,5	;RP0=0, select bank0
   744  00B1  0089               	movwf	9	;volatile
   745                           
   746                           ;main.c: 532: RAIE = 1;
   747  00B2  158E               	bsf	14,3	;volatile
   748                           
   749                           ;main.c: 533: PEIE = 1;
   750  00B3  170B               	bsf	11,6	;volatile
   751                           
   752                           ;main.c: 534: RBIE = 1;
   753  00B4  158B               	bsf	11,3	;volatile
   754                           
   755                           ;main.c: 535: GIE = 0;
   756  00B5  138B               	bcf	11,7	;volatile
   757                           
   758                           ;main.c: 537: PIE1 &= 0X08;
   759  00B6  3008               	movlw	8
   760  00B7  058E               	andwf	14,f	;volatile
   761                           
   762                           ;main.c: 538: PIR1 = 0;
   763  00B8  018D               	clrf	13	;volatile
   764                           
   765                           ;main.c: 539: INTCON &= 0XC8;
   766  00B9  30C8               	movlw	200
   767  00BA  058B               	andwf	11,f	;volatile
   768                           
   769                           ;main.c: 541: PORTA;
   770  00BB  1683               	bsf	3,5	;RP0=1, select bank1
   771  00BC  0806               	movf	6,w	;volatile
   772                           
   773                           ;main.c: 542: RAIF = 0;
   774  00BD  1283               	bcf	3,5	;RP0=0, select bank0
   775  00BE  118D               	bcf	13,3	;volatile
   776                           
   777                           ;main.c: 543: PORTB;
   778  00BF  0806               	movf	6,w	;volatile
   779                           
   780                           ;main.c: 544: RBIF = 0;
   781  00C0  100B               	bcf	11,0	;volatile
   782  00C1  0064               	clrwdt	;# 
   783  00C2  0063               	sleep	;# 
   784  00C3  0000               	nop	;# 
   785  00C4  0064               	clrwdt	;# 
   786  00C5  0000               	nop	;# 
   787  00C6  0000               	nop	;# 
   788  00C7  0000               	nop	;# 
   789  00C8  0000               	nop	;# 
   790  00C9  0000               	nop	;# 
   791                           
   792                           ;main.c: 556: if(RAIF) RAIF = 0;
   793  00CA  1283               	bcf	3,5	;RP0=0, select bank0
   794  00CB  198D               	btfsc	13,3	;volatile
   795  00CC  118D               	bcf	13,3	;volatile
   796                           
   797                           ;main.c: 557: if(RBIF) RBIF = 0;
   798  00CD  180B               	btfsc	11,0	;volatile
   799  00CE  100B               	bcf	11,0	;volatile
   800                           
   801                           ;main.c: 558: if(TMR2IF) TMR2IF = 0;
   802  00CF  188D               	btfsc	13,1	;volatile
   803  00D0  108D               	bcf	13,1	;volatile
   804                           
   805                           ;main.c: 559: IOCA = 0B00000000;
   806  00D1  1683               	bsf	3,5	;RP0=1, select bank1
   807  00D2  0189               	clrf	9	;volatile
   808                           
   809                           ;main.c: 560: IOCB = 0B00000000;
   810  00D3  1283               	bcf	3,5	;RP0=0, select bank0
   811  00D4  0189               	clrf	9	;volatile
   812                           
   813                           ;main.c: 561: Init_System();
   814  00D5  2147               	fcall	_Init_System
   815                           
   816                           ;main.c: 562: AD_Init();
   817  00D6  29AB               	ljmp	l1548
   818  00D7                     __end_of_Sleep_Mode:	
   819  00D7                     PL2:	
   820  00D7  0085               	movwf	5	;volatile
   821  00D8  3001               	movlw	1
   822  00D9  1283               	bcf	3,5	;RP0=0, select bank0
   823  00DA  0085               	movwf	5	;volatile
   824  00DB  1683               	bsf	3,5	;RP0=1, select bank1
   825  00DC  0186               	clrf	6	;volatile
   826  00DD  1283               	bcf	3,5	;RP0=0, select bank0
   827  00DE  0186               	clrf	6	;volatile
   828  00DF  0008               	return
   829  00E0                     __end_ofPL2:	
   830                           
   831                           	psect	text5
   832  0147                     __ptext5:	
   833 ;; *************** function _Init_System *****************
   834 ;; Defined at:
   835 ;;		line 408 in file "C:\mcuproject\scm\zdt\E013_062B_SOP14\main.c"
   836 ;; Parameters:    Size  Location     Type
   837 ;;		None
   838 ;; Auto vars:     Size  Location     Type
   839 ;;		None
   840 ;; Return value:  Size  Location     Type
   841 ;;                  1    wreg      void 
   842 ;; Registers used:
   843 ;;		wreg, status,2
   844 ;; Tracked objects:
   845 ;;		On entry : 100/0
   846 ;;		On exit  : 100/0
   847 ;;		Unchanged: 0/0
   848 ;; Data sizes:     COMMON   BANK0   BANK1
   849 ;;      Params:         0       0       0
   850 ;;      Locals:         0       0       0
   851 ;;      Temps:          0       0       0
   852 ;;      Totals:         0       0       0
   853 ;;Total ram usage:        0 bytes
   854 ;; Hardware stack levels used:    1
   855 ;; Hardware stack levels required when called:    2
   856 ;; This function calls:
   857 ;;		Nothing
   858 ;; This function is called by:
   859 ;;		_main
   860 ;;		_Sleep_Mode
   861 ;; This function uses a non-reentrant model
   862 ;;
   863                           
   864                           
   865                           ;psect for function _Init_System
   866  0147                     _Init_System:	
   867                           
   868                           ;incstack = 0
   869                           ; Regs used in _Init_System: [wreg+status,2]
   870  0147  0000               	nop	;# 
   871  0148  0064               	clrwdt	;# 
   872                           
   873                           ;main.c: 412: OPTION_REG = 0;
   874  0149  1283               	bcf	3,5	;RP0=0, select bank0
   875  014A  0181               	clrf	1	;volatile
   876  014B  0064               	clrwdt	;# 
   877                           
   878                           ;main.c: 414: OSCCON = 0X72;
   879  014C  3072               	movlw	114
   880  014D  1283               	bcf	3,5	;RP0=0, select bank0
   881  014E  0094               	movwf	20	;volatile
   882                           
   883                           ;main.c: 416: WPUA = 0B00000000;
   884  014F  1683               	bsf	3,5	;RP0=1, select bank1
   885  0150  0188               	clrf	8	;volatile
   886                           
   887                           ;main.c: 417: WPDA = 0x00;
   888  0151  0187               	clrf	7	;volatile
   889                           
   890                           ;main.c: 418: WPUB = 0x01;
   891  0152  3001               	movlw	1
   892  0153  1283               	bcf	3,5	;RP0=0, select bank0
   893  0154  0088               	movwf	8	;volatile
   894                           
   895                           ;main.c: 420: TRISA = 0x20;
   896  0155  3020               	movlw	32
   897  0156  1683               	bsf	3,5	;RP0=1, select bank1
   898                           
   899                           ;main.c: 421: TRISB = 0x01;
   900                           
   901                           ;main.c: 423: PORTA = 0X00;
   902                           
   903                           ;main.c: 424: PORTB = 0X00;
   904  0157  20D7               	fcall	PL2	;call to abstracted procedure
   905                           
   906                           ;main.c: 428: PR2 = 249;
   907  0158  30F9               	movlw	249
   908  0159  0091               	movwf	17	;volatile
   909                           
   910                           ;main.c: 429: TMR2IF = 0;
   911  015A  108D               	bcf	13,1	;volatile
   912                           
   913                           ;main.c: 430: TMR2IE = 1;
   914  015B  148E               	bsf	14,1	;volatile
   915                           
   916                           ;main.c: 432: T2CON = 0B00000100;
   917  015C  3004               	movlw	4
   918  015D  0093               	movwf	19	;volatile
   919                           
   920                           ;main.c: 433: INTCON = 0XC0;
   921  015E  30C0               	movlw	192
   922  015F  008B               	movwf	11	;volatile
   923  0160  0008               	return
   924  0161                     __end_of_Init_System:	
   925                           
   926                           	psect	text6
   927  01AB                     __ptext6:	
   928 ;; *************** function _AD_Init *****************
   929 ;; Defined at:
   930 ;;		line 445 in file "C:\mcuproject\scm\zdt\E013_062B_SOP14\main.c"
   931 ;; Parameters:    Size  Location     Type
   932 ;;		None
   933 ;; Auto vars:     Size  Location     Type
   934 ;;		None
   935 ;; Return value:  Size  Location     Type
   936 ;;                  1    wreg      void 
   937 ;; Registers used:
   938 ;;		wreg, status,2
   939 ;; Tracked objects:
   940 ;;		On entry : 100/0
   941 ;;		On exit  : 100/100
   942 ;;		Unchanged: 0/0
   943 ;; Data sizes:     COMMON   BANK0   BANK1
   944 ;;      Params:         0       0       0
   945 ;;      Locals:         0       0       0
   946 ;;      Temps:          0       0       0
   947 ;;      Totals:         0       0       0
   948 ;;Total ram usage:        0 bytes
   949 ;; Hardware stack levels used:    1
   950 ;; Hardware stack levels required when called:    2
   951 ;; This function calls:
   952 ;;		Nothing
   953 ;; This function is called by:
   954 ;;		_main
   955 ;;		_Sleep_Mode
   956 ;; This function uses a non-reentrant model
   957 ;;
   958                           
   959                           
   960                           ;psect for function _AD_Init
   961  01AB                     _AD_Init:	
   962  01AB                     l1548:	
   963                           ;incstack = 0
   964                           ; Regs used in _AD_Init: [wreg+status,2]
   965                           
   966                           
   967                           ;main.c: 478: ADCON0 = 0X41;
   968  01AB  3041               	movlw	65
   969  01AC  1683               	bsf	3,5	;RP0=1, select bank1
   970  01AD  0095               	movwf	21	;volatile
   971                           
   972                           ;main.c: 495: ADCON1 = 0;
   973  01AE  0196               	clrf	22	;volatile
   974                           
   975                           ;main.c: 496: ANSEL0 = 0X20;
   976  01AF  3020               	movlw	32
   977  01B0  0093               	movwf	19	;volatile
   978                           
   979                           ;main.c: 497: ANSEL1 = 0x00;
   980  01B1  0194               	clrf	20	;volatile
   981  01B2  0008               	return
   982  01B3                     __end_of_AD_Init:	
   983                           
   984                           	psect	text7
   985  012C                     __ptext7:	
   986 ;; *************** function _Isr_Timer *****************
   987 ;; Defined at:
   988 ;;		line 84 in file "C:\mcuproject\scm\zdt\E013_062B_SOP14\main.c"
   989 ;; Parameters:    Size  Location     Type
   990 ;;		None
   991 ;; Auto vars:     Size  Location     Type
   992 ;;		None
   993 ;; Return value:  Size  Location     Type
   994 ;;                  1    wreg      void 
   995 ;; Registers used:
   996 ;;		wreg, fsr0l, fsr0h, status,2, status,0, pclath, cstack
   997 ;; Tracked objects:
   998 ;;		On entry : 0/0
   999 ;;		On exit  : 0/0
  1000 ;;		Unchanged: 0/0
  1001 ;; Data sizes:     COMMON   BANK0   BANK1
  1002 ;;      Params:         0       0       0
  1003 ;;      Locals:         0       0       0
  1004 ;;      Temps:          3       0       0
  1005 ;;      Totals:         3       0       0
  1006 ;;Total ram usage:        3 bytes
  1007 ;; Hardware stack levels used:    1
  1008 ;; Hardware stack levels required when called:    1
  1009 ;; This function calls:
  1010 ;;		_ledShow
  1011 ;; This function is called by:
  1012 ;;		Interrupt level 1
  1013 ;; This function uses a non-reentrant model
  1014 ;;
  1015                           
  1016                           
  1017                           ;psect for function _Isr_Timer
  1018  012C                     _Isr_Timer:	
  1019                           
  1020                           ;main.c: 86: if(TMR2IF)
  1021  012C  1283               	bcf	3,5	;RP0=0, select bank0
  1022  012D  1C8D               	btfss	13,1	;volatile
  1023  012E  293E               	goto	i1l586
  1024                           
  1025                           ;main.c: 87: {
  1026                           ;main.c: 88: TMR2IF = 0;
  1027  012F  108D               	bcf	13,1	;volatile
  1028                           
  1029                           ;main.c: 89: if(++intCount >= 160)
  1030  0130  30A0               	movlw	160
  1031  0131  0AF6               	incf	_intCount,f
  1032  0132  0276               	subwf	_intCount,w
  1033  0133  1C03               	skipc
  1034  0134  293D               	goto	i1l1274
  1035  0135  3064               	movlw	100
  1036                           
  1037                           ;main.c: 90: {
  1038                           ;main.c: 91: intCount = 0;
  1039  0136  01F6               	clrf	_intCount
  1040                           
  1041                           ;main.c: 92: IntFlag = 1;
  1042  0137  01F4               	clrf	_IntFlag
  1043  0138  0AF4               	incf	_IntFlag,f
  1044                           
  1045                           ;main.c: 93: if(++count1s >= 100)
  1046  0139  0AF5               	incf	_count1s,f
  1047  013A  0275               	subwf	_count1s,w
  1048  013B  1803               	btfsc	3,0
  1049                           
  1050                           ;main.c: 94: {
  1051                           ;main.c: 95: count1s = 0;
  1052  013C  01F5               	clrf	_count1s
  1053  013D                     i1l1274:	
  1054                           
  1055                           ;main.c: 99: intCount10++;
  1056  013D  2018               	fcall	_ledShow
  1057  013E                     i1l586:	
  1058  013E  0879               	movf	??_Isr_Timer+2,w
  1059  013F  008A               	movwf	10
  1060  0140  0878               	movf	??_Isr_Timer+1,w
  1061  0141  0084               	movwf	4
  1062  0142  0E77               	swapf	??_Isr_Timer^(0+-128),w
  1063  0143  0083               	movwf	3
  1064  0144  0EFE               	swapf	126,f
  1065  0145  0E7E               	swapf	126,w
  1066  0146  0009               	retfie
  1067  0147                     __end_of_Isr_Timer:	
  1068                           
  1069                           	psect	intentry
  1070  0004                     __pintentry:	
  1071                           ;incstack = 0
  1072                           ; Regs used in _Isr_Timer: [wreg-fsr0h+status,2+status,0+pclath+cstack]
  1073                           
  1074  0004                     interrupt_function:	
  1075  007E                     saved_w	set	btemp
  1076  0004  00FE               	movwf	btemp
  1077  0005  0E03               	swapf	3,w
  1078  0006  00F7               	movwf	??_Isr_Timer
  1079  0007  0804               	movf	4,w
  1080  0008  00F8               	movwf	??_Isr_Timer+1
  1081  0009  080A               	movf	10,w
  1082  000A  00F9               	movwf	??_Isr_Timer+2
  1083  000B  292C               	ljmp	_Isr_Timer
  1084                           
  1085                           	psect	text8
  1086  0018                     __ptext8:	
  1087 ;; *************** function _ledShow *****************
  1088 ;; Defined at:
  1089 ;;		line 137 in file "C:\mcuproject\scm\zdt\E013_062B_SOP14\main.c"
  1090 ;; Parameters:    Size  Location     Type
  1091 ;;		None
  1092 ;; Auto vars:     Size  Location     Type
  1093 ;;		None
  1094 ;; Return value:  Size  Location     Type
  1095 ;;                  1    wreg      void 
  1096 ;; Registers used:
  1097 ;;		wreg, fsr0l, fsr0h, status,2, status,0
  1098 ;; Tracked objects:
  1099 ;;		On entry : 100/0
  1100 ;;		On exit  : 0/0
  1101 ;;		Unchanged: 0/0
  1102 ;; Data sizes:     COMMON   BANK0   BANK1
  1103 ;;      Params:         0       0       0
  1104 ;;      Locals:         0       0       0
  1105 ;;      Temps:          0       0       0
  1106 ;;      Totals:         0       0       0
  1107 ;;Total ram usage:        0 bytes
  1108 ;; Hardware stack levels used:    1
  1109 ;; This function calls:
  1110 ;;		Nothing
  1111 ;; This function is called by:
  1112 ;;		_Isr_Timer
  1113 ;; This function uses a non-reentrant model
  1114 ;;
  1115                           
  1116                           
  1117                           ;psect for function _ledShow
  1118  0018                     _ledShow:	
  1119                           
  1120                           ;main.c: 139: if(++ledCntTime > 5)
  1121                           
  1122                           ;incstack = 0
  1123                           ; Regs used in _ledShow: [wreg-fsr0h+status,2+status,0]
  1124  0018  3006               	movlw	6
  1125  0019  0AF0               	incf	_ledCntTime,f
  1126  001A  0270               	subwf	_ledCntTime,w
  1127  001B  1C03               	skipc
  1128  001C  0008               	return
  1129  001D  300F               	movlw	15
  1130                           
  1131                           ;main.c: 140: {
  1132                           ;main.c: 141: ledCntTime = 0;
  1133  001E  01F0               	clrf	_ledCntTime
  1134                           
  1135                           ;main.c: 142: if(++ledCnt > 14)
  1136  001F  0AF2               	incf	_ledCnt,f
  1137  0020  0272               	subwf	_ledCnt,w
  1138  0021  1803               	btfsc	3,0
  1139                           
  1140                           ;main.c: 143: {
  1141                           ;main.c: 144: ledCnt = 0;
  1142  0022  01F2               	clrf	_ledCnt
  1143                           
  1144                           ;main.c: 145: }
  1145                           ;main.c: 146: PORTA &= 0xE0;
  1146  0023  30E0               	movlw	224
  1147  0024  1683               	bsf	3,5	;RP0=1, select bank1
  1148  0025  0586               	andwf	6,f	;volatile
  1149                           
  1150                           ;main.c: 147: TRISA |= 0x1F;
  1151  0026  301F               	movlw	31
  1152  0027  0485               	iorwf	5,f	;volatile
  1153                           
  1154                           ;main.c: 148: switch(ledCnt)
  1155  0028  2893               	goto	i1l1176
  1156  0029                     i1l604:	
  1157                           ;main.c: 149: {
  1158                           ;main.c: 150: case 1:
  1159                           
  1160                           
  1161                           ;main.c: 151: if(shiweiNum & 0x01)
  1162  0029  1C7B               	btfss	_shiweiNum,0
  1163  002A  0008               	return
  1164                           
  1165                           ;main.c: 152: {
  1166                           ;main.c: 153: TRISA &= 0xFB;
  1167  002B  1105               	bcf	5,2	;volatile
  1168                           
  1169                           ;main.c: 154: TRISA &= 0xF7;
  1170  002C  1185               	bcf	5,3	;volatile
  1171                           
  1172                           ;main.c: 155: RA3 = 1;
  1173  002D  1586               	bsf	6,3	;volatile
  1174                           
  1175                           ;main.c: 156: RA2 = 0;
  1176  002E  1106               	bcf	6,2	;volatile
  1177  002F  0008               	return
  1178  0030                     i1l607:	
  1179                           ;main.c: 159: case 2:
  1180                           
  1181                           
  1182                           ;main.c: 160: if(shiweiNum & 0x02)
  1183  0030  1CFB               	btfss	_shiweiNum,1
  1184  0031  0008               	return
  1185                           
  1186                           ;main.c: 161: {
  1187                           ;main.c: 162: TRISA &= 0xFB;
  1188  0032  1105               	bcf	5,2	;volatile
  1189                           
  1190                           ;main.c: 163: TRISA &= 0xF7;
  1191  0033  1185               	bcf	5,3	;volatile
  1192                           
  1193                           ;main.c: 164: RA2 = 1;
  1194  0034  1506               	bsf	6,2	;volatile
  1195                           
  1196                           ;main.c: 165: RA3 = 0;
  1197  0035  1186               	bcf	6,3	;volatile
  1198  0036  0008               	return
  1199  0037                     i1l609:	
  1200                           ;main.c: 168: case 3:
  1201                           
  1202                           
  1203                           ;main.c: 169: if(shiweiNum & 0x04)
  1204  0037  1D7B               	btfss	_shiweiNum,2
  1205  0038  0008               	return
  1206                           
  1207                           ;main.c: 170: {
  1208                           ;main.c: 171: TRISA &= 0xFB;
  1209  0039  1105               	bcf	5,2	;volatile
  1210                           
  1211                           ;main.c: 172: TRISA &= 0xFD;
  1212  003A  1085               	bcf	5,1	;volatile
  1213                           
  1214                           ;main.c: 173: RA1 = 1;
  1215  003B  1486               	bsf	6,1	;volatile
  1216                           
  1217                           ;main.c: 174: RA2 = 0;
  1218  003C  1106               	bcf	6,2	;volatile
  1219  003D  0008               	return
  1220  003E                     i1l611:	
  1221                           ;main.c: 177: case 4:
  1222                           
  1223                           
  1224                           ;main.c: 178: if(shiweiNum & 0x08)
  1225  003E  1DFB               	btfss	_shiweiNum,3
  1226  003F  0008               	return
  1227                           
  1228                           ;main.c: 179: {
  1229                           ;main.c: 180: TRISA &= 0xF7;
  1230  0040  1185               	bcf	5,3	;volatile
  1231                           
  1232                           ;main.c: 181: TRISA &= 0xFD;
  1233  0041  1085               	bcf	5,1	;volatile
  1234                           
  1235                           ;main.c: 182: RA1 = 1;
  1236  0042  1486               	bsf	6,1	;volatile
  1237                           
  1238                           ;main.c: 183: RA3 = 0;
  1239  0043  1186               	bcf	6,3	;volatile
  1240  0044  0008               	return
  1241  0045                     i1l613:	
  1242                           ;main.c: 186: case 5:
  1243                           
  1244                           
  1245                           ;main.c: 187: if(shiweiNum & 0x10)
  1246  0045  1E7B               	btfss	_shiweiNum,4
  1247  0046  0008               	return
  1248                           
  1249                           ;main.c: 188: {
  1250                           ;main.c: 189: TRISA &= 0xF7;
  1251  0047  1185               	bcf	5,3	;volatile
  1252                           
  1253                           ;main.c: 190: TRISA &= 0xFE;
  1254  0048  1005               	bcf	5,0	;volatile
  1255                           
  1256                           ;main.c: 191: RA0 = 1;
  1257  0049  1406               	bsf	6,0	;volatile
  1258                           
  1259                           ;main.c: 192: RA3 = 0;
  1260  004A  1186               	bcf	6,3	;volatile
  1261  004B  0008               	return
  1262  004C                     i1l615:	
  1263                           ;main.c: 195: case 6:
  1264                           
  1265                           
  1266                           ;main.c: 196: if(shiweiNum & 0x20)
  1267  004C  1EFB               	btfss	_shiweiNum,5
  1268  004D  0008               	return
  1269                           
  1270                           ;main.c: 197: {
  1271                           ;main.c: 198: TRISA &= 0xFB;
  1272  004E  1105               	bcf	5,2	;volatile
  1273                           
  1274                           ;main.c: 199: TRISA &= 0xFE;
  1275  004F  1005               	bcf	5,0	;volatile
  1276                           
  1277                           ;main.c: 200: RA0 = 1;
  1278  0050  1406               	bsf	6,0	;volatile
  1279                           
  1280                           ;main.c: 201: RA2 = 0;
  1281  0051  1106               	bcf	6,2	;volatile
  1282  0052  0008               	return
  1283  0053                     i1l617:	
  1284                           ;main.c: 204: case 7:
  1285                           
  1286                           
  1287                           ;main.c: 205: if(shiweiNum & 0x40)
  1288  0053  1F7B               	btfss	_shiweiNum,6
  1289  0054  0008               	return
  1290                           
  1291                           ;main.c: 206: {
  1292                           ;main.c: 207: TRISA &= 0xFD;
  1293  0055  1085               	bcf	5,1	;volatile
  1294                           
  1295                           ;main.c: 208: TRISA &= 0xFE;
  1296  0056  1005               	bcf	5,0	;volatile
  1297                           
  1298                           ;main.c: 209: RA0 = 1;
  1299  0057  1406               	bsf	6,0	;volatile
  1300                           
  1301                           ;main.c: 210: RA1 = 0;
  1302  0058  1086               	bcf	6,1	;volatile
  1303  0059  0008               	return
  1304  005A                     i1l619:	
  1305                           ;main.c: 213: case 8:
  1306                           
  1307                           
  1308                           ;main.c: 214: if(geweiNum & 0x01)
  1309  005A  1C7A               	btfss	_geweiNum,0
  1310  005B  0008               	return
  1311                           
  1312                           ;main.c: 215: {
  1313                           ;main.c: 216: TRISA &= 0xEF;
  1314  005C  1205               	bcf	5,4	;volatile
  1315                           
  1316                           ;main.c: 217: TRISA &= 0xF7;
  1317  005D  1185               	bcf	5,3	;volatile
  1318                           
  1319                           ;main.c: 218: RA4 = 1;
  1320  005E  1606               	bsf	6,4	;volatile
  1321                           
  1322                           ;main.c: 219: RA3 = 0;
  1323  005F  1186               	bcf	6,3	;volatile
  1324  0060  0008               	return
  1325  0061                     i1l621:	
  1326                           ;main.c: 222: case 9:
  1327                           
  1328                           
  1329                           ;main.c: 223: if(geweiNum & 0x02)
  1330  0061  1CFA               	btfss	_geweiNum,1
  1331  0062  0008               	return
  1332                           
  1333                           ;main.c: 224: {
  1334                           ;main.c: 225: TRISA &= 0xEF;
  1335  0063  1205               	bcf	5,4	;volatile
  1336                           
  1337                           ;main.c: 226: TRISA &= 0xF7;
  1338  0064  1185               	bcf	5,3	;volatile
  1339                           
  1340                           ;main.c: 227: RA3 = 1;
  1341  0065  1586               	bsf	6,3	;volatile
  1342                           
  1343                           ;main.c: 228: RA4 = 0;
  1344  0066  1206               	bcf	6,4	;volatile
  1345  0067  0008               	return
  1346  0068                     i1l623:	
  1347                           ;main.c: 231: case 10:
  1348                           
  1349                           
  1350                           ;main.c: 232: if(geweiNum & 0x04)
  1351  0068  1D7A               	btfss	_geweiNum,2
  1352  0069  0008               	return
  1353                           
  1354                           ;main.c: 233: {
  1355                           ;main.c: 234: TRISA &= 0xEF;
  1356  006A  1205               	bcf	5,4	;volatile
  1357                           
  1358                           ;main.c: 235: TRISA &= 0xFB;
  1359  006B  1105               	bcf	5,2	;volatile
  1360                           
  1361                           ;main.c: 236: RA4 = 1;
  1362  006C  1606               	bsf	6,4	;volatile
  1363                           
  1364                           ;main.c: 237: RA2 = 0;
  1365  006D  1106               	bcf	6,2	;volatile
  1366  006E  0008               	return
  1367  006F                     i1l625:	
  1368                           ;main.c: 240: case 11:
  1369                           
  1370                           
  1371                           ;main.c: 241: if(geweiNum & 0x08)
  1372  006F  1DFA               	btfss	_geweiNum,3
  1373  0070  0008               	return
  1374                           
  1375                           ;main.c: 242: {
  1376                           ;main.c: 243: TRISA &= 0xEF;
  1377  0071  1205               	bcf	5,4	;volatile
  1378                           
  1379                           ;main.c: 244: TRISA &= 0xFB;
  1380  0072  1105               	bcf	5,2	;volatile
  1381                           
  1382                           ;main.c: 245: RA2 = 1;
  1383  0073  1506               	bsf	6,2	;volatile
  1384                           
  1385                           ;main.c: 246: RA4 = 0;
  1386  0074  1206               	bcf	6,4	;volatile
  1387  0075  0008               	return
  1388  0076                     i1l627:	
  1389                           ;main.c: 249: case 12:
  1390                           
  1391                           
  1392                           ;main.c: 250: if(geweiNum & 0x10)
  1393  0076  1E7A               	btfss	_geweiNum,4
  1394  0077  0008               	return
  1395                           
  1396                           ;main.c: 251: {
  1397                           ;main.c: 252: TRISA &= 0xEF;
  1398  0078  1205               	bcf	5,4	;volatile
  1399                           
  1400                           ;main.c: 253: TRISA &= 0xFD;
  1401  0079  1085               	bcf	5,1	;volatile
  1402                           
  1403                           ;main.c: 254: RA4 = 1;
  1404  007A  1606               	bsf	6,4	;volatile
  1405                           
  1406                           ;main.c: 255: RA1 = 0;
  1407  007B  1086               	bcf	6,1	;volatile
  1408  007C  0008               	return
  1409  007D                     i1l629:	
  1410                           ;main.c: 258: case 13:
  1411                           
  1412                           
  1413                           ;main.c: 259: if(geweiNum & 0x20)
  1414  007D  1EFA               	btfss	_geweiNum,5
  1415  007E  0008               	return
  1416                           
  1417                           ;main.c: 260: {
  1418                           ;main.c: 261: TRISA &= 0xEF;
  1419  007F  1205               	bcf	5,4	;volatile
  1420                           
  1421                           ;main.c: 262: TRISA &= 0xFD;
  1422  0080  1085               	bcf	5,1	;volatile
  1423                           
  1424                           ;main.c: 263: RA1 = 1;
  1425  0081  1486               	bsf	6,1	;volatile
  1426                           
  1427                           ;main.c: 264: RA4 = 0;
  1428  0082  1206               	bcf	6,4	;volatile
  1429  0083  0008               	return
  1430  0084                     i1l631:	
  1431                           ;main.c: 267: case 14:
  1432                           
  1433                           
  1434                           ;main.c: 268: if(geweiNum & 0x40)
  1435  0084  1F7A               	btfss	_geweiNum,6
  1436  0085  0008               	return
  1437                           
  1438                           ;main.c: 269: {
  1439                           ;main.c: 270: TRISA &= 0xEF;
  1440  0086  1205               	bcf	5,4	;volatile
  1441                           
  1442                           ;main.c: 271: TRISA &= 0xFE;
  1443  0087  1005               	bcf	5,0	;volatile
  1444                           
  1445                           ;main.c: 272: RA0 = 1;
  1446  0088  1406               	bsf	6,0	;volatile
  1447                           
  1448                           ;main.c: 273: RA4 = 0;
  1449  0089  1206               	bcf	6,4	;volatile
  1450  008A  0008               	return
  1451  008B                     i1l1170:	
  1452                           
  1453                           ;main.c: 277: if(workStep > 0)
  1454  008B  0873               	movf	_workStep,w
  1455  008C  1903               	btfsc	3,2
  1456  008D  0008               	return
  1457                           
  1458                           ;main.c: 278: {
  1459                           ;main.c: 279: TRISA &= 0xFB;
  1460  008E  1105               	bcf	5,2	;volatile
  1461                           
  1462                           ;main.c: 280: TRISA &= 0xFE;
  1463  008F  1005               	bcf	5,0	;volatile
  1464                           
  1465                           ;main.c: 281: RA2 = 1;
  1466  0090  1506               	bsf	6,2	;volatile
  1467                           
  1468                           ;main.c: 282: RA0 = 0;
  1469  0091  1006               	bcf	6,0	;volatile
  1470  0092  0008               	return
  1471  0093                     i1l1176:	
  1472  0093  0872               	movf	_ledCnt,w
  1473                           
  1474                           ; Switch size 1, requested type "space"
  1475                           ; Number of cases is 15, Range of values is 0 to 14
  1476                           ; switch strategies available:
  1477                           ; Name         Instructions Cycles
  1478                           ; direct_byte           21     6 (fixed)
  1479                           ; simple_byte           46    24 (average)
  1480                           ; jumptable            260     6 (fixed)
  1481                           ;	Chosen strategy is direct_byte
  1482  0094  0084               	movwf	4
  1483  0095  300F               	movlw	15
  1484  0096  0204               	subwf	4,w
  1485  0097  1803               	skipnc
  1486  0098  0008               	return
  1487  0099  3001               	movlw	high i1S1710
  1488  009A  008A               	movwf	10
  1489  009B  3087               	movlw	low i1S1710
  1490  009C  0704               	addwf	4,w
  1491  009D  0082               	movwf	2
  1492  009E  0008               	return
  1493  009F                     __end_of_ledShow:	
  1494  007E                     btemp	set	126	;btemp
  1495  007E                     wtemp0	set	126
  1496                           
  1497                           	psect	swtext1
  1498  0187                     __pswtext1:	
  1499  0187                     i1S1710:	
  1500  0187  288B               	ljmp	i1l1170
  1501  0188  2829               	ljmp	i1l604
  1502  0189  2830               	ljmp	i1l607
  1503  018A  2837               	ljmp	i1l609
  1504  018B  283E               	ljmp	i1l611
  1505  018C  2845               	ljmp	i1l613
  1506  018D  284C               	ljmp	i1l615
  1507  018E  2853               	ljmp	i1l617
  1508  018F  285A               	ljmp	i1l619
  1509  0190  2861               	ljmp	i1l621
  1510  0191  2868               	ljmp	i1l623
  1511  0192  286F               	ljmp	i1l625
  1512  0193  2876               	ljmp	i1l627
  1513  0194  287D               	ljmp	i1l629
  1514  0195  2884               	ljmp	i1l631


Data Sizes:
    Strings     0
    Constant    14
    Data        0
    BSS         15
    Persistent  2
    Stack       0

Auto Spaces:
    Space          Size  Autos    Used
    COMMON           14      3      12
    BANK0            80      2      10
    BANK1            80      0       0

Pointer List with Targets:

    None.

Critical Paths under _main in COMMON

    None.

Critical Paths under _Isr_Timer in COMMON

    None.

Critical Paths under _main in BANK0

    _main->_keyCtr
    _keyCtr->_keyRead

Critical Paths under _Isr_Timer in BANK0

    None.

Critical Paths under _main in BANK1

    None.

Critical Paths under _Isr_Timer in BANK1

    None.

Call Graph Tables:

 ---------------------------------------------------------------------------------
 (Depth) Function   	        Calls       Base Space   Used Autos Params    Refs
 ---------------------------------------------------------------------------------
 (0) _main                                                 0     0      0      65
                            _AD_Init
                        _Init_System
                         _Sleep_Mode
                             _keyCtr
                            _workCtr
 ---------------------------------------------------------------------------------
 (1) _workCtr                                              0     0      0       0
 ---------------------------------------------------------------------------------
 (1) _keyCtr                                               1     1      0      65
                                              1 BANK0      1     1      0
                            _keyRead
 ---------------------------------------------------------------------------------
 (2) _keyRead                                              1     1      0      31
                                              0 BANK0      1     1      0
 ---------------------------------------------------------------------------------
 (1) _Sleep_Mode                                           0     0      0       0
                            _AD_Init
                        _Init_System
 ---------------------------------------------------------------------------------
 (2) _Init_System                                          0     0      0       0
 ---------------------------------------------------------------------------------
 (2) _AD_Init                                              0     0      0       0
 ---------------------------------------------------------------------------------
 Estimated maximum stack depth 2
 ---------------------------------------------------------------------------------
 (Depth) Function   	        Calls       Base Space   Used Autos Params    Refs
 ---------------------------------------------------------------------------------
 (3) _Isr_Timer                                            3     3      0       0
                                              0 COMMON     3     3      0
                            _ledShow
 ---------------------------------------------------------------------------------
 (4) _ledShow                                              0     0      0       0
 ---------------------------------------------------------------------------------
 Estimated maximum stack depth 4
 ---------------------------------------------------------------------------------

 Call Graph Graphs:

 _main (ROOT)
   _AD_Init
   _Init_System
   _Sleep_Mode
     _AD_Init
     _Init_System
   _keyCtr
     _keyRead
   _workCtr

 _Isr_Timer (ROOT)
   _ledShow

 Address spaces:
Name               Size   Autos  Total    Cost      Usage
BITCOMMON            E      0       0       0        0.0%
NULL                 0      0       0       0        0.0%
CODE                 0      0       0       0        0.0%
COMMON               E      3       C       1       85.7%
BITSFR0              0      0       0       1        0.0%
SFR0                 0      0       0       1        0.0%
BITSFR1              0      0       0       2        0.0%
SFR1                 0      0       0       2        0.0%
STACK                0      0       0       2        0.0%
BITBANK0            50      0       0       3        0.0%
BANK0               50      2       A       4       12.5%
BITBANK1            50      0       0       5        0.0%
BANK1               50      0       0       6        0.0%
ABS                  0      0      16       7        0.0%
DATA                 0      0      16       8        0.0%


Microchip Technology PIC Macro Assembler V1.45 build -152302408 
Symbol Table                                                                                   Sat Nov 22 17:21:38 2025

                      pc 0002                       PL2 00D7                       fsr 0004  
                    l651 0108                      l591 0120                      _GIE 005F  
                    _RA0 0430                      _RA1 0431                      _RA2 0432  
                    _RA3 0433                      _RA4 0434                      _RB4 0034  
                    _PR2 0011                      fsr0 0004                      indf 0000  
        __end_of_AD_Init 01B3                     l1562 0181                     l1548 01AB  
                   l1590 00EE                     l1594 00FB                     l1668 0114  
                   l1678 012A                     _IOCA 0089                     _IOCB 0009  
                   _PIE1 000E                     _PEIE 005E                     _RAIE 0073  
                   _RAIF 006B                     _RBIE 005B                     _RBIF 0058  
                   _PIR1 000D                     _WPDA 0087                     _WPUA 0088  
                   _WPUB 0008                     _main 010C                     btemp 007E  
                   start 000C            ??_Init_System 0028                    ?_main 0077  
                  _T2CON 0013                    i1l611 003E                    i1l604 0029  
                  i1l621 0061                    i1l613 0045                    i1l631 0084  
                  i1l623 0068                    i1l615 004C                    i1l607 0030  
                  i1l625 006F                    i1l617 0053                    i1l609 0037  
                  i1l627 0076                    i1l619 005A                    i1l629 007D  
                  i1l586 013E                    _PORTA 0086                    _PORTB 0006  
                  _TRISA 0085                    _TRISB 0005          __end_of_ledShow 009F  
        __end_of_keyRead 0187                    pclath 000A                    status 0003  
                  wtemp0 007E          __end_of_workCtr 010C          __initialization 000D  
           __end_of_main 012C                   ??_main 002A                ??_AD_Init 0028  
    __end_of_Init_System 0161                   _ADCON0 0095                   _ADCON1 0096  
                 i1S1710 0187                   _ANSEL0 0093                   _ANSEL1 0094  
                 i1l1170 008B                   i1l1176 0093                   i1l1274 013D  
                 _INTCON 000B                   _OSCCON 0014                   _TMR2IE 0071  
                 _TMR2IF 0069             keyCtr@kclick 0029       __size_of_Isr_Timer 001B  
             _Sleep_Mode 009F                   _ledCnt 0072                   _keyCtr 0196  
                 _result 0022                ??_ledShow 0077         __end_of_numArray 0175  
              ??_keyRead 0028                   saved_w 007E                ??_workCtr 0028  
__end_of__initialization 0016           __pcstackCOMMON 0077              _Init_System 0147  
             __end_ofPL2 00E0        __end_of_Isr_Timer 0147               __pbssBANK0 0020  
             __pnvCOMMON 007A              ?_Sleep_Mode 0077               __pmaintext 010C  
             __pintentry 0004                  ?_keyCtr 0077               _ledCntTime 0070  
                _AD_Init 01AB                  _PWMCON0 0015               __stringtab 0161  
                _IntFlag 0074          __size_of_keyCtr 000D                  __ptext1 00E0  
                __ptext2 0196                  __ptext3 0175                  __ptext4 009F  
                __ptext5 0147                  __ptext6 01AB                  __ptext7 012C  
                __ptext8 0018                  _ledShow 0018                  _count1s 0075  
                _keyRead 0175      __size_of_Sleep_Mode 0038                  clrloop0 01A4  
                _workCtr 00E0     end_of_initialization 0016             ?_Init_System 0077  
         __end_of_keyCtr 01A3      start_initialization 000D                _Isr_Timer 012C  
           ??_Sleep_Mode 0028                 ??_keyCtr 0029                 ?_AD_Init 0077  
            __pbssCOMMON 0070                ___latbits 0000            __pcstackBANK0 0028  
     __end_of_Sleep_Mode 00D7               ?_Isr_Timer 0077                __pstrings 0161  
              __pswtext1 0187                 ?_ledShow 0077                 ?_keyRead 0077  
               ?_workCtr 0077        interrupt_function 0004                clear_ram0 01A3  
              _sleepTime 0026                _shiweiNum 007B              __stringbase 0166  
   __size_of_Init_System 001A         __size_of_AD_Init 0008         keyRead@keyStatus 0028  
            ??_Isr_Timer 0077       __end_of__stringtab 0167         __size_of_ledShow 0087  
       __size_of_keyRead 0012                 _adresult 0024                 _geweiNum 007A  
       __size_of_workCtr 002C                 _keyCount 0071                 _intCount 0076  
          __size_of_main 0020                 _numArray 0167                 _test_adc 0027  
               _power_ad 0020                 _workStep 0073                 intlevel1 0000  
              stringcode 0161               _OPTION_REG 0001                 stringdir 0161  
               stringtab 0161  
