Warning[373]:	C:\mcuproject\scm\zdt\D262_8F083_tssop20_\D262_8F083_tssop20_\main.c	µ⁄749––	implicit signed to unsigned conversion
Warning[373]:	C:\mcuproject\scm\zdt\D262_8F083_tssop20_\D262_8F083_tssop20_\main.c	µ⁄779––	implicit signed to unsigned conversion
Warning[373]:	C:\mcuproject\scm\zdt\D262_8F083_tssop20_\D262_8F083_tssop20_\main.c	µ⁄996––	implicit signed to unsigned conversion
Warning[373]:	C:\mcuproject\scm\zdt\D262_8F083_tssop20_\D262_8F083_tssop20_\main.c	µ⁄1017––	implicit signed to unsigned conversion
Warning[373]:	C:\mcuproject\scm\zdt\D262_8F083_tssop20_\D262_8F083_tssop20_\main.c	µ⁄1148––	implicit signed to unsigned conversion
Warning[373]:	C:\mcuproject\scm\zdt\D262_8F083_tssop20_\D262_8F083_tssop20_\main.c	µ⁄1152––	implicit signed to unsigned conversion
Warning[373]:	C:\mcuproject\scm\zdt\D262_8F083_tssop20_\D262_8F083_tssop20_\main.c	µ⁄1156––	implicit signed to unsigned conversion
Warning[373]:	C:\mcuproject\scm\zdt\D262_8F083_tssop20_\D262_8F083_tssop20_\main.c	µ⁄1160––	implicit signed to unsigned conversion
Warning[373]:	C:\mcuproject\scm\zdt\D262_8F083_tssop20_\D262_8F083_tssop20_\main.c	µ⁄1168––	implicit signed to unsigned conversion
Warning[520]:	C:\mcuproject\scm\zdt\D262_8F083_tssop20_\D262_8F083_tssop20_\main.c	µ⁄181––	function "_Refurbish_Sfr" is never called
Warning[520]:	C:\mcuproject\scm\zdt\D262_8F083_tssop20_\D262_8F083_tssop20_\number.c	µ⁄145––	function "_DelayUs" is never called
Warning[520]:	C:\mcuproject\scm\zdt\D262_8F083_tssop20_\D262_8F083_tssop20_\number.c	µ⁄162––	function "_DelayMs" is never called
Warning[520]:	C:\mcuproject\scm\zdt\D262_8F083_tssop20_\D262_8F083_tssop20_\number.c	µ⁄179––	function "_DelayS" is never called
Warning[1090]:	C:\mcuproject\scm\zdt\D262_8F083_tssop20_\D262_8F083_tssop20_\main.c	µ⁄86––	variable "_waitTime" is not used
Warning[1090]:	C:\mcuproject\scm\zdt\D262_8F083_tssop20_\D262_8F083_tssop20_\main.c	µ⁄71––	variable "_workTime" is not used
Warning[1090]:	C:\mcuproject\scm\zdt\D262_8F083_tssop20_\D262_8F083_tssop20_\main.c	µ⁄65––	variable "_sumBatValue" is not used
Warning[1090]:	C:\mcuproject\scm\zdt\D262_8F083_tssop20_\D262_8F083_tssop20_\main.c	µ⁄62––	variable "_chrgAD" is not used
Warning[1090]:	C:\mcuproject\scm\zdt\D262_8F083_tssop20_\D262_8F083_tssop20_\main.c	µ⁄50––	variable "_count10s" is not used
Warning[1090]:	C:\mcuproject\scm\zdt\D262_8F083_tssop20_\D262_8F083_tssop20_\main.c	µ⁄38––	variable "_closeCount" is not used
Warning[1090]:	C:\mcuproject\scm\zdt\D262_8F083_tssop20_\D262_8F083_tssop20_\main.c	µ⁄28––	variable "_count900s" is not used
Warning[1090]:	C:\mcuproject\scm\zdt\D262_8F083_tssop20_\D262_8F083_tssop20_\main.c	µ⁄27––	variable "_count5s" is not used
Warning[1090]:	C:\mcuproject\scm\zdt\D262_8F083_tssop20_\D262_8F083_tssop20_\main.c	µ⁄20––	variable "_R_AIN2_DATA" is not used
Warning[1090]:	C:\mcuproject\scm\zdt\D262_8F083_tssop20_\D262_8F083_tssop20_\main.c	µ⁄95––	variable "_g8RxDataBuf" is not used
Warning[1090]:	C:\mcuproject\scm\zdt\D262_8F083_tssop20_\D262_8F083_tssop20_\main.c	µ⁄90––	variable "_recData4" is not used
Warning[1090]:	C:\mcuproject\scm\zdt\D262_8F083_tssop20_\D262_8F083_tssop20_\main.c	µ⁄84––	variable "_stopTime" is not used
Warning[1090]:	C:\mcuproject\scm\zdt\D262_8F083_tssop20_\D262_8F083_tssop20_\main.c	µ⁄83––	variable "_stopFlag" is not used
Warning[1090]:	C:\mcuproject\scm\zdt\D262_8F083_tssop20_\D262_8F083_tssop20_\main.c	µ⁄75––	variable "_lowBatFlag" is not used
Warning[1090]:	C:\mcuproject\scm\zdt\D262_8F083_tssop20_\D262_8F083_tssop20_\main.c	µ⁄72––	variable "_motorPWMFlag" is not used
Warning[1090]:	C:\mcuproject\scm\zdt\D262_8F083_tssop20_\D262_8F083_tssop20_\main.c	µ⁄70––	variable "_showWorkTime" is not used
Warning[1090]:	C:\mcuproject\scm\zdt\D262_8F083_tssop20_\D262_8F083_tssop20_\main.c	µ⁄69––	variable "_shanshuoTime" is not used
Warning[1090]:	C:\mcuproject\scm\zdt\D262_8F083_tssop20_\D262_8F083_tssop20_\main.c	µ⁄68––	variable "_showWorkFlag" is not used
Warning[1090]:	C:\mcuproject\scm\zdt\D262_8F083_tssop20_\D262_8F083_tssop20_\main.c	µ⁄67––	variable "_modelStep" is not used
Warning[1090]:	C:\mcuproject\scm\zdt\D262_8F083_tssop20_\D262_8F083_tssop20_\main.c	µ⁄64––	variable "_closeTime" is not used
Warning[1090]:	C:\mcuproject\scm\zdt\D262_8F083_tssop20_\D262_8F083_tssop20_\main.c	µ⁄63––	variable "_firstCheckTime" is not used
Warning[1090]:	C:\mcuproject\scm\zdt\D262_8F083_tssop20_\D262_8F083_tssop20_\main.c	µ⁄61––	variable "_protectFlag" is not used
Warning[1090]:	C:\mcuproject\scm\zdt\D262_8F083_tssop20_\D262_8F083_tssop20_\main.c	µ⁄60––	variable "_fullCount" is not used
Warning[1090]:	C:\mcuproject\scm\zdt\D262_8F083_tssop20_\D262_8F083_tssop20_\main.c	µ⁄59––	variable "_chrgMaxDuty" is not used
Warning[1090]:	C:\mcuproject\scm\zdt\D262_8F083_tssop20_\D262_8F083_tssop20_\main.c	µ⁄58––	variable "_chrgMaxAD" is not used
Warning[1090]:	C:\mcuproject\scm\zdt\D262_8F083_tssop20_\D262_8F083_tssop20_\main.c	µ⁄57––	variable "_reChrgCount" is not used
Warning[1090]:	C:\mcuproject\scm\zdt\D262_8F083_tssop20_\D262_8F083_tssop20_\main.c	µ⁄56––	variable "_lockCount" is not used
Warning[1090]:	C:\mcuproject\scm\zdt\D262_8F083_tssop20_\D262_8F083_tssop20_\main.c	µ⁄55––	variable "_chrgBatCount" is not used
Warning[1090]:	C:\mcuproject\scm\zdt\D262_8F083_tssop20_\D262_8F083_tssop20_\main.c	µ⁄54––	variable "_chrgMode" is not used
Warning[1090]:	C:\mcuproject\scm\zdt\D262_8F083_tssop20_\D262_8F083_tssop20_\main.c	µ⁄51––	variable "_countHalfFull" is not used
Warning[1090]:	C:\mcuproject\scm\zdt\D262_8F083_tssop20_\D262_8F083_tssop20_\main.c	µ⁄49––	variable "_checkTime" is not used
Warning[1090]:	C:\mcuproject\scm\zdt\D262_8F083_tssop20_\D262_8F083_tssop20_\main.c	µ⁄47––	variable "_highATime" is not used
Warning[1090]:	C:\mcuproject\scm\zdt\D262_8F083_tssop20_\D262_8F083_tssop20_\main.c	µ⁄46––	variable "_lowATime" is not used
Warning[1090]:	C:\mcuproject\scm\zdt\D262_8F083_tssop20_\D262_8F083_tssop20_\main.c	µ⁄45––	variable "_addTime" is not used
Warning[1090]:	C:\mcuproject\scm\zdt\D262_8F083_tssop20_\D262_8F083_tssop20_\main.c	µ⁄44––	variable "_addMax" is not used
Warning[1090]:	C:\mcuproject\scm\zdt\D262_8F083_tssop20_\D262_8F083_tssop20_\main.c	µ⁄43––	variable "_subTime" is not used
Warning[1090]:	C:\mcuproject\scm\zdt\D262_8F083_tssop20_\D262_8F083_tssop20_\main.c	µ⁄42––	variable "_fullTime" is not used
Warning[1090]:	C:\mcuproject\scm\zdt\D262_8F083_tssop20_\D262_8F083_tssop20_\main.c	µ⁄40––	variable "_maxduty" is not used
Warning[1090]:	C:\mcuproject\scm\zdt\D262_8F083_tssop20_\D262_8F083_tssop20_\main.c	µ⁄37––	variable "_preBatValue" is not used
Warning[1090]:	C:\mcuproject\scm\zdt\D262_8F083_tssop20_\D262_8F083_tssop20_\main.c	µ⁄36––	variable "_workDuty" is not used
Warning[1090]:	C:\mcuproject\scm\zdt\D262_8F083_tssop20_\D262_8F083_tssop20_\main.c	µ⁄35––	variable "_batValue" is not used
Warning[1090]:	C:\mcuproject\scm\zdt\D262_8F083_tssop20_\D262_8F083_tssop20_\main.c	µ⁄25––	variable "_count200ms" is not used
Warning[1090]:	C:\mcuproject\scm\zdt\D262_8F083_tssop20_\D262_8F083_tssop20_\main.c	µ⁄23––	variable "_intCount3" is not used
Warning[1090]:	C:\mcuproject\scm\zdt\D262_8F083_tssop20_\D262_8F083_tssop20_\main.c	µ⁄22––	variable "_intCount" is not used
Warning[1090]:	C:\mcuproject\scm\zdt\D262_8F083_tssop20_\D262_8F083_tssop20_\main.c	µ⁄21––	variable "_R_AIN2_DATA_LB" is not used
Warning[1090]:	C:\mcuproject\scm\zdt\D262_8F083_tssop20_\D262_8F083_tssop20_\main.c	µ⁄18––	variable "_IntFlag" is not used
Warning[752]:	C:\mcuproject\scm\zdt\D262_8F083_tssop20_\D262_8F083_tssop20_\main.c	µ⁄341––	conversion to shorter data type
Warning[752]:	C:\mcuproject\scm\zdt\D262_8F083_tssop20_\D262_8F083_tssop20_\main.c	µ⁄377––	conversion to shorter data type
Warning[752]:	C:\mcuproject\scm\zdt\D262_8F083_tssop20_\D262_8F083_tssop20_\main.c	µ⁄466––	conversion to shorter data type
Warning[759]:	C:\mcuproject\scm\zdt\D262_8F083_tssop20_\D262_8F083_tssop20_\main.c	µ⁄693––	expression generates no code
Warning[759]:	C:\mcuproject\scm\zdt\D262_8F083_tssop20_\D262_8F083_tssop20_\main.c	µ⁄721––	expression generates no code
Warning[759]:	C:\mcuproject\scm\zdt\D262_8F083_tssop20_\D262_8F083_tssop20_\main.c	µ⁄753––	expression generates no code
Warning[759]:	C:\mcuproject\scm\zdt\D262_8F083_tssop20_\D262_8F083_tssop20_\main.c	µ⁄757––	expression generates no code
Warning[759]:	C:\mcuproject\scm\zdt\D262_8F083_tssop20_\D262_8F083_tssop20_\main.c	µ⁄783––	expression generates no code
Warning[759]:	C:\mcuproject\scm\zdt\D262_8F083_tssop20_\D262_8F083_tssop20_\main.c	µ⁄787––	expression generates no code
Warning[759]:	C:\mcuproject\scm\zdt\D262_8F083_tssop20_\D262_8F083_tssop20_\main.c	µ⁄873––	expression generates no code
Warning[759]:	C:\mcuproject\scm\zdt\D262_8F083_tssop20_\D262_8F083_tssop20_\main.c	µ⁄877––	expression generates no code
Warning[752]:	C:\mcuproject\scm\zdt\D262_8F083_tssop20_\D262_8F083_tssop20_\main.c	µ⁄996––	conversion to shorter data type
Warning[752]:	C:\mcuproject\scm\zdt\D262_8F083_tssop20_\D262_8F083_tssop20_\main.c	µ⁄1017––	conversion to shorter data type
Warning[752]:	C:\mcuproject\scm\zdt\D262_8F083_tssop20_\D262_8F083_tssop20_\main.c	µ⁄1148––	conversion to shorter data type
Warning[752]:	C:\mcuproject\scm\zdt\D262_8F083_tssop20_\D262_8F083_tssop20_\main.c	µ⁄1152––	conversion to shorter data type
Warning[752]:	C:\mcuproject\scm\zdt\D262_8F083_tssop20_\D262_8F083_tssop20_\main.c	µ⁄1156––	conversion to shorter data type
Warning[752]:	C:\mcuproject\scm\zdt\D262_8F083_tssop20_\D262_8F083_tssop20_\main.c	µ⁄1160––	conversion to shorter data type
Warning[752]:	C:\mcuproject\scm\zdt\D262_8F083_tssop20_\D262_8F083_tssop20_\main.c	µ⁄1168––	conversion to shorter data type

Memory Summary:
    Program space        used   644h (  1604) of  1000h words   ( 39.2%)
    Data space           used    4Eh (    78) of    F0h bytes   ( 32.5%)
    EEPROM space         None available
    Data stack space     used     0h (     0) of    50h bytes   (  0.0%)
    Configuration bits   used     0h (     0) of     2h words   (  0.0%)
    ID Location space    used     0h (     0) of     4h bytes   (  0.0%)

