C51 COMPILER V9.60.7.0   BAT                                                               10/21/2025 21:56:47 PAGE 1   


C51 COMPILER V9.60.7.0, COMPILATION OF MODULE BAT
OBJECT MODULE PLACED IN .\PRO\bat.obj
COMPILER INVOKED BY: C:\Keil_v5\C51\BIN\C51.EXE DRV\bat.c OPTIMIZE(8,SPEED) BROWSE INCDIR(.\DRV) DEBUG OBJECTEXTEND PRIN
                    -T(.\LST\bat.lst) OBJECT(.\PRO\bat.obj)

line level    source

   1          #include "config.h"
   2          
   3          bit Bat_OnceFlags = 0;
   4          bit Bat_ChargeFlags = 0;                                                                        //°ðçÓÝõøƒ
   5          bit Bat_LevelLowFlags = 0;                                                              //çÓ°ÄçÓê¢çë
   6          xdata u16  Bat_DelayTime = 500;                                         //çÓ°ÄçÓê¢ó¶Ñ₤¡■ÅôîÆ°ì200ms
   7          xdata u8  Bat_Level = 0;                                                                        //çÓ°ÄçÓê¢¡þò»
   8          xdata u8  Bat_LevelTemp = 0;                                                    //çÓ°ÄçÓê¢¡þò»
   9          xdata u32 Bat_LevelUpdateTime = 0;                              //çÓ°ÄçÓê¢¡þò»¡■ÅôøÉóÖ
  10          xdata u16 Bat_LowDelayTime = 0;                                         //çÓ°ÄçëçÓê¢éÅÑüøÉóÖ
  11          xdata u16 Bat_ChargeDelayTime = 0;                              //°ðçÓéÅÑüøÉóÖ
  12          xdata u16 Bat_ChargeUnFullTime = CHARGEUNFULLTIME;              //çÓ°Äý£åìôºçÓîÆ°ìéÅÑüòÝ¥ð
  13          xdata u16 Bat_ChargeFullTimems = 0;                             //çÓ°Ä°ðôºòÝ¥ð¤êûŠ
  14          xdata u16 Bat_ChargeFullTimes = 0;                              //çÓ°Ä°ðôºòÝ¥ðûŠ
  15          xdata u16 Bat_ChargeFullTimem = 0;                              //çÓ°Ä°ðôºòÝ¥ðñøøÆ
  16          
  17          bit Bat_FullAct = 0;
  18          
  19          void bat()
  20          {
  21   1      //      if(0)//CHK_CHG
  22   1      //      {
  23   1      //              Bat_ChargeDelayTime++;
  24   1      //              if(Bat_ChargeDelayTime >30)
  25   1      //              {
  26   1      //                      Bat_ChargeDelayTime = 30;
  27   1      //                      Bat_ChargeFlags = 1;
  28   1      //                      Bat_LevelLowFlags = 0;
  29   1      //                      Bat_LowDelayTime = 0;
  30   1      ////            BLED = 1;
  31   1      //              }
  32   1      //      }
  33   1      //      else
  34   1      //      {
  35   1      //              Bat_ChargeDelayTime = 0;
  36   1      //              Bat_ChargeFlags = 0;
  37   1      //      }
  38   1      
  39   1       //Bat_ChargeFlags=1;
  40   1              
  41   1              if(Bat_ChargeFlags)
  42   1              {
  43   2                      if(AD_VinValue <= CHRG0)
  44   2                      {
  45   3                                  Bat_FullAct=0;
  46   3                                 Bat_LevelTemp = 1;// 0
  47   3                      }
  48   2                      else if(AD_VinValue <= CHRG1)
  49   2                      {
  50   3                                  Bat_FullAct=0;
  51   3                                 Bat_LevelTemp = 2;// 1
  52   3                      }
  53   2                      else if(AD_VinValue <= CHRG2)
  54   2                      {
C51 COMPILER V9.60.7.0   BAT                                                               10/21/2025 21:56:47 PAGE 2   

  55   3                                  Bat_FullAct=0;
  56   3                                 Bat_LevelTemp = 3;// 2
  57   3                      }
  58   2                      else if(AD_VinValue <= CHRG3)
  59   2                      {
  60   3                                  Bat_FullAct=0;
  61   3                                 Bat_LevelTemp = 4;// 3
  62   3                      }
  63   2                      else
  64   2                      {
  65   3                          Bat_FullAct=1;
  66   3                              Bat_LevelTemp = 4;// 4
  67   3                      }       
  68   2                              
  69   2              }
  70   1              else
  71   1              {
  72   2                      if(AD_VinValue <= BAT0)
  73   2                              Bat_LevelTemp = 0;
  74   2                      else if(AD_VinValue <= BAT1)
  75   2                              Bat_LevelTemp = 1;
  76   2                      else if(AD_VinValue <= BAT2)
  77   2                              Bat_LevelTemp = 2;
  78   2                      else if(AD_VinValue <= BAT3)
  79   2                              Bat_LevelTemp = 3;
  80   2                      else
  81   2                              Bat_LevelTemp = 4;
  82   2              }
  83   1              
  84   1              if(Bat_DelayTime)
  85   1              {
  86   2                      Bat_DelayTime--;
  87   2                      Bat_Level = Bat_LevelTemp;
  88   2              }
  89   1              else
  90   1              {
  91   2                      if(Bat_LevelLowFlags)
  92   2                      {
  93   3                              Motor_StopTempFlags = 1;
  94   3                              Bat_LevelUpdateTime++;
  95   3                              if(Bat_LevelUpdateTime > 200)
  96   3                              {
  97   4                                      Bat_LevelUpdateTime = 0;
  98   4                                      
  99   4                                      if(Bat_Level)
 100   4                                              Bat_Level--;
 101   4                              }
 102   3                      }
 103   2                      else
 104   2                      {
 105   3                              if(Bat_LevelTemp)
 106   3                              {
 107   4                                      Bat_LowDelayTime = 0;
 108   4                                      if(Bat_Level != Bat_LevelTemp)
 109   4                                      {
 110   5                                              Bat_LevelUpdateTime++;
 111   5                                              
 112   5                                              if(Bat_ChargeFlags)
 113   5                                              {
 114   6                                                      if(Bat_LevelUpdateTime >30000)//  300000 //5min
 115   6                                                      {
 116   7                                                               Bat_LevelUpdateTime = 0;
C51 COMPILER V9.60.7.0   BAT                                                               10/21/2025 21:56:47 PAGE 3   

 117   7                                                              
 118   7                                                              if(Bat_Level < Bat_LevelTemp)
 119   7                                                                      Bat_Level++;
 120   7                                                              else if(Bat_Level > Bat_LevelTemp)
 121   7                                                                      Bat_Level--;
 122   7                                                      }
 123   6                                              }
 124   5                                              else
 125   5                                              {
 126   6                                                      if(Bat_LevelUpdateTime > 30000)  //30s
 127   6                                                      {
 128   7                                                              Bat_LevelUpdateTime = 0;
 129   7                                                              if(Bat_Level < Bat_LevelTemp)
 130   7                                                                      Bat_Level++;
 131   7                                                              else if(Bat_Level > Bat_LevelTemp)
 132   7                                                                      Bat_Level--;
 133   7                                                      }
 134   6                                              }
 135   5                                      }
 136   4                                      else
 137   4                                              Bat_LevelUpdateTime = 0;
 138   4                              }
 139   3                              else
 140   3                              {
 141   4                                      Bat_LowDelayTime++;
 142   4                                      if(Bat_LowDelayTime > 3000)
 143   4                                      {
 144   5                                              Bat_LowDelayTime = 3000;
 145   5                                              
 146   5                                              if(Bat_ChargeFlags == 0)
 147   5                                              {
 148   6                                                      Bat_LevelLowFlags = 1;
 149   6                                                      Motor_StopTempFlags = 1;
 150   6                                              }
 151   5                                      }
 152   4                              }
 153   3                      }
 154   2              }
 155   1              
 156   1              if(Bat_ChargeFlags)
 157   1              {
 158   2                      if(Bat_ChargeFullTimem >= CHARGEFULLTIME)
 159   2                      {
 160   3                              Bat_ChargeFullTimem = CHARGEFULLTIME;
 161   3                              Bat_ChargeUnFullTime = CHARGEUNFULLTIME;
 162   3                              Bat_Level = 5;
 163   3                      }
 164   2                      else
 165   2                      {
 166   3                              if((Bat_Level == 4)&&Bat_FullAct)
 167   3                              {
 168   4                                      Bat_ChargeFullTimems++;
 169   4                                      if(Bat_ChargeFullTimems >= 1000)
 170   4                                      {
 171   5                                              Bat_ChargeFullTimems = 0;
 172   5                                              Bat_ChargeFullTimes++;
 173   5                                      }
 174   4                                      if(Bat_ChargeFullTimes >= 60)   
 175   4                                      {
 176   5                                              Bat_ChargeFullTimes = 0;
 177   5                                              Bat_ChargeFullTimem++;
 178   5                                      
C51 COMPILER V9.60.7.0   BAT                                                               10/21/2025 21:56:47 PAGE 4   

 179   5                                              if(AD_VinValue > 850)                           //çÓî¿°˜¿»4.15V1S å·øÝ§Ææˆçó
 180   5                                                      Bat_ChargeFullTimem = CHARGEFULLTIME; 
 181   5                                              SysOnceFlags = 1;
 182   5                                      }
 183   4                              }
 184   3      //                      else if(Bat_Level <= 3)
 185   3      //                      {
 186   3      //                              Bat_ChargeFullTimems = 0;
 187   3      //                              Bat_ChargeFullTimes = 0;
 188   3      //                      }
 189   3                      }
 190   2              }
 191   1      //      else
 192   1      //      {
 193   1      //              Bat_ChargeFullTimems = 0;
 194   1      //              Bat_ChargeFullTimes = 0;
 195   1      //      }
 196   1                      
 197   1      //      if(Bat_Level <= 3)
 198   1            if(Bat_LevelTemp<=3&&(Bat_DelayTime==0x00))
 199   1              {
 200   2                      Bat_ChargeFullTimems = 0;
 201   2                      Bat_ChargeFullTimes = 0;
 202   2                      Bat_ChargeFullTimem = 0;
 203   2                      if(Bat_ChargeUnFullTime)
 204   2                      {
 205   3                              Bat_ChargeUnFullTime--;
 206   3                              if(Bat_ChargeUnFullTime==0x00)
 207   3                              {
 208   4                               Bat_Level = Bat_LevelTemp;
 209   4                              }
 210   3                              Bat_OnceFlags = 1;
 211   3                      }
 212   2                      else
 213   2                      {
 214   3                              Bat_ChargeFullTimem = 0;
 215   3                              if(Bat_OnceFlags)
 216   3                              {
 217   4                                      Bat_OnceFlags = 0;
 218   4                                      SysOnceFlags = 1;
 219   4                              }
 220   3                      }
 221   2              }
 222   1              else
 223   1              {
 224   2                      Bat_OnceFlags = 1;
 225   2                      Bat_ChargeUnFullTime = CHARGEUNFULLTIME;
 226   2              }
 227   1      }


MODULE INFORMATION:   STATIC OVERLAYABLE
   CODE SIZE        =    789    ----
   CONSTANT SIZE    =   ----    ----
   XDATA SIZE       =     20    ----
   PDATA SIZE       =   ----    ----
   DATA SIZE        =   ----    ----
   IDATA SIZE       =   ----    ----
   BIT SIZE         =      4    ----
END OF MODULE INFORMATION.


C51 COMPILATION COMPLETE.  0 WARNING(S),  0 ERROR(S)
