C51 COMPILER V9.60.7.0   BUZZER                                                            10/21/2025 21:56:47 PAGE 1   


C51 COMPILER V9.60.7.0, COMPILATION OF MODULE BUZZER
OBJECT MODULE PLACED IN .\PRO\buzzer.obj
COMPILER INVOKED BY: C:\Keil_v5\C51\BIN\C51.EXE DRV\buzzer.c OPTIMIZE(8,SPEED) BROWSE INCDIR(.\DRV) DEBUG OBJECTEXTEND P
                    -RINT(.\LST\buzzer.lst) OBJECT(.\PRO\buzzer.obj)

line level    source

   1          #include "config.h"
   2          
   3          bit BuzzerOnFlags = 0;
   4          xdata u16 BuzzerTime1ms = 0;
   5          
   6          void buzzer()
   7          {
   8   1              if(BuzzerOnFlags)
   9   1              {
  10   2                      BuzzerTime1ms++;
  11   2                      if(BuzzerTime1ms < BUZZERTIME)
  12   2                      {
  13   3                              BUZZERON;
  14   3                      }
  15   2                      else
  16   2                      {
  17   3                              BUZZEROFF;
  18   3                              BuzzerOnFlags = 0;
  19   3                      }
  20   2              }
  21   1              else
  22   1              {
  23   2                      BUZZEROFF;
  24   2                      BuzzerTime1ms = 0;
  25   2              }
  26   1      }


MODULE INFORMATION:   STATIC OVERLAYABLE
   CODE SIZE        =     53    ----
   CONSTANT SIZE    =   ----    ----
   XDATA SIZE       =      2    ----
   PDATA SIZE       =   ----    ----
   DATA SIZE        =   ----    ----
   IDATA SIZE       =   ----    ----
   BIT SIZE         =      1    ----
END OF MODULE INFORMATION.


C51 COMPILATION COMPLETE.  0 WARNING(S),  0 ERROR(S)
