

Microchip Technology PIC PRO Macro Assembler V1.45 build -152302408 
                                                                                               Fri Jul 30 17:05:30 2021

Microchip Technology Omniscient Code Generator v1.45 (PRO mode) build 201711160504
     1                           	processor	79F123
     2                           	opt	pw 120
     3                           	opt	pm
     4                           	psect	nvCOMMON,global,class=COMMON,space=1,delta=1
     5                           	psect	cinit,global,class=CODE,merge=1,delta=2
     6                           	psect	bssCOMMON,global,class=COMMON,space=1,delta=1
     7                           	psect	cstackCOMMON,global,class=COMMON,space=1,delta=1
     8                           	psect	maintext,global,class=CODE,split=1,delta=2
     9                           	psect	text1,local,class=CODE,merge=1,delta=2
    10                           	psect	text2,local,class=CODE,merge=1,delta=2
    11                           	psect	pa_nodes0,global,class=CODE,delta=2
    12                           	dabs	1,0x7E,2
    13  0000                     
    14                           ; Version 1.45
    15                           ; Generated 16/11/2017 GMT
    16                           ; 
    17                           ; Copyright Â© 2017, Microchip Technology Inc. and its subsidiaries ("Microchip")
    18                           ; All rights reserved.
    19                           ; 
    20                           ; This software is developed by Microchip Technology Inc. and its subsidiaries ("Microch
      +                          ip").
    21                           ; 
    22                           ; Redistribution and use in source and binary forms, with or without modification, are
    23                           ; permitted provided that the following conditions are met:
    24                           ; 
    25                           ;     1. Redistributions of source code must retain the above copyright notice, this lis
      +                          t of
    26                           ;        conditions and the following disclaimer.
    27                           ; 
    28                           ;     2. Redistributions in binary form must reproduce the above copyright notice, this 
      +                          list
    29                           ;        of conditions and the following disclaimer in the documentation and/or other
    30                           ;        materials provided with the distribution.
    31                           ; 
    32                           ;     3. Microchip's name may not be used to endorse or promote products derived from th
      +                          is
    33                           ;        software without specific prior written permission.
    34                           ; 
    35                           ; THIS SOFTWARE IS PROVIDED BY MICROCHIP "AS IS" AND ANY EXPRESS OR IMPLIED WARRANTIES,
    36                           ; INCLUDING, BUT NOT LIMITED TO, THE IMPLIED WARRANTIES OF MERCHANTABILITY AND FITNESS F
      +                          OR
    37                           ; PURPOSE ARE DISCLAIMED.  IN NO EVENT SHALL MICROCHIP BE LIABLE FOR ANY DIRECT, INDIREC
      +                          T,
    38                           ; INCIDENTAL, SPECIAL, EXEMPLARY, OR CONSEQUENTIAL DAMAGES (INCLUDING BUT NOT LIMITED TO
    39                           ; PROCUREMENT OF SUBSTITUTE GOODS OR SERVICES; LOSS OF USE, DATA OR PROFITS; OR BUSINESS
    40                           ; INTERRUPTION) HOWSOEVER CAUSED AND ON ANY THEORY OF LIABILITY, WHETHER IN CONTRACT, ST
      +                          RICT
    41                           ; LIABILITY, OR TORT (INCLUDING NEGLIGENCE OR OTHERWISE) ARISING IN ANY WAY OUT OF THE U
      +                          SE OF
    42                           ; THIS SOFTWARE, EVEN IF ADVISED OF THE POSSIBILITY OF SUCH DAMAGE.
    43                           ; 
    44                           ; 
    45                           ; Code-generator required, PIC16F887 Definitions
    46                           ; 
    47                           ; SFR Addresses
    48  0000                     
    49                           	psect	nvCOMMON
    50  0074                     __pnvCOMMON:	
    51  0074                     _templ:	
    52  0074                     	ds	2
    53  005F                     _GIE	set	95
    54  010D                     _EEADR	set	269
    55  010C                     _EEDAT	set	268
    56  018D                     _EECON2	set	397
    57  0C60                     _RD	set	3168
    58  0C61                     _WR	set	3169
    59  0C62                     _WREN	set	3170
    60  0C63                     _WRERR	set	3171
    61  0C67                     _EEPGD	set	3175
    62                           
    63                           	psect	cinit
    64  07FB                     start_initialization:	
    65                           ; #config settings
    66                           
    67  07FB                     __initialization:	
    68                           
    69                           ; Clear objects allocated to COMMON
    70  07FB  01F6               	clrf	__pbssCOMMON& (0+127)
    71  07FC  01F7               	clrf	(__pbssCOMMON+1)& (0+127)
    72  07FD                     end_of_initialization:	
    73                           ;End of C runtime variable initialization code
    74                           
    75  07FD                     __end_of__initialization:	
    76  07FD  0183               	clrf	3
    77  07FE  118A  2FD3         	ljmp	_main	;jump to C main() function
    78                           
    79                           	psect	bssCOMMON
    80  0076                     __pbssCOMMON:	
    81  0076                     _t:	
    82  0076                     	ds	2
    83                           
    84                           	psect	cstackCOMMON
    85  0070                     __pcstackCOMMON:	
    86  0070                     ?_Memory_Write:	
    87  0070                     ?_main:	
    88                           ; 1 bytes @ 0x0
    89                           
    90  0070                     ?_Memory_Read:	
    91                           ; 1 bytes @ 0x0
    92                           
    93  0070                     Memory_Write@Addr:	
    94                           ; 2 bytes @ 0x0
    95                           
    96  0070                     Memory_Read@Addr:	
    97                           ; 2 bytes @ 0x0
    98                           
    99                           
   100                           ; 2 bytes @ 0x0
   101  0070                     	ds	2
   102  0072                     ??_Memory_Read:	
   103  0072                     Memory_Write@Value:	
   104                           ; 1 bytes @ 0x2
   105                           
   106                           
   107                           ; 1 bytes @ 0x2
   108  0072                     	ds	1
   109  0073                     ??_Memory_Write:	
   110  0073                     Memory_Write@i:	
   111                           ; 1 bytes @ 0x3
   112                           
   113                           
   114                           ; 1 bytes @ 0x3
   115  0073                     	ds	1
   116  0074                     ??_main:	
   117                           
   118                           	psect	maintext
   119  07D3                     __pmaintext:	
   120                           ; 1 bytes @ 0x4
   121 ;;
   122 ;;Main: autosize = 0, tempsize = 0, incstack = 0, save=0
   123 ;;
   124 ;; *************** function _main *****************
   125 ;; Defined at:
   126 ;;		line 27 in file "E:\CMS_MCUÏà¹Ø×ÊÁÏ(¹²Ïí)\3.RISCÏµÁÐ×ÊÔ´\Demo³ÌÐò£¨½ö¹©²Î¿¼£©\CÓïÑÔ\CMS79F123³ÌÐò£¨C°æ£©\CMS79F123³Ì
      +Ðò£¨C°æ£©\CMS79F123³ÌÐò£¨C°æ£©\EEPRom_Demo\EEPRom_Demo.c"
   127 ;; Parameters:    Size  Location     Type
   128 ;;		None
   129 ;; Auto vars:     Size  Location     Type
   130 ;;		None
   131 ;; Return value:  Size  Location     Type
   132 ;;                  1    wreg      void 
   133 ;; Registers used:
   134 ;;		wreg, status,2, status,0, pclath, cstack
   135 ;; Tracked objects:
   136 ;;		On entry : B00/0
   137 ;;		On exit  : 300/200
   138 ;;		Unchanged: 0/0
   139 ;; Data sizes:     COMMON   BANK0   BANK1   BANK3   BANK2
   140 ;;      Params:         0       0       0       0       0
   141 ;;      Locals:         0       0       0       0       0
   142 ;;      Temps:          0       0       0       0       0
   143 ;;      Totals:         0       0       0       0       0
   144 ;;Total ram usage:        0 bytes
   145 ;; Hardware stack levels required when called:    1
   146 ;; This function calls:
   147 ;;		_Memory_Read
   148 ;;		_Memory_Write
   149 ;; This function is called by:
   150 ;;		Startup code after reset
   151 ;; This function uses a non-reentrant model
   152 ;;
   153                           
   154                           
   155                           ;psect for function _main
   156  07D3                     _main:	
   157                           
   158                           ;incstack = 0
   159                           ; Regs used in _main: [wreg+status,2+status,0+pclath+cstack]
   160  07D3  0000               	nop	;# 
   161  07D4  0064               	clrwdt	;# 
   162                           
   163                           ;EEPRom_Demo.c: 33: templ = 10;
   164  07D5  300A               	movlw	10
   165  07D6  00F4               	movwf	_templ	;volatile
   166  07D7  01F5               	clrf	_templ+1	;volatile
   167  07D8  2FE4               	goto	l725
   168  07D9                     l1236:	
   169  07D9  3001               	movlw	1
   170  07DA  02F4               	subwf	_templ,f	;volatile
   171  07DB  3000               	movlw	0
   172  07DC  1C03               	skipc
   173  07DD  03F5               	decf	_templ+1,f	;volatile
   174  07DE  02F5               	subwf	_templ+1,f	;volatile
   175  07DF  0F74               	incfsz	_templ,w	;volatile
   176  07E0  2FE4               	goto	l725
   177  07E1  0A75               	incf	_templ+1,w	;volatile
   178  07E2  1903               	btfsc	3,2
   179  07E3  2FF0               	goto	l729
   180  07E4                     l725:	
   181                           ;EEPRom_Demo.c: 34: do{
   182                           
   183  07E4  0064               	clrwdt	;# 
   184  07E5  0064               	clrwdt	;# 
   185  07E6  305A               	movlw	90
   186                           
   187                           ;EEPRom_Demo.c: 37: }while((0 == Memory_Write(0x0000,0x5a)) && (templ--));
   188  07E7  01F0               	clrf	Memory_Write@Addr
   189  07E8  01F1               	clrf	Memory_Write@Addr+1
   190  07E9  00F2               	movwf	Memory_Write@Value
   191  07EA  118A  27AB  118A   	fcall	_Memory_Write
   192  07ED  3A00               	xorlw	0
   193  07EE  1903               	btfsc	3,2
   194  07EF  2FD9               	goto	l1236
   195  07F0                     l729:	
   196                           ;EEPRom_Demo.c: 40: while(1)
   197                           
   198  07F0  0064               	clrwdt	;# 
   199                           
   200                           ;EEPRom_Demo.c: 43: t = Memory_Read(0x0000);
   201  07F1  01F0               	clrf	Memory_Read@Addr
   202  07F2  01F1               	clrf	Memory_Read@Addr+1
   203  07F3  118A  279C  118A   	fcall	_Memory_Read
   204  07F6  0871               	movf	?_Memory_Read+1,w
   205  07F7  00F7               	movwf	_t+1	;volatile
   206  07F8  0870               	movf	?_Memory_Read,w
   207  07F9  00F6               	movwf	_t	;volatile
   208  07FA  2FF0               	goto	l729
   209  07FB                     __end_of_main:	
   210                           
   211                           	psect	text1
   212  07AB                     __ptext1:	
   213 ;; *************** function _Memory_Write *****************
   214 ;; Defined at:
   215 ;;		line 58 in file "E:\CMS_MCUÏà¹Ø×ÊÁÏ(¹²Ïí)\3.RISCÏµÁÐ×ÊÔ´\Demo³ÌÐò£¨½ö¹©²Î¿¼£©\CÓïÑÔ\CMS79F123³ÌÐò£¨C°æ£©\CMS79F123³Ì
      +Ðò£¨C°æ£©\CMS79F123³ÌÐò£¨C°æ£©\EEPRom_Demo\EEPRom_Demo.c"
   216 ;; Parameters:    Size  Location     Type
   217 ;;  Addr            2    0[COMMON] unsigned int 
   218 ;;  Value           1    2[COMMON] unsigned char 
   219 ;; Auto vars:     Size  Location     Type
   220 ;;  i               1    3[COMMON] volatile unsigned char 
   221 ;; Return value:  Size  Location     Type
   222 ;;                  1    wreg      unsigned char 
   223 ;; Registers used:
   224 ;;		wreg, status,2
   225 ;; Tracked objects:
   226 ;;		On entry : 0/0
   227 ;;		On exit  : 0/0
   228 ;;		Unchanged: 0/0
   229 ;; Data sizes:     COMMON   BANK0   BANK1   BANK3   BANK2
   230 ;;      Params:         3       0       0       0       0
   231 ;;      Locals:         1       0       0       0       0
   232 ;;      Temps:          0       0       0       0       0
   233 ;;      Totals:         4       0       0       0       0
   234 ;;Total ram usage:        4 bytes
   235 ;; Hardware stack levels used:    1
   236 ;; This function calls:
   237 ;;		Nothing
   238 ;; This function is called by:
   239 ;;		_main
   240 ;; This function uses a non-reentrant model
   241 ;;
   242                           
   243                           
   244                           ;psect for function _Memory_Write
   245  07AB                     _Memory_Write:	
   246                           
   247                           ;EEPRom_Demo.c: 60: volatile unsigned char i = 0;
   248                           
   249                           ;incstack = 0
   250                           ; Regs used in _Memory_Write: [wreg+status,2]
   251  07AB  01F3               	clrf	Memory_Write@i	;volatile
   252                           
   253                           ;EEPRom_Demo.c: 62: EEADR = Addr;
   254  07AC  0870               	movf	Memory_Write@Addr,w
   255  07AD  1283               	bcf	3,5	;RP0=0, select bank2
   256  07AE  1703               	bsf	3,6	;RP1=1, select bank2
   257  07AF  008D               	movwf	13	;volatile
   258                           
   259                           ;EEPRom_Demo.c: 63: EEDAT= Value;
   260  07B0  0872               	movf	Memory_Write@Value,w
   261  07B1  008C               	movwf	12	;volatile
   262                           
   263                           ;EEPRom_Demo.c: 64: EEPGD = 0;
   264  07B2  1683               	bsf	3,5	;RP0=1, select bank3
   265  07B3  138C               	bcf	12,7	;volsfr
   266  07B4  0064               	clrwdt	;# 
   267                           
   268                           ;EEPRom_Demo.c: 68: WREN = 1;
   269  07B5  1683               	bsf	3,5	;RP0=1, select bank3
   270  07B6  1703               	bsf	3,6	;RP1=1, select bank3
   271  07B7  150C               	bsf	12,2	;volsfr
   272                           
   273                           ;EEPRom_Demo.c: 70: GIE = 0;
   274  07B8  138B               	bcf	11,7	;volatile
   275                           
   276                           ;EEPRom_Demo.c: 71: GIE = 0;
   277  07B9  138B               	bcf	11,7	;volatile
   278                           
   279                           ;EEPRom_Demo.c: 72: GIE = 0;
   280  07BA  138B               	bcf	11,7	;volatile
   281  07BB                     l735:	
   282                           ;EEPRom_Demo.c: 73: while(GIE)
   283                           
   284  07BB  1F8B               	btfss	11,7	;volatile
   285  07BC  2FC2               	goto	l1202
   286                           
   287                           ;EEPRom_Demo.c: 74: {
   288                           ;EEPRom_Demo.c: 75: GIE = 0;
   289  07BD  138B               	bcf	11,7	;volatile
   290                           
   291                           ;EEPRom_Demo.c: 76: if(0 == --i)
   292  07BE  0BF3               	decfsz	Memory_Write@i,f	;volatile
   293  07BF  2FBB               	goto	l735
   294                           
   295                           ;EEPRom_Demo.c: 77: {
   296                           ;EEPRom_Demo.c: 79: GIE = 1;
   297  07C0  178B               	bsf	11,7	;volatile
   298                           
   299                           ;EEPRom_Demo.c: 80: return 0;
   300  07C1  3400               	retlw	0
   301  07C2                     l1202:	
   302                           
   303                           ;EEPRom_Demo.c: 81: }
   304                           ;EEPRom_Demo.c: 82: }
   305                           ;EEPRom_Demo.c: 84: EECON2 = 0x55;
   306  07C2  3055               	movlw	85
   307  07C3  1683               	bsf	3,5	;RP0=1, select bank3
   308  07C4  1703               	bsf	3,6	;RP1=1, select bank3
   309  07C5  008D               	movwf	13	;volsfr
   310                           
   311                           ;EEPRom_Demo.c: 85: EECON2 = 0xaa;
   312  07C6  30AA               	movlw	170
   313  07C7  008D               	movwf	13	;volsfr
   314                           
   315                           ;EEPRom_Demo.c: 86: WR = 1;
   316  07C8  148C               	bsf	12,1	;volsfr
   317  07C9  0000               	nop	;# 
   318  07CA  0000               	nop	;# 
   319  07CB  0064               	clrwdt	;# 
   320                           
   321                           ;EEPRom_Demo.c: 90: WREN = 0;
   322  07CC  1683               	bsf	3,5	;RP0=1, select bank3
   323  07CD  1703               	bsf	3,6	;RP1=1, select bank3
   324  07CE  110C               	bcf	12,2	;volsfr
   325                           
   326                           ;EEPRom_Demo.c: 92: GIE = 1;
   327  07CF  178B               	bsf	11,7	;volatile
   328                           
   329                           ;EEPRom_Demo.c: 94: if(WRERR) return 0;
   330  07D0  1D8C               	btfss	12,3	;volsfr
   331  07D1  3401               	retlw	1
   332  07D2  3400               	retlw	0
   333  07D3                     __end_of_Memory_Write:	
   334                           ;EEPRom_Demo.c: 95: else return 1;
   335                           
   336                           
   337                           	psect	text2
   338  079C                     __ptext2:	
   339 ;; *************** function _Memory_Read *****************
   340 ;; Defined at:
   341 ;;		line 107 in file "E:\CMS_MCUÏà¹Ø×ÊÁÏ(¹²Ïí)\3.RISCÏµÁÐ×ÊÔ´\Demo³ÌÐò£¨½ö¹©²Î¿¼£©\CÓïÑÔ\CMS79F123³ÌÐò£¨C°æ£©\CMS79F123³
      +ÌÐò£¨C°æ£©\CMS79F123³ÌÐò£¨C°æ£©\EEPRom_Demo\EEPRom_Demo.c"
   342 ;; Parameters:    Size  Location     Type
   343 ;;  Addr            2    0[COMMON] unsigned int 
   344 ;; Auto vars:     Size  Location     Type
   345 ;;		None
   346 ;; Return value:  Size  Location     Type
   347 ;;                  2    0[COMMON] unsigned int 
   348 ;; Registers used:
   349 ;;		wreg
   350 ;; Tracked objects:
   351 ;;		On entry : 0/0
   352 ;;		On exit  : 300/200
   353 ;;		Unchanged: 0/0
   354 ;; Data sizes:     COMMON   BANK0   BANK1   BANK3   BANK2
   355 ;;      Params:         2       0       0       0       0
   356 ;;      Locals:         0       0       0       0       0
   357 ;;      Temps:          0       0       0       0       0
   358 ;;      Totals:         2       0       0       0       0
   359 ;;Total ram usage:        2 bytes
   360 ;; Hardware stack levels used:    1
   361 ;; This function calls:
   362 ;;		Nothing
   363 ;; This function is called by:
   364 ;;		_main
   365 ;; This function uses a non-reentrant model
   366 ;;
   367                           
   368                           
   369                           ;psect for function _Memory_Read
   370  079C                     _Memory_Read:	
   371                           
   372                           ;EEPRom_Demo.c: 110: EEADR = Addr;
   373                           
   374                           ;incstack = 0
   375                           ; Regs used in _Memory_Read: [wreg]
   376  079C  0870               	movf	Memory_Read@Addr,w
   377  079D  1283               	bcf	3,5	;RP0=0, select bank2
   378  079E  1703               	bsf	3,6	;RP1=1, select bank2
   379  079F  008D               	movwf	13	;volatile
   380                           
   381                           ;EEPRom_Demo.c: 111: EEPGD = 0;
   382  07A0  1683               	bsf	3,5	;RP0=1, select bank3
   383  07A1  138C               	bcf	12,7	;volsfr
   384                           
   385                           ;EEPRom_Demo.c: 118: RD=1;
   386  07A2  140C               	bsf	12,0	;volsfr
   387  07A3  0000               	nop	;# 
   388  07A4  0000               	nop	;# 
   389                           
   390                           ;EEPRom_Demo.c: 123: return (EEDAT);
   391  07A5  1283               	bcf	3,5	;RP0=0, select bank2
   392  07A6  1703               	bsf	3,6	;RP1=1, select bank2
   393  07A7  080C               	movf	12,w	;volatile
   394  07A8  00F0               	movwf	?_Memory_Read
   395  07A9  01F1               	clrf	?_Memory_Read+1
   396  07AA  0008               	return
   397  07AB                     __end_of_Memory_Read:	
   398  007E                     btemp	set	126	;btemp
   399  007E                     wtemp0	set	126


Data Sizes:
    Strings     0
    Constant    0
    Data        0
    BSS         2
    Persistent  2
    Stack       0

Auto Spaces:
    Space          Size  Autos    Used
    COMMON           14      4       8
    BANK0            80      0       0
    BANK1            80      0       0
    BANK3            88      0       0
    BANK2            80      0       0

Pointer List with Targets:

    None.

Critical Paths under _main in COMMON

    _main->_Memory_Write

Critical Paths under _main in BANK0

    None.

Critical Paths under _main in BANK1

    None.

Critical Paths under _main in BANK3

    None.

Critical Paths under _main in BANK2

    None.

Call Graph Tables:

 ---------------------------------------------------------------------------------
 (Depth) Function   	        Calls       Base Space   Used Autos Params    Refs
 ---------------------------------------------------------------------------------
 (0) _main                                                 0     0      0     218
                        _Memory_Read
                       _Memory_Write
 ---------------------------------------------------------------------------------
 (1) _Memory_Write                                         4     1      3     153
                                              0 COMMON     4     1      3
 ---------------------------------------------------------------------------------
 (1) _Memory_Read                                          2     0      2      65
                                              0 COMMON     2     0      2
 ---------------------------------------------------------------------------------
 Estimated maximum stack depth 1
 ---------------------------------------------------------------------------------

 Call Graph Graphs:

 _main (ROOT)
   _Memory_Read
   _Memory_Write

 Address spaces:
Name               Size   Autos  Total    Cost      Usage
BITCOMMON            E      0       0       0        0.0%
NULL                 0      0       0       0        0.0%
CODE                 0      0       0       0        0.0%
COMMON               E      4       8       1       57.1%
BITSFR0              0      0       0       1        0.0%
SFR0                 0      0       0       1        0.0%
BITSFR1              0      0       0       2        0.0%
SFR1                 0      0       0       2        0.0%
STACK                0      0       0       2        0.0%
ABS                  0      0       8       3        0.0%
BITBANK0            50      0       0       4        0.0%
BITSFR3              0      0       0       4        0.0%
SFR3                 0      0       0       4        0.0%
BANK0               50      0       0       5        0.0%
BITSFR2              0      0       0       5        0.0%
SFR2                 0      0       0       5        0.0%
BITBANK1            50      0       0       6        0.0%
BANK1               50      0       0       7        0.0%
BITBANK3            58      0       0       8        0.0%
BANK3               58      0       0       9        0.0%
BITBANK2            50      0       0      10        0.0%
BANK2               50      0       0      11        0.0%
DATA                 0      0       8      12        0.0%


Microchip Technology PIC Macro Assembler V1.45 build -152302408 
Symbol Table                                                                                   Fri Jul 30 17:05:30 2021

                      _t 0076                       _RD 0C60                       _WR 0C61  
                    l725 07E4                      l735 07BB                      l729 07F0  
                    _GIE 005F                     l1202 07C2                     l1236 07D9  
                   _WREN 0C62                     _main 07D3                     btemp 007E  
                   start 0000                    ?_main 0070                    _EEADR 010D  
                  _EEDAT 010C                    _EEPGD 0C67                    _WRERR 0C63  
          ??_Memory_Read 0072                    _templ 0074                    status 0003  
                  wtemp0 007E          __initialization 07FB             __end_of_main 07FB  
          ?_Memory_Write 0070                   ??_main 0074                   _EECON2 018D  
    __end_of_Memory_Read 07AB           ??_Memory_Write 0073  __end_of__initialization 07FD  
         __pcstackCOMMON 0070              _Memory_Read 079C               __pnvCOMMON 0074  
             __pmaintext 07D3     __end_of_Memory_Write 07D3                  __ptext1 07AB  
                __ptext2 079C     end_of_initialization 07FD        Memory_Write@Value 0072  
    start_initialization 07FB    __size_of_Memory_Write 0028             ?_Memory_Read 0070  
           _Memory_Write 07AB              __pbssCOMMON 0076                ___latbits 0001  
          Memory_Write@i 0073         Memory_Write@Addr 0070     __size_of_Memory_Read 000F  
        Memory_Read@Addr 0070            __size_of_main 0028  
