---- H:\MyDownloads\说明书&测试报告\开发包\SC8P171XE开发包\SC8P171XE_ASM_demo\EXINT_PBINT_DEMO\SC8P171XE_EXINT.asm ----------------------------------------------------------------------
                                   1:     ;-------------------------------------------
                                   2:     
                                   3:     ;程序名称：INT外部中断程序
                                   4:     ;日期版本：2021/1/20 <V1.0>
                                   5:     
                                   6:     ;备注：
                                   7:     
                                   8:     ;*公司网址 www.mcu.com.cn
                                   9:     ;					WWW.SCMCU.COM
                                   10:    ;-------------------------------------------
                                   11:    
                                   12:    #INCLUDE	SC8P1712E.H
                                   13:    
                                   14:    
                                   15:    GPR0		EQU			?				;用于中断服务中保存ACC
                                   16:    GPR1		EQU			?				;用于中断服务中保存STATUS
                                   17:    
                                   18:    ORG			0000H						
  0000   2805   JP  0x5            19:    JP			START						
                                   20:    ORG			0004H
  0004   2811   JP  0x11           21:    JP			INT_SERVICE
                                   22:    
                                   23:    ;-------------------------------------------
                                   24:    START:
  0005   0000   NOP                25:    		NOP
  0006   0064   CLRWDT             26:    		CLRWDT
  0007   3000   LDIA  0x0          27:    		LDIA		00H
                                   28:    		OPTION							;预分频器分配给TMR0
  0008   0181   CLR  0x1           29:    		CLR			TMR0				;初始化TMR0
  0009   0064   CLRWDT             30:    		CLRWDT
                                   31:    		
  000A   3070   LDIA  0x70         32:    		LDIA		070H				;8M内部时钟
  000B   808F   LD  0x8F,A         33:    		LD			OSCCON,A
                                   34:    		
                                   35:    ;-------------------	
  000C   9301   CLRB  0x81,6       36:    		CLRB		OPTION_REG,INTEDG	;INT引脚下降沿触发,置1为上升沿触发
  000D   3090   LDIA  0x90         37:    		LDIA		090H				;允许所有未被屏蔽的中断、禁止外设中断，使能INT外部中断
  000E   008B   LD  0xB,A          38:    		LD			INTCON,A
                                   39:    ;-------------------
                                   40:    MAIN:									;主程序
  000F   0064   CLRWDT             41:    		CLRWDT
                                   42:    		
  0010   280F   JP  0xF            43:    		JP			MAIN
                                   44:    ;-------------------------------------------
                                   45:    
                                   46:    ;-------------------------------------------
                                   47:    ;函数名称：INT_SERVICE
                                   48:    ;函数功能：中断服务
                                   49:    ;入口参数：无
                                   50:    ;出口参数：无
                                   51:    ;		   
                                   52:    ;备	   注：
                                   53:    ;-------------------------------------------
                                   54:    INT_SERVICE：
                                   55:    INT_IN:
  0011   00A0   LD  0x20,A         56:    		LD  		GPR0,A				;中断现场保护
  0012   0EA0   SWAPR  0x20        57:    		SWAPR		GPR0
  0013   0E03   SWAPA  0x3         58:    		SWAPA		STATUS
  0014   00A1   LD  0x21,A         59:    		LD  		GPR1,A					
                                   60:    INT_INT:
  0015   108B   CLRB  0xB,1        61:    		CLRB		INTCON,INTF			;清中断标志
                                   62:    		
                                   63:    INT_BACK:
  0016   0E21   SWAPA  0x21        64:    		SWAPA		GPR1
  0017   0083   LD  0x3,A          65:    		LD  		STATUS,A
  0018   0E20   SWAPA  0x20        66:    		SWAPA		GPR0   				;中断返回
  0019   0009   RETI               67:    		RETI 				
---- H:\MyDownloads\IDE_RAR\SCMCU_IDE_V2.00.09_Beta3\SCMCU_IDE_V2.00.09_Beta3\mcu\Head\SC8P1712E.H ----------------------------------------------------------------------
