C51 COMPILER V9.60.7.0   BUTTON                                                            10/22/2025 23:13:29 PAGE 1   


C51 COMPILER V9.60.7.0, COMPILATION OF MODULE BUTTON
OBJECT MODULE PLACED IN .\PRO\button.obj
COMPILER INVOKED BY: C:\Keil_v5\C51\BIN\C51.EXE DRV\button.c OPTIMIZE(8,SPEED) BROWSE INCDIR(.\DRV) DEBUG OBJECTEXTEND P
                    -RINT(.\LST\button.lst) OBJECT(.\PRO\button.obj)

line level    source

   1          #include "button.h"
   2          #define   key_val1              1307
   3          #define   key_val2              683
   4          #define   key_val3              2049
   5          #define   key_val4              1847
   6          
   7          bit     KEY1_SET=0;
   8          bit     KEY2_SET=0;
   9          bit     KEY3_SET=0;
  10          bit     KEY4_SET=0;
  11          u8 KEY1_CONT=0;
  12          u8 KEY2_CONT=0;
  13          u8 KEY3_CONT=0;
  14          u8 KEY4_CONT=0;
  15          
  16          
  17          void se_key(void)
  18          {
  19   1              if((AD_KeyValue+50)>key_val1&&(AD_KeyValue-50)<key_val1)
  20   1              {
  21   2                      KEY1_CONT++;
  22   2                      if(KEY1_CONT>=20)
  23   2                      {
  24   3                              KEY1_CONT=20;
  25   3                              KEY1_SET=1;
  26   3                      }
  27   2              }
  28   1              else
  29   1              {
  30   2                      KEY1_CONT=0;
  31   2                      KEY1_SET=0;
  32   2              }
  33   1              if((AD_KeyValue+50)>key_val2&&(AD_KeyValue-50)<key_val2)
  34   1              {
  35   2                      KEY2_CONT++;
  36   2                      if(KEY2_CONT>=20)
  37   2                      {
  38   3                              KEY2_CONT=20;
  39   3                              KEY2_SET=1;
  40   3                      }
  41   2              }
  42   1              else
  43   1              {
  44   2                      KEY2_CONT=0;
  45   2                      KEY2_SET=0;
  46   2              }
  47   1              if((AD_KeyValue+50)>key_val3&&(AD_KeyValue-50)<key_val3)
  48   1              {
  49   2                      KEY3_CONT++;
  50   2                      if(KEY3_CONT>=20)
  51   2                      {
  52   3                              KEY3_CONT=20;
  53   3                              KEY3_SET=1;
  54   3                      }
C51 COMPILER V9.60.7.0   BUTTON                                                            10/22/2025 23:13:29 PAGE 2   

  55   2              }
  56   1              else
  57   1              {
  58   2                      KEY3_CONT=0;
  59   2                      KEY3_SET=0;
  60   2              }
  61   1              if((AD_KeyValue+50)>key_val4&&(AD_KeyValue-50)<key_val4)
  62   1              {
  63   2                      KEY4_CONT++;
  64   2                      if(KEY4_CONT>=20)
  65   2                      {
  66   3                              KEY4_CONT=20;
  67   3                              KEY4_SET=1;
  68   3                      }
  69   2              }
  70   1              else
  71   1              {
  72   2                      KEY4_CONT=0;
  73   2                      KEY4_SET=0;
  74   2              }
  75   1      }
  76          void key_pro(void)
  77          {
  78   1              static u8 key_mode=0;
  79   1              se_key();
  80   1              if(key_mode==0&&(KEY1_SET==1||KEY2_SET==1||KEY3_SET==1||KEY4_SET==1))
  81   1              {
  82   2                      key_mode=1;
  83   2                      if(KEY1_SET==1)
  84   2                      {
  85   3                              if(Motor_FRFlagsTemp==1)
  86   3                              {
  87   4                                      Motor_FRFlagsTemp=0;
  88   4                              }
  89   3                              else
  90   3                              {
  91   4                                      Motor_FRFlagsTemp=1;
  92   4                              }
  93   3                      }
  94   2                      else if(KEY2_SET==1)
  95   2                      {
  96   3                      
  97   3                      }
  98   2                      else if(KEY3_SET==1)
  99   2                      {
 100   3                      
 101   3                      }
 102   2                      else if(KEY4_SET==1)
 103   2                      {
 104   3                      
 105   3                      }
 106   2              }
 107   1              if(key_mode==1&&KEY1_SET==0&&KEY2_SET==0&&KEY3_SET==0&&KEY4_SET==0)
 108   1              {
 109   2                      key_mode=0;
 110   2              }
 111   1      }


MODULE INFORMATION:   STATIC OVERLAYABLE
   CODE SIZE        =    291    ----
   CONSTANT SIZE    =   ----    ----
C51 COMPILER V9.60.7.0   BUTTON                                                            10/22/2025 23:13:29 PAGE 3   

   XDATA SIZE       =   ----    ----
   PDATA SIZE       =   ----    ----
   DATA SIZE        =      5    ----
   IDATA SIZE       =   ----    ----
   BIT SIZE         =      4    ----
END OF MODULE INFORMATION.


C51 COMPILATION COMPLETE.  0 WARNING(S),  0 ERROR(S)
