

Microchip Technology PIC PRO Macro Assembler V1.45 build -152302408 
                                                                                               Mon Feb 22 16:58:45 2021

Microchip Technology Omniscient Code Generator v1.45 (PRO mode) build 201711160504
     1                           	processor	SC8F5775
     2                           	opt	pw 120
     3                           	opt	pm
     4                           	psect	text0,local,class=CODE,merge=1,delta=2
     5                           	psect	cinit,global,class=CODE,merge=1,delta=2
     6                           	psect	cstackCOMMON,global,class=COMMON,space=1,delta=1
     7                           	psect	maintext,global,class=CODE,split=1,delta=2
     8                           	psect	text1,local,class=CODE,merge=1,delta=2
     9                           	psect	text2,local,class=CODE,merge=1,delta=2
    10                           	psect	intentry,global,class=CODE,delta=2
    11                           	psect	pa_nodes0,global,class=CODE,delta=2
    12                           	dabs	1,0x7E,2
    13  0000                     
    14                           ; Version 1.45
    15                           ; Generated 16/11/2017 GMT
    16                           ; 
    17                           ; Copyright 漏 2017, Microchip Technology Inc. and its subsidiaries ("Microchip")
    18                           ; All rights reserved.
    19                           ; 
    20                           ; This software is developed by Microchip Technology Inc. and its subsidiaries ("Microch
      +                          ip").
    21                           ; 
    22                           ; Redistribution and use in source and binary forms, with or without modification, are
    23                           ; permitted provided that the following conditions are met:
    24                           ; 
    25                           ;     1. Redistributions of source code must retain the above copyright notice, this lis
      +                          t of
    26                           ;        conditions and the following disclaimer.
    27                           ; 
    28                           ;     2. Redistributions in binary form must reproduce the above copyright notice, this 
      +                          list
    29                           ;        of conditions and the following disclaimer in the documentation and/or other
    30                           ;        materials provided with the distribution.
    31                           ; 
    32                           ;     3. Microchip's name may not be used to endorse or promote products derived from th
      +                          is
    33                           ;        software without specific prior written permission.
    34                           ; 
    35                           ; THIS SOFTWARE IS PROVIDED BY MICROCHIP "AS IS" AND ANY EXPRESS OR IMPLIED WARRANTIES,
    36                           ; INCLUDING, BUT NOT LIMITED TO, THE IMPLIED WARRANTIES OF MERCHANTABILITY AND FITNESS F
      +                          OR
    37                           ; PURPOSE ARE DISCLAIMED.  IN NO EVENT SHALL MICROCHIP BE LIABLE FOR ANY DIRECT, INDIREC
      +                          T,
    38                           ; INCIDENTAL, SPECIAL, EXEMPLARY, OR CONSEQUENTIAL DAMAGES (INCLUDING BUT NOT LIMITED TO
    39                           ; PROCUREMENT OF SUBSTITUTE GOODS OR SERVICES; LOSS OF USE, DATA OR PROFITS; OR BUSINESS
    40                           ; INTERRUPTION) HOWSOEVER CAUSED AND ON ANY THEORY OF LIABILITY, WHETHER IN CONTRACT, ST
      +                          RICT
    41                           ; LIABILITY, OR TORT (INCLUDING NEGLIGENCE OR OTHERWISE) ARISING IN ANY WAY OUT OF THE U
      +                          SE OF
    42                           ; THIS SOFTWARE, EVEN IF ADVISED OF THE POSSIBILITY OF SUCH DAMAGE.
    43                           ; 
    44                           ; 
    45                           ; Code-generator required, PIC16F887 Definitions
    46                           ; 
    47                           ; SFR Addresses
    48  0000                     
    49                           	psect	text0
    50  0000                     __ptext0:	
    51  000B                     _INTCON	set	11
    52  0008                     _WPUB	set	8
    53  0007                     _WPUA	set	7
    54  0006                     _PORTB	set	6
    55  0005                     _PORTA	set	5
    56  005E                     _PEIE	set	94
    57  005F                     _GIE	set	95
    58  0036                     _RB6	set	54
    59  0088                     _OSCCON	set	136
    60  0086                     _TRISB	set	134
    61  0085                     _TRISA	set	133
    62  0081                     _OPTION_REG	set	129
    63  011F                     _LVDCON	set	287
    64  08FF                     _LVD_RES	set	2303
    65  0840                     _LVDIE	set	2112
    66  0838                     _LVDIF	set	2104
    67                           
    68                           	psect	cinit
    69  000D                     start_initialization:	
    70                           ; #config settings
    71                           
    72  000D                     __initialization:	
    73  000D                     end_of_initialization:	
    74                           ;End of C runtime variable initialization code
    75                           
    76  000D                     __end_of__initialization:	
    77  000D  0183               	clrf	3
    78  000E  118A  2825         	ljmp	_main	;jump to C main() function
    79                           
    80                           	psect	cstackCOMMON
    81  0070                     __pcstackCOMMON:	
    82  0070                     ?_Init_System:	
    83  0070                     ?_main:	
    84                           ; 1 bytes @ 0x0
    85                           
    86  0070                     ?_LVD_Isr:	
    87                           ; 1 bytes @ 0x0
    88                           
    89  0070                     ??_LVD_Isr:	
    90                           ; 1 bytes @ 0x0
    91                           
    92                           
    93                           ; 1 bytes @ 0x0
    94  0070                     	ds	2
    95  0072                     ??_Init_System:	
    96  0072                     ??_main:	
    97                           ; 1 bytes @ 0x2
    98                           
    99                           
   100                           	psect	maintext
   101  0025                     __pmaintext:	
   102                           ; 1 bytes @ 0x2
   103 ;;
   104 ;;Main: autosize = 0, tempsize = 0, incstack = 0, save=0
   105 ;;
   106 ;; *************** function _main *****************
   107 ;; Defined at:
   108 ;;		line 16 in file "H:\MyDownloads\说明书&测试报告\开发包\SC8F577X开发包\SC8F577X_DEMO\SC8F577X_LVD_Demo\main.c"
   109 ;; Parameters:    Size  Location     Type
   110 ;;		None
   111 ;; Auto vars:     Size  Location     Type
   112 ;;		None
   113 ;; Return value:  Size  Location     Type
   114 ;;                  1    wreg      void 
   115 ;; Registers used:
   116 ;;		wreg, status,2, status,0, pclath, cstack
   117 ;; Tracked objects:
   118 ;;		On entry : B00/0
   119 ;;		On exit  : 300/0
   120 ;;		Unchanged: 0/0
   121 ;; Data sizes:     COMMON   BANK0   BANK1   BANK2
   122 ;;      Params:         0       0       0       0
   123 ;;      Locals:         0       0       0       0
   124 ;;      Temps:          0       0       0       0
   125 ;;      Totals:         0       0       0       0
   126 ;;Total ram usage:        0 bytes
   127 ;; Hardware stack levels required when called:    2
   128 ;; This function calls:
   129 ;;		_Init_System
   130 ;; This function is called by:
   131 ;;		Startup code after reset
   132 ;; This function uses a non-reentrant model
   133 ;;
   134                           
   135                           
   136                           ;psect for function _main
   137  0025                     _main:	
   138                           
   139                           ;main.c: 18: Init_System();
   140                           
   141                           ;incstack = 0
   142                           ; Regs used in _main: [wreg+status,2+status,0+pclath+cstack]
   143  0025  118A  2010  118A   	fcall	_Init_System
   144                           
   145                           ;main.c: 19: LVDIE =1;
   146  0028  1703               	bsf	3,6	;RP1=1, select bank2
   147  0029  1408               	bsf	8,0	;volatile
   148                           
   149                           ;main.c: 20: LVDCON = 0b00000111;
   150  002A  3007               	movlw	7
   151  002B  009F               	movwf	31	;volatile
   152  002C  282F               	goto	l871
   153  002D                     l1291:	
   154                           
   155                           ;main.c: 26: {
   156                           ;main.c: 27: RB6=1;
   157  002D  1303               	bcf	3,6	;RP1=0, select bank0
   158  002E  1706               	bsf	6,6	;volatile
   159  002F                     l871:	
   160                           ;main.c: 22: while(1)
   161                           
   162                           ;main.c: 28: }
   163                           
   164  002F  0064               	clrwdt	;# 
   165                           
   166                           ;main.c: 25: if(LVD_RES==0)
   167  0030  1283               	bcf	3,5	;RP0=0, select bank2
   168  0031  1703               	bsf	3,6	;RP1=1, select bank2
   169  0032  1F9F               	btfss	31,7	;volatile
   170  0033  282D               	goto	l1291
   171                           
   172                           ;main.c: 29: else
   173                           ;main.c: 30: {
   174                           ;main.c: 31: RB6=0;
   175  0034  1303               	bcf	3,6	;RP1=0, select bank0
   176  0035  1306               	bcf	6,6	;volatile
   177  0036  282F               	goto	l871
   178  0037                     __end_of_main:	
   179                           
   180                           	psect	text1
   181  0010                     __ptext1:	
   182 ;; *************** function _Init_System *****************
   183 ;; Defined at:
   184 ;;		line 47 in file "H:\MyDownloads\说明书&测试报告\开发包\SC8F577X开发包\SC8F577X_DEMO\SC8F577X_LVD_Demo\main.c"
   185 ;; Parameters:    Size  Location     Type
   186 ;;		None
   187 ;; Auto vars:     Size  Location     Type
   188 ;;		None
   189 ;; Return value:  Size  Location     Type
   190 ;;                  1    wreg      void 
   191 ;; Registers used:
   192 ;;		wreg, status,2
   193 ;; Tracked objects:
   194 ;;		On entry : B00/0
   195 ;;		On exit  : 300/0
   196 ;;		Unchanged: 0/0
   197 ;; Data sizes:     COMMON   BANK0   BANK1   BANK2
   198 ;;      Params:         0       0       0       0
   199 ;;      Locals:         0       0       0       0
   200 ;;      Temps:          0       0       0       0
   201 ;;      Totals:         0       0       0       0
   202 ;;Total ram usage:        0 bytes
   203 ;; Hardware stack levels used:    1
   204 ;; Hardware stack levels required when called:    1
   205 ;; This function calls:
   206 ;;		Nothing
   207 ;; This function is called by:
   208 ;;		_main
   209 ;; This function uses a non-reentrant model
   210 ;;
   211                           
   212                           
   213                           ;psect for function _Init_System
   214  0010                     _Init_System:	
   215                           
   216                           ;incstack = 0
   217                           ; Regs used in _Init_System: [wreg+status,2]
   218  0010  0000               	nop	;# 
   219  0011  0064               	clrwdt	;# 
   220                           
   221                           ;main.c: 51: INTCON = 0;
   222  0012  018B               	clrf	11	;volatile
   223                           
   224                           ;main.c: 52: OSCCON = 0X72;
   225  0013  3072               	movlw	114
   226  0014  1683               	bsf	3,5	;RP0=1, select bank1
   227  0015  1303               	bcf	3,6	;RP1=0, select bank1
   228  0016  0088               	movwf	8	;volatile
   229                           
   230                           ;main.c: 53: OPTION_REG = 0;
   231  0017  0181               	clrf	1	;volatile
   232                           
   233                           ;main.c: 55: WPUA = 0B00000000;
   234  0018  1283               	bcf	3,5	;RP0=0, select bank0
   235  0019  0187               	clrf	7	;volatile
   236                           
   237                           ;main.c: 56: WPUB = 0B00001000;
   238  001A  3008               	movlw	8
   239  001B  0088               	movwf	8	;volatile
   240                           
   241                           ;main.c: 59: TRISA = 0B00000000;
   242  001C  1683               	bsf	3,5	;RP0=1, select bank1
   243  001D  0185               	clrf	5	;volatile
   244                           
   245                           ;main.c: 60: TRISB = 0B00001000;
   246  001E  0086               	movwf	6	;volatile
   247                           
   248                           ;main.c: 62: PORTA = 0B00000000;
   249  001F  1283               	bcf	3,5	;RP0=0, select bank0
   250  0020  0185               	clrf	5	;volatile
   251                           
   252                           ;main.c: 63: PORTB = 0B00000000;
   253  0021  0186               	clrf	6	;volatile
   254                           
   255                           ;main.c: 65: PEIE =1;
   256  0022  170B               	bsf	11,6	;volatile
   257                           
   258                           ;main.c: 66: GIE = 1;
   259  0023  178B               	bsf	11,7	;volatile
   260  0024  0008               	return
   261  0025                     __end_of_Init_System:	
   262                           
   263                           	psect	text2
   264  0037                     __ptext2:	
   265 ;; *************** function _LVD_Isr *****************
   266 ;; Defined at:
   267 ;;		line 77 in file "H:\MyDownloads\说明书&测试报告\开发包\SC8F577X开发包\SC8F577X_DEMO\SC8F577X_LVD_Demo\main.c"
   268 ;; Parameters:    Size  Location     Type
   269 ;;		None
   270 ;; Auto vars:     Size  Location     Type
   271 ;;		None
   272 ;; Return value:  Size  Location     Type
   273 ;;                  1    wreg      void 
   274 ;; Registers used:
   275 ;;		None
   276 ;; Tracked objects:
   277 ;;		On entry : 0/0
   278 ;;		On exit  : 100/0
   279 ;;		Unchanged: 0/0
   280 ;; Data sizes:     COMMON   BANK0   BANK1   BANK2
   281 ;;      Params:         0       0       0       0
   282 ;;      Locals:         0       0       0       0
   283 ;;      Temps:          2       0       0       0
   284 ;;      Totals:         2       0       0       0
   285 ;;Total ram usage:        2 bytes
   286 ;; Hardware stack levels used:    1
   287 ;; This function calls:
   288 ;;		Nothing
   289 ;; This function is called by:
   290 ;;		Interrupt level 1
   291 ;; This function uses a non-reentrant model
   292 ;;
   293                           
   294                           
   295                           ;psect for function _LVD_Isr
   296  0037                     _LVD_Isr:	
   297                           
   298                           ;main.c: 80: if(LVDIF==1)
   299  0037  1283               	bcf	3,5	;RP0=0, select bank2
   300  0038  1703               	bsf	3,6	;RP1=1, select bank2
   301  0039  1C07               	btfss	7,0	;volatile
   302  003A  283E               	goto	i1l885
   303                           
   304                           ;main.c: 81: {
   305                           ;main.c: 82: LVDIF = 0;
   306  003B  1007               	bcf	7,0	;volatile
   307                           
   308                           ;main.c: 83: RB6 = 0;
   309  003C  1303               	bcf	3,6	;RP1=0, select bank0
   310  003D  1306               	bcf	6,6	;volatile
   311  003E                     i1l885:	
   312  003E  0871               	movf	??_LVD_Isr+1,w
   313  003F  008A               	movwf	10
   314  0040  0E70               	swapf	??_LVD_Isr^(0+-128),w
   315  0041  0083               	movwf	3
   316  0042  0EFE               	swapf	126,f
   317  0043  0E7E               	swapf	126,w
   318  0044  0009               	retfie
   319  0045                     __end_of_LVD_Isr:	
   320  007E                     btemp	set	126	;btemp
   321  007E                     wtemp0	set	126
   322                           
   323                           	psect	intentry
   324  0004                     __pintentry:	
   325                           ;incstack = 0
   326                           ; Regs used in _LVD_Isr: []
   327                           
   328  0004                     interrupt_function:	
   329  007E                     saved_w	set	btemp
   330  0004  00FE               	movwf	btemp
   331  0005  0E03               	swapf	3,w
   332  0006  00F0               	movwf	??_LVD_Isr
   333  0007  080A               	movf	10,w
   334  0008  00F1               	movwf	??_LVD_Isr+1
   335  0009  118A  2837         	ljmp	_LVD_Isr


Data Sizes:
    Strings     0
    Constant    0
    Data        0
    BSS         0
    Persistent  0
    Stack       0

Auto Spaces:
    Space          Size  Autos    Used
    COMMON           14      2       2
    BANK0            80      0       0
    BANK1            80      0       0
    BANK2            80      0       0

Pointer List with Targets:

    None.

Critical Paths under _main in COMMON

    None.

Critical Paths under _LVD_Isr in COMMON

    None.

Critical Paths under _main in BANK0

    None.

Critical Paths under _LVD_Isr in BANK0

    None.

Critical Paths under _main in BANK1

    None.

Critical Paths under _LVD_Isr in BANK1

    None.

Critical Paths under _main in BANK2

    None.

Critical Paths under _LVD_Isr in BANK2

    None.

Call Graph Tables:

 ---------------------------------------------------------------------------------
 (Depth) Function   	        Calls       Base Space   Used Autos Params    Refs
 ---------------------------------------------------------------------------------
 (0) _main                                                 0     0      0       0
                        _Init_System
 ---------------------------------------------------------------------------------
 (1) _Init_System                                          0     0      0       0
 ---------------------------------------------------------------------------------
 Estimated maximum stack depth 1
 ---------------------------------------------------------------------------------
 (Depth) Function   	        Calls       Base Space   Used Autos Params    Refs
 ---------------------------------------------------------------------------------
 (2) _LVD_Isr                                              2     2      0       0
                                              0 COMMON     2     2      0
 ---------------------------------------------------------------------------------
 Estimated maximum stack depth 2
 ---------------------------------------------------------------------------------

 Call Graph Graphs:

 _main (ROOT)
   _Init_System

 _LVD_Isr (ROOT)

 Address spaces:
Name               Size   Autos  Total    Cost      Usage
BITCOMMON            E      0       0       0        0.0%
NULL                 0      0       0       0        0.0%
CODE                 0      0       0       0        0.0%
COMMON               E      2       2       1       14.3%
BITSFR0              0      0       0       1        0.0%
SFR0                 0      0       0       1        0.0%
BITSFR1              0      0       0       2        0.0%
SFR1                 0      0       0       2        0.0%
STACK                0      0       0       2        0.0%
BITBANK0            50      0       0       3        0.0%
BANK0               50      0       0       4        0.0%
BITSFR3              0      0       0       4        0.0%
SFR3                 0      0       0       4        0.0%
BITBANK1            50      0       0       5        0.0%
BITSFR2              0      0       0       5        0.0%
SFR2                 0      0       0       5        0.0%
BANK1               50      0       0       6        0.0%
BANK2               50      0       0       7        0.0%
ABS                  0      0       0       8        0.0%
DATA                 0      0       0       9        0.0%
BITBANK2            50      0       0      10        0.0%


Microchip Technology PIC Macro Assembler V1.45 build -152302408 
Symbol Table                                                                                   Mon Feb 22 16:58:45 2021

                    l871 002F                      _GIE 005F                      _RB6 0036  
                   l1291 002D                     _PEIE 005E                     _WPUA 0007  
                   _WPUB 0008          __end_of_LVD_Isr 0045                     _main 0025  
                   btemp 007E                     start 000B            ??_Init_System 0072  
                  ?_main 0070                    i1l885 003E                    _LVDIE 0840  
                  _LVDIF 0838                    _PORTA 0005                    _PORTB 0006  
                  _TRISA 0085                    _TRISB 0086                    pclath 000A  
                  status 0003                    wtemp0 007E          __initialization 000D  
           __end_of_main 0037                   ??_main 0072      __end_of_Init_System 0025  
              ??_LVD_Isr 0070                   _INTCON 000B                   _LVDCON 011F  
                 _OSCCON 0088                   saved_w 007E  __end_of__initialization 000D  
         __pcstackCOMMON 0070              _Init_System 0010               __pmaintext 0025  
             __pintentry 0004                  _LVD_RES 08FF                  _LVD_Isr 0037  
                __ptext0 0000                  __ptext1 0010                  __ptext2 0037  
   end_of_initialization 000D             ?_Init_System 0070      start_initialization 000D  
              ___latbits 0001                 ?_LVD_Isr 0070        interrupt_function 0004  
   __size_of_Init_System 0015         __size_of_LVD_Isr 000E            __size_of_main 0012  
               intlevel1 0000               _OPTION_REG 0081  
