C51 COMPILER V9.01   VSP                                                                   02/26/2026 17:33:44 PAGE 1   


C51 COMPILER V9.01, COMPILATION OF MODULE VSP
OBJECT MODULE PLACED IN .\PRO\vsp.obj
COMPILER INVOKED BY: C:\Keil\C51\BIN\C51.EXE DRV\vsp.c OPTIMIZE(8,SPEED) BROWSE INCDIR(.\DRV) DEBUG OBJECTEXTEND PRINT(.
                    -\LST\vsp.lst) TABS(2) OBJECT(.\PRO\vsp.obj)

line level    source

   1          #include "vsp.h"
   2          
   3          
   4          void vsp()
   5          {
   6   1      
   7   1        if(AD_VspValue>200)   
   8   1        {
   9   2          Motor_StartFlags = 1;//离梓祩弇袧掘ゐ雄
  10   2          
  11   2          Motor_SpeedValueTargetTemp =  AD_VspValue*0.292;
  12   2        }
  13   1        else
  14   1        {
  15   2          Motor_StartFlags = 0;
  16   2          Motor_KeepOnFlags = 1;
  17   2          Motor_RestartFlags = 0;
  18   2          Motor_RunErrorFlags = 0;
  19   2          Motor_BemfErrorFlags = 0;
  20   2          Motor_MotorErrorFlags = 0;
  21   2          Motor_RestartStopFlags = 0;
  22   2          Motor_CurrentErrorFlags = 0;
  23   2          Motor_SpeedValueTarget = 0;
  24   2          Motor_SpeedValueTargetTemp = 0;
  25   2        }
  26   1      }


MODULE INFORMATION:   STATIC OVERLAYABLE
   CODE SIZE        =     75    ----
   CONSTANT SIZE    =   ----    ----
   XDATA SIZE       =   ----    ----
   PDATA SIZE       =   ----    ----
   DATA SIZE        =   ----    ----
   IDATA SIZE       =   ----    ----
   BIT SIZE         =   ----    ----
END OF MODULE INFORMATION.


C51 COMPILATION COMPLETE.  0 WARNING(S),  0 ERROR(S)
