Warning[1090]:	C:\mcuproject\scm\zdt\D115_062B_SOP14\main.c	第62行	variable "_fullCount" is not used
Warning[1090]:	C:\mcuproject\scm\zdt\D115_062B_SOP14\main.c	第78行	variable "_ledBreathTime" is not used
Warning[1090]:	C:\mcuproject\scm\zdt\D115_062B_SOP14\main.c	第77行	variable "_ledDuty" is not used
Warning[1090]:	C:\mcuproject\scm\zdt\D115_062B_SOP14\main.c	第76行	variable "_ledTime" is not used
Warning[1090]:	C:\mcuproject\scm\zdt\D115_062B_SOP14\main.c	第75行	variable "_startChrgTime" is not used
Warning[1090]:	C:\mcuproject\scm\zdt\D115_062B_SOP14\main.c	第67行	variable "_ledCntTime" is not used
Warning[1090]:	C:\mcuproject\scm\zdt\D115_062B_SOP14\main.c	第66行	variable "_chrgMaxDuty" is not used
Warning[1090]:	C:\mcuproject\scm\zdt\D115_062B_SOP14\main.c	第65行	variable "_chrgWaitTime" is not used
Warning[1090]:	C:\mcuproject\scm\zdt\D115_062B_SOP14\main.c	第64行	variable "_subTime" is not used
Warning[1090]:	C:\mcuproject\scm\zdt\D115_062B_SOP14\main.c	第63行	variable "_addTime" is not used
Warning[1090]:	C:\mcuproject\scm\zdt\D115_062B_SOP14\main.c	第61行	variable "_lockCount" is not used
Warning[1090]:	C:\mcuproject\scm\zdt\D115_062B_SOP14\main.c	第60行	variable "_chrgMaxAD" is not used
Warning[1090]:	C:\mcuproject\scm\zdt\D115_062B_SOP14\main.c	第59行	variable "_chrgMode" is not used
Warning[1090]:	C:\mcuproject\scm\zdt\D115_062B_SOP14\main.c	第56行	variable "_reChrgCount" is not used
Warning[1090]:	C:\mcuproject\scm\zdt\D115_062B_SOP14\main.c	第52行	variable "_overChrgTime" is not used
Warning[1090]:	C:\mcuproject\scm\zdt\D115_062B_SOP14\main.c	第48行	variable "_addPowerCount" is not used
Warning[1090]:	C:\mcuproject\scm\zdt\D115_062B_SOP14\main.c	第42行	variable "_ledCnt" is not used
Warning[1090]:	C:\mcuproject\scm\zdt\D115_062B_SOP14\main.c	第39行	variable "_protectFlag" is not used
Warning[1090]:	C:\mcuproject\scm\zdt\D115_062B_SOP14\main.c	第38行	variable "_countHalfFull" is not used
Warning[1090]:	C:\mcuproject\scm\zdt\D115_062B_SOP14\main.c	第34行	variable "_chrgFullFlag" is not used
Warning[759]:	C:\mcuproject\scm\zdt\D115_062B_SOP14\main.c	第283行	expression generates no code
Warning[759]:	C:\mcuproject\scm\zdt\D115_062B_SOP14\main.c	第310行	expression generates no code
Warning[759]:	C:\mcuproject\scm\zdt\D115_062B_SOP14\main.c	第312行	expression generates no code
Warning[759]:	C:\mcuproject\scm\zdt\D115_062B_SOP14\main.c	第313行	expression generates no code
Warning[759]:	C:\mcuproject\scm\zdt\D115_062B_SOP14\main.c	第314行	expression generates no code
Warning[759]:	C:\mcuproject\scm\zdt\D115_062B_SOP14\main.c	第315行	expression generates no code
Warning[759]:	C:\mcuproject\scm\zdt\D115_062B_SOP14\main.c	第316行	expression generates no code
Warning[759]:	C:\mcuproject\scm\zdt\D115_062B_SOP14\main.c	第317行	expression generates no code
Warning[759]:	C:\mcuproject\scm\zdt\D115_062B_SOP14\main.c	第319行	expression generates no code
Warning[759]:	C:\mcuproject\scm\zdt\D115_062B_SOP14\main.c	第534行	expression generates no code
Warning[759]:	C:\mcuproject\scm\zdt\D115_062B_SOP14\main.c	第598行	expression generates no code

Memory Summary:
    Program space        used   441h (  1089) of   800h words   ( 53.2%)
    Data space           used    44h (    68) of    A0h bytes   ( 42.5%)
    EEPROM space         None available
    Data stack space     used     0h (     0) of    50h bytes   (  0.0%)
    Configuration bits   used     0h (     0) of     2h words   (  0.0%)
    ID Location space    used     0h (     0) of     4h bytes   (  0.0%)

